{"target": -456069083.5, "params": {"blockSize": 10.0, "disp12MaxDiff": 20.502667364242544, "minDisparity": 1.0, "numDisparities": 1.0, "p1": 15.0, "p2": 60.0, "preFilterCap": 0.0, "speckleRange": 0.0, "speckleWindowSize": 1081.0752941653386, "uniquenessRatio": 0.0}, "datetime": {"datetime": "2023-01-21 07:49:13", "elapsed": 8419.657417, "delta": 21.156659}}
{"target": -457703893.5, "params": {"blockSize": 2.0, "disp12MaxDiff": 23.53304689136877, "minDisparity": 1.0, "numDisparities": 1.0, "p1": 15.0, "p2": 60.0, "preFilterCap": 50.0, "speckleRange": 0.0, "speckleWindowSize": 2322.561088325632, "uniquenessRatio": 30.0}, "datetime": {"datetime": "2023-01-21 07:49:32", "elapsed": 8438.899626, "delta": 19.242209}}
{"target": -457879088.25, "params": {"blockSize": 2.0, "disp12MaxDiff": 0.0, "minDisparity": 1.0, "numDisparities": 1.0, "p1": 15.0, "p2": 15.0, "preFilterCap": 50.0, "speckleRange": 0.0, "speckleWindowSize": 2358.7482139643366, "uniquenessRatio": 30.0}, "datetime": {"datetime": "2023-01-21 07:49:52", "elapsed": 8459.599755, "delta": 20.700129}}
{"target": -456904994.75, "params": {"blockSize": 10.0, "disp12MaxDiff": 25.485644956978646, "minDisparity": 1.0, "numDisparities": 1.0, "p1": 15.0, "p2": 60.0, "preFilterCap": 0.0, "speckleRange": 0.0, "speckleWindowSize": 2500.0, "uniquenessRatio": 30.0}, "datetime": {"datetime": "2023-01-21 07:50:07", "elapsed": 8474.421255, "delta": 14.8215}}
{"target": -443744995.75, "params": {"blockSize": 10.0, "disp12MaxDiff": 0.0, "minDisparity": 1.0, "numDisparities": 1.0, "p1": 15.0, "p2": 23.38868593845998, "preFilterCap": 50.0, "speckleRange": 25.0, "speckleWindowSize": 1775.7578737108693, "uniquenessRatio": 30.0}, "datetime": {"datetime": "2023-01-21 07:50:24", "elapsed": 8490.904287, "delta": 16.483032}}
{"target": -455568005.0, "params": {"blockSize": 2.0, "disp12MaxDiff": 0.0, "minDisparity": 1.0, "numDisparities": 1.0, "p1": 15.0, "p2": 60.0, "preFilterCap": 50.0, "speckleRange": 0.0, "speckleWindowSize": 429.73583855613134, "uniquenessRatio": 0.0}, "datetime": {"datetime": "2023-01-21 07:50:41", "elapsed": 8508.052708, "delta": 17.148421}}
{"target": -479520587.5, "params": {"blockSize": 2.0, "disp12MaxDiff": 0.0, "minDisparity": 4.0, "numDisparities": 10.0, "p1": 5.0, "p2": 15.0, "preFilterCap": 50.0, "speckleRange": 0.0, "speckleWindowSize": 1650.5943973710876, "uniquenessRatio": 0.0}, "datetime": {"datetime": "2023-01-21 07:51:00", "elapsed": 8526.812978, "delta": 18.76027}}
{"target": -444274716.0, "params": {"blockSize": 10.0, "disp12MaxDiff": 50.0, "minDisparity": 1.0, "numDisparities": 1.0, "p1": 5.0, "p2": 15.0, "preFilterCap": 0.0, "speckleRange": 25.0, "speckleWindowSize": 2500.0, "uniquenessRatio": 30.0}, "datetime": {"datetime": "2023-01-21 07:51:15", "elapsed": 8541.793934, "delta": 14.980956}}
{"target": -886716082.0, "params": {"blockSize": 10.0, "disp12MaxDiff": 50.0, "minDisparity": 1.0, "numDisparities": 1.0, "p1": 5.0, "p2": 60.0, "preFilterCap": 50.0, "speckleRange": 25.0, "speckleWindowSize": 1216.2308183064902, "uniquenessRatio": 0.0}, "datetime": {"datetime": "2023-01-21 07:51:32", "elapsed": 8559.25329, "delta": 17.459356}}
{"target": -456194913.5, "params": {"blockSize": 10.0, "disp12MaxDiff": 50.0, "minDisparity": 1.0, "numDisparities": 1.0, "p1": 5.0, "p2": 60.0, "preFilterCap": 0.0, "speckleRange": 0.0, "speckleWindowSize": 836.7304496473325, "uniquenessRatio": 0.0}, "datetime": {"datetime": "2023-01-21 07:51:48", "elapsed": 8574.897974, "delta": 15.644684}}
{"target": -455618161.5, "params": {"blockSize": 10.0, "disp12MaxDiff": 0.0, "minDisparity": 1.0, "numDisparities": 1.0, "p1": 5.0, "p2": 60.0, "preFilterCap": 0.0, "speckleRange": 0.0, "speckleWindowSize": 2461.1192770654175, "uniquenessRatio": 0.0}, "datetime": {"datetime": "2023-01-21 07:52:06", "elapsed": 8592.914393, "delta": 18.016419}}
{"target": -457439834.0, "params": {"blockSize": 10.0, "disp12MaxDiff": 50.0, "minDisparity": 4.0, "numDisparities": 1.0, "p1": 15.0, "p2": 37.852368175383425, "preFilterCap": 50.0, "speckleRange": 25.0, "speckleWindowSize": 286.80849061304326, "uniquenessRatio": 30.0}, "datetime": {"datetime": "2023-01-21 07:52:25", "elapsed": 8611.778468, "delta": 18.864075}}
{"target": -456366325.25, "params": {"blockSize": 10.0, "disp12MaxDiff": 50.0, "minDisparity": 4.0, "numDisparities": 1.0, "p1": 5.0, "p2": 35.95785802019505, "preFilterCap": 0.0, "speckleRange": 0.0, "speckleWindowSize": 828.1159437690011, "uniquenessRatio": 30.0}, "datetime": {"datetime": "2023-01-21 07:52:52", "elapsed": 8639.356367, "delta": 27.577899}}
{"target": -455553545.75, "params": {"blockSize": 10.0, "disp12MaxDiff": 50.0, "minDisparity": 1.0, "numDisparities": 1.0, "p1": 15.0, "p2": 15.0, "preFilterCap": 0.0, "speckleRange": 0.0, "speckleWindowSize": 1532.7481046551213, "uniquenessRatio": 0.0}, "datetime": {"datetime": "2023-01-21 07:53:08", "elapsed": 8655.165028, "delta": 15.808661}}
{"target": -457980798.75, "params": {"blockSize": 2.0, "disp12MaxDiff": 0.0, "minDisparity": 1.0, "numDisparities": 1.0, "p1": 5.0, "p2": 60.0, "preFilterCap": 0.0, "speckleRange": 0.0, "speckleWindowSize": 2468.1926618875073, "uniquenessRatio": 30.0}, "datetime": {"datetime": "2023-01-21 07:53:31", "elapsed": 8678.333286, "delta": 23.168258}}
{"target": -497023556.75, "params": {"blockSize": 10.0, "disp12MaxDiff": 50.0, "minDisparity": 4.0, "numDisparities": 10.0, "p1": 15.0, "p2": 60.0, "preFilterCap": 23.77564740581803, "speckleRange": 0.0, "speckleWindowSize": 1086.9787955387694, "uniquenessRatio": 30.0}, "datetime": {"datetime": "2023-01-21 07:53:50", "elapsed": 8696.793206, "delta": 18.45992}}
{"target": -457292927.75, "params": {"blockSize": 2.0, "disp12MaxDiff": 0.0, "minDisparity": 4.0, "numDisparities": 1.0, "p1": 15.0, "p2": 60.0, "preFilterCap": 0.0, "speckleRange": 0.0, "speckleWindowSize": 1347.8833178924344, "uniquenessRatio": 30.0}, "datetime": {"datetime": "2023-01-21 07:54:16", "elapsed": 8723.000316, "delta": 26.20711}}
{"target": -455365910.5, "params": {"blockSize": 2.0, "disp12MaxDiff": 0.0, "minDisparity": 1.0, "numDisparities": 1.0, "p1": 5.0, "p2": 60.0, "preFilterCap": 0.0, "speckleRange": 0.0, "speckleWindowSize": 39.18087778497203, "uniquenessRatio": 30.0}, "datetime": {"datetime": "2023-01-21 07:54:37", "elapsed": 8744.276812, "delta": 21.276496}}
{"target": -466742148.75, "params": {"blockSize": 2.0, "disp12MaxDiff": 0.0, "minDisparity": 1.0, "numDisparities": 1.0, "p1": 5.0, "p2": 15.0, "preFilterCap": 23.094142061820506, "speckleRange": 25.0, "speckleWindowSize": 1834.8011739649087, "uniquenessRatio": 30.0}, "datetime": {"datetime": "2023-01-21 07:54:53", "elapsed": 8760.572111, "delta": 16.295299}}
{"target": -456669308.75, "params": {"blockSize": 2.0, "disp12MaxDiff": 50.0, "minDisparity": 1.0, "numDisparities": 1.0, "p1": 15.0, "p2": 15.0, "preFilterCap": 50.0, "speckleRange": 0.0, "speckleWindowSize": 510.0484556322936, "uniquenessRatio": 30.0}, "datetime": {"datetime": "2023-01-21 07:55:13", "elapsed": 8780.547913, "delta": 19.975802}}
{"target": -447141825.75, "params": {"blockSize": 10.0, "disp12MaxDiff": 0.0, "minDisparity": 4.0, "numDisparities": 1.0, "p1": 15.0, "p2": 60.0, "preFilterCap": 0.0, "speckleRange": 25.0, "speckleWindowSize": 2268.0508466609563, "uniquenessRatio": 30.0}, "datetime": {"datetime": "2023-01-21 07:55:35", "elapsed": 8801.936342, "delta": 21.388429}}
{"target": -4666128164.0, "params": {"blockSize": 2.0, "disp12MaxDiff": 0.0, "minDisparity": 4.0, "numDisparities": 10.0, "p1": 5.0, "p2": 60.0, "preFilterCap": 50.0, "speckleRange": 25.0, "speckleWindowSize": 1972.8498050693008, "uniquenessRatio": 0.0}, "datetime": {"datetime": "2023-01-21 07:55:55", "elapsed": 8822.231239, "delta": 20.294897}}
{"target": -455595508.75, "params": {"blockSize": 10.0, "disp12MaxDiff": 0.0, "minDisparity": 4.0, "numDisparities": 1.0, "p1": 15.0, "p2": 60.0, "preFilterCap": 0.0, "speckleRange": 0.0, "speckleWindowSize": 358.2383758530641, "uniquenessRatio": 30.0}, "datetime": {"datetime": "2023-01-21 07:56:15", "elapsed": 8841.696754, "delta": 19.465515}}
{"target": -953159625.5, "params": {"blockSize": 10.0, "disp12MaxDiff": 0.0, "minDisparity": 4.0, "numDisparities": 10.0, "p1": 5.0, "p2": 15.0, "preFilterCap": 50.0, "speckleRange": 25.0, "speckleWindowSize": 1035.0090317420804, "uniquenessRatio": 30.0}, "datetime": {"datetime": "2023-01-21 07:56:30", "elapsed": 8856.830004, "delta": 15.13325}}
{"target": -442159511.0, "params": {"blockSize": 10.0, "disp12MaxDiff": 28.976178504921716, "minDisparity": 1.0, "numDisparities": 1.0, "p1": 15.0, "p2": 60.0, "preFilterCap": 28.87977057780511, "speckleRange": 25.0, "speckleWindowSize": 1714.3230805891965, "uniquenessRatio": 30.0}, "datetime": {"datetime": "2023-01-21 07:56:48", "elapsed": 8875.280569, "delta": 18.450565}}
{"target": -442446715.0, "params": {"blockSize": 10.0, "disp12MaxDiff": 50.0, "minDisparity": 1.0, "numDisparities": 1.0, "p1": 5.0, "p2": 60.0, "preFilterCap": 0.0, "speckleRange": 25.0, "speckleWindowSize": 2002.8531230320061, "uniquenessRatio": 30.0}, "datetime": {"datetime": "2023-01-21 07:57:06", "elapsed": 8892.636255, "delta": 17.355686}}
{"target": -457037849.0, "params": {"blockSize": 2.0, "disp12MaxDiff": 0.0, "minDisparity": 1.0, "numDisparities": 1.0, "p1": 5.0, "p2": 15.0, "preFilterCap": 50.0, "speckleRange": 0.0, "speckleWindowSize": 1825.2752764705012, "uniquenessRatio": 0.0}, "datetime": {"datetime": "2023-01-21 07:57:28", "elapsed": 8915.05412, "delta": 22.417865}}
{"target": -629360969.0, "params": {"blockSize": 2.0, "disp12MaxDiff": 0.0, "minDisparity": 1.0, "numDisparities": 1.0, "p1": 15.0, "p2": 60.0, "preFilterCap": 0.0, "speckleRange": 25.0, "speckleWindowSize": 0.0, "uniquenessRatio": 30.0}, "datetime": {"datetime": "2023-01-21 07:57:43", "elapsed": 8930.46759, "delta": 15.41347}}
{"target": -583159452.5, "params": {"blockSize": 2.0, "disp12MaxDiff": 50.0, "minDisparity": 1.0, "numDisparities": 1.0, "p1": 5.0, "p2": 60.0, "preFilterCap": 50.0, "speckleRange": 25.0, "speckleWindowSize": 311.39771167573593, "uniquenessRatio": 30.0}, "datetime": {"datetime": "2023-01-21 07:57:59", "elapsed": 8946.175273, "delta": 15.707683}}
{"target": -454841036.5, "params": {"blockSize": 10.0, "disp12MaxDiff": 0.0, "minDisparity": 1.0, "numDisparities": 1.0, "p1": 15.0, "p2": 60.0, "preFilterCap": 0.0, "speckleRange": 0.0, "speckleWindowSize": 436.06653551647383, "uniquenessRatio": 30.0}, "datetime": {"datetime": "2023-01-21 07:58:15", "elapsed": 8961.628803, "delta": 15.45353}}
{"target": -455200923.5, "params": {"blockSize": 10.0, "disp12MaxDiff": 50.0, "minDisparity": 1.0, "numDisparities": 1.0, "p1": 5.0, "p2": 15.0, "preFilterCap": 50.0, "speckleRange": 0.0, "speckleWindowSize": 1485.5210790465808, "uniquenessRatio": 0.0}, "datetime": {"datetime": "2023-01-21 07:58:33", "elapsed": 8980.474722, "delta": 18.845919}}
{"target": -456752479.0, "params": {"blockSize": 10.0, "disp12MaxDiff": 0.0, "minDisparity": 1.0, "numDisparities": 1.0, "p1": 15.0, "p2": 30.43009533636093, "preFilterCap": 50.0, "speckleRange": 0.0, "speckleWindowSize": 1466.5664701238563, "uniquenessRatio": 30.0}, "datetime": {"datetime": "2023-01-21 07:58:54", "elapsed": 9001.616223, "delta": 21.141501}}
{"target": -516786937.0, "params": {"blockSize": 6.102036308746728, "disp12MaxDiff": 49.99984533029023, "minDisparity": 2.4009807380476254, "numDisparities": 2.1463274973867503, "p1": 12.581023310520317, "p2": 16.63718047196238, "preFilterCap": 44.3661958500695, "speckleRange": 23.09713874482841, "speckleWindowSize": 1373.7556426486735, "uniquenessRatio": 28.192593518757036}, "datetime": {"datetime": "2023-01-21 07:59:14", "elapsed": 9021.361607, "delta": 19.745384}}
{"target": -445531752.0, "params": {"blockSize": 10.0, "disp12MaxDiff": 0.0, "minDisparity": 1.0, "numDisparities": 1.0, "p1": 15.0, "p2": 60.0, "preFilterCap": 28.28790093986534, "speckleRange": 25.0, "speckleWindowSize": 125.89600748794562, "uniquenessRatio": 30.0}, "datetime": {"datetime": "2023-01-21 07:59:30", "elapsed": 9036.967674, "delta": 15.606067}}
{"target": -814991238.5, "params": {"blockSize": 10.0, "disp12MaxDiff": 50.0, "minDisparity": 1.0, "numDisparities": 10.0, "p1": 5.0, "p2": 15.0, "preFilterCap": 50.0, "speckleRange": 25.0, "speckleWindowSize": 1291.3981083495175, "uniquenessRatio": 30.0}, "datetime": {"datetime": "2023-01-21 07:59:51", "elapsed": 9057.676097, "delta": 20.708423}}
{"target": -454931782.25, "params": {"blockSize": 10.0, "disp12MaxDiff": 26.73114606338696, "minDisparity": 4.0, "numDisparities": 1.0, "p1": 5.0, "p2": 60.0, "preFilterCap": 22.738531356494953, "speckleRange": 0.0, "speckleWindowSize": 111.33633271321928, "uniquenessRatio": 30.0}, "datetime": {"datetime": "2023-01-21 08:00:06", "elapsed": 9073.402318, "delta": 15.726221}}
{"target": -456451387.75, "params": {"blockSize": 10.0, "disp12MaxDiff": 50.0, "minDisparity": 1.0, "numDisparities": 1.0, "p1": 5.0, "p2": 15.0, "preFilterCap": 50.0, "speckleRange": 0.0, "speckleWindowSize": 1069.0002770863252, "uniquenessRatio": 30.0}, "datetime": {"datetime": "2023-01-21 08:00:22", "elapsed": 9088.683135, "delta": 15.280817}}
{"target": -457385248.5, "params": {"blockSize": 10.0, "disp12MaxDiff": 50.0, "minDisparity": 1.0, "numDisparities": 1.0, "p1": 5.0, "p2": 60.0, "preFilterCap": 50.0, "speckleRange": 0.0, "speckleWindowSize": 2500.0, "uniquenessRatio": 30.0}, "datetime": {"datetime": "2023-01-21 08:00:37", "elapsed": 9104.218624, "delta": 15.535489}}
{"target": -454408212.25, "params": {"blockSize": 10.0, "disp12MaxDiff": 50.0, "minDisparity": 1.0, "numDisparities": 1.0, "p1": 5.0, "p2": 60.0, "preFilterCap": 0.0, "speckleRange": 0.0, "speckleWindowSize": 276.7597497294222, "uniquenessRatio": 30.0}, "datetime": {"datetime": "2023-01-21 08:00:58", "elapsed": 9125.245243, "delta": 21.026619}}
{"target": -475718562.5, "params": {"blockSize": 9.34938918485712, "disp12MaxDiff": 4.055397017994478, "minDisparity": 2.5971208357606397, "numDisparities": 4.830023732191034, "p1": 13.37922495282058, "p2": 17.11960588201062, "preFilterCap": 4.479637929259156, "speckleRange": 0.47443323137232873, "speckleWindowSize": 384.1999008575686, "uniquenessRatio": 27.98761993333068}, "datetime": {"datetime": "2023-01-21 08:01:19", "elapsed": 9146.03481, "delta": 20.789567}}
{"target": -950288964.0, "params": {"blockSize": 10.0, "disp12MaxDiff": 25.586530172659703, "minDisparity": 1.0, "numDisparities": 1.0, "p1": 5.0, "p2": 60.0, "preFilterCap": 0.0, "speckleRange": 25.0, "speckleWindowSize": 2500.0, "uniquenessRatio": 0.0}, "datetime": {"datetime": "2023-01-21 08:01:42", "elapsed": 9169.194233, "delta": 23.159423}}
{"target": -1595720346.5, "params": {"blockSize": 3.4771099161315675, "disp12MaxDiff": 24.47326499854726, "minDisparity": 3.8494582846559555, "numDisparities": 8.980595263353738, "p1": 14.080610847708563, "p2": 26.263975595144807, "preFilterCap": 0.0660910354744304, "speckleRange": 24.105972858967345, "speckleWindowSize": 2184.051130230498, "uniquenessRatio": 29.108321013207473}, "datetime": {"datetime": "2023-01-21 08:01:59", "elapsed": 9186.159939, "delta": 16.965706}}
{"target": -503468688.25, "params": {"blockSize": 2.0, "disp12MaxDiff": 50.0, "minDisparity": 1.0, "numDisparities": 10.0, "p1": 15.0, "p2": 15.0, "preFilterCap": 23.554650976284044, "speckleRange": 0.0, "speckleWindowSize": 282.32795612697583, "uniquenessRatio": 30.0}, "datetime": {"datetime": "2023-01-21 08:02:23", "elapsed": 9210.005181, "delta": 23.845242}}
{"target": -456920984.5, "params": {"blockSize": 2.0, "disp12MaxDiff": 50.0, "minDisparity": 4.0, "numDisparities": 1.0, "p1": 15.0, "p2": 60.0, "preFilterCap": 50.0, "speckleRange": 0.0, "speckleWindowSize": 432.9989963296794, "uniquenessRatio": 30.0}, "datetime": {"datetime": "2023-01-21 08:02:39", "elapsed": 9226.421278, "delta": 16.416097}}
{"target": -482593776.5, "params": {"blockSize": 2.0, "disp12MaxDiff": 0.0, "minDisparity": 1.0, "numDisparities": 1.0, "p1": 15.0, "p2": 15.0, "preFilterCap": 50.0, "speckleRange": 25.0, "speckleWindowSize": 398.30371436165655, "uniquenessRatio": 30.0}, "datetime": {"datetime": "2023-01-21 08:03:00", "elapsed": 9247.139536, "delta": 20.718258}}
{"target": -809733105.0, "params": {"blockSize": 9.902694554558312, "disp12MaxDiff": 1.4623338987213796, "minDisparity": 2.4453220885764053, "numDisparities": 9.242538642413717, "p1": 13.971085871478525, "p2": 58.74932355380865, "preFilterCap": 0.4992516859055218, "speckleRange": 22.241821705838305, "speckleWindowSize": 2115.010670586903, "uniquenessRatio": 28.493014119529008}, "datetime": {"datetime": "2023-01-21 08:03:20", "elapsed": 9266.895519, "delta": 19.755983}}
{"target": -457255929.5, "params": {"blockSize": 2.0, "disp12MaxDiff": 28.511791091024556, "minDisparity": 4.0, "numDisparities": 1.0, "p1": 5.0, "p2": 37.76727170328199, "preFilterCap": 50.0, "speckleRange": 0.0, "speckleWindowSize": 502.61927811375034, "uniquenessRatio": 30.0}, "datetime": {"datetime": "2023-01-21 08:03:37", "elapsed": 9283.92818, "delta": 17.032661}}
{"target": -456713240.0, "params": {"blockSize": 10.0, "disp12MaxDiff": 0.0, "minDisparity": 1.0, "numDisparities": 1.0, "p1": 5.0, "p2": 60.0, "preFilterCap": 0.0, "speckleRange": 0.0, "speckleWindowSize": 1609.3190332359484, "uniquenessRatio": 30.0}, "datetime": {"datetime": "2023-01-21 08:03:53", "elapsed": 9299.756745, "delta": 15.828565}}
{"target": -5804777220.0, "params": {"blockSize": 2.0, "disp12MaxDiff": 50.0, "minDisparity": 4.0, "numDisparities": 10.0, "p1": 15.0, "p2": 60.0, "preFilterCap": 12.8002854845417, "speckleRange": 25.0, "speckleWindowSize": 480.69599512041975, "uniquenessRatio": 0.0}, "datetime": {"datetime": "2023-01-21 08:04:12", "elapsed": 9319.185675, "delta": 19.42893}}
{"target": -456749472.5, "params": {"blockSize": 10.0, "disp12MaxDiff": 29.249884241857245, "minDisparity": 4.0, "numDisparities": 1.0, "p1": 15.0, "p2": 60.0, "preFilterCap": 50.0, "speckleRange": 0.0, "speckleWindowSize": 1459.0104682358005, "uniquenessRatio": 30.0}, "datetime": {"datetime": "2023-01-21 08:04:32", "elapsed": 9339.375149, "delta": 20.189474}}
{"target": -440469671.0, "params": {"blockSize": 10.0, "disp12MaxDiff": 0.0, "minDisparity": 1.0, "numDisparities": 1.0, "p1": 5.0, "p2": 60.0, "preFilterCap": 0.0, "speckleRange": 25.0, "speckleWindowSize": 326.6751262370948, "uniquenessRatio": 30.0}, "datetime": {"datetime": "2023-01-21 08:04:47", "elapsed": 9354.258016, "delta": 14.882867}}
{"target": -458030861.75, "params": {"blockSize": 2.0, "disp12MaxDiff": 0.0, "minDisparity": 4.0, "numDisparities": 1.0, "p1": 5.0, "p2": 60.0, "preFilterCap": 50.0, "speckleRange": 0.0, "speckleWindowSize": 2249.1781522854703, "uniquenessRatio": 30.0}, "datetime": {"datetime": "2023-01-21 08:05:04", "elapsed": 9370.965612, "delta": 16.707596}}
{"target": -456937989.5, "params": {"blockSize": 10.0, "disp12MaxDiff": 0.0, "minDisparity": 4.0, "numDisparities": 1.0, "p1": 5.0, "p2": 60.0, "preFilterCap": 50.0, "speckleRange": 0.0, "speckleWindowSize": 1398.461790859906, "uniquenessRatio": 30.0}, "datetime": {"datetime": "2023-01-21 08:05:19", "elapsed": 9386.406182, "delta": 15.44057}}
{"target": -443523073.25, "params": {"blockSize": 10.0, "disp12MaxDiff": 50.0, "minDisparity": 1.0, "numDisparities": 1.0, "p1": 15.0, "p2": 60.0, "preFilterCap": 50.0, "speckleRange": 25.0, "speckleWindowSize": 1597.4518756020027, "uniquenessRatio": 30.0}, "datetime": {"datetime": "2023-01-21 08:05:34", "elapsed": 9401.102739, "delta": 14.696557}}
{"target": -481004412.0, "params": {"blockSize": 2.0, "disp12MaxDiff": 0.0, "minDisparity": 1.0, "numDisparities": 1.0, "p1": 5.0, "p2": 60.0, "preFilterCap": 50.0, "speckleRange": 25.0, "speckleWindowSize": 1252.8337036295047, "uniquenessRatio": 30.0}, "datetime": {"datetime": "2023-01-21 08:05:50", "elapsed": 9416.870198, "delta": 15.767459}}
{"target": -455465630.25, "params": {"blockSize": 10.0, "disp12MaxDiff": 0.0, "minDisparity": 1.0, "numDisparities": 1.0, "p1": 5.0, "p2": 15.0, "preFilterCap": 0.0, "speckleRange": 0.0, "speckleWindowSize": 1940.6386362631645, "uniquenessRatio": 0.0}, "datetime": {"datetime": "2023-01-21 08:06:15", "elapsed": 9442.272565, "delta": 25.402367}}
{"target": -455204722.25, "params": {"blockSize": 10.0, "disp12MaxDiff": 30.0946314137095, "minDisparity": 1.0, "numDisparities": 1.0, "p1": 5.0, "p2": 60.0, "preFilterCap": 0.0, "speckleRange": 0.0, "speckleWindowSize": 489.0786932416404, "uniquenessRatio": 30.0}, "datetime": {"datetime": "2023-01-21 08:06:30", "elapsed": 9457.02502, "delta": 14.752455}}
{"target": -1143192005.0, "params": {"blockSize": 3.6622829644330555, "disp12MaxDiff": 48.06326386327582, "minDisparity": 3.9800073847153064, "numDisparities": 1.4785263448748518, "p1": 8.787304909318163, "p2": 59.971553102854244, "preFilterCap": 0.11538584485791814, "speckleRange": 4.758666001818895, "speckleWindowSize": 1597.6633095529935, "uniquenessRatio": 1.5607784912900402}, "datetime": {"datetime": "2023-01-21 08:06:48", "elapsed": 9475.586153, "delta": 18.561133}}
{"target": -458995495.5, "params": {"blockSize": 10.0, "disp12MaxDiff": 50.0, "minDisparity": 4.0, "numDisparities": 1.0, "p1": 5.0, "p2": 15.0, "preFilterCap": 0.0, "speckleRange": 0.0, "speckleWindowSize": 1161.1596276191692, "uniquenessRatio": 0.0}, "datetime": {"datetime": "2023-01-21 08:07:05", "elapsed": 9491.909133, "delta": 16.32298}}
{"target": -455310203.5, "params": {"blockSize": 10.0, "disp12MaxDiff": 21.37988314782306, "minDisparity": 1.0, "numDisparities": 1.0, "p1": 5.0, "p2": 60.0, "preFilterCap": 0.0, "speckleRange": 0.0, "speckleWindowSize": 524.7588354668537, "uniquenessRatio": 30.0}, "datetime": {"datetime": "2023-01-21 08:07:20", "elapsed": 9507.410707, "delta": 15.501574}}
