{"target": -590581704.5, "params": {"blockSize": 7.759701832177304, "disp12MaxDiff": 27.9850561153355, "minDisparity": 2.139130278948072, "numDisparities": 2.599519796640411, "p1": 6.3173320934264385, "p2": 43.0834582595638, "preFilterCap": 40.40957001197618, "speckleRange": 1.7987791796237884, "speckleWindowSize": 1578.2270294800662, "uniquenessRatio": 14.00669178374568}, "datetime": {"datetime": "2023-01-21 05:28:53", "elapsed": 0.0, "delta": 0.0}}
{"target": -4742566816.0, "params": {"blockSize": 3.317404693300742, "disp12MaxDiff": 10.517624928854103, "minDisparity": 2.417924016056427, "numDisparities": 7.8936328961324165, "p1": 12.635250353757456, "p2": 53.90671975177048, "preFilterCap": 15.038931165141689, "speckleRange": 19.014979963594968, "speckleWindowSize": 1164.2295373852323, "uniquenessRatio": 3.7454315436751653}, "datetime": {"datetime": "2023-01-21 05:29:03", "elapsed": 9.813504, "delta": 9.813504}}
{"target": -638379698.0, "params": {"blockSize": 7.5685908176530825, "disp12MaxDiff": 19.435127123710522, "minDisparity": 2.1748704787481206, "numDisparities": 2.9851573930953745, "p1": 10.146589050074233, "p2": 30.819649661174992, "preFilterCap": 15.116358379526574, "speckleRange": 7.109577204994638, "speckleWindowSize": 1253.8529554685022, "uniquenessRatio": 18.05584874755202}, "datetime": {"datetime": "2023-01-21 05:29:12", "elapsed": 19.175492, "delta": 9.361988}}
{"target": -720641467.5, "params": {"blockSize": 8.444792071099403, "disp12MaxDiff": 24.188827020213633, "minDisparity": 2.882880078792266, "numDisparities": 6.352876057666834, "p1": 5.492754111957896, "p2": 51.72387875866277, "preFilterCap": 13.943000707286956, "speckleRange": 17.4088254858225, "speckleWindowSize": 1552.0724182774732, "uniquenessRatio": 28.151600087658913}, "datetime": {"datetime": "2023-01-21 05:29:21", "elapsed": 28.026058, "delta": 8.850566}}
{"target": -4149147664.0, "params": {"blockSize": 7.7711412650388265, "disp12MaxDiff": 39.76200404375943, "minDisparity": 2.227059450576797, "numDisparities": 9.918776115331074, "p1": 5.166669132646074, "p2": 27.209608215979788, "preFilterCap": 6.514235896048348, "speckleRange": 18.63676946402499, "speckleWindowSize": 719.9385903108276, "uniquenessRatio": 6.733992971246485}, "datetime": {"datetime": "2023-01-21 05:29:31", "elapsed": 37.787132, "delta": 9.761074}}
{"target": -1289758881.0, "params": {"blockSize": 3.2781164846542, "disp12MaxDiff": 40.92572764909087, "minDisparity": 3.450573550972592, "numDisparities": 2.403671763691295, "p1": 10.704212269199562, "p2": 53.13017302917986, "preFilterCap": 17.376526910294587, "speckleRange": 1.2161073137585965, "speckleWindowSize": 395.03424145786227, "uniquenessRatio": 1.4048915668181516}, "datetime": {"datetime": "2023-01-21 05:29:41", "elapsed": 48.03323, "delta": 10.246098}}
{"target": -2990582978.0, "params": {"blockSize": 7.828473011380506, "disp12MaxDiff": 36.39299858619048, "minDisparity": 3.90953722061665, "numDisparities": 6.252971904018526, "p1": 12.999511861431884, "p2": 27.03888321374063, "preFilterCap": 10.392233166565223, "speckleRange": 22.739965091728624, "speckleWindowSize": 894.9217885610128, "uniquenessRatio": 8.610493960091441}, "datetime": {"datetime": "2023-01-21 05:29:51", "elapsed": 57.946678, "delta": 9.913448}}
{"target": -503641497.75, "params": {"blockSize": 8.445526653876808, "disp12MaxDiff": 9.283987012712064, "minDisparity": 2.38384553755754, "numDisparities": 1.4495507525663496, "p1": 14.997896696240108, "p2": 26.302228965573548, "preFilterCap": 17.02269295839996, "speckleRange": 1.0060236115695593, "speckleWindowSize": 897.1327628676437, "uniquenessRatio": 8.080076429549838}, "datetime": {"datetime": "2023-01-21 05:30:01", "elapsed": 67.675241, "delta": 9.728563}}
{"target": -1505768877.0, "params": {"blockSize": 4.922738974439179, "disp12MaxDiff": 17.726825013107206, "minDisparity": 2.457478126217759, "numDisparities": 2.1810348210164445, "p1": 7.605485875963484, "p2": 35.69331258364476, "preFilterCap": 44.598508493856926, "speckleRange": 15.78971399831497, "speckleWindowSize": 1069.0288017010303, "uniquenessRatio": 11.355893593288913}, "datetime": {"datetime": "2023-01-21 05:30:10", "elapsed": 77.59024, "delta": 9.914999}}
{"target": -1380783340.0, "params": {"blockSize": 2.6167991572302984, "disp12MaxDiff": 10.299892275012606, "minDisparity": 3.4599702539225143, "numDisparities": 4.2586383662179665, "p1": 5.803599927543768, "p2": 15.564087298119006, "preFilterCap": 33.22998612549973, "speckleRange": 22.72808297634081, "speckleWindowSize": 1164.367066295048, "uniquenessRatio": 26.959599759348084}, "datetime": {"datetime": "2023-01-21 05:30:20", "elapsed": 87.38483, "delta": 9.79459}}
{"target": -783111941.5, "params": {"blockSize": 9.179773740993364, "disp12MaxDiff": 21.156188632762202, "minDisparity": 1.5492157804155533, "numDisparities": 4.489088348130137, "p1": 13.135093877643222, "p2": 21.697507231247023, "preFilterCap": 13.617409539154224, "speckleRange": 9.102452779840513, "speckleWindowSize": 666.35134551671, "uniquenessRatio": 19.964879546321193}, "datetime": {"datetime": "2023-01-21 05:30:29", "elapsed": 96.615777, "delta": 9.230947}}
{"target": -3612968310.0, "params": {"blockSize": 8.869795043667638, "disp12MaxDiff": 42.8472052391934, "minDisparity": 3.053903715635382, "numDisparities": 9.307568632720571, "p1": 6.221481706671561, "p2": 22.741188308553344, "preFilterCap": 41.11850983180787, "speckleRange": 23.886797509021395, "speckleWindowSize": 559.4607014425898, "uniquenessRatio": 6.185276033709512}, "datetime": {"datetime": "2023-01-21 05:30:39", "elapsed": 106.420445, "delta": 9.804668}}
{"target": -559969283.75, "params": {"blockSize": 8.296550044626027, "disp12MaxDiff": 29.116575095827894, "minDisparity": 1.2394134339643403, "numDisparities": 4.923250100972297, "p1": 9.321204137093927, "p2": 47.27168768042245, "preFilterCap": 11.070784710854376, "speckleRange": 7.1247859627086605, "speckleWindowSize": 1788.4239315554046, "uniquenessRatio": 29.156458551676337}, "datetime": {"datetime": "2023-01-21 05:30:48", "elapsed": 115.316562, "delta": 8.896117}}
{"target": -4107171152.0, "params": {"blockSize": 3.133048951682759, "disp12MaxDiff": 18.812682890819172, "minDisparity": 3.9599038066763095, "numDisparities": 5.103690233118859, "p1": 8.095729969267019, "p2": 47.99678161918439, "preFilterCap": 20.033141692188543, "speckleRange": 17.407127641334487, "speckleWindowSize": 258.6464951891243, "uniquenessRatio": 0.5640440276806291}, "datetime": {"datetime": "2023-01-21 05:30:58", "elapsed": 124.71628, "delta": 9.399718}}
{"target": -3121594102.0, "params": {"blockSize": 3.917119777045702, "disp12MaxDiff": 41.84263627228224, "minDisparity": 1.674621797347137, "numDisparities": 9.244309187175876, "p1": 8.005166539076033, "p2": 16.59908059482967, "preFilterCap": 12.736090721971943, "speckleRange": 11.293875157537588, "speckleWindowSize": 1795.889338065164, "uniquenessRatio": 18.295670575826723}, "datetime": {"datetime": "2023-01-21 05:31:08", "elapsed": 134.686644, "delta": 9.970364}}
{"target": -2475667128.0, "params": {"blockSize": 5.8848168518911, "disp12MaxDiff": 29.421669874726337, "minDisparity": 3.8728568376418036, "numDisparities": 6.280506766705778, "p1": 12.542735306964575, "p2": 36.36237481186946, "preFilterCap": 20.437379902262485, "speckleRange": 14.75785374654754, "speckleWindowSize": 48.843635716148135, "uniquenessRatio": 16.941926102001688}, "datetime": {"datetime": "2023-01-21 05:31:17", "elapsed": 144.494101, "delta": 9.807457}}
{"target": -3088117486.0, "params": {"blockSize": 6.4135034470883845, "disp12MaxDiff": 44.32330420379758, "minDisparity": 1.5963674505723047, "numDisparities": 4.803500315782458, "p1": 13.278912262701928, "p2": 57.83975673820339, "preFilterCap": 12.8998970341204, "speckleRange": 15.526659079054125, "speckleWindowSize": 582.2239797491213, "uniquenessRatio": 3.9134479957950266}, "datetime": {"datetime": "2023-01-21 05:31:27", "elapsed": 154.169188, "delta": 9.675087}}
{"target": -3530749984.0, "params": {"blockSize": 4.290334655446102, "disp12MaxDiff": 6.039315092665492, "minDisparity": 3.5752581302794524, "numDisparities": 5.078338878839264, "p1": 10.43628839423027, "p2": 25.083923205752427, "preFilterCap": 47.38286038539699, "speckleRange": 21.64660296324091, "speckleWindowSize": 75.62633821968146, "uniquenessRatio": 3.5554268148866686}, "datetime": {"datetime": "2023-01-21 05:31:37", "elapsed": 164.132777, "delta": 9.963589}}
{"target": -441788577.5, "params": {"blockSize": 9.634223094997903, "disp12MaxDiff": 4.615113592521636, "minDisparity": 2.768255770712847, "numDisparities": 1.6796510367229796, "p1": 8.828096792610127, "p2": 28.143289487295114, "preFilterCap": 4.529880016639404, "speckleRange": 10.131513354970773, "speckleWindowSize": 2267.9495956554997, "uniquenessRatio": 28.73349914386787}, "datetime": {"datetime": "2023-01-21 05:31:46", "elapsed": 173.00065, "delta": 8.867873}}
{"target": -487622319.0, "params": {"blockSize": 7.560611303399527, "disp12MaxDiff": 41.06003593855569, "minDisparity": 2.436056222325763, "numDisparities": 5.949178696544865, "p1": 12.842692369676172, "p2": 48.89891451558856, "preFilterCap": 42.89001767601509, "speckleRange": 0.3309052226990128, "speckleWindowSize": 357.4805373979309, "uniquenessRatio": 26.898288831340885}, "datetime": {"datetime": "2023-01-21 05:31:55", "elapsed": 182.19457, "delta": 9.19392}}
{"target": -2193405522.0, "params": {"blockSize": 5.993866940877348, "disp12MaxDiff": 47.41780033580404, "minDisparity": 1.005396724340752, "numDisparities": 3.3829828694611517, "p1": 7.385115917127864, "p2": 37.711439157924076, "preFilterCap": 34.54200016753205, "speckleRange": 10.303525950249007, "speckleWindowSize": 213.90156328251697, "uniquenessRatio": 8.843669470628006}, "datetime": {"datetime": "2023-01-21 05:32:05", "elapsed": 192.201446, "delta": 10.006876}}
{"target": -4267343112.0, "params": {"blockSize": 6.279025275806165, "disp12MaxDiff": 16.310879351779338, "minDisparity": 3.112900124997627, "numDisparities": 6.910013484638741, "p1": 12.42604442502024, "p2": 16.094629980418883, "preFilterCap": 12.388270645294302, "speckleRange": 9.604660187183994, "speckleWindowSize": 1432.8545894213391, "uniquenessRatio": 0.6283846168737339}, "datetime": {"datetime": "2023-01-21 05:32:14", "elapsed": 201.430765, "delta": 9.229319}}
{"target": -2104868503.0, "params": {"blockSize": 9.646448641370604, "disp12MaxDiff": 33.70676368748745, "minDisparity": 3.523644453375737, "numDisparities": 8.198420929484715, "p1": 14.774358015230703, "p2": 47.87770400372238, "preFilterCap": 7.371705539599249, "speckleRange": 2.37887949401632, "speckleWindowSize": 2343.9462210398087, "uniquenessRatio": 7.91086719631346}, "datetime": {"datetime": "2023-01-21 05:32:24", "elapsed": 211.09429, "delta": 9.663525}}
{"target": -3657989760.0, "params": {"blockSize": 5.716088969674833, "disp12MaxDiff": 26.295713313142727, "minDisparity": 3.576650003143169, "numDisparities": 8.770376470390019, "p1": 14.390672277739219, "p2": 53.70561748392393, "preFilterCap": 2.8714452539632838, "speckleRange": 19.149206478926494, "speckleWindowSize": 946.5444179251498, "uniquenessRatio": 11.926899700112507}, "datetime": {"datetime": "2023-01-21 05:32:34", "elapsed": 221.010207, "delta": 9.915917}}
{"target": -3610433152.0, "params": {"blockSize": 2.9134146619252625, "disp12MaxDiff": 17.59698502221245, "minDisparity": 1.2333593789120356, "numDisparities": 5.603685186626026, "p1": 5.666878437423971, "p2": 38.08884748861233, "preFilterCap": 45.79914135029169, "speckleRange": 19.027559591342825, "speckleWindowSize": 726.7144662314778, "uniquenessRatio": 8.37336203368641}, "datetime": {"datetime": "2023-01-21 05:32:44", "elapsed": 230.931109, "delta": 9.920902}}
{"target": -885364752.0, "params": {"blockSize": 6.675410866724637, "disp12MaxDiff": 48.330451315742515, "minDisparity": 1.9066458392529366, "numDisparities": 5.835484178168307, "p1": 9.420496621674529, "p2": 54.587493122397134, "preFilterCap": 47.76660361660408, "speckleRange": 5.105820198069, "speckleWindowSize": 358.6831853848416, "uniquenessRatio": 25.548967230590442}, "datetime": {"datetime": "2023-01-21 05:32:53", "elapsed": 240.139972, "delta": 9.208863}}
{"target": -2941582382.0, "params": {"blockSize": 2.2367036757240504, "disp12MaxDiff": 35.7507070882022, "minDisparity": 2.861662772143559, "numDisparities": 7.884955392745532, "p1": 6.08281645005487, "p2": 51.77708476112989, "preFilterCap": 14.814869639332318, "speckleRange": 1.295553303619232, "speckleWindowSize": 393.9596656889105, "uniquenessRatio": 2.198803370579112}, "datetime": {"datetime": "2023-01-21 05:33:03", "elapsed": 250.222642, "delta": 10.08267}}
{"target": -891903658.0, "params": {"blockSize": 6.51968644637075, "disp12MaxDiff": 0.8252957231680846, "minDisparity": 2.7026713098696478, "numDisparities": 8.062518394585798, "p1": 7.565957560984822, "p2": 27.466962942748573, "preFilterCap": 0.4758071658906071, "speckleRange": 12.05980301029447, "speckleWindowSize": 2265.3926346822946, "uniquenessRatio": 24.273817796402348}, "datetime": {"datetime": "2023-01-21 05:33:12", "elapsed": 259.512001, "delta": 9.289359}}
{"target": -2191503980.0, "params": {"blockSize": 2.239294360181254, "disp12MaxDiff": 30.583464085064836, "minDisparity": 2.367572872742999, "numDisparities": 4.150553830602602, "p1": 6.828511139853206, "p2": 32.5470929002735, "preFilterCap": 18.280526870684668, "speckleRange": 1.6614895936665404, "speckleWindowSize": 206.99603817975975, "uniquenessRatio": 1.1351428324428448}, "datetime": {"datetime": "2023-01-21 05:33:23", "elapsed": 269.678119, "delta": 10.166118}}
{"target": -2029628865.0, "params": {"blockSize": 3.8504937552606986, "disp12MaxDiff": 2.2060502417951264, "minDisparity": 1.192589680869544, "numDisparities": 9.51061820045668, "p1": 5.624592099583276, "p2": 22.24972149454944, "preFilterCap": 36.99455822745758, "speckleRange": 6.330574767773878, "speckleWindowSize": 26.12690672502166, "uniquenessRatio": 27.964382022964404}, "datetime": {"datetime": "2023-01-21 05:33:32", "elapsed": 279.577879, "delta": 9.89976}}
{"target": -455958249.75, "params": {"blockSize": 7.087349910866503, "disp12MaxDiff": 44.466120110034225, "minDisparity": 3.1382357789094555, "numDisparities": 1.1673172095003033, "p1": 15.0, "p2": 50.92552307156664, "preFilterCap": 37.375556394864546, "speckleRange": 0.44159490636655946, "speckleWindowSize": 368.79512925154364, "uniquenessRatio": 19.183356560033154}, "datetime": {"datetime": "2023-01-21 05:33:42", "elapsed": 289.249524, "delta": 9.671645}}
{"target": -772637663.5, "params": {"blockSize": 8.092680119821237, "disp12MaxDiff": 26.13742189429412, "minDisparity": 2.5009182398581893, "numDisparities": 4.425658832993299, "p1": 5.915826275791403, "p2": 47.29072785741402, "preFilterCap": 27.531061400902107, "speckleRange": 9.394830450849344, "speckleWindowSize": 1565.505266581087, "uniquenessRatio": 20.88992217622176}, "datetime": {"datetime": "2023-01-21 05:33:52", "elapsed": 298.810912, "delta": 9.561388}}
{"target": -2285145672.0, "params": {"blockSize": 9.09191254294672, "disp12MaxDiff": 5.9115364989111185, "minDisparity": 2.5001715085013028, "numDisparities": 3.193171104514657, "p1": 9.539127091322257, "p2": 46.3318124637283, "preFilterCap": 6.4824469156027575, "speckleRange": 18.105375279736258, "speckleWindowSize": 405.3707247623717, "uniquenessRatio": 1.6634447310966793}, "datetime": {"datetime": "2023-01-21 05:34:01", "elapsed": 308.555826, "delta": 9.744914}}
{"target": -1128720987.5, "params": {"blockSize": 9.679887513274675, "disp12MaxDiff": 31.07804979918592, "minDisparity": 2.1440576076828357, "numDisparities": 5.31855224382673, "p1": 14.388623811537734, "p2": 49.564800193337966, "preFilterCap": 35.42076396569323, "speckleRange": 16.300864476583282, "speckleWindowSize": 356.1596435612674, "uniquenessRatio": 18.52585325997398}, "datetime": {"datetime": "2023-01-21 05:34:11", "elapsed": 318.073823, "delta": 9.517997}}
{"target": -456242805.0, "params": {"blockSize": 10.0, "disp12MaxDiff": 50.0, "minDisparity": 4.0, "numDisparities": 1.0, "p1": 15.0, "p2": 32.035481349137235, "preFilterCap": 41.91902221565276, "speckleRange": 0.0, "speckleWindowSize": 358.64292893544194, "uniquenessRatio": 12.93617606329306}, "datetime": {"datetime": "2023-01-21 05:34:21", "elapsed": 328.133169, "delta": 10.059346}}
{"target": -460825748.25, "params": {"blockSize": 5.5777300958116225, "disp12MaxDiff": 41.55093623713165, "minDisparity": 2.9677783381324403, "numDisparities": 2.7004882070866274, "p1": 7.985447534321375, "p2": 59.737268425741405, "preFilterCap": 22.928325145948026, "speckleRange": 0.07286892766739661, "speckleWindowSize": 721.6398748696889, "uniquenessRatio": 16.393634410062766}, "datetime": {"datetime": "2023-01-21 05:34:31", "elapsed": 337.967604, "delta": 9.834435}}
{"target": -521011030.0, "params": {"blockSize": 9.296007772061142, "disp12MaxDiff": 6.571711673307373, "minDisparity": 3.85299978625308, "numDisparities": 2.2188501537967347, "p1": 12.338288621876135, "p2": 56.32534441957589, "preFilterCap": 36.08498208768122, "speckleRange": 3.9148568988827486, "speckleWindowSize": 1551.8829519897931, "uniquenessRatio": 24.708666220843092}, "datetime": {"datetime": "2023-01-21 05:34:40", "elapsed": 346.963466, "delta": 8.995862}}
{"target": -519052768.75, "params": {"blockSize": 6.919382724670933, "disp12MaxDiff": 11.687847612391872, "minDisparity": 3.52296406133605, "numDisparities": 1.1137448440046032, "p1": 10.682640785407202, "p2": 59.37200792982776, "preFilterCap": 22.37284583071556, "speckleRange": 8.352309329662969, "speckleWindowSize": 1658.5785852515444, "uniquenessRatio": 17.527886725728727}, "datetime": {"datetime": "2023-01-21 05:34:49", "elapsed": 356.44952, "delta": 9.486054}}
{"target": -464501330.5, "params": {"blockSize": 7.587574759051339, "disp12MaxDiff": 22.698258197980397, "minDisparity": 1.837355780008404, "numDisparities": 1.940752406186553, "p1": 5.417229629796324, "p2": 25.190634216969848, "preFilterCap": 36.30227487061328, "speckleRange": 21.429876721651787, "speckleWindowSize": 142.86767705068536, "uniquenessRatio": 28.555493768788356}, "datetime": {"datetime": "2023-01-21 05:34:58", "elapsed": 365.546309, "delta": 9.096789}}
{"target": -456809601.5, "params": {"blockSize": 2.0, "disp12MaxDiff": 50.0, "minDisparity": 4.0, "numDisparities": 1.0, "p1": 15.0, "p2": 35.249247007687586, "preFilterCap": 24.2241558801681, "speckleRange": 0.0, "speckleWindowSize": 358.24244705965486, "uniquenessRatio": 30.0}, "datetime": {"datetime": "2023-01-21 05:35:08", "elapsed": 375.410608, "delta": 9.864299}}
{"target": -1730419725.0, "params": {"blockSize": 3.0749406901500977, "disp12MaxDiff": 18.4640527245363, "minDisparity": 3.5938851992195797, "numDisparities": 6.884129659525621, "p1": 11.854125021713513, "p2": 32.4354773671799, "preFilterCap": 4.081221285550374, "speckleRange": 10.478232572216386, "speckleWindowSize": 771.000751111599, "uniquenessRatio": 27.7275385258513}, "datetime": {"datetime": "2023-01-21 05:35:18", "elapsed": 385.204279, "delta": 9.793671}}
{"target": -837740733.5, "params": {"blockSize": 8.667467523520155, "disp12MaxDiff": 40.134511828111236, "minDisparity": 3.895123327874426, "numDisparities": 5.8688800736310265, "p1": 13.898795570186401, "p2": 58.290062799083664, "preFilterCap": 19.104853896692415, "speckleRange": 2.671761526099048, "speckleWindowSize": 459.97581179275966, "uniquenessRatio": 25.322033242583323}, "datetime": {"datetime": "2023-01-21 05:35:27", "elapsed": 394.234615, "delta": 9.030336}}
{"target": -540970545.75, "params": {"blockSize": 9.138769946573369, "disp12MaxDiff": 25.988483536053252, "minDisparity": 1.3281609968292487, "numDisparities": 3.243716651980781, "p1": 9.287916534065085, "p2": 49.576228739334404, "preFilterCap": 48.301313989065505, "speckleRange": 20.201128216463275, "speckleWindowSize": 2330.8323438002144, "uniquenessRatio": 27.31092314314257}, "datetime": {"datetime": "2023-01-21 05:35:36", "elapsed": 403.174574, "delta": 8.939959}}
{"target": -843957419.5, "params": {"blockSize": 2.689525629344109, "disp12MaxDiff": 12.629238237685897, "minDisparity": 1.1693886326730967, "numDisparities": 2.9022612531331045, "p1": 6.514613693320223, "p2": 48.861954478430356, "preFilterCap": 11.920693611288002, "speckleRange": 23.120541579056344, "speckleWindowSize": 1904.0990584339604, "uniquenessRatio": 28.536815219702024}, "datetime": {"datetime": "2023-01-21 05:35:46", "elapsed": 412.905077, "delta": 9.730503}}
{"target": -459144619.25, "params": {"blockSize": 10.0, "disp12MaxDiff": 50.0, "minDisparity": 4.0, "numDisparities": 1.0, "p1": 15.0, "p2": 53.84059841588122, "preFilterCap": 41.365509091666155, "speckleRange": 0.0, "speckleWindowSize": 395.9673820063733, "uniquenessRatio": 0.0}, "datetime": {"datetime": "2023-01-21 05:35:56", "elapsed": 422.803875, "delta": 9.898798}}
{"target": -4176535276.0, "params": {"blockSize": 3.200880047638366, "disp12MaxDiff": 10.347061111450673, "minDisparity": 3.499570308405625, "numDisparities": 6.90834666610674, "p1": 9.804763452376045, "p2": 23.774981928732295, "preFilterCap": 36.73220008990577, "speckleRange": 9.56987298681708, "speckleWindowSize": 2493.7442095747792, "uniquenessRatio": 6.4800541373117095}, "datetime": {"datetime": "2023-01-21 05:36:06", "elapsed": 432.847407, "delta": 10.043532}}
{"target": -455818213.0, "params": {"blockSize": 10.0, "disp12MaxDiff": 50.0, "minDisparity": 4.0, "numDisparities": 1.0, "p1": 15.0, "p2": 29.785733818494382, "preFilterCap": 42.32096624737973, "speckleRange": 0.0, "speckleWindowSize": 385.14262497794607, "uniquenessRatio": 30.0}, "datetime": {"datetime": "2023-01-21 05:36:15", "elapsed": 441.86888, "delta": 9.021473}}
