{"target": -456061524.25, "params": {"blockSize": 2.0, "disp12MaxDiff": 50.0, "minDisparity": 1.0, "numDisparities": 1.0, "p1": 5.0, "p2": 15.0, "preFilterCap": 0.0, "speckleRange": 0.0, "speckleWindowSize": 824.4129394907883, "uniquenessRatio": 0.0}, "datetime": {"datetime": "2023-01-21 08:53:06", "elapsed": 12253.329308, "delta": 30.173464}}
{"target": -457595268.75, "params": {"blockSize": 10.0, "disp12MaxDiff": 50.0, "minDisparity": 4.0, "numDisparities": 1.0, "p1": 5.0, "p2": 15.0, "preFilterCap": 21.05512563599774, "speckleRange": 0.0, "speckleWindowSize": 1507.975624925035, "uniquenessRatio": 0.0}, "datetime": {"datetime": "2023-01-21 08:53:27", "elapsed": 12273.817249, "delta": 20.487941}}
{"target": -455642740.25, "params": {"blockSize": 10.0, "disp12MaxDiff": 50.0, "minDisparity": 1.0, "numDisparities": 1.0, "p1": 5.0, "p2": 15.0, "preFilterCap": 50.0, "speckleRange": 0.0, "speckleWindowSize": 440.2956592023015, "uniquenessRatio": 0.0}, "datetime": {"datetime": "2023-01-21 08:53:53", "elapsed": 12300.514853, "delta": 26.697604}}
{"target": -1093196398.0, "params": {"blockSize": 2.0, "disp12MaxDiff": 50.0, "minDisparity": 1.0, "numDisparities": 1.0, "p1": 15.0, "p2": 15.0, "preFilterCap": 0.0, "speckleRange": 25.0, "speckleWindowSize": 2431.6894475613185, "uniquenessRatio": 0.0}, "datetime": {"datetime": "2023-01-21 08:54:22", "elapsed": 12328.891919, "delta": 28.377066}}
{"target": -610814069.25, "params": {"blockSize": 3.5454780397267935, "disp12MaxDiff": 47.25548113938468, "minDisparity": 2.5095939228346156, "numDisparities": 2.109409548590512, "p1": 14.985094270762389, "p2": 17.519118978605817, "preFilterCap": 2.2840755588367347, "speckleRange": 6.846399936531908, "speckleWindowSize": 1951.2394500856608, "uniquenessRatio": 29.16689756627687}, "datetime": {"datetime": "2023-01-21 08:54:42", "elapsed": 12349.529337, "delta": 20.637418}}
{"target": -544812594.0, "params": {"blockSize": 2.0, "disp12MaxDiff": 50.0, "minDisparity": 1.0, "numDisparities": 1.0, "p1": 5.0, "p2": 60.0, "preFilterCap": 0.0, "speckleRange": 25.0, "speckleWindowSize": 1946.8080014973368, "uniquenessRatio": 30.0}, "datetime": {"datetime": "2023-01-21 08:55:04", "elapsed": 12370.714857, "delta": 21.18552}}
{"target": -443935042.5, "params": {"blockSize": 10.0, "disp12MaxDiff": 0.0, "minDisparity": 1.0, "numDisparities": 1.0, "p1": 5.0, "p2": 35.465404696809316, "preFilterCap": 50.0, "speckleRange": 25.0, "speckleWindowSize": 1926.572578474665, "uniquenessRatio": 30.0}, "datetime": {"datetime": "2023-01-21 08:55:23", "elapsed": 12390.487587, "delta": 19.77273}}
{"target": -457574897.0, "params": {"blockSize": 2.0, "disp12MaxDiff": 26.996402301115165, "minDisparity": 1.0, "numDisparities": 1.0, "p1": 5.0, "p2": 60.0, "preFilterCap": 0.0, "speckleRange": 0.0, "speckleWindowSize": 1827.6684616264276, "uniquenessRatio": 30.0}, "datetime": {"datetime": "2023-01-21 08:55:51", "elapsed": 12418.514879, "delta": 28.027292}}
{"target": -448222478.75, "params": {"blockSize": 10.0, "disp12MaxDiff": 50.0, "minDisparity": 4.0, "numDisparities": 1.0, "p1": 15.0, "p2": 60.0, "preFilterCap": 50.0, "speckleRange": 25.0, "speckleWindowSize": 2500.0, "uniquenessRatio": 30.0}, "datetime": {"datetime": "2023-01-21 08:56:11", "elapsed": 12438.308123, "delta": 19.793244}}
{"target": -457206463.5, "params": {"blockSize": 10.0, "disp12MaxDiff": 50.0, "minDisparity": 1.0, "numDisparities": 1.0, "p1": 5.0, "p2": 60.0, "preFilterCap": 0.0, "speckleRange": 0.0, "speckleWindowSize": 88.83479878433354, "uniquenessRatio": 0.0}, "datetime": {"datetime": "2023-01-21 08:56:32", "elapsed": 12459.476182, "delta": 21.168059}}
{"target": -455207587.5, "params": {"blockSize": 10.0, "disp12MaxDiff": 14.500723280617613, "minDisparity": 4.0, "numDisparities": 1.0, "p1": 15.0, "p2": 60.0, "preFilterCap": 50.0, "speckleRange": 0.0, "speckleWindowSize": 145.84105360823995, "uniquenessRatio": 30.0}, "datetime": {"datetime": "2023-01-21 08:56:52", "elapsed": 12478.689205, "delta": 19.213023}}
{"target": -444306968.25, "params": {"blockSize": 10.0, "disp12MaxDiff": 16.671655552620773, "minDisparity": 1.0, "numDisparities": 1.0, "p1": 5.0, "p2": 15.0, "preFilterCap": 50.0, "speckleRange": 25.0, "speckleWindowSize": 1949.7612423132357, "uniquenessRatio": 30.0}, "datetime": {"datetime": "2023-01-21 08:57:25", "elapsed": 12511.703184, "delta": 33.013979}}
{"target": -485178787.0, "params": {"blockSize": 2.0, "disp12MaxDiff": 0.0, "minDisparity": 1.0, "numDisparities": 1.0, "p1": 5.0, "p2": 60.0, "preFilterCap": 0.0, "speckleRange": 25.0, "speckleWindowSize": 1412.672245832366, "uniquenessRatio": 30.0}, "datetime": {"datetime": "2023-01-21 08:57:56", "elapsed": 12543.018104, "delta": 31.31492}}
{"target": -454469096.75, "params": {"blockSize": 10.0, "disp12MaxDiff": 50.0, "minDisparity": 1.0, "numDisparities": 1.0, "p1": 15.0, "p2": 44.43416223505234, "preFilterCap": 23.91853754794558, "speckleRange": 0.0, "speckleWindowSize": 2196.2589052197895, "uniquenessRatio": 0.0}, "datetime": {"datetime": "2023-01-21 08:58:16", "elapsed": 12563.370679, "delta": 20.352575}}
{"target": -457109525.25, "params": {"blockSize": 10.0, "disp12MaxDiff": 0.0, "minDisparity": 4.0, "numDisparities": 1.0, "p1": 5.0, "p2": 15.0, "preFilterCap": 18.669352571216834, "speckleRange": 0.0, "speckleWindowSize": 2173.0474005556125, "uniquenessRatio": 30.0}, "datetime": {"datetime": "2023-01-21 08:58:41", "elapsed": 12587.842999, "delta": 24.47232}}
{"target": -456510548.75, "params": {"blockSize": 10.0, "disp12MaxDiff": 50.0, "minDisparity": 1.0, "numDisparities": 1.0, "p1": 5.0, "p2": 15.0, "preFilterCap": 0.0, "speckleRange": 0.0, "speckleWindowSize": 1516.9134812390398, "uniquenessRatio": 30.0}, "datetime": {"datetime": "2023-01-21 08:59:05", "elapsed": 12612.443115, "delta": 24.600116}}
{"target": -448211751.0, "params": {"blockSize": 10.0, "disp12MaxDiff": 50.0, "minDisparity": 4.0, "numDisparities": 1.0, "p1": 5.0, "p2": 60.0, "preFilterCap": 28.093630512010897, "speckleRange": 25.0, "speckleWindowSize": 1097.3598314191754, "uniquenessRatio": 30.0}, "datetime": {"datetime": "2023-01-21 08:59:42", "elapsed": 12649.401385, "delta": 36.95827}}
{"target": -439592197.0, "params": {"blockSize": 10.0, "disp12MaxDiff": 0.0, "minDisparity": 1.0, "numDisparities": 1.0, "p1": 5.0, "p2": 15.0, "preFilterCap": 0.0, "speckleRange": 25.0, "speckleWindowSize": 390.1232443154308, "uniquenessRatio": 30.0}, "datetime": {"datetime": "2023-01-21 09:00:06", "elapsed": 12672.750509, "delta": 23.349124}}
{"target": -449169929.0, "params": {"blockSize": 10.0, "disp12MaxDiff": 0.0, "minDisparity": 4.0, "numDisparities": 1.0, "p1": 5.0, "p2": 60.0, "preFilterCap": 28.763043377711185, "speckleRange": 25.0, "speckleWindowSize": 882.169874272546, "uniquenessRatio": 30.0}, "datetime": {"datetime": "2023-01-21 09:00:29", "elapsed": 12695.687749, "delta": 22.93724}}
{"target": -455305100.75, "params": {"blockSize": 10.0, "disp12MaxDiff": 50.0, "minDisparity": 1.0, "numDisparities": 1.0, "p1": 5.0, "p2": 34.0909286688662, "preFilterCap": 23.25349409113844, "speckleRange": 0.0, "speckleWindowSize": 504.79703763390035, "uniquenessRatio": 30.0}, "datetime": {"datetime": "2023-01-21 09:00:58", "elapsed": 12724.671268, "delta": 28.983519}}
{"target": -541418213.0, "params": {"blockSize": 2.0, "disp12MaxDiff": 50.0, "minDisparity": 4.0, "numDisparities": 1.0, "p1": 5.0, "p2": 15.0, "preFilterCap": 50.0, "speckleRange": 25.0, "speckleWindowSize": 2298.4833517883258, "uniquenessRatio": 30.0}, "datetime": {"datetime": "2023-01-21 09:01:18", "elapsed": 12745.237845, "delta": 20.566577}}
{"target": -450995966.75, "params": {"blockSize": 10.0, "disp12MaxDiff": 0.0, "minDisparity": 4.0, "numDisparities": 1.0, "p1": 15.0, "p2": 15.0, "preFilterCap": 50.0, "speckleRange": 25.0, "speckleWindowSize": 658.801022216406, "uniquenessRatio": 30.0}, "datetime": {"datetime": "2023-01-21 09:01:44", "elapsed": 12770.82465, "delta": 25.586805}}
{"target": -1008998696.5, "params": {"blockSize": 10.0, "disp12MaxDiff": 50.0, "minDisparity": 1.0, "numDisparities": 10.0, "p1": 15.0, "p2": 60.0, "preFilterCap": 50.0, "speckleRange": 25.0, "speckleWindowSize": 266.1966106455038, "uniquenessRatio": 30.0}, "datetime": {"datetime": "2023-01-21 09:02:12", "elapsed": 12799.183014, "delta": 28.358364}}
{"target": -564775831.75, "params": {"blockSize": 3.5399186460980934, "disp12MaxDiff": 48.3037059943836, "minDisparity": 3.7789781550727626, "numDisparities": 1.8660752064546666, "p1": 9.827843271112723, "p2": 58.42503068780932, "preFilterCap": 45.16133345822423, "speckleRange": 14.259310589610646, "speckleWindowSize": 2103.7259092153017, "uniquenessRatio": 29.807434631274766}, "datetime": {"datetime": "2023-01-21 09:02:45", "elapsed": 12832.535292, "delta": 33.352278}}
{"target": -692978277.0, "params": {"blockSize": 3.861296700615834, "disp12MaxDiff": 25.86562373989734, "minDisparity": 2.159952719741419, "numDisparities": 2.2374409239443103, "p1": 10.636461617292806, "p2": 58.289632947238836, "preFilterCap": 24.458805627888434, "speckleRange": 3.089463731652531, "speckleWindowSize": 303.2514504461592, "uniquenessRatio": 29.740198201954136}, "datetime": {"datetime": "2023-01-21 09:03:15", "elapsed": 12861.720838, "delta": 29.185546}}
{"target": -456907794.25, "params": {"blockSize": 10.0, "disp12MaxDiff": 50.0, "minDisparity": 1.0, "numDisparities": 1.0, "p1": 5.0, "p2": 60.0, "preFilterCap": 0.0, "speckleRange": 0.0, "speckleWindowSize": 1935.6340959441181, "uniquenessRatio": 30.0}, "datetime": {"datetime": "2023-01-21 09:03:39", "elapsed": 12885.904598, "delta": 24.18376}}
{"target": -454941167.25, "params": {"blockSize": 10.0, "disp12MaxDiff": 0.0, "minDisparity": 1.0, "numDisparities": 1.0, "p1": 5.0, "p2": 29.6889012529309, "preFilterCap": 21.91920508598969, "speckleRange": 0.0, "speckleWindowSize": 1096.9463685177302, "uniquenessRatio": 0.0}, "datetime": {"datetime": "2023-01-21 09:04:03", "elapsed": 12910.350424, "delta": 24.445826}}
{"target": -448696070.75, "params": {"blockSize": 10.0, "disp12MaxDiff": 50.0, "minDisparity": 4.0, "numDisparities": 1.0, "p1": 5.0, "p2": 15.0, "preFilterCap": 50.0, "speckleRange": 25.0, "speckleWindowSize": 1614.0450015947674, "uniquenessRatio": 30.0}, "datetime": {"datetime": "2023-01-21 09:04:28", "elapsed": 12935.044738, "delta": 24.694314}}
{"target": -593289999.5, "params": {"blockSize": 2.0, "disp12MaxDiff": 50.0, "minDisparity": 4.0, "numDisparities": 1.0, "p1": 5.0, "p2": 60.0, "preFilterCap": 28.729653450806012, "speckleRange": 25.0, "speckleWindowSize": 853.084692802937, "uniquenessRatio": 30.0}, "datetime": {"datetime": "2023-01-21 09:05:06", "elapsed": 12973.132358, "delta": 38.08762}}
{"target": -3619926908.0, "params": {"blockSize": 10.0, "disp12MaxDiff": 0.0, "minDisparity": 1.0, "numDisparities": 10.0, "p1": 15.0, "p2": 15.0, "preFilterCap": 50.0, "speckleRange": 25.0, "speckleWindowSize": 786.064894055346, "uniquenessRatio": 0.0}, "datetime": {"datetime": "2023-01-21 09:05:27", "elapsed": 12993.805764, "delta": 20.673406}}
{"target": -456385127.25, "params": {"blockSize": 10.0, "disp12MaxDiff": 0.0, "minDisparity": 1.0, "numDisparities": 1.0, "p1": 15.0, "p2": 60.0, "preFilterCap": 18.56957961027854, "speckleRange": 0.0, "speckleWindowSize": 1417.0706471992803, "uniquenessRatio": 30.0}, "datetime": {"datetime": "2023-01-21 09:05:51", "elapsed": 13017.631158, "delta": 23.825394}}
{"target": -457787466.0, "params": {"blockSize": 2.0, "disp12MaxDiff": 0.0, "minDisparity": 4.0, "numDisparities": 1.0, "p1": 15.0, "p2": 47.76970193750641, "preFilterCap": 50.0, "speckleRange": 0.0, "speckleWindowSize": 2298.1310740847175, "uniquenessRatio": 30.0}, "datetime": {"datetime": "2023-01-21 09:06:21", "elapsed": 13047.913312, "delta": 30.282154}}
{"target": -457098245.75, "params": {"blockSize": 10.0, "disp12MaxDiff": 0.0, "minDisparity": 1.0, "numDisparities": 1.0, "p1": 5.0, "p2": 60.0, "preFilterCap": 0.0, "speckleRange": 0.0, "speckleWindowSize": 2400.2015883552153, "uniquenessRatio": 30.0}, "datetime": {"datetime": "2023-01-21 09:06:46", "elapsed": 13072.723649, "delta": 24.810337}}
{"target": -451348638.0, "params": {"blockSize": 4.181625073727599, "disp12MaxDiff": 17.165011587791906, "minDisparity": 3.433210734296348, "numDisparities": 1.9092828826156047, "p1": 5.75318322974407, "p2": 44.59050025150235, "preFilterCap": 1.656592695535758, "speckleRange": 2.6580820792496738, "speckleWindowSize": 1209.167572997813, "uniquenessRatio": 28.864633014738242}, "datetime": {"datetime": "2023-01-21 09:07:07", "elapsed": 13094.059181, "delta": 21.335532}}
{"target": -443443160.25, "params": {"blockSize": 10.0, "disp12MaxDiff": 0.0, "minDisparity": 1.0, "numDisparities": 1.0, "p1": 5.0, "p2": 60.0, "preFilterCap": 50.0, "speckleRange": 25.0, "speckleWindowSize": 1629.1845433572232, "uniquenessRatio": 30.0}, "datetime": {"datetime": "2023-01-21 09:07:35", "elapsed": 13122.456398, "delta": 28.397217}}
{"target": -457095360.5, "params": {"blockSize": 10.0, "disp12MaxDiff": 20.012852338230108, "minDisparity": 1.0, "numDisparities": 1.0, "p1": 5.0, "p2": 60.0, "preFilterCap": 50.0, "speckleRange": 0.0, "speckleWindowSize": 1872.9451111872925, "uniquenessRatio": 30.0}, "datetime": {"datetime": "2023-01-21 09:07:55", "elapsed": 13142.046617, "delta": 19.590219}}
{"target": -460168970.25, "params": {"blockSize": 10.0, "disp12MaxDiff": 0.0, "minDisparity": 4.0, "numDisparities": 1.0, "p1": 5.0, "p2": 15.0, "preFilterCap": 0.0, "speckleRange": 0.0, "speckleWindowSize": 305.8885237358874, "uniquenessRatio": 0.0}, "datetime": {"datetime": "2023-01-21 09:08:28", "elapsed": 13174.764412, "delta": 32.717795}}
{"target": -456240235.5, "params": {"blockSize": 10.0, "disp12MaxDiff": 50.0, "minDisparity": 1.0, "numDisparities": 1.0, "p1": 5.0, "p2": 60.0, "preFilterCap": 0.0, "speckleRange": 0.0, "speckleWindowSize": 1018.2082366516446, "uniquenessRatio": 30.0}, "datetime": {"datetime": "2023-01-21 09:08:48", "elapsed": 13194.730975, "delta": 19.966563}}
{"target": -458889796.25, "params": {"blockSize": 10.0, "disp12MaxDiff": 50.0, "minDisparity": 4.0, "numDisparities": 1.0, "p1": 15.0, "p2": 60.0, "preFilterCap": 0.0, "speckleRange": 25.0, "speckleWindowSize": 164.22618922527084, "uniquenessRatio": 30.0}, "datetime": {"datetime": "2023-01-21 09:09:08", "elapsed": 13214.977274, "delta": 20.246299}}
{"target": -456809752.75, "params": {"blockSize": 10.0, "disp12MaxDiff": 0.0, "minDisparity": 4.0, "numDisparities": 1.0, "p1": 15.0, "p2": 60.0, "preFilterCap": 17.99024075625991, "speckleRange": 0.0, "speckleWindowSize": 1639.9200850520422, "uniquenessRatio": 30.0}, "datetime": {"datetime": "2023-01-21 09:09:44", "elapsed": 13250.627616, "delta": 35.650342}}
{"target": -475470216.75, "params": {"blockSize": 2.0, "disp12MaxDiff": 0.0, "minDisparity": 1.0, "numDisparities": 1.0, "p1": 5.0, "p2": 60.0, "preFilterCap": 0.0, "speckleRange": 25.0, "speckleWindowSize": 2420.9233189470924, "uniquenessRatio": 30.0}, "datetime": {"datetime": "2023-01-21 09:10:10", "elapsed": 13276.824989, "delta": 26.197373}}
{"target": -480559876.75, "params": {"blockSize": 10.0, "disp12MaxDiff": 0.0, "minDisparity": 1.0, "numDisparities": 10.0, "p1": 5.0, "p2": 60.0, "preFilterCap": 0.0, "speckleRange": 0.0, "speckleWindowSize": 2161.043214685726, "uniquenessRatio": 30.0}, "datetime": {"datetime": "2023-01-21 09:10:31", "elapsed": 13298.268655, "delta": 21.443666}}
{"target": -442832372.5, "params": {"blockSize": 10.0, "disp12MaxDiff": 50.0, "minDisparity": 1.0, "numDisparities": 1.0, "p1": 5.0, "p2": 15.0, "preFilterCap": 28.50281053214549, "speckleRange": 25.0, "speckleWindowSize": 1848.1151234346478, "uniquenessRatio": 30.0}, "datetime": {"datetime": "2023-01-21 09:11:07", "elapsed": 13334.356192, "delta": 36.087537}}
{"target": -444945756.5, "params": {"blockSize": 10.0, "disp12MaxDiff": 50.0, "minDisparity": 1.0, "numDisparities": 1.0, "p1": 15.0, "p2": 60.0, "preFilterCap": 0.0, "speckleRange": 25.0, "speckleWindowSize": 125.7819321538307, "uniquenessRatio": 30.0}, "datetime": {"datetime": "2023-01-21 09:11:37", "elapsed": 13364.119096, "delta": 29.762904}}
{"target": -846431007.5, "params": {"blockSize": 4.252930872352188, "disp12MaxDiff": 1.0944404748930103, "minDisparity": 1.2125933355197573, "numDisparities": 8.765287264905304, "p1": 5.039613933740926, "p2": 37.743129362274466, "preFilterCap": 18.825247913983745, "speckleRange": 1.2259692188626632, "speckleWindowSize": 898.4288811587346, "uniquenessRatio": 28.760777248125706}, "datetime": {"datetime": "2023-01-21 09:12:07", "elapsed": 13394.560065, "delta": 30.440969}}
{"target": -547953119.0, "params": {"blockSize": 7.228785244224346, "disp12MaxDiff": 0.3447766236878591, "minDisparity": 1.9314829710446322, "numDisparities": 7.829970645456884, "p1": 11.828792540424143, "p2": 34.51991299035396, "preFilterCap": 46.60152233914873, "speckleRange": 0.9120893431606658, "speckleWindowSize": 601.5631702677596, "uniquenessRatio": 6.420891594682373}, "datetime": {"datetime": "2023-01-21 09:12:41", "elapsed": 13428.546861, "delta": 33.986796}}
{"target": -457679476.5, "params": {"blockSize": 2.0, "disp12MaxDiff": 0.0, "minDisparity": 4.0, "numDisparities": 1.0, "p1": 15.0, "p2": 15.0, "preFilterCap": 26.907095514773605, "speckleRange": 0.0, "speckleWindowSize": 1554.0756264525553, "uniquenessRatio": 30.0}, "datetime": {"datetime": "2023-01-21 09:13:11", "elapsed": 13458.083414, "delta": 29.536553}}
{"target": -487103967.75, "params": {"blockSize": 10.0, "disp12MaxDiff": 0.0, "minDisparity": 1.0, "numDisparities": 10.0, "p1": 15.0, "p2": 60.0, "preFilterCap": 0.0, "speckleRange": 0.0, "speckleWindowSize": 1565.9647527825543, "uniquenessRatio": 30.0}, "datetime": {"datetime": "2023-01-21 09:13:33", "elapsed": 13479.876328, "delta": 21.792914}}
{"target": -526315351.25, "params": {"blockSize": 10.0, "disp12MaxDiff": 50.0, "minDisparity": 1.0, "numDisparities": 10.0, "p1": 5.0, "p2": 38.34972684720561, "preFilterCap": 50.0, "speckleRange": 0.0, "speckleWindowSize": 279.61475677344134, "uniquenessRatio": 30.0}, "datetime": {"datetime": "2023-01-21 09:13:54", "elapsed": 13500.85744, "delta": 20.981112}}
{"target": -458774192.75, "params": {"blockSize": 10.0, "disp12MaxDiff": 0.0, "minDisparity": 4.0, "numDisparities": 1.0, "p1": 5.0, "p2": 15.0, "preFilterCap": 0.0, "speckleRange": 0.0, "speckleWindowSize": 867.5144193068238, "uniquenessRatio": 0.0}, "datetime": {"datetime": "2023-01-21 09:14:28", "elapsed": 13535.345069, "delta": 34.487629}}
{"target": -447814695.75, "params": {"blockSize": 10.0, "disp12MaxDiff": 34.1591185580088, "minDisparity": 4.0, "numDisparities": 1.0, "p1": 15.0, "p2": 15.0, "preFilterCap": 0.0, "speckleRange": 25.0, "speckleWindowSize": 2303.38192317365, "uniquenessRatio": 30.0}, "datetime": {"datetime": "2023-01-21 09:14:58", "elapsed": 13565.551341, "delta": 30.206272}}
{"target": -457979266.5, "params": {"blockSize": 2.0, "disp12MaxDiff": 0.0, "minDisparity": 1.0, "numDisparities": 1.0, "p1": 5.0, "p2": 60.0, "preFilterCap": 50.0, "speckleRange": 0.0, "speckleWindowSize": 2103.930840249413, "uniquenessRatio": 30.0}, "datetime": {"datetime": "2023-01-21 09:15:24", "elapsed": 13591.259834, "delta": 25.708493}}
{"target": -987460146.0, "params": {"blockSize": 10.0, "disp12MaxDiff": 50.0, "minDisparity": 4.0, "numDisparities": 1.0, "p1": 15.0, "p2": 15.0, "preFilterCap": 0.0, "speckleRange": 25.0, "speckleWindowSize": 1132.2456288683231, "uniquenessRatio": 0.0}, "datetime": {"datetime": "2023-01-21 09:16:01", "elapsed": 13627.716439, "delta": 36.456605}}
{"target": -457127712.0, "params": {"blockSize": 10.0, "disp12MaxDiff": 0.0, "minDisparity": 1.0, "numDisparities": 1.0, "p1": 5.0, "p2": 60.0, "preFilterCap": 30.191093133829536, "speckleRange": 0.0, "speckleWindowSize": 2332.5868189492708, "uniquenessRatio": 30.0}, "datetime": {"datetime": "2023-01-21 09:16:30", "elapsed": 13656.874536, "delta": 29.158097}}
{"target": -456100690.5, "params": {"blockSize": 2.0, "disp12MaxDiff": 50.0, "minDisparity": 1.0, "numDisparities": 1.0, "p1": 15.0, "p2": 15.0, "preFilterCap": 50.0, "speckleRange": 0.0, "speckleWindowSize": 177.78135891589454, "uniquenessRatio": 30.0}, "datetime": {"datetime": "2023-01-21 09:16:52", "elapsed": 13678.871533, "delta": 21.996997}}
{"target": -540193456.75, "params": {"blockSize": 2.0, "disp12MaxDiff": 50.0, "minDisparity": 1.0, "numDisparities": 1.0, "p1": 15.0, "p2": 15.0, "preFilterCap": 0.0, "speckleRange": 25.0, "speckleWindowSize": 430.3371287497375, "uniquenessRatio": 30.0}, "datetime": {"datetime": "2023-01-21 09:17:14", "elapsed": 13701.303568, "delta": 22.432035}}
{"target": -458219424.75, "params": {"blockSize": 10.0, "disp12MaxDiff": 0.0, "minDisparity": 4.0, "numDisparities": 1.0, "p1": 5.0, "p2": 60.0, "preFilterCap": 25.77282297384827, "speckleRange": 0.0, "speckleWindowSize": 630.0572203483445, "uniquenessRatio": 0.0}, "datetime": {"datetime": "2023-01-21 09:17:41", "elapsed": 13727.68572, "delta": 26.382152}}
{"target": -456275126.75, "params": {"blockSize": 10.0, "disp12MaxDiff": 34.49153439515209, "minDisparity": 4.0, "numDisparities": 1.0, "p1": 5.0, "p2": 41.09178969597302, "preFilterCap": 34.84895435904727, "speckleRange": 0.0, "speckleWindowSize": 667.2288002689864, "uniquenessRatio": 30.0}, "datetime": {"datetime": "2023-01-21 09:18:07", "elapsed": 13754.554586, "delta": 26.868866}}
{"target": -461639938.5, "params": {"blockSize": 10.0, "disp12MaxDiff": 50.0, "minDisparity": 4.0, "numDisparities": 1.0, "p1": 5.0, "p2": 60.0, "preFilterCap": 50.0, "speckleRange": 0.0, "speckleWindowSize": 72.44186395150693, "uniquenessRatio": 0.0}, "datetime": {"datetime": "2023-01-21 09:18:35", "elapsed": 13781.689923, "delta": 27.135337}}
