{"target": -1012700629.5, "params": {"blockSize": 4.315170804230945, "disp12MaxDiff": 9.206373871464896, "minDisparity": 1.0308999194522923, "numDisparities": 8.97953474196117, "p1": 14.581258334377322, "p2": 59.516385530295985, "preFilterCap": 5.832778789354492, "speckleRange": 5.555843985172659, "speckleWindowSize": 1732.3397864056055, "uniquenessRatio": 27.276744076431033}, "datetime": {"datetime": "2023-01-21 06:00:21", "elapsed": 1888.46961, "delta": 9.962269}}
{"target": -456114794.25, "params": {"blockSize": 10.0, "disp12MaxDiff": 50.0, "minDisparity": 1.0, "numDisparities": 1.0, "p1": 5.0, "p2": 25.24482826756288, "preFilterCap": 38.584160246302915, "speckleRange": 0.0, "speckleWindowSize": 1585.755617055685, "uniquenessRatio": 20.595147335719155}, "datetime": {"datetime": "2023-01-21 06:00:31", "elapsed": 1897.874628, "delta": 9.405018}}
{"target": -455277129.75, "params": {"blockSize": 10.0, "disp12MaxDiff": 15.993282656355914, "minDisparity": 1.0, "numDisparities": 1.0, "p1": 15.0, "p2": 60.0, "preFilterCap": 16.432852089691483, "speckleRange": 0.0, "speckleWindowSize": 1530.070753218842, "uniquenessRatio": 0.10262225375986894}, "datetime": {"datetime": "2023-01-21 06:00:41", "elapsed": 1907.859108, "delta": 9.98448}}
{"target": -555608585.25, "params": {"blockSize": 9.618546983321474, "disp12MaxDiff": 5.648568887460686, "minDisparity": 2.536557063216926, "numDisparities": 2.7590617369733015, "p1": 8.668292420294474, "p2": 51.941802044041566, "preFilterCap": 40.984051642794725, "speckleRange": 8.024072786670654, "speckleWindowSize": 1513.25271936583, "uniquenessRatio": 19.075457069643615}, "datetime": {"datetime": "2023-01-21 06:00:50", "elapsed": 1917.471883, "delta": 9.612775}}
{"target": -456680541.5, "params": {"blockSize": 10.0, "disp12MaxDiff": 0.0, "minDisparity": 1.0, "numDisparities": 1.0, "p1": 5.0, "p2": 29.967343199680233, "preFilterCap": 19.370735772011493, "speckleRange": 0.0, "speckleWindowSize": 1527.9865306857553, "uniquenessRatio": 30.0}, "datetime": {"datetime": "2023-01-21 06:00:59", "elapsed": 1926.597173, "delta": 9.12529}}
{"target": -3341578572.0, "params": {"blockSize": 3.479863247095679, "disp12MaxDiff": 15.861740579972711, "minDisparity": 3.2199307354570132, "numDisparities": 9.397816392932915, "p1": 12.178742044801114, "p2": 49.037257240776924, "preFilterCap": 4.666693064518956, "speckleRange": 13.818696142857034, "speckleWindowSize": 1511.060660261364, "uniquenessRatio": 19.23617461120561}, "datetime": {"datetime": "2023-01-21 06:01:10", "elapsed": 1937.020186, "delta": 10.423013}}
{"target": -456246523.0, "params": {"blockSize": 10.0, "disp12MaxDiff": 16.555279539404236, "minDisparity": 1.0, "numDisparities": 1.0, "p1": 5.0, "p2": 59.7603234566654, "preFilterCap": 0.0, "speckleRange": 0.0, "speckleWindowSize": 1047.019107193061, "uniquenessRatio": 30.0}, "datetime": {"datetime": "2023-01-21 06:01:19", "elapsed": 1946.264155, "delta": 9.243969}}
{"target": -447849910.0, "params": {"blockSize": 10.0, "disp12MaxDiff": 0.0, "minDisparity": 4.0, "numDisparities": 1.0, "p1": 15.0, "p2": 23.662464531149247, "preFilterCap": 50.0, "speckleRange": 25.0, "speckleWindowSize": 1737.6405241927564, "uniquenessRatio": 30.0}, "datetime": {"datetime": "2023-01-21 06:01:28", "elapsed": 1955.416125, "delta": 9.15197}}
{"target": -440821426.5, "params": {"blockSize": 10.0, "disp12MaxDiff": 12.24798000047536, "minDisparity": 1.0, "numDisparities": 1.0, "p1": 5.0, "p2": 15.0, "preFilterCap": 0.0, "speckleRange": 25.0, "speckleWindowSize": 1029.1263960353326, "uniquenessRatio": 30.0}, "datetime": {"datetime": "2023-01-21 06:01:37", "elapsed": 1964.404562, "delta": 8.988437}}
{"target": -456726726.25, "params": {"blockSize": 10.0, "disp12MaxDiff": 3.897323131818252, "minDisparity": 1.0, "numDisparities": 1.0, "p1": 15.0, "p2": 28.57813694343174, "preFilterCap": 0.0, "speckleRange": 0.0, "speckleWindowSize": 1836.281993304209, "uniquenessRatio": 30.0}, "datetime": {"datetime": "2023-01-21 06:01:46", "elapsed": 1973.49696, "delta": 9.092398}}
{"target": -456898048.75, "params": {"blockSize": 10.0, "disp12MaxDiff": 0.0, "minDisparity": 1.0, "numDisparities": 1.0, "p1": 5.0, "p2": 22.288360130764318, "preFilterCap": 50.0, "speckleRange": 0.0, "speckleWindowSize": 1535.7617605702299, "uniquenessRatio": 30.0}, "datetime": {"datetime": "2023-01-21 06:01:55", "elapsed": 1982.552993, "delta": 9.056033}}
{"target": -477752786.25, "params": {"blockSize": 3.8518067776802525, "disp12MaxDiff": 6.775013284891918, "minDisparity": 2.2696789538824, "numDisparities": 8.444888825388233, "p1": 9.480554139505124, "p2": 31.154306760264834, "preFilterCap": 40.95900731821336, "speckleRange": 0.24839455302560765, "speckleWindowSize": 464.399688441858, "uniquenessRatio": 29.754447631672402}, "datetime": {"datetime": "2023-01-21 06:02:05", "elapsed": 1992.599948, "delta": 10.046955}}
{"target": -455167147.0, "params": {"blockSize": 2.0, "disp12MaxDiff": 18.133114938704527, "minDisparity": 1.0, "numDisparities": 1.0, "p1": 15.0, "p2": 15.0, "preFilterCap": 50.0, "speckleRange": 0.0, "speckleWindowSize": 448.5219981163006, "uniquenessRatio": 3.4472966712433344}, "datetime": {"datetime": "2023-01-21 06:02:16", "elapsed": 2003.175941, "delta": 10.575993}}
{"target": -455756233.25, "params": {"blockSize": 10.0, "disp12MaxDiff": 18.675846029693513, "minDisparity": 1.0, "numDisparities": 1.0, "p1": 15.0, "p2": 51.54508390707685, "preFilterCap": 50.0, "speckleRange": 0.0, "speckleWindowSize": 458.41176198291146, "uniquenessRatio": 0.0}, "datetime": {"datetime": "2023-01-21 06:02:26", "elapsed": 2012.996287, "delta": 9.820346}}
{"target": -1240346395.0, "params": {"blockSize": 7.700865887618945, "disp12MaxDiff": 49.73905166208139, "minDisparity": 3.7672069316546994, "numDisparities": 7.341710726667158, "p1": 12.38424553698217, "p2": 18.5032421956655, "preFilterCap": 49.4965799816268, "speckleRange": 8.215046990002852, "speckleWindowSize": 470.76380061206095, "uniquenessRatio": 22.79725563122222}, "datetime": {"datetime": "2023-01-21 06:02:35", "elapsed": 2022.513658, "delta": 9.517371}}
{"target": -3000209422.0, "params": {"blockSize": 7.326583777355385, "disp12MaxDiff": 4.232965615637957, "minDisparity": 1.0955874625967081, "numDisparities": 7.478458424539434, "p1": 7.144774670961526, "p2": 32.54276968094609, "preFilterCap": 49.171486805667776, "speckleRange": 21.12603531640891, "speckleWindowSize": 462.5801629606735, "uniquenessRatio": 7.859139425008289}, "datetime": {"datetime": "2023-01-21 06:02:46", "elapsed": 2032.684739, "delta": 10.171081}}
{"target": -3646784128.0, "params": {"blockSize": 7.786055301930387, "disp12MaxDiff": 28.45282158042316, "minDisparity": 1.6982313049545263, "numDisparities": 8.485369663517929, "p1": 13.510046207780414, "p2": 40.68362196912189, "preFilterCap": 44.30148503975205, "speckleRange": 6.90647788895013, "speckleWindowSize": 834.4117030376822, "uniquenessRatio": 6.458467138308103}, "datetime": {"datetime": "2023-01-21 06:02:56", "elapsed": 2042.899642, "delta": 10.214903}}
{"target": -456978510.75, "params": {"blockSize": 10.0, "disp12MaxDiff": 0.0, "minDisparity": 4.0, "numDisparities": 1.0, "p1": 15.0, "p2": 60.0, "preFilterCap": 50.0, "speckleRange": 0.0, "speckleWindowSize": 1655.0952902983247, "uniquenessRatio": 30.0}, "datetime": {"datetime": "2023-01-21 06:03:05", "elapsed": 2052.181449, "delta": 9.281807}}
{"target": -454989967.0, "params": {"blockSize": 2.0, "disp12MaxDiff": 49.62237488924915, "minDisparity": 1.0, "numDisparities": 1.0, "p1": 15.0, "p2": 60.0, "preFilterCap": 50.0, "speckleRange": 0.0, "speckleWindowSize": 445.18865510458033, "uniquenessRatio": 1.5595062432097662}, "datetime": {"datetime": "2023-01-21 06:03:15", "elapsed": 2062.607807, "delta": 10.426358}}
{"target": -456385070.0, "params": {"blockSize": 6.662104745694687, "disp12MaxDiff": 49.36910854687445, "minDisparity": 1.9304451195660963, "numDisparities": 1.7624700840047893, "p1": 10.317771279423358, "p2": 47.75661146577683, "preFilterCap": 32.32602921718777, "speckleRange": 16.102208228641672, "speckleWindowSize": 654.0018919772999, "uniquenessRatio": 26.44479530932329}, "datetime": {"datetime": "2023-01-21 06:03:25", "elapsed": 2072.048005, "delta": 9.440198}}
{"target": -457148374.5, "params": {"blockSize": 10.0, "disp12MaxDiff": 0.0, "minDisparity": 4.0, "numDisparities": 1.0, "p1": 15.0, "p2": 39.3020728146972, "preFilterCap": 50.0, "speckleRange": 0.0, "speckleWindowSize": 1662.5659424137646, "uniquenessRatio": 0.0}, "datetime": {"datetime": "2023-01-21 06:03:35", "elapsed": 2081.788236, "delta": 9.740231}}
{"target": -454788762.0, "params": {"blockSize": 10.0, "disp12MaxDiff": 0.0, "minDisparity": 1.0, "numDisparities": 1.0, "p1": 5.0, "p2": 15.0, "preFilterCap": 0.0, "speckleRange": 0.0, "speckleWindowSize": 1033.0100008423085, "uniquenessRatio": 5.400342503588509}, "datetime": {"datetime": "2023-01-21 06:03:45", "elapsed": 2091.96152, "delta": 10.173284}}
{"target": -2930811960.0, "params": {"blockSize": 3.309142275510677, "disp12MaxDiff": 47.425835721321526, "minDisparity": 1.0045277638020482, "numDisparities": 5.1317214237061135, "p1": 14.115036072533202, "p2": 57.895690622085525, "preFilterCap": 4.009326374597244, "speckleRange": 8.115545538108842, "speckleWindowSize": 651.3844691870213, "uniquenessRatio": 14.320781516542246}, "datetime": {"datetime": "2023-01-21 06:03:55", "elapsed": 2102.470175, "delta": 10.508655}}
{"target": -454316265.25, "params": {"blockSize": 10.0, "disp12MaxDiff": 49.64893157053272, "minDisparity": 1.0, "numDisparities": 1.0, "p1": 5.0, "p2": 15.0, "preFilterCap": 0.0, "speckleRange": 0.0, "speckleWindowSize": 1098.8568456041155, "uniquenessRatio": 6.124436823183635}, "datetime": {"datetime": "2023-01-21 06:04:06", "elapsed": 2112.870787, "delta": 10.400612}}
{"target": -1752012985.0, "params": {"blockSize": 4.0196319519649935, "disp12MaxDiff": 41.79097570968805, "minDisparity": 2.03281259742604, "numDisparities": 9.672107560940926, "p1": 7.500107615030385, "p2": 17.42118296743888, "preFilterCap": 38.72171933100521, "speckleRange": 20.047198774486034, "speckleWindowSize": 651.8563120339721, "uniquenessRatio": 22.90381436467455}, "datetime": {"datetime": "2023-01-21 06:04:16", "elapsed": 2122.743534, "delta": 9.872747}}
{"target": -441999710.75, "params": {"blockSize": 10.0, "disp12MaxDiff": 48.3066323114247, "minDisparity": 1.0, "numDisparities": 1.0, "p1": 15.0, "p2": 60.0, "preFilterCap": 1.469010123015573, "speckleRange": 25.0, "speckleWindowSize": 1759.0634470622706, "uniquenessRatio": 30.0}, "datetime": {"datetime": "2023-01-21 06:04:25", "elapsed": 2131.90493, "delta": 9.161396}}
{"target": -442817806.0, "params": {"blockSize": 10.0, "disp12MaxDiff": 25.550814837884346, "minDisparity": 1.0, "numDisparities": 1.0, "p1": 5.0, "p2": 30.599015276582332, "preFilterCap": 50.0, "speckleRange": 5.533336019634005, "speckleWindowSize": 364.28233717528417, "uniquenessRatio": 30.0}, "datetime": {"datetime": "2023-01-21 06:04:34", "elapsed": 2141.219509, "delta": 9.314579}}
{"target": -456773324.75, "params": {"blockSize": 2.0, "disp12MaxDiff": 19.201257264472183, "minDisparity": 1.0, "numDisparities": 1.0, "p1": 15.0, "p2": 60.0, "preFilterCap": 40.993180329071194, "speckleRange": 0.0, "speckleWindowSize": 791.6392826442045, "uniquenessRatio": 30.0}, "datetime": {"datetime": "2023-01-21 06:04:44", "elapsed": 2151.37847, "delta": 10.158961}}
{"target": -456407143.75, "params": {"blockSize": 2.0, "disp12MaxDiff": 6.4190868088186805, "minDisparity": 1.0, "numDisparities": 1.0, "p1": 15.0, "p2": 60.0, "preFilterCap": 33.702843244209944, "speckleRange": 0.0, "speckleWindowSize": 450.7640301160911, "uniquenessRatio": 30.0}, "datetime": {"datetime": "2023-01-21 06:04:54", "elapsed": 2161.487505, "delta": 10.109035}}
{"target": -1214924685.0, "params": {"blockSize": 2.2319870859636515, "disp12MaxDiff": 49.64218250036998, "minDisparity": 3.3656586358575282, "numDisparities": 3.8295556335070637, "p1": 11.532961799225085, "p2": 56.52852628237567, "preFilterCap": 43.72641714349617, "speckleRange": 6.621028872401158, "speckleWindowSize": 696.4449783067445, "uniquenessRatio": 24.743002179824757}, "datetime": {"datetime": "2023-01-21 06:05:05", "elapsed": 2171.663977, "delta": 10.176472}}
{"target": -456498611.0, "params": {"blockSize": 2.0, "disp12MaxDiff": 44.97990148098523, "minDisparity": 1.0, "numDisparities": 1.0, "p1": 15.0, "p2": 15.0, "preFilterCap": 28.52019615140899, "speckleRange": 0.0, "speckleWindowSize": 428.16096370600604, "uniquenessRatio": 30.0}, "datetime": {"datetime": "2023-01-21 06:05:15", "elapsed": 2182.01397, "delta": 10.349993}}
{"target": -449145676.5, "params": {"blockSize": 10.0, "disp12MaxDiff": 50.0, "minDisparity": 4.0, "numDisparities": 1.0, "p1": 5.0, "p2": 60.0, "preFilterCap": 50.0, "speckleRange": 23.32775987511817, "speckleWindowSize": 1250.0772053888707, "uniquenessRatio": 30.0}, "datetime": {"datetime": "2023-01-21 06:05:24", "elapsed": 2191.111049, "delta": 9.097079}}
{"target": -444813686.0, "params": {"blockSize": 10.0, "disp12MaxDiff": 0.0, "minDisparity": 1.0, "numDisparities": 1.0, "p1": 15.0, "p2": 42.30172617939525, "preFilterCap": 50.0, "speckleRange": 25.0, "speckleWindowSize": 2347.4591609338536, "uniquenessRatio": 30.0}, "datetime": {"datetime": "2023-01-21 06:05:33", "elapsed": 2200.178928, "delta": 9.067879}}
{"target": -456308316.0, "params": {"blockSize": 2.0, "disp12MaxDiff": 0.0, "minDisparity": 1.0, "numDisparities": 1.0, "p1": 15.0, "p2": 60.0, "preFilterCap": 7.993917826739599, "speckleRange": 0.0, "speckleWindowSize": 481.18150928902605, "uniquenessRatio": 30.0}, "datetime": {"datetime": "2023-01-21 06:05:43", "elapsed": 2210.349014, "delta": 10.170086}}
{"target": -457019465.25, "params": {"blockSize": 10.0, "disp12MaxDiff": 0.0, "minDisparity": 1.0, "numDisparities": 1.0, "p1": 5.0, "p2": 25.78021225795295, "preFilterCap": 50.0, "speckleRange": 0.0, "speckleWindowSize": 1674.3310001083937, "uniquenessRatio": 30.0}, "datetime": {"datetime": "2023-01-21 06:05:52", "elapsed": 2219.428477, "delta": 9.079463}}
{"target": -979057695.5, "params": {"blockSize": 7.591627692433196, "disp12MaxDiff": 1.5524457523561186, "minDisparity": 2.7589234253688733, "numDisparities": 4.826568012794918, "p1": 6.343853784298631, "p2": 16.19575563378284, "preFilterCap": 24.8318302063185, "speckleRange": 22.084108736402825, "speckleWindowSize": 1683.8240262445513, "uniquenessRatio": 15.903715715799404}, "datetime": {"datetime": "2023-01-21 06:06:02", "elapsed": 2229.466224, "delta": 10.037747}}
{"target": -538832157.0, "params": {"blockSize": 2.0, "disp12MaxDiff": 21.382100551377555, "minDisparity": 1.0, "numDisparities": 1.0, "p1": 5.0, "p2": 30.26206100996025, "preFilterCap": 0.0, "speckleRange": 25.0, "speckleWindowSize": 1845.7735082554273, "uniquenessRatio": 30.0}, "datetime": {"datetime": "2023-01-21 06:06:12", "elapsed": 2239.556234, "delta": 10.09001}}
{"target": -620631426.5, "params": {"blockSize": 10.0, "disp12MaxDiff": 0.0, "minDisparity": 1.0, "numDisparities": 1.0, "p1": 15.0, "p2": 15.0, "preFilterCap": 0.0, "speckleRange": 25.0, "speckleWindowSize": 1056.8589367355287, "uniquenessRatio": 6.650568488400569}, "datetime": {"datetime": "2023-01-21 06:06:22", "elapsed": 2249.4835, "delta": 9.927266}}
{"target": -465045207.5, "params": {"blockSize": 5.275759962345028, "disp12MaxDiff": 2.234450177394293, "minDisparity": 3.490142675217942, "numDisparities": 5.7818901689259885, "p1": 9.05028601847561, "p2": 55.207841275398806, "preFilterCap": 45.475441340623384, "speckleRange": 0.31820235173553313, "speckleWindowSize": 2325.1583621881095, "uniquenessRatio": 22.3075272128721}, "datetime": {"datetime": "2023-01-21 06:06:32", "elapsed": 2259.568284, "delta": 10.084784}}
{"target": -533965540.75, "params": {"blockSize": 8.11743058942192, "disp12MaxDiff": 2.85656277238267, "minDisparity": 2.85783621783934, "numDisparities": 3.790912671576205, "p1": 5.068452468174103, "p2": 45.44660472295845, "preFilterCap": 1.6922934885559626, "speckleRange": 21.013023552891735, "speckleWindowSize": 2306.3670590746665, "uniquenessRatio": 27.642401314703992}, "datetime": {"datetime": "2023-01-21 06:06:42", "elapsed": 2269.085057, "delta": 9.516773}}
{"target": -449870439.0, "params": {"blockSize": 10.0, "disp12MaxDiff": 0.0, "minDisparity": 4.0, "numDisparities": 1.0, "p1": 5.0, "p2": 39.334033855952015, "preFilterCap": 0.0, "speckleRange": 25.0, "speckleWindowSize": 663.4204125366982, "uniquenessRatio": 30.0}, "datetime": {"datetime": "2023-01-21 06:06:51", "elapsed": 2278.287192, "delta": 9.202135}}
{"target": -2184447322.0, "params": {"blockSize": 3.6575856445197905, "disp12MaxDiff": 20.224179589890163, "minDisparity": 3.1302416772365795, "numDisparities": 7.3086356241102735, "p1": 13.613221604144268, "p2": 23.16270670794569, "preFilterCap": 3.9165686753609155, "speckleRange": 17.950505473868986, "speckleWindowSize": 1095.8113394032086, "uniquenessRatio": 24.07142831542383}, "datetime": {"datetime": "2023-01-21 06:07:01", "elapsed": 2288.46753, "delta": 10.180338}}
{"target": -456340710.0, "params": {"blockSize": 2.0, "disp12MaxDiff": 19.707258170693787, "minDisparity": 1.0, "numDisparities": 1.0, "p1": 15.0, "p2": 33.45858982779626, "preFilterCap": 18.292387965478262, "speckleRange": 0.0, "speckleWindowSize": 490.5248462501251, "uniquenessRatio": 30.0}, "datetime": {"datetime": "2023-01-21 06:07:12", "elapsed": 2298.727087, "delta": 10.259557}}
{"target": -457972397.25, "params": {"blockSize": 2.0, "disp12MaxDiff": 0.0, "minDisparity": 4.0, "numDisparities": 1.0, "p1": 5.0, "p2": 15.0, "preFilterCap": 50.0, "speckleRange": 0.0, "speckleWindowSize": 2245.5555505656844, "uniquenessRatio": 30.0}, "datetime": {"datetime": "2023-01-21 06:07:22", "elapsed": 2308.784424, "delta": 10.057337}}
{"target": -471150495.75, "params": {"blockSize": 4.494123296216485, "disp12MaxDiff": 48.8583988834559, "minDisparity": 1.8802451631349748, "numDisparities": 1.0622105431483502, "p1": 11.607153468256024, "p2": 52.88824626571599, "preFilterCap": 6.692709152257032, "speckleRange": 19.967922830017507, "speckleWindowSize": 824.1683725299088, "uniquenessRatio": 29.370077284599816}, "datetime": {"datetime": "2023-01-21 06:07:32", "elapsed": 2318.668814, "delta": 9.88439}}
{"target": -455634726.75, "params": {"blockSize": 10.0, "disp12MaxDiff": 0.0, "minDisparity": 1.0, "numDisparities": 1.0, "p1": 5.0, "p2": 60.0, "preFilterCap": 44.600789212653964, "speckleRange": 0.0, "speckleWindowSize": 1532.8976215990547, "uniquenessRatio": 0.0}, "datetime": {"datetime": "2023-01-21 06:07:42", "elapsed": 2328.732709, "delta": 10.063895}}
{"target": -457025600.5, "params": {"blockSize": 2.0, "disp12MaxDiff": 9.323278787054646, "minDisparity": 4.0, "numDisparities": 1.0, "p1": 15.0, "p2": 15.0, "preFilterCap": 50.0, "speckleRange": 0.0, "speckleWindowSize": 419.53601306273384, "uniquenessRatio": 30.0}, "datetime": {"datetime": "2023-01-21 06:07:52", "elapsed": 2338.79634, "delta": 10.063631}}
{"target": -442883528.75, "params": {"blockSize": 10.0, "disp12MaxDiff": 25.03471820098489, "minDisparity": 1.0, "numDisparities": 1.0, "p1": 15.0, "p2": 60.0, "preFilterCap": 50.0, "speckleRange": 25.0, "speckleWindowSize": 1278.615168055532, "uniquenessRatio": 30.0}, "datetime": {"datetime": "2023-01-21 06:08:01", "elapsed": 2348.164871, "delta": 9.368531}}
{"target": -448253803.0, "params": {"blockSize": 10.0, "disp12MaxDiff": 0.0, "minDisparity": 4.0, "numDisparities": 1.0, "p1": 15.0, "p2": 52.678535975953096, "preFilterCap": 50.0, "speckleRange": 25.0, "speckleWindowSize": 1680.9241318569368, "uniquenessRatio": 30.0}, "datetime": {"datetime": "2023-01-21 06:08:10", "elapsed": 2357.266402, "delta": 9.101531}}
{"target": -457263822.25, "params": {"blockSize": 2.0, "disp12MaxDiff": 0.0, "minDisparity": 4.0, "numDisparities": 1.0, "p1": 5.0, "p2": 49.28785038220144, "preFilterCap": 0.0, "speckleRange": 0.0, "speckleWindowSize": 515.0181494544181, "uniquenessRatio": 30.0}, "datetime": {"datetime": "2023-01-21 06:08:20", "elapsed": 2367.510461, "delta": 10.244059}}
{"target": -877104684.0, "params": {"blockSize": 6.049055650113968, "disp12MaxDiff": 35.01630267514028, "minDisparity": 3.4243920515813504, "numDisparities": 1.1298210044710775, "p1": 8.498702130134765, "p2": 51.557703646148155, "preFilterCap": 2.9781645498803244, "speckleRange": 6.221582449392302, "speckleWindowSize": 494.7843693829948, "uniquenessRatio": 7.759393791834995}, "datetime": {"datetime": "2023-01-21 06:08:31", "elapsed": 2377.980806, "delta": 10.470345}}
{"target": -452320831.0, "params": {"blockSize": 10.0, "disp12MaxDiff": 27.555657599315555, "minDisparity": 4.0, "numDisparities": 1.0, "p1": 5.0, "p2": 60.0, "preFilterCap": 48.408643900861705, "speckleRange": 25.0, "speckleWindowSize": 660.6254819486953, "uniquenessRatio": 30.0}, "datetime": {"datetime": "2023-01-21 06:08:40", "elapsed": 2387.213684, "delta": 9.232878}}
{"target": -513579671.25, "params": {"blockSize": 9.190244831903037, "disp12MaxDiff": 4.7808735770846935, "minDisparity": 2.9008376327907484, "numDisparities": 2.6577074018380022, "p1": 8.013537853218992, "p2": 59.8145522381374, "preFilterCap": 3.311497027108973, "speckleRange": 2.2716093386819765, "speckleWindowSize": 687.4948123393101, "uniquenessRatio": 24.270977296349425}, "datetime": {"datetime": "2023-01-21 06:08:50", "elapsed": 2396.876687, "delta": 9.663003}}
{"target": -456250543.5, "params": {"blockSize": 2.0, "disp12MaxDiff": 50.0, "minDisparity": 1.0, "numDisparities": 1.0, "p1": 15.0, "p2": 60.0, "preFilterCap": 50.0, "speckleRange": 0.0, "speckleWindowSize": 1882.1521042258134, "uniquenessRatio": 0.0}, "datetime": {"datetime": "2023-01-21 06:09:00", "elapsed": 2407.151002, "delta": 10.274315}}
