{"target": -456271847.75, "params": {"blockSize": 10.0, "disp12MaxDiff": 0.0, "minDisparity": 1.0, "numDisparities": 1.0, "p1": 5.0, "p2": 38.722436358055326, "preFilterCap": 0.0, "speckleRange": 0.0, "speckleWindowSize": 1026.707468079972, "uniquenessRatio": 30.0}, "datetime": {"datetime": "2023-01-21 11:43:13", "elapsed": 22460.000329, "delta": 30.251338}}
{"target": -456907794.25, "params": {"blockSize": 10.0, "disp12MaxDiff": 21.01246569473763, "minDisparity": 1.0, "numDisparities": 1.0, "p1": 5.0, "p2": 60.0, "preFilterCap": 0.0, "speckleRange": 0.0, "speckleWindowSize": 1939.1193558988887, "uniquenessRatio": 30.0}, "datetime": {"datetime": "2023-01-21 11:43:43", "elapsed": 22490.200821, "delta": 30.200492}}
{"target": -458726244.5, "params": {"blockSize": 10.0, "disp12MaxDiff": 50.0, "minDisparity": 4.0, "numDisparities": 1.0, "p1": 5.0, "p2": 60.0, "preFilterCap": 0.0, "speckleRange": 0.0, "speckleWindowSize": 1462.9036408885815, "uniquenessRatio": 0.0}, "datetime": {"datetime": "2023-01-21 11:44:25", "elapsed": 22531.661387, "delta": 41.460566}}
{"target": -457732821.0, "params": {"blockSize": 2.0, "disp12MaxDiff": 33.66202432749341, "minDisparity": 1.0, "numDisparities": 1.0, "p1": 15.0, "p2": 15.0, "preFilterCap": 28.63810332811712, "speckleRange": 0.0, "speckleWindowSize": 2290.7581241199855, "uniquenessRatio": 30.0}, "datetime": {"datetime": "2023-01-21 11:45:17", "elapsed": 22584.250887, "delta": 52.5895}}
{"target": -599574666.0, "params": {"blockSize": 2.0, "disp12MaxDiff": 50.0, "minDisparity": 4.0, "numDisparities": 1.0, "p1": 15.0, "p2": 15.0, "preFilterCap": 0.0, "speckleRange": 25.0, "speckleWindowSize": 153.5145162012966, "uniquenessRatio": 30.0}, "datetime": {"datetime": "2023-01-21 11:46:12", "elapsed": 22639.116192, "delta": 54.865305}}
{"target": -456763376.75, "params": {"blockSize": 10.0, "disp12MaxDiff": 0.0, "minDisparity": 4.0, "numDisparities": 1.0, "p1": 15.0, "p2": 28.521134134633925, "preFilterCap": 29.396331719157885, "speckleRange": 0.0, "speckleWindowSize": 1709.8520190250174, "uniquenessRatio": 30.0}, "datetime": {"datetime": "2023-01-21 11:46:50", "elapsed": 22676.838446, "delta": 37.722254}}
{"target": -455629408.25, "params": {"blockSize": 10.0, "disp12MaxDiff": 0.0, "minDisparity": 1.0, "numDisparities": 1.0, "p1": 5.0, "p2": 15.0, "preFilterCap": 0.0, "speckleRange": 0.0, "speckleWindowSize": 964.8210150628036, "uniquenessRatio": 0.0}, "datetime": {"datetime": "2023-01-21 11:47:40", "elapsed": 22726.954843, "delta": 50.116397}}
{"target": -456381454.0, "params": {"blockSize": 10.0, "disp12MaxDiff": 50.0, "minDisparity": 4.0, "numDisparities": 1.0, "p1": 15.0, "p2": 15.0, "preFilterCap": 22.78325467137383, "speckleRange": 0.0, "speckleWindowSize": 1009.2196044353511, "uniquenessRatio": 30.0}, "datetime": {"datetime": "2023-01-21 11:48:26", "elapsed": 22773.517031, "delta": 46.562188}}
{"target": -456876212.75, "params": {"blockSize": 10.0, "disp12MaxDiff": 23.117819429673972, "minDisparity": 4.0, "numDisparities": 1.0, "p1": 15.0, "p2": 15.0, "preFilterCap": 0.0, "speckleRange": 0.0, "speckleWindowSize": 1720.240707039658, "uniquenessRatio": 30.0}, "datetime": {"datetime": "2023-01-21 11:48:59", "elapsed": 22806.061737, "delta": 32.544706}}
{"target": -455149300.5, "params": {"blockSize": 10.0, "disp12MaxDiff": 14.731182015723691, "minDisparity": 1.0, "numDisparities": 1.0, "p1": 5.0, "p2": 39.548004261741006, "preFilterCap": 50.0, "speckleRange": 0.0, "speckleWindowSize": 644.7000973789196, "uniquenessRatio": 0.0}, "datetime": {"datetime": "2023-01-21 11:49:56", "elapsed": 22863.548533, "delta": 57.486796}}
{"target": -456520609.5, "params": {"blockSize": 10.0, "disp12MaxDiff": 23.00966514691257, "minDisparity": 4.0, "numDisparities": 1.0, "p1": 15.0, "p2": 15.0, "preFilterCap": 50.0, "speckleRange": 0.0, "speckleWindowSize": 1046.0237755943328, "uniquenessRatio": 30.0}, "datetime": {"datetime": "2023-01-21 11:50:49", "elapsed": 22916.317719, "delta": 52.769186}}
{"target": -455832917.75, "params": {"blockSize": 10.0, "disp12MaxDiff": 28.92704918272428, "minDisparity": 1.0, "numDisparities": 1.0, "p1": 15.0, "p2": 60.0, "preFilterCap": 50.0, "speckleRange": 0.0, "speckleWindowSize": 428.1351222818207, "uniquenessRatio": 0.0}, "datetime": {"datetime": "2023-01-21 11:51:29", "elapsed": 22956.197522, "delta": 39.879803}}
{"target": -456785268.75, "params": {"blockSize": 10.0, "disp12MaxDiff": 50.0, "minDisparity": 1.0, "numDisparities": 1.0, "p1": 15.0, "p2": 15.0, "preFilterCap": 0.0, "speckleRange": 0.0, "speckleWindowSize": 2084.7849649812883, "uniquenessRatio": 30.0}, "datetime": {"datetime": "2023-01-21 11:52:07", "elapsed": 22994.45266, "delta": 38.255138}}
{"target": -482552021.5, "params": {"blockSize": 10.0, "disp12MaxDiff": 12.706801998145208, "minDisparity": 4.0, "numDisparities": 10.0, "p1": 5.0, "p2": 60.0, "preFilterCap": 28.194807781133267, "speckleRange": 0.0, "speckleWindowSize": 2302.979016169581, "uniquenessRatio": 30.0}, "datetime": {"datetime": "2023-01-21 11:53:01", "elapsed": 23048.06232, "delta": 53.60966}}
{"target": -456320388.25, "params": {"blockSize": 10.0, "disp12MaxDiff": 20.619871875649267, "minDisparity": 4.0, "numDisparities": 1.0, "p1": 15.0, "p2": 15.0, "preFilterCap": 50.0, "speckleRange": 0.0, "speckleWindowSize": 1011.0755340294655, "uniquenessRatio": 8.47338778906085}, "datetime": {"datetime": "2023-01-21 11:54:04", "elapsed": 23111.071285, "delta": 63.008965}}
{"target": -457010207.25, "params": {"blockSize": 10.0, "disp12MaxDiff": 24.24670955992001, "minDisparity": 4.0, "numDisparities": 1.0, "p1": 15.0, "p2": 60.0, "preFilterCap": 0.0, "speckleRange": 0.0, "speckleWindowSize": 2148.8127941925286, "uniquenessRatio": 30.0}, "datetime": {"datetime": "2023-01-21 11:54:34", "elapsed": 23141.407135, "delta": 30.33585}}
{"target": -456174656.0, "params": {"blockSize": 2.0, "disp12MaxDiff": 17.107297272120896, "minDisparity": 1.0, "numDisparities": 1.0, "p1": 5.0, "p2": 15.0, "preFilterCap": 0.0, "speckleRange": 0.0, "speckleWindowSize": 236.79323384353393, "uniquenessRatio": 30.0}, "datetime": {"datetime": "2023-01-21 11:55:16", "elapsed": 23182.789026, "delta": 41.381891}}
{"target": -447013412.0, "params": {"blockSize": 10.0, "disp12MaxDiff": 50.0, "minDisparity": 4.0, "numDisparities": 1.0, "p1": 15.0, "p2": 15.0, "preFilterCap": 0.0, "speckleRange": 25.0, "speckleWindowSize": 1289.3915556407749, "uniquenessRatio": 30.0}, "datetime": {"datetime": "2023-01-21 11:55:56", "elapsed": 23223.263312, "delta": 40.474286}}
{"target": -806704148.0, "params": {"blockSize": 10.0, "disp12MaxDiff": 0.0, "minDisparity": 1.0, "numDisparities": 1.0, "p1": 5.0, "p2": 60.0, "preFilterCap": 50.0, "speckleRange": 25.0, "speckleWindowSize": 888.4085793951608, "uniquenessRatio": 0.0}, "datetime": {"datetime": "2023-01-21 11:56:36", "elapsed": 23262.866666, "delta": 39.603354}}
{"target": -455462373.25, "params": {"blockSize": 10.0, "disp12MaxDiff": 0.0, "minDisparity": 1.0, "numDisparities": 1.0, "p1": 5.0, "p2": 15.0, "preFilterCap": 0.0, "speckleRange": 0.0, "speckleWindowSize": 1820.2432583093675, "uniquenessRatio": 0.0}, "datetime": {"datetime": "2023-01-21 11:57:08", "elapsed": 23295.054948, "delta": 32.188282}}
{"target": -643067232.5, "params": {"blockSize": 2.0, "disp12MaxDiff": 50.0, "minDisparity": 4.0, "numDisparities": 1.0, "p1": 15.0, "p2": 60.0, "preFilterCap": 50.0, "speckleRange": 25.0, "speckleWindowSize": 81.38562512584595, "uniquenessRatio": 30.0}, "datetime": {"datetime": "2023-01-21 11:58:07", "elapsed": 23354.18979, "delta": 59.134842}}
{"target": -443134082.5, "params": {"blockSize": 10.0, "disp12MaxDiff": 0.0, "minDisparity": 1.0, "numDisparities": 1.0, "p1": 5.0, "p2": 60.0, "preFilterCap": 0.0, "speckleRange": 25.0, "speckleWindowSize": 2344.356793948972, "uniquenessRatio": 30.0}, "datetime": {"datetime": "2023-01-21 11:58:38", "elapsed": 23385.569012, "delta": 31.379222}}
{"target": -456033955.75, "params": {"blockSize": 10.0, "disp12MaxDiff": 50.0, "minDisparity": 1.0, "numDisparities": 1.0, "p1": 15.0, "p2": 60.0, "preFilterCap": 50.0, "speckleRange": 0.0, "speckleWindowSize": 300.8663107892146, "uniquenessRatio": 0.0}, "datetime": {"datetime": "2023-01-21 11:59:16", "elapsed": 23423.510143, "delta": 37.941131}}
{"target": -457630851.5, "params": {"blockSize": 2.0, "disp12MaxDiff": 0.0, "minDisparity": 4.0, "numDisparities": 1.0, "p1": 15.0, "p2": 15.0, "preFilterCap": 50.0, "speckleRange": 0.0, "speckleWindowSize": 1137.8754165696146, "uniquenessRatio": 30.0}, "datetime": {"datetime": "2023-01-21 12:00:11", "elapsed": 23478.607142, "delta": 55.096999}}
{"target": -457352139.25, "params": {"blockSize": 2.0, "disp12MaxDiff": 21.43091701131327, "minDisparity": 1.0, "numDisparities": 1.0, "p1": 15.0, "p2": 28.68023138933622, "preFilterCap": 0.0, "speckleRange": 0.0, "speckleWindowSize": 1916.7913088784212, "uniquenessRatio": 30.0}, "datetime": {"datetime": "2023-01-21 12:01:16", "elapsed": 23542.654056, "delta": 64.046914}}
{"target": -454875228.0, "params": {"blockSize": 10.0, "disp12MaxDiff": 50.0, "minDisparity": 1.0, "numDisparities": 1.0, "p1": 15.0, "p2": 60.0, "preFilterCap": 50.0, "speckleRange": 0.0, "speckleWindowSize": 325.3149804407517, "uniquenessRatio": 30.0}, "datetime": {"datetime": "2023-01-21 12:01:47", "elapsed": 23574.296423, "delta": 31.642367}}
{"target": -461758371.5, "params": {"blockSize": 10.0, "disp12MaxDiff": 50.0, "minDisparity": 4.0, "numDisparities": 1.0, "p1": 15.0, "p2": 60.0, "preFilterCap": 21.792392861627093, "speckleRange": 0.0, "speckleWindowSize": 105.3657278471921, "uniquenessRatio": 0.0}, "datetime": {"datetime": "2023-01-21 12:02:18", "elapsed": 23604.891069, "delta": 30.594646}}
{"target": -455667402.25, "params": {"blockSize": 10.0, "disp12MaxDiff": 0.0, "minDisparity": 4.0, "numDisparities": 1.0, "p1": 5.0, "p2": 15.0, "preFilterCap": 50.0, "speckleRange": 0.0, "speckleWindowSize": 241.6000558445091, "uniquenessRatio": 30.0}, "datetime": {"datetime": "2023-01-21 12:02:51", "elapsed": 23638.475361, "delta": 33.584292}}
{"target": -456946887.5, "params": {"blockSize": 10.0, "disp12MaxDiff": 50.0, "minDisparity": 1.0, "numDisparities": 1.0, "p1": 15.0, "p2": 15.0, "preFilterCap": 0.0, "speckleRange": 0.0, "speckleWindowSize": 2375.399444948039, "uniquenessRatio": 30.0}, "datetime": {"datetime": "2023-01-21 12:03:31", "elapsed": 23678.084637, "delta": 39.609276}}
{"target": -456876970.25, "params": {"blockSize": 2.0, "disp12MaxDiff": 0.0, "minDisparity": 1.0, "numDisparities": 1.0, "p1": 5.0, "p2": 15.0, "preFilterCap": 0.0, "speckleRange": 0.0, "speckleWindowSize": 562.1123360966345, "uniquenessRatio": 30.0}, "datetime": {"datetime": "2023-01-21 12:04:16", "elapsed": 23723.114515, "delta": 45.029878}}
{"target": -457390944.0, "params": {"blockSize": 2.0, "disp12MaxDiff": 50.0, "minDisparity": 1.0, "numDisparities": 1.0, "p1": 5.0, "p2": 60.0, "preFilterCap": 0.0, "speckleRange": 0.0, "speckleWindowSize": 1471.5314309867422, "uniquenessRatio": 30.0}, "datetime": {"datetime": "2023-01-21 12:04:49", "elapsed": 23755.886957, "delta": 32.772442}}
{"target": -588946154.0, "params": {"blockSize": 2.0, "disp12MaxDiff": 50.0, "minDisparity": 4.0, "numDisparities": 1.0, "p1": 5.0, "p2": 15.0, "preFilterCap": 0.0, "speckleRange": 25.0, "speckleWindowSize": 627.8360300164198, "uniquenessRatio": 30.0}, "datetime": {"datetime": "2023-01-21 12:05:32", "elapsed": 23798.632492, "delta": 42.745535}}
{"target": -495870051.75, "params": {"blockSize": 2.0, "disp12MaxDiff": 0.0, "minDisparity": 4.0, "numDisparities": 1.0, "p1": 5.0, "p2": 60.0, "preFilterCap": 17.442190437332428, "speckleRange": 25.0, "speckleWindowSize": 2285.382340381995, "uniquenessRatio": 30.0}, "datetime": {"datetime": "2023-01-21 12:06:30", "elapsed": 23857.01622, "delta": 58.383728}}
{"target": -479478465.0, "params": {"blockSize": 10.0, "disp12MaxDiff": 24.13904762590632, "minDisparity": 1.0, "numDisparities": 10.0, "p1": 5.0, "p2": 15.0, "preFilterCap": 0.0, "speckleRange": 0.0, "speckleWindowSize": 2395.872691458456, "uniquenessRatio": 30.0}, "datetime": {"datetime": "2023-01-21 12:07:19", "elapsed": 23905.959013, "delta": 48.942793}}
{"target": -456863073.75, "params": {"blockSize": 10.0, "disp12MaxDiff": 23.506022943218426, "minDisparity": 1.0, "numDisparities": 1.0, "p1": 5.0, "p2": 60.0, "preFilterCap": 26.672795183364446, "speckleRange": 0.0, "speckleWindowSize": 1792.3206429200852, "uniquenessRatio": 30.0}, "datetime": {"datetime": "2023-01-21 12:08:16", "elapsed": 23962.799619, "delta": 56.840606}}
{"target": -456283036.75, "params": {"blockSize": 10.0, "disp12MaxDiff": 0.0, "minDisparity": 1.0, "numDisparities": 1.0, "p1": 5.0, "p2": 15.0, "preFilterCap": 0.0, "speckleRange": 0.0, "speckleWindowSize": 1195.8777403065396, "uniquenessRatio": 30.0}, "datetime": {"datetime": "2023-01-21 12:09:04", "elapsed": 24011.327534, "delta": 48.527915}}
{"target": -456416052.0, "params": {"blockSize": 2.0, "disp12MaxDiff": 50.0, "minDisparity": 1.0, "numDisparities": 1.0, "p1": 5.0, "p2": 37.95078206686005, "preFilterCap": 50.0, "speckleRange": 0.0, "speckleWindowSize": 1154.7104899936007, "uniquenessRatio": 6.979084561230495}, "datetime": {"datetime": "2023-01-21 12:10:07", "elapsed": 24074.187559, "delta": 62.860025}}
{"target": -456911120.25, "params": {"blockSize": 10.0, "disp12MaxDiff": 30.99706212317859, "minDisparity": 4.0, "numDisparities": 1.0, "p1": 15.0, "p2": 15.0, "preFilterCap": 26.35170351280942, "speckleRange": 0.0, "speckleWindowSize": 2008.8214647466648, "uniquenessRatio": 30.0}, "datetime": {"datetime": "2023-01-21 12:10:39", "elapsed": 24106.559811, "delta": 32.372252}}
{"target": -455735144.75, "params": {"blockSize": 10.0, "disp12MaxDiff": 0.0, "minDisparity": 4.0, "numDisparities": 1.0, "p1": 15.0, "p2": 15.0, "preFilterCap": 0.0, "speckleRange": 0.0, "speckleWindowSize": 413.0650183317247, "uniquenessRatio": 30.0}, "datetime": {"datetime": "2023-01-21 12:11:21", "elapsed": 24148.310998, "delta": 41.751187}}
{"target": -455428744.5, "params": {"blockSize": 10.0, "disp12MaxDiff": 0.0, "minDisparity": 1.0, "numDisparities": 1.0, "p1": 5.0, "p2": 60.0, "preFilterCap": 50.0, "speckleRange": 0.0, "speckleWindowSize": 1035.9155738713034, "uniquenessRatio": 0.0}, "datetime": {"datetime": "2023-01-21 12:11:54", "elapsed": 24181.379961, "delta": 33.068963}}
{"target": -456496330.25, "params": {"blockSize": 10.0, "disp12MaxDiff": 50.0, "minDisparity": 1.0, "numDisparities": 1.0, "p1": 15.0, "p2": 60.0, "preFilterCap": 22.172915156447214, "speckleRange": 0.0, "speckleWindowSize": 1551.0631015561055, "uniquenessRatio": 30.0}, "datetime": {"datetime": "2023-01-21 12:12:35", "elapsed": 24222.309522, "delta": 40.929561}}
{"target": -556461971.0, "params": {"blockSize": 10.0, "disp12MaxDiff": 19.76169114103341, "minDisparity": 4.0, "numDisparities": 10.0, "p1": 5.0, "p2": 60.0, "preFilterCap": 50.0, "speckleRange": 0.0, "speckleWindowSize": 1656.3138503495982, "uniquenessRatio": 10.736006569786838}, "datetime": {"datetime": "2023-01-21 12:13:28", "elapsed": 24275.489106, "delta": 53.179584}}
{"target": -456884472.0, "params": {"blockSize": 2.0, "disp12MaxDiff": 0.0, "minDisparity": 4.0, "numDisparities": 1.0, "p1": 15.0, "p2": 60.0, "preFilterCap": 50.0, "speckleRange": 0.0, "speckleWindowSize": 1108.389393768528, "uniquenessRatio": 0.0}, "datetime": {"datetime": "2023-01-21 12:14:21", "elapsed": 24328.588898, "delta": 53.099792}}
{"target": -456506875.0, "params": {"blockSize": 10.0, "disp12MaxDiff": 50.0, "minDisparity": 1.0, "numDisparities": 1.0, "p1": 5.0, "p2": 32.6205966124007, "preFilterCap": 50.0, "speckleRange": 0.0, "speckleWindowSize": 1004.3115678162642, "uniquenessRatio": 30.0}, "datetime": {"datetime": "2023-01-21 12:15:13", "elapsed": 24379.648153, "delta": 51.059255}}
{"target": -489515398.25, "params": {"blockSize": 2.0, "disp12MaxDiff": 0.0, "minDisparity": 4.0, "numDisparities": 1.0, "p1": 5.0, "p2": 15.0, "preFilterCap": 0.0, "speckleRange": 25.0, "speckleWindowSize": 1270.533897492431, "uniquenessRatio": 30.0}, "datetime": {"datetime": "2023-01-21 12:15:48", "elapsed": 24414.849811, "delta": 35.201658}}
{"target": -456729873.5, "params": {"blockSize": 10.0, "disp12MaxDiff": 50.0, "minDisparity": 1.0, "numDisparities": 1.0, "p1": 15.0, "p2": 60.0, "preFilterCap": 50.0, "speckleRange": 0.0, "speckleWindowSize": 1414.4555795931826, "uniquenessRatio": 30.0}, "datetime": {"datetime": "2023-01-21 12:16:21", "elapsed": 24447.73785, "delta": 32.888039}}
{"target": -477143494.75, "params": {"blockSize": 2.0, "disp12MaxDiff": 0.0, "minDisparity": 1.0, "numDisparities": 1.0, "p1": 15.0, "p2": 60.0, "preFilterCap": 0.0, "speckleRange": 25.0, "speckleWindowSize": 1446.1685920424034, "uniquenessRatio": 30.0}, "datetime": {"datetime": "2023-01-21 12:17:02", "elapsed": 24489.301683, "delta": 41.563833}}
{"target": -541169576.0, "params": {"blockSize": 2.0, "disp12MaxDiff": 0.0, "minDisparity": 4.0, "numDisparities": 10.0, "p1": 15.0, "p2": 36.83343489985605, "preFilterCap": 0.0, "speckleRange": 0.0, "speckleWindowSize": 623.3073629958509, "uniquenessRatio": 0.0}, "datetime": {"datetime": "2023-01-21 12:17:44", "elapsed": 24530.740733, "delta": 41.43905}}
{"target": -455735185.0, "params": {"blockSize": 10.0, "disp12MaxDiff": 25.624895319761926, "minDisparity": 4.0, "numDisparities": 1.0, "p1": 5.0, "p2": 15.0, "preFilterCap": 50.0, "speckleRange": 0.0, "speckleWindowSize": 262.61399381267057, "uniquenessRatio": 30.0}, "datetime": {"datetime": "2023-01-21 12:18:28", "elapsed": 24575.525976, "delta": 44.785243}}
{"target": -456488405.5, "params": {"blockSize": 10.0, "disp12MaxDiff": 0.0, "minDisparity": 4.0, "numDisparities": 1.0, "p1": 15.0, "p2": 15.0, "preFilterCap": 0.0, "speckleRange": 0.0, "speckleWindowSize": 1062.6536529275718, "uniquenessRatio": 30.0}, "datetime": {"datetime": "2023-01-21 12:19:01", "elapsed": 24608.566828, "delta": 33.040852}}
{"target": -475136456.25, "params": {"blockSize": 10.0, "disp12MaxDiff": 26.066514208180656, "minDisparity": 4.0, "numDisparities": 1.0, "p1": 5.0, "p2": 15.0, "preFilterCap": 50.0, "speckleRange": 0.0, "speckleWindowSize": 0.0, "uniquenessRatio": 30.0}, "datetime": {"datetime": "2023-01-21 12:19:51", "elapsed": 24657.998433, "delta": 49.431605}}
{"target": -456538547.5, "params": {"blockSize": 10.0, "disp12MaxDiff": 27.936979468683845, "minDisparity": 1.0, "numDisparities": 1.0, "p1": 5.0, "p2": 60.0, "preFilterCap": 50.0, "speckleRange": 0.0, "speckleWindowSize": 1040.2053929346018, "uniquenessRatio": 30.0}, "datetime": {"datetime": "2023-01-21 12:20:26", "elapsed": 24693.032566, "delta": 35.034133}}
{"target": -444686585.5, "params": {"blockSize": 10.0, "disp12MaxDiff": 18.684201309744697, "minDisparity": 1.0, "numDisparities": 1.0, "p1": 15.0, "p2": 15.0, "preFilterCap": 50.0, "speckleRange": 25.0, "speckleWindowSize": 2338.9217180643122, "uniquenessRatio": 30.0}, "datetime": {"datetime": "2023-01-21 12:21:00", "elapsed": 24726.890293, "delta": 33.857727}}
{"target": -485184822.75, "params": {"blockSize": 10.0, "disp12MaxDiff": 50.0, "minDisparity": 1.0, "numDisparities": 10.0, "p1": 15.0, "p2": 36.371792702976656, "preFilterCap": 50.0, "speckleRange": 0.0, "speckleWindowSize": 1375.2510657692296, "uniquenessRatio": 30.0}, "datetime": {"datetime": "2023-01-21 12:21:41", "elapsed": 24767.875915, "delta": 40.985622}}
{"target": -455520136.5, "params": {"blockSize": 10.0, "disp12MaxDiff": 0.0, "minDisparity": 1.0, "numDisparities": 1.0, "p1": 15.0, "p2": 60.0, "preFilterCap": 50.0, "speckleRange": 0.0, "speckleWindowSize": 318.741846567762, "uniquenessRatio": 0.0}, "datetime": {"datetime": "2023-01-21 12:22:46", "elapsed": 24832.794157, "delta": 64.918242}}
{"target": -447441638.25, "params": {"blockSize": 10.0, "disp12MaxDiff": 50.0, "minDisparity": 4.0, "numDisparities": 1.0, "p1": 5.0, "p2": 60.0, "preFilterCap": 0.0, "speckleRange": 25.0, "speckleWindowSize": 2088.2973682037714, "uniquenessRatio": 30.0}, "datetime": {"datetime": "2023-01-21 12:23:42", "elapsed": 24888.796578, "delta": 56.002421}}
{"target": -461645529.0, "params": {"blockSize": 10.0, "disp12MaxDiff": 0.0, "minDisparity": 4.0, "numDisparities": 1.0, "p1": 5.0, "p2": 60.0, "preFilterCap": 0.0, "speckleRange": 0.0, "speckleWindowSize": 101.46374436865237, "uniquenessRatio": 0.0}, "datetime": {"datetime": "2023-01-21 12:24:35", "elapsed": 24941.844237, "delta": 53.047659}}
{"target": -443097743.5, "params": {"blockSize": 10.0, "disp12MaxDiff": 0.0, "minDisparity": 1.0, "numDisparities": 1.0, "p1": 5.0, "p2": 15.0, "preFilterCap": 0.0, "speckleRange": 25.0, "speckleWindowSize": 2017.6098200907973, "uniquenessRatio": 30.0}, "datetime": {"datetime": "2023-01-21 12:25:28", "elapsed": 24995.183986, "delta": 53.339749}}
{"target": -457039383.5, "params": {"blockSize": 2.0, "disp12MaxDiff": 0.0, "minDisparity": 4.0, "numDisparities": 1.0, "p1": 15.0, "p2": 15.0, "preFilterCap": 0.0, "speckleRange": 0.0, "speckleWindowSize": 579.9754129712805, "uniquenessRatio": 0.0}, "datetime": {"datetime": "2023-01-21 12:26:20", "elapsed": 25046.936189, "delta": 51.752203}}
{"target": -442370488.75, "params": {"blockSize": 10.0, "disp12MaxDiff": 0.0, "minDisparity": 1.0, "numDisparities": 1.0, "p1": 5.0, "p2": 60.0, "preFilterCap": 0.0, "speckleRange": 25.0, "speckleWindowSize": 2004.2881247661796, "uniquenessRatio": 30.0}, "datetime": {"datetime": "2023-01-21 12:27:03", "elapsed": 25090.279209, "delta": 43.34302}}
{"target": -456636178.5, "params": {"blockSize": 10.0, "disp12MaxDiff": 0.0, "minDisparity": 1.0, "numDisparities": 1.0, "p1": 15.0, "p2": 60.0, "preFilterCap": 50.0, "speckleRange": 0.0, "speckleWindowSize": 1300.076257221203, "uniquenessRatio": 30.0}, "datetime": {"datetime": "2023-01-21 12:27:38", "elapsed": 25124.744224, "delta": 34.465015}}
