{"target": -485734534.25, "params": {"blockSize": 10.0, "disp12MaxDiff": 0.0, "minDisparity": 4.0, "numDisparities": 10.0, "p1": 15.0, "p2": 31.65308154796676, "preFilterCap": 0.0, "speckleRange": 0.0, "speckleWindowSize": 1774.9365485356877, "uniquenessRatio": 30.0}, "datetime": {"datetime": "2023-01-21 14:19:27", "elapsed": 31833.993897, "delta": 71.996524}}
{"target": -457025787.25, "params": {"blockSize": 10.0, "disp12MaxDiff": 50.0, "minDisparity": 1.0, "numDisparities": 1.0, "p1": 5.0, "p2": 43.672183004904, "preFilterCap": 50.0, "speckleRange": 0.0, "speckleWindowSize": 1603.3285048596438, "uniquenessRatio": 30.0}, "datetime": {"datetime": "2023-01-21 14:20:31", "elapsed": 31897.87191, "delta": 63.878013}}
{"target": -855895293.5, "params": {"blockSize": 10.0, "disp12MaxDiff": 0.0, "minDisparity": 1.0, "numDisparities": 1.0, "p1": 15.0, "p2": 42.92308784796074, "preFilterCap": 0.0, "speckleRange": 25.0, "speckleWindowSize": 1760.3005825977814, "uniquenessRatio": 0.0}, "datetime": {"datetime": "2023-01-21 14:21:24", "elapsed": 31951.261882, "delta": 53.389972}}
{"target": -454301778.75, "params": {"blockSize": 9.297775598551413, "disp12MaxDiff": 0.2524941307943618, "minDisparity": 1.2421682552773927, "numDisparities": 1.320755824373974, "p1": 10.048916360972743, "p2": 32.58270891104877, "preFilterCap": 14.252592677858383, "speckleRange": 0.499443981063899, "speckleWindowSize": 593.296908096683, "uniquenessRatio": 14.048672339416905}, "datetime": {"datetime": "2023-01-21 14:22:40", "elapsed": 32027.556225, "delta": 76.294343}}
{"target": -457007645.25, "params": {"blockSize": 10.0, "disp12MaxDiff": 50.0, "minDisparity": 4.0, "numDisparities": 1.0, "p1": 15.0, "p2": 49.049736548672875, "preFilterCap": 0.0, "speckleRange": 0.0, "speckleWindowSize": 2069.8204997222824, "uniquenessRatio": 30.0}, "datetime": {"datetime": "2023-01-21 14:23:21", "elapsed": 32068.235827, "delta": 40.679602}}
{"target": -939458925.0, "params": {"blockSize": 10.0, "disp12MaxDiff": 50.0, "minDisparity": 1.0, "numDisparities": 1.0, "p1": 15.0, "p2": 15.0, "preFilterCap": 0.0, "speckleRange": 25.0, "speckleWindowSize": 2500.0, "uniquenessRatio": 0.0}, "datetime": {"datetime": "2023-01-21 14:24:42", "elapsed": 32148.808569, "delta": 80.572742}}
{"target": -443418973.25, "params": {"blockSize": 10.0, "disp12MaxDiff": 0.0, "minDisparity": 1.0, "numDisparities": 1.0, "p1": 5.0, "p2": 40.44265499862886, "preFilterCap": 50.0, "speckleRange": 25.0, "speckleWindowSize": 1605.483227123826, "uniquenessRatio": 30.0}, "datetime": {"datetime": "2023-01-21 14:25:32", "elapsed": 32199.065679, "delta": 50.25711}}
{"target": -678361070.0, "params": {"blockSize": 2.0, "disp12MaxDiff": 50.0, "minDisparity": 4.0, "numDisparities": 1.0, "p1": 5.0, "p2": 60.0, "preFilterCap": 50.0, "speckleRange": 25.0, "speckleWindowSize": 37.79634269957903, "uniquenessRatio": 30.0}, "datetime": {"datetime": "2023-01-21 14:27:08", "elapsed": 32295.500257, "delta": 96.434578}}
{"target": -457194907.0, "params": {"blockSize": 10.0, "disp12MaxDiff": 13.859042151585212, "minDisparity": 4.0, "numDisparities": 1.0, "p1": 15.0, "p2": 43.72248850466749, "preFilterCap": 50.0, "speckleRange": 0.0, "speckleWindowSize": 2347.683695616441, "uniquenessRatio": 30.0}, "datetime": {"datetime": "2023-01-21 14:28:22", "elapsed": 32369.046269, "delta": 73.546012}}
{"target": -440686919.5, "params": {"blockSize": 10.0, "disp12MaxDiff": 31.96927484864705, "minDisparity": 1.0, "numDisparities": 1.0, "p1": 5.0, "p2": 15.0, "preFilterCap": 17.420825736684225, "speckleRange": 25.0, "speckleWindowSize": 1029.1955886577489, "uniquenessRatio": 30.0}, "datetime": {"datetime": "2023-01-21 14:29:14", "elapsed": 32421.582456, "delta": 52.536187}}
{"target": -456392947.5, "params": {"blockSize": 10.0, "disp12MaxDiff": 0.0, "minDisparity": 1.0, "numDisparities": 1.0, "p1": 5.0, "p2": 15.0, "preFilterCap": 50.0, "speckleRange": 0.0, "speckleWindowSize": 2412.312143089401, "uniquenessRatio": 9.953029478036884}, "datetime": {"datetime": "2023-01-21 14:30:18", "elapsed": 32484.89748, "delta": 63.315024}}
{"target": -457193136.0, "params": {"blockSize": 2.0, "disp12MaxDiff": 0.0, "minDisparity": 1.0, "numDisparities": 1.0, "p1": 5.0, "p2": 60.0, "preFilterCap": 25.41063251564101, "speckleRange": 0.0, "speckleWindowSize": 817.0686719664993, "uniquenessRatio": 30.0}, "datetime": {"datetime": "2023-01-21 14:31:41", "elapsed": 32568.212356, "delta": 83.314876}}
{"target": -456096503.0, "params": {"blockSize": 10.0, "disp12MaxDiff": 50.0, "minDisparity": 1.0, "numDisparities": 1.0, "p1": 15.0, "p2": 60.0, "preFilterCap": 0.0, "speckleRange": 0.0, "speckleWindowSize": 1181.17185588591, "uniquenessRatio": 30.0}, "datetime": {"datetime": "2023-01-21 14:32:48", "elapsed": 32635.175106, "delta": 66.96275}}
{"target": -456848061.75, "params": {"blockSize": 10.0, "disp12MaxDiff": 0.0, "minDisparity": 1.0, "numDisparities": 1.0, "p1": 5.0, "p2": 60.0, "preFilterCap": 0.0, "speckleRange": 0.0, "speckleWindowSize": 161.16312816248833, "uniquenessRatio": 0.0}, "datetime": {"datetime": "2023-01-21 14:33:28", "elapsed": 32674.94199, "delta": 39.766884}}
{"target": -453825157.0, "params": {"blockSize": 10.0, "disp12MaxDiff": 0.0, "minDisparity": 1.0, "numDisparities": 1.0, "p1": 15.0, "p2": 39.394429406027314, "preFilterCap": 50.0, "speckleRange": 0.0, "speckleWindowSize": 150.10597305670106, "uniquenessRatio": 30.0}, "datetime": {"datetime": "2023-01-21 14:34:30", "elapsed": 32737.200568, "delta": 62.258578}}
{"target": -442790220.25, "params": {"blockSize": 10.0, "disp12MaxDiff": 19.768469654598587, "minDisparity": 1.0, "numDisparities": 1.0, "p1": 5.0, "p2": 60.0, "preFilterCap": 50.0, "speckleRange": 25.0, "speckleWindowSize": 1226.6416294268647, "uniquenessRatio": 30.0}, "datetime": {"datetime": "2023-01-21 14:35:10", "elapsed": 32777.466333, "delta": 40.265765}}
{"target": -837489803.0, "params": {"blockSize": 10.0, "disp12MaxDiff": 0.0, "minDisparity": 4.0, "numDisparities": 1.0, "p1": 5.0, "p2": 15.0, "preFilterCap": 50.0, "speckleRange": 25.0, "speckleWindowSize": 386.3304424358889, "uniquenessRatio": 0.0}, "datetime": {"datetime": "2023-01-21 14:35:50", "elapsed": 32816.888517, "delta": 39.422184}}
{"target": -493996279.0, "params": {"blockSize": 10.0, "disp12MaxDiff": 0.0, "minDisparity": 1.0, "numDisparities": 10.0, "p1": 5.0, "p2": 15.0, "preFilterCap": 0.0, "speckleRange": 0.0, "speckleWindowSize": 970.095952870468, "uniquenessRatio": 30.0}, "datetime": {"datetime": "2023-01-21 14:36:29", "elapsed": 32856.092427, "delta": 39.20391}}
{"target": -455418570.0, "params": {"blockSize": 10.0, "disp12MaxDiff": 0.0, "minDisparity": 4.0, "numDisparities": 1.0, "p1": 5.0, "p2": 15.0, "preFilterCap": 20.36277402139837, "speckleRange": 0.0, "speckleWindowSize": 231.16457055161715, "uniquenessRatio": 30.0}, "datetime": {"datetime": "2023-01-21 14:37:48", "elapsed": 32935.400042, "delta": 79.307615}}
{"target": -454982263.75, "params": {"blockSize": 10.0, "disp12MaxDiff": 50.0, "minDisparity": 1.0, "numDisparities": 1.0, "p1": 15.0, "p2": 15.0, "preFilterCap": 0.0, "speckleRange": 0.0, "speckleWindowSize": 2464.052782389535, "uniquenessRatio": 0.0}, "datetime": {"datetime": "2023-01-21 14:39:10", "elapsed": 33017.333481, "delta": 81.933439}}
{"target": -457116793.5, "params": {"blockSize": 10.0, "disp12MaxDiff": 0.0, "minDisparity": 4.0, "numDisparities": 1.0, "p1": 5.0, "p2": 60.0, "preFilterCap": 50.0, "speckleRange": 0.0, "speckleWindowSize": 1622.078413538974, "uniquenessRatio": 30.0}, "datetime": {"datetime": "2023-01-21 14:40:12", "elapsed": 33078.780011, "delta": 61.44653}}
{"target": -457095869.75, "params": {"blockSize": 10.0, "disp12MaxDiff": 50.0, "minDisparity": 4.0, "numDisparities": 1.0, "p1": 15.0, "p2": 60.0, "preFilterCap": 50.0, "speckleRange": 0.0, "speckleWindowSize": 1943.5389801664553, "uniquenessRatio": 30.0}, "datetime": {"datetime": "2023-01-21 14:41:22", "elapsed": 33148.84014, "delta": 70.060129}}
{"target": -441102472.75, "params": {"blockSize": 10.0, "disp12MaxDiff": 0.0, "minDisparity": 1.0, "numDisparities": 1.0, "p1": 5.0, "p2": 15.0, "preFilterCap": 27.293645984715344, "speckleRange": 25.0, "speckleWindowSize": 1292.5313942995097, "uniquenessRatio": 30.0}, "datetime": {"datetime": "2023-01-21 14:42:25", "elapsed": 33211.733832, "delta": 62.893692}}
{"target": -453658373.0, "params": {"blockSize": 10.0, "disp12MaxDiff": 50.0, "minDisparity": 1.0, "numDisparities": 1.0, "p1": 15.0, "p2": 15.0, "preFilterCap": 0.0, "speckleRange": 0.0, "speckleWindowSize": 164.24772159965394, "uniquenessRatio": 30.0}, "datetime": {"datetime": "2023-01-21 14:43:01", "elapsed": 33248.43285, "delta": 36.699018}}
{"target": -456007562.25, "params": {"blockSize": 10.0, "disp12MaxDiff": 0.0, "minDisparity": 1.0, "numDisparities": 1.0, "p1": 5.0, "p2": 15.0, "preFilterCap": 20.05422578095176, "speckleRange": 0.0, "speckleWindowSize": 922.1398308039298, "uniquenessRatio": 30.0}, "datetime": {"datetime": "2023-01-21 14:43:43", "elapsed": 33289.656561, "delta": 41.223711}}
{"target": -469023819.75, "params": {"blockSize": 2.0, "disp12MaxDiff": 0.0, "minDisparity": 1.0, "numDisparities": 1.0, "p1": 15.0, "p2": 41.553951247923166, "preFilterCap": 15.302530944793116, "speckleRange": 25.0, "speckleWindowSize": 1827.8068681241866, "uniquenessRatio": 30.0}, "datetime": {"datetime": "2023-01-21 14:44:48", "elapsed": 33355.413279, "delta": 65.756718}}
