{"target": -456975846.75, "params": {"blockSize": 10.0, "disp12MaxDiff": 50.0, "minDisparity": 1.0, "numDisparities": 1.0, "p1": 5.0, "p2": 60.0, "preFilterCap": 0.0, "speckleRange": 0.0, "speckleWindowSize": 304.34493181061697, "uniquenessRatio": 0.0}, "datetime": {"datetime": "2023-01-21 12:28:12", "elapsed": 25159.045967, "delta": 34.301743}}
{"target": -457082819.75, "params": {"blockSize": 2.0, "disp12MaxDiff": 0.0, "minDisparity": 1.0, "numDisparities": 1.0, "p1": 15.0, "p2": 41.98715388072626, "preFilterCap": 26.786073253711866, "speckleRange": 0.0, "speckleWindowSize": 1098.2145314699005, "uniquenessRatio": 30.0}, "datetime": {"datetime": "2023-01-21 12:29:11", "elapsed": 25218.603329, "delta": 59.557362}}
{"target": -456639778.0, "params": {"blockSize": 2.0, "disp12MaxDiff": 50.0, "minDisparity": 1.0, "numDisparities": 1.0, "p1": 5.0, "p2": 15.0, "preFilterCap": 21.011340464389708, "speckleRange": 0.0, "speckleWindowSize": 482.52031177558155, "uniquenessRatio": 30.0}, "datetime": {"datetime": "2023-01-21 12:29:54", "elapsed": 25261.242661, "delta": 42.639332}}
{"target": -453779545.25, "params": {"blockSize": 10.0, "disp12MaxDiff": 20.884722891921314, "minDisparity": 1.0, "numDisparities": 1.0, "p1": 5.0, "p2": 33.514995572232046, "preFilterCap": 50.0, "speckleRange": 0.0, "speckleWindowSize": 134.21192488130595, "uniquenessRatio": 30.0}, "datetime": {"datetime": "2023-01-21 12:30:37", "elapsed": 25304.008583, "delta": 42.765922}}
{"target": -456611873.25, "params": {"blockSize": 10.0, "disp12MaxDiff": 50.0, "minDisparity": 4.0, "numDisparities": 1.0, "p1": 15.0, "p2": 44.598001695847735, "preFilterCap": 20.854520339738052, "speckleRange": 0.0, "speckleWindowSize": 1373.306246717072, "uniquenessRatio": 30.0}, "datetime": {"datetime": "2023-01-21 12:31:13", "elapsed": 25339.724744, "delta": 35.716161}}
{"target": -454896038.75, "params": {"blockSize": 10.0, "disp12MaxDiff": 0.0, "minDisparity": 4.0, "numDisparities": 1.0, "p1": 5.0, "p2": 27.475787743643316, "preFilterCap": 50.0, "speckleRange": 25.0, "speckleWindowSize": 342.23972440650203, "uniquenessRatio": 30.0}, "datetime": {"datetime": "2023-01-21 12:32:03", "elapsed": 25390.574873, "delta": 50.850129}}
{"target": -457970874.75, "params": {"blockSize": 2.0, "disp12MaxDiff": 0.0, "minDisparity": 1.0, "numDisparities": 1.0, "p1": 5.0, "p2": 32.953395015872395, "preFilterCap": 50.0, "speckleRange": 0.0, "speckleWindowSize": 1908.7695642366991, "uniquenessRatio": 30.0}, "datetime": {"datetime": "2023-01-21 12:32:55", "elapsed": 25442.147171, "delta": 51.572298}}
{"target": -458704434.25, "params": {"blockSize": 10.0, "disp12MaxDiff": 50.0, "minDisparity": 4.0, "numDisparities": 1.0, "p1": 5.0, "p2": 15.0, "preFilterCap": 23.064547350636406, "speckleRange": 0.0, "speckleWindowSize": 296.3471020460573, "uniquenessRatio": 3.8302428709940566}, "datetime": {"datetime": "2023-01-21 12:33:47", "elapsed": 25494.505337, "delta": 52.358166}}
{"target": -442836234.25, "params": {"blockSize": 10.0, "disp12MaxDiff": 50.0, "minDisparity": 1.0, "numDisparities": 1.0, "p1": 5.0, "p2": 60.0, "preFilterCap": 18.10251200231659, "speckleRange": 25.0, "speckleWindowSize": 2208.52771935512, "uniquenessRatio": 30.0}, "datetime": {"datetime": "2023-01-21 12:34:48", "elapsed": 25555.401641, "delta": 60.896304}}
{"target": -457054669.75, "params": {"blockSize": 10.0, "disp12MaxDiff": 0.0, "minDisparity": 4.0, "numDisparities": 1.0, "p1": 15.0, "p2": 60.0, "preFilterCap": 50.0, "speckleRange": 0.0, "speckleWindowSize": 1796.3194099964524, "uniquenessRatio": 30.0}, "datetime": {"datetime": "2023-01-21 12:35:34", "elapsed": 25601.357962, "delta": 45.956321}}
{"target": -456615679.0, "params": {"blockSize": 10.0, "disp12MaxDiff": 50.0, "minDisparity": 4.0, "numDisparities": 1.0, "p1": 5.0, "p2": 42.58555871194141, "preFilterCap": 28.18588796602499, "speckleRange": 0.0, "speckleWindowSize": 1197.3470853375782, "uniquenessRatio": 30.0}, "datetime": {"datetime": "2023-01-21 12:36:28", "elapsed": 25654.913852, "delta": 53.55589}}
{"target": -1233337526.0, "params": {"blockSize": 2.0, "disp12MaxDiff": 0.0, "minDisparity": 4.0, "numDisparities": 10.0, "p1": 5.0, "p2": 47.842273587188416, "preFilterCap": 50.0, "speckleRange": 11.908967193961029, "speckleWindowSize": 2328.701216836302, "uniquenessRatio": 30.0}, "datetime": {"datetime": "2023-01-21 12:37:22", "elapsed": 25709.44596, "delta": 54.532108}}
{"target": -460120975.25, "params": {"blockSize": 2.0, "disp12MaxDiff": 0.0, "minDisparity": 1.0, "numDisparities": 1.0, "p1": 15.0, "p2": 15.0, "preFilterCap": 30.87864099858915, "speckleRange": 25.0, "speckleWindowSize": 2109.7581910871636, "uniquenessRatio": 30.0}, "datetime": {"datetime": "2023-01-21 12:38:23", "elapsed": 25770.511632, "delta": 61.065672}}
{"target": -457288485.25, "params": {"blockSize": 2.0, "disp12MaxDiff": 29.309026803792754, "minDisparity": 1.0, "numDisparities": 1.0, "p1": 5.0, "p2": 15.0, "preFilterCap": 0.0, "speckleRange": 0.0, "speckleWindowSize": 1190.405346958865, "uniquenessRatio": 30.0}, "datetime": {"datetime": "2023-01-21 12:38:59", "elapsed": 25806.576156, "delta": 36.064524}}
{"target": -447120753.5, "params": {"blockSize": 10.0, "disp12MaxDiff": 50.0, "minDisparity": 4.0, "numDisparities": 1.0, "p1": 15.0, "p2": 15.0, "preFilterCap": 0.0, "speckleRange": 25.0, "speckleWindowSize": 1483.1852339344584, "uniquenessRatio": 30.0}, "datetime": {"datetime": "2023-01-21 12:39:52", "elapsed": 25859.11371, "delta": 52.537554}}
{"target": -455742768.75, "params": {"blockSize": 2.0, "disp12MaxDiff": 50.0, "minDisparity": 1.0, "numDisparities": 1.0, "p1": 15.0, "p2": 60.0, "preFilterCap": 50.0, "speckleRange": 0.0, "speckleWindowSize": 1088.3383334128268, "uniquenessRatio": 0.0}, "datetime": {"datetime": "2023-01-21 12:40:27", "elapsed": 25894.315893, "delta": 35.202183}}
{"target": -443145256.75, "params": {"blockSize": 10.0, "disp12MaxDiff": 0.0, "minDisparity": 1.0, "numDisparities": 1.0, "p1": 15.0, "p2": 15.0, "preFilterCap": 50.0, "speckleRange": 25.0, "speckleWindowSize": 1467.157409493866, "uniquenessRatio": 30.0}, "datetime": {"datetime": "2023-01-21 12:41:20", "elapsed": 25947.448801, "delta": 53.132908}}
{"target": -456689907.25, "params": {"blockSize": 10.0, "disp12MaxDiff": 0.0, "minDisparity": 4.0, "numDisparities": 1.0, "p1": 5.0, "p2": 35.86405762757192, "preFilterCap": 50.0, "speckleRange": 0.0, "speckleWindowSize": 1031.5054492615022, "uniquenessRatio": 30.0}, "datetime": {"datetime": "2023-01-21 12:42:43", "elapsed": 26029.909867, "delta": 82.461066}}
{"target": -454317231.25, "params": {"blockSize": 10.0, "disp12MaxDiff": 50.0, "minDisparity": 1.0, "numDisparities": 1.0, "p1": 15.0, "p2": 60.0, "preFilterCap": 28.37611429421148, "speckleRange": 0.0, "speckleWindowSize": 1117.700506247416, "uniquenessRatio": 10.923864864704658}, "datetime": {"datetime": "2023-01-21 12:43:48", "elapsed": 26095.00095, "delta": 65.091083}}
{"target": -457807542.0, "params": {"blockSize": 3.305193092316652, "disp12MaxDiff": 17.650770247206914, "minDisparity": 2.013068187649296, "numDisparities": 1.8737560917074991, "p1": 6.8997339142732015, "p2": 43.992602229360465, "preFilterCap": 0.5585201115880511, "speckleRange": 0.5394416472449509, "speckleWindowSize": 2424.1796243018907, "uniquenessRatio": 26.069276412464887}, "datetime": {"datetime": "2023-01-21 12:44:22", "elapsed": 26129.420317, "delta": 34.419367}}
{"target": -457449696.0, "params": {"blockSize": 2.0, "disp12MaxDiff": 0.0, "minDisparity": 4.0, "numDisparities": 1.0, "p1": 5.0, "p2": 27.407689992852966, "preFilterCap": 0.0, "speckleRange": 0.0, "speckleWindowSize": 2416.952254012035, "uniquenessRatio": 10.240489645666313}, "datetime": {"datetime": "2023-01-21 12:44:56", "elapsed": 26163.354516, "delta": 33.934199}}
{"target": -456798173.0, "params": {"blockSize": 10.0, "disp12MaxDiff": 26.610203861896537, "minDisparity": 1.0, "numDisparities": 1.0, "p1": 5.0, "p2": 15.0, "preFilterCap": 50.0, "speckleRange": 0.0, "speckleWindowSize": 1473.0497640412218, "uniquenessRatio": 30.0}, "datetime": {"datetime": "2023-01-21 12:45:53", "elapsed": 26220.422587, "delta": 57.068071}}
{"target": -457226579.75, "params": {"blockSize": 2.0, "disp12MaxDiff": 50.0, "minDisparity": 1.0, "numDisparities": 1.0, "p1": 15.0, "p2": 46.594564123748874, "preFilterCap": 0.0, "speckleRange": 0.0, "speckleWindowSize": 2016.1674319441588, "uniquenessRatio": 30.0}, "datetime": {"datetime": "2023-01-21 12:46:30", "elapsed": 26257.412944, "delta": 36.990357}}
{"target": -441406637.75, "params": {"blockSize": 10.0, "disp12MaxDiff": 0.0, "minDisparity": 1.0, "numDisparities": 1.0, "p1": 5.0, "p2": 60.0, "preFilterCap": 27.0766905459519, "speckleRange": 25.0, "speckleWindowSize": 1556.9673817347405, "uniquenessRatio": 30.0}, "datetime": {"datetime": "2023-01-21 12:47:24", "elapsed": 26310.875856, "delta": 53.462912}}
{"target": -457559431.25, "params": {"blockSize": 10.0, "disp12MaxDiff": 50.0, "minDisparity": 4.0, "numDisparities": 1.0, "p1": 15.0, "p2": 15.0, "preFilterCap": 0.0, "speckleRange": 0.0, "speckleWindowSize": 2393.197316129678, "uniquenessRatio": 0.0}, "datetime": {"datetime": "2023-01-21 12:48:16", "elapsed": 26363.406269, "delta": 52.530413}}
{"target": -455740542.5, "params": {"blockSize": 2.0, "disp12MaxDiff": 32.75090801420416, "minDisparity": 1.0, "numDisparities": 1.0, "p1": 5.0, "p2": 60.0, "preFilterCap": 50.0, "speckleRange": 0.0, "speckleWindowSize": 627.3900620665152, "uniquenessRatio": 0.0}, "datetime": {"datetime": "2023-01-21 12:48:53", "elapsed": 26400.276297, "delta": 36.870028}}
{"target": -2789085030.0, "params": {"blockSize": 3.4206505725738294, "disp12MaxDiff": 25.351118680711792, "minDisparity": 1.8421089842807938, "numDisparities": 4.949551800247531, "p1": 11.636361072476817, "p2": 17.989589355872166, "preFilterCap": 49.56048667425313, "speckleRange": 2.111959029664079, "speckleWindowSize": 618.0727326088645, "uniquenessRatio": 0.44288318365101387}, "datetime": {"datetime": "2023-01-21 12:49:55", "elapsed": 26462.605549, "delta": 62.329252}}
{"target": -443632727.5, "params": {"blockSize": 10.0, "disp12MaxDiff": 50.0, "minDisparity": 1.0, "numDisparities": 1.0, "p1": 5.0, "p2": 37.283108754696315, "preFilterCap": 0.0, "speckleRange": 25.0, "speckleWindowSize": 137.45733539082389, "uniquenessRatio": 30.0}, "datetime": {"datetime": "2023-01-21 12:50:48", "elapsed": 26515.61381, "delta": 53.008261}}
{"target": -457920754.25, "params": {"blockSize": 2.0, "disp12MaxDiff": 20.775770210379246, "minDisparity": 4.0, "numDisparities": 1.0, "p1": 5.0, "p2": 15.0, "preFilterCap": 50.0, "speckleRange": 0.0, "speckleWindowSize": 2399.3629370698186, "uniquenessRatio": 30.0}, "datetime": {"datetime": "2023-01-21 12:51:41", "elapsed": 26568.518273, "delta": 52.904463}}
{"target": -444293064.0, "params": {"blockSize": 10.0, "disp12MaxDiff": 30.167558156495577, "minDisparity": 1.0, "numDisparities": 1.0, "p1": 5.0, "p2": 15.0, "preFilterCap": 50.0, "speckleRange": 25.0, "speckleWindowSize": 285.74653659411797, "uniquenessRatio": 30.0}, "datetime": {"datetime": "2023-01-21 12:52:17", "elapsed": 26603.886776, "delta": 35.368503}}
{"target": -455822383.5, "params": {"blockSize": 2.0, "disp12MaxDiff": 0.0, "minDisparity": 1.0, "numDisparities": 1.0, "p1": 15.0, "p2": 60.0, "preFilterCap": 0.0, "speckleRange": 0.0, "speckleWindowSize": 760.6726007793582, "uniquenessRatio": 0.0}, "datetime": {"datetime": "2023-01-21 12:53:02", "elapsed": 26648.828614, "delta": 44.941838}}
{"target": -3317971710.0, "params": {"blockSize": 10.0, "disp12MaxDiff": 50.0, "minDisparity": 4.0, "numDisparities": 10.0, "p1": 15.0, "p2": 15.0, "preFilterCap": 50.0, "speckleRange": 25.0, "speckleWindowSize": 282.5855601734006, "uniquenessRatio": 5.246914907015258}, "datetime": {"datetime": "2023-01-21 12:53:39", "elapsed": 26686.277079, "delta": 37.448465}}
{"target": -484723002.75, "params": {"blockSize": 10.0, "disp12MaxDiff": 50.0, "minDisparity": 4.0, "numDisparities": 10.0, "p1": 15.0, "p2": 60.0, "preFilterCap": 50.0, "speckleRange": 0.0, "speckleWindowSize": 1901.1526968209362, "uniquenessRatio": 30.0}, "datetime": {"datetime": "2023-01-21 12:54:17", "elapsed": 26723.74637, "delta": 37.469291}}
{"target": -455860903.75, "params": {"blockSize": 2.0, "disp12MaxDiff": 0.0, "minDisparity": 1.0, "numDisparities": 1.0, "p1": 15.0, "p2": 43.39872940591825, "preFilterCap": 50.0, "speckleRange": 0.0, "speckleWindowSize": 546.0620944033726, "uniquenessRatio": 0.0}, "datetime": {"datetime": "2023-01-21 12:55:08", "elapsed": 26774.742941, "delta": 50.996571}}
{"target": -440592581.5, "params": {"blockSize": 10.0, "disp12MaxDiff": 30.82263180033651, "minDisparity": 1.0, "numDisparities": 1.0, "p1": 5.0, "p2": 33.07395724683228, "preFilterCap": 0.0, "speckleRange": 25.0, "speckleWindowSize": 1023.5447628153814, "uniquenessRatio": 30.0}, "datetime": {"datetime": "2023-01-21 12:56:15", "elapsed": 26841.94862, "delta": 67.205679}}
{"target": -456891923.25, "params": {"blockSize": 10.0, "disp12MaxDiff": 0.0, "minDisparity": 1.0, "numDisparities": 1.0, "p1": 15.0, "p2": 31.325125016721756, "preFilterCap": 50.0, "speckleRange": 0.0, "speckleWindowSize": 1746.1240531906712, "uniquenessRatio": 30.0}, "datetime": {"datetime": "2023-01-21 12:56:51", "elapsed": 26878.54812, "delta": 36.5995}}
{"target": -456978788.75, "params": {"blockSize": 10.0, "disp12MaxDiff": 0.0, "minDisparity": 1.0, "numDisparities": 1.0, "p1": 15.0, "p2": 15.0, "preFilterCap": 31.065593699055498, "speckleRange": 0.0, "speckleWindowSize": 2321.825476827593, "uniquenessRatio": 30.0}, "datetime": {"datetime": "2023-01-21 12:57:36", "elapsed": 26923.104337, "delta": 44.556217}}
{"target": -500668121.0, "params": {"blockSize": 8.282842696757196, "disp12MaxDiff": 2.3098507313626837, "minDisparity": 1.2355678663508116, "numDisparities": 3.5954715413576084, "p1": 10.899641642481136, "p2": 15.699313493631232, "preFilterCap": 3.806448868516493, "speckleRange": 5.59785113915571, "speckleWindowSize": 2066.232008186392, "uniquenessRatio": 29.641997993168555}, "datetime": {"datetime": "2023-01-21 12:58:12", "elapsed": 26958.779325, "delta": 35.674988}}
{"target": -454230072.75, "params": {"blockSize": 10.0, "disp12MaxDiff": 10.900488376262933, "minDisparity": 1.0, "numDisparities": 1.0, "p1": 15.0, "p2": 32.257972145095174, "preFilterCap": 0.0, "speckleRange": 0.0, "speckleWindowSize": 1043.5150972195431, "uniquenessRatio": 15.001080258282897}, "datetime": {"datetime": "2023-01-21 12:59:07", "elapsed": 27014.614165, "delta": 55.83484}}
{"target": -451218322.5, "params": {"blockSize": 10.0, "disp12MaxDiff": 22.833858977762002, "minDisparity": 4.0, "numDisparities": 1.0, "p1": 15.0, "p2": 42.77182800522343, "preFilterCap": 24.902370610571534, "speckleRange": 25.0, "speckleWindowSize": 667.4069422929477, "uniquenessRatio": 30.0}, "datetime": {"datetime": "2023-01-21 13:00:04", "elapsed": 27070.899723, "delta": 56.285558}}
{"target": -457108162.5, "params": {"blockSize": 10.0, "disp12MaxDiff": 31.47697034786353, "minDisparity": 1.0, "numDisparities": 1.0, "p1": 5.0, "p2": 15.0, "preFilterCap": 50.0, "speckleRange": 0.0, "speckleWindowSize": 2243.3035350135115, "uniquenessRatio": 30.0}, "datetime": {"datetime": "2023-01-21 13:00:55", "elapsed": 27122.334215, "delta": 51.434492}}
{"target": -455607528.0, "params": {"blockSize": 10.0, "disp12MaxDiff": 0.0, "minDisparity": 4.0, "numDisparities": 1.0, "p1": 15.0, "p2": 60.0, "preFilterCap": 50.0, "speckleRange": 0.0, "speckleWindowSize": 218.05109486018068, "uniquenessRatio": 30.0}, "datetime": {"datetime": "2023-01-21 13:01:45", "elapsed": 27172.030055, "delta": 49.69584}}
{"target": -443151828.0, "params": {"blockSize": 10.0, "disp12MaxDiff": 50.0, "minDisparity": 1.0, "numDisparities": 1.0, "p1": 15.0, "p2": 60.0, "preFilterCap": 0.0, "speckleRange": 25.0, "speckleWindowSize": 2305.8874474364, "uniquenessRatio": 30.0}, "datetime": {"datetime": "2023-01-21 13:02:32", "elapsed": 27219.434406, "delta": 47.404351}}
{"target": -459343819.0, "params": {"blockSize": 10.0, "disp12MaxDiff": 0.0, "minDisparity": 4.0, "numDisparities": 1.0, "p1": 15.0, "p2": 15.0, "preFilterCap": 50.0, "speckleRange": 0.0, "speckleWindowSize": 175.1020161525572, "uniquenessRatio": 0.0}, "datetime": {"datetime": "2023-01-21 13:03:45", "elapsed": 27292.176572, "delta": 72.742166}}
{"target": -456731109.5, "params": {"blockSize": 10.0, "disp12MaxDiff": 16.671942806815018, "minDisparity": 1.0, "numDisparities": 1.0, "p1": 15.0, "p2": 60.0, "preFilterCap": 0.0, "speckleRange": 0.0, "speckleWindowSize": 2095.55852678131, "uniquenessRatio": 30.0}, "datetime": {"datetime": "2023-01-21 13:04:22", "elapsed": 27329.437974, "delta": 37.261402}}
{"target": -455579571.25, "params": {"blockSize": 10.0, "disp12MaxDiff": 50.0, "minDisparity": 1.0, "numDisparities": 1.0, "p1": 5.0, "p2": 60.0, "preFilterCap": 50.0, "speckleRange": 0.0, "speckleWindowSize": 2125.4083356964256, "uniquenessRatio": 0.0}, "datetime": {"datetime": "2023-01-21 13:05:19", "elapsed": 27385.621466, "delta": 56.183492}}
{"target": -457152690.0, "params": {"blockSize": 2.0, "disp12MaxDiff": 0.0, "minDisparity": 1.0, "numDisparities": 1.0, "p1": 5.0, "p2": 15.0, "preFilterCap": 50.0, "speckleRange": 0.0, "speckleWindowSize": 654.5110893683283, "uniquenessRatio": 30.0}, "datetime": {"datetime": "2023-01-21 13:06:29", "elapsed": 27455.692203, "delta": 70.070737}}
{"target": -457759915.5, "params": {"blockSize": 2.0, "disp12MaxDiff": 50.0, "minDisparity": 4.0, "numDisparities": 1.0, "p1": 15.0, "p2": 15.0, "preFilterCap": 28.15483447889883, "speckleRange": 0.0, "speckleWindowSize": 2388.505497639968, "uniquenessRatio": 30.0}, "datetime": {"datetime": "2023-01-21 13:07:26", "elapsed": 27512.687969, "delta": 56.995766}}
{"target": -457884409.75, "params": {"blockSize": 10.0, "disp12MaxDiff": 0.0, "minDisparity": 4.0, "numDisparities": 1.0, "p1": 15.0, "p2": 60.0, "preFilterCap": 0.0, "speckleRange": 0.0, "speckleWindowSize": 1763.783958115762, "uniquenessRatio": 0.0}, "datetime": {"datetime": "2023-01-21 13:08:36", "elapsed": 27582.937502, "delta": 70.249533}}
{"target": -1145039359.0, "params": {"blockSize": 2.0, "disp12MaxDiff": 50.0, "minDisparity": 1.0, "numDisparities": 1.0, "p1": 5.0, "p2": 60.0, "preFilterCap": 50.0, "speckleRange": 25.0, "speckleWindowSize": 1899.3678500728847, "uniquenessRatio": 0.0}, "datetime": {"datetime": "2023-01-21 13:09:12", "elapsed": 27619.079223, "delta": 36.141721}}
{"target": -458377343.0, "params": {"blockSize": 10.0, "disp12MaxDiff": 0.0, "minDisparity": 1.0, "numDisparities": 1.0, "p1": 5.0, "p2": 15.0, "preFilterCap": 50.0, "speckleRange": 25.0, "speckleWindowSize": 0.0, "uniquenessRatio": 30.0}, "datetime": {"datetime": "2023-01-21 13:10:03", "elapsed": 27670.596331, "delta": 51.517108}}
{"target": -514882514.25, "params": {"blockSize": 2.0, "disp12MaxDiff": 0.0, "minDisparity": 4.0, "numDisparities": 1.0, "p1": 5.0, "p2": 60.0, "preFilterCap": 50.0, "speckleRange": 25.0, "speckleWindowSize": 599.9265798240078, "uniquenessRatio": 30.0}, "datetime": {"datetime": "2023-01-21 13:11:24", "elapsed": 27751.48399, "delta": 80.887659}}
{"target": -529981616.0, "params": {"blockSize": 2.0, "disp12MaxDiff": 50.0, "minDisparity": 1.0, "numDisparities": 1.0, "p1": 5.0, "p2": 15.0, "preFilterCap": 50.0, "speckleRange": 25.0, "speckleWindowSize": 1170.0921696280082, "uniquenessRatio": 30.0}, "datetime": {"datetime": "2023-01-21 13:12:13", "elapsed": 27800.081533, "delta": 48.597543}}
{"target": -456199623.25, "params": {"blockSize": 2.0, "disp12MaxDiff": 50.0, "minDisparity": 1.0, "numDisparities": 1.0, "p1": 15.0, "p2": 15.0, "preFilterCap": 26.07597913699086, "speckleRange": 0.0, "speckleWindowSize": 246.56393905295258, "uniquenessRatio": 30.0}, "datetime": {"datetime": "2023-01-21 13:13:25", "elapsed": 27871.888773, "delta": 71.80724}}
{"target": -456649840.0, "params": {"blockSize": 10.0, "disp12MaxDiff": 19.06178961819883, "minDisparity": 1.0, "numDisparities": 1.0, "p1": 5.0, "p2": 60.0, "preFilterCap": 14.750175261603257, "speckleRange": 0.0, "speckleWindowSize": 1581.3915258166949, "uniquenessRatio": 30.0}, "datetime": {"datetime": "2023-01-21 13:14:03", "elapsed": 27909.83354, "delta": 37.944767}}
{"target": -444245675.5, "params": {"blockSize": 10.0, "disp12MaxDiff": 50.0, "minDisparity": 1.0, "numDisparities": 1.0, "p1": 5.0, "p2": 60.0, "preFilterCap": 50.0, "speckleRange": 25.0, "speckleWindowSize": 1957.7581013240804, "uniquenessRatio": 30.0}, "datetime": {"datetime": "2023-01-21 13:15:07", "elapsed": 27973.938358, "delta": 64.104818}}
{"target": -892788944.0, "params": {"blockSize": 10.0, "disp12MaxDiff": 50.0, "minDisparity": 1.0, "numDisparities": 1.0, "p1": 5.0, "p2": 60.0, "preFilterCap": 50.0, "speckleRange": 25.0, "speckleWindowSize": 95.70923525852591, "uniquenessRatio": 0.0}, "datetime": {"datetime": "2023-01-21 13:15:42", "elapsed": 28008.965046, "delta": 35.026688}}
{"target": -457702201.75, "params": {"blockSize": 2.0, "disp12MaxDiff": 0.0, "minDisparity": 1.0, "numDisparities": 1.0, "p1": 5.0, "p2": 60.0, "preFilterCap": 0.0, "speckleRange": 0.0, "speckleWindowSize": 1775.0620542873303, "uniquenessRatio": 30.0}, "datetime": {"datetime": "2023-01-21 13:16:19", "elapsed": 28045.711741, "delta": 36.746695}}
{"target": -442625158.5, "params": {"blockSize": 10.0, "disp12MaxDiff": 0.0, "minDisparity": 1.0, "numDisparities": 1.0, "p1": 15.0, "p2": 60.0, "preFilterCap": 25.69014200685856, "speckleRange": 25.0, "speckleWindowSize": 2133.3591208203884, "uniquenessRatio": 30.0}, "datetime": {"datetime": "2023-01-21 13:17:23", "elapsed": 28109.794345, "delta": 64.082604}}
{"target": -456915973.75, "params": {"blockSize": 2.0, "disp12MaxDiff": 0.0, "minDisparity": 1.0, "numDisparities": 1.0, "p1": 15.0, "p2": 60.0, "preFilterCap": 25.976258845365763, "speckleRange": 0.0, "speckleWindowSize": 846.2435550350742, "uniquenessRatio": 30.0}, "datetime": {"datetime": "2023-01-21 13:18:17", "elapsed": 28163.932346, "delta": 54.138001}}
