{"target": -451051900.75, "params": {"blockSize": 10.0, "disp12MaxDiff": 0.0, "minDisparity": 4.0, "numDisparities": 1.0, "p1": 5.0, "p2": 60.0, "preFilterCap": 26.95840414509257, "speckleRange": 25.0, "speckleWindowSize": 673.8894125971009, "uniquenessRatio": 30.0}, "datetime": {"datetime": "2023-01-21 06:09:09", "elapsed": 2416.378451, "delta": 9.227449}}
{"target": -687297557.5, "params": {"blockSize": 7.378310956369396, "disp12MaxDiff": 1.1328306282282818, "minDisparity": 1.7841686288162397, "numDisparities": 6.151021368862311, "p1": 14.261850212025106, "p2": 25.99242091664215, "preFilterCap": 6.76296057384686, "speckleRange": 8.71473303518105, "speckleWindowSize": 1296.3349605658261, "uniquenessRatio": 29.588927615708055}, "datetime": {"datetime": "2023-01-21 06:09:19", "elapsed": 2425.858765, "delta": 9.480314}}
{"target": -455853773.25, "params": {"blockSize": 2.0, "disp12MaxDiff": 50.0, "minDisparity": 1.0, "numDisparities": 1.0, "p1": 15.0, "p2": 15.0, "preFilterCap": 13.083637503391266, "speckleRange": 0.0, "speckleWindowSize": 449.4289086231041, "uniquenessRatio": 0.0}, "datetime": {"datetime": "2023-01-21 06:09:29", "elapsed": 2436.235968, "delta": 10.377203}}
{"target": -1692360042.0, "params": {"blockSize": 5.8737456280219495, "disp12MaxDiff": 44.44559651081578, "minDisparity": 3.179635336445936, "numDisparities": 8.249569263019204, "p1": 8.986920922749619, "p2": 19.027684379106542, "preFilterCap": 43.09451825054735, "speckleRange": 3.6178479042133893, "speckleWindowSize": 1882.4326598905839, "uniquenessRatio": 14.491619883077014}, "datetime": {"datetime": "2023-01-21 06:09:40", "elapsed": 2446.751099, "delta": 10.515131}}
{"target": -4209259096.0, "params": {"blockSize": 7.781952060705636, "disp12MaxDiff": 11.43640705281485, "minDisparity": 2.095128360892138, "numDisparities": 6.248953700595173, "p1": 14.867139703863666, "p2": 57.97075398586101, "preFilterCap": 46.391453414581704, "speckleRange": 23.23035455837821, "speckleWindowSize": 2312.8913707093816, "uniquenessRatio": 0.6593899570167316}, "datetime": {"datetime": "2023-01-21 06:09:50", "elapsed": 2456.717048, "delta": 9.965949}}
{"target": -455889060.75, "params": {"blockSize": 10.0, "disp12MaxDiff": 0.0, "minDisparity": 1.0, "numDisparities": 1.0, "p1": 5.0, "p2": 43.52050932237519, "preFilterCap": 0.0, "speckleRange": 0.0, "speckleWindowSize": 1057.0000920087039, "uniquenessRatio": 0.0}, "datetime": {"datetime": "2023-01-21 06:10:00", "elapsed": 2466.801242, "delta": 10.084194}}
{"target": -457312637.0, "params": {"blockSize": 10.0, "disp12MaxDiff": 0.0, "minDisparity": 4.0, "numDisparities": 1.0, "p1": 5.0, "p2": 28.815809760260876, "preFilterCap": 50.0, "speckleRange": 0.0, "speckleWindowSize": 2332.738419080244, "uniquenessRatio": 30.0}, "datetime": {"datetime": "2023-01-21 06:10:09", "elapsed": 2476.030627, "delta": 9.229385}}
{"target": -447555093.75, "params": {"blockSize": 10.0, "disp12MaxDiff": 0.0, "minDisparity": 4.0, "numDisparities": 1.0, "p1": 15.0, "p2": 15.0, "preFilterCap": 50.0, "speckleRange": 25.0, "speckleWindowSize": 2370.3359572442896, "uniquenessRatio": 30.0}, "datetime": {"datetime": "2023-01-21 06:10:18", "elapsed": 2485.244039, "delta": 9.213412}}
{"target": -456269086.0, "params": {"blockSize": 10.0, "disp12MaxDiff": 0.0, "minDisparity": 1.0, "numDisparities": 1.0, "p1": 15.0, "p2": 60.0, "preFilterCap": 7.543006666026718, "speckleRange": 0.0, "speckleWindowSize": 505.40743711621946, "uniquenessRatio": 0.0}, "datetime": {"datetime": "2023-01-21 06:10:28", "elapsed": 2495.299997, "delta": 10.055958}}
{"target": -1451404781.0, "params": {"blockSize": 7.565752599846146, "disp12MaxDiff": 48.305087019605395, "minDisparity": 2.2758066098853527, "numDisparities": 8.691164167150815, "p1": 11.231742696622108, "p2": 55.700617035977096, "preFilterCap": 48.67988876555204, "speckleRange": 15.468952203627426, "speckleWindowSize": 145.1570877976377, "uniquenessRatio": 24.14281445403629}, "datetime": {"datetime": "2023-01-21 06:10:38", "elapsed": 2504.997575, "delta": 9.697578}}
{"target": -457772699.0, "params": {"blockSize": 2.0, "disp12MaxDiff": 50.0, "minDisparity": 4.0, "numDisparities": 1.0, "p1": 15.0, "p2": 15.0, "preFilterCap": 50.0, "speckleRange": 0.0, "speckleWindowSize": 1977.9430894699485, "uniquenessRatio": 30.0}, "datetime": {"datetime": "2023-01-21 06:10:48", "elapsed": 2515.266533, "delta": 10.268958}}
{"target": -455146192.0, "params": {"blockSize": 10.0, "disp12MaxDiff": 0.0, "minDisparity": 1.0, "numDisparities": 1.0, "p1": 5.0, "p2": 60.0, "preFilterCap": 36.03864643318721, "speckleRange": 0.0, "speckleWindowSize": 1092.866097816246, "uniquenessRatio": 0.0}, "datetime": {"datetime": "2023-01-21 06:10:58", "elapsed": 2525.525202, "delta": 10.258669}}
{"target": -457044841.75, "params": {"blockSize": 10.0, "disp12MaxDiff": 0.0, "minDisparity": 1.0, "numDisparities": 1.0, "p1": 5.0, "p2": 31.85682029696015, "preFilterCap": 50.0, "speckleRange": 0.0, "speckleWindowSize": 1637.3331709881193, "uniquenessRatio": 30.0}, "datetime": {"datetime": "2023-01-21 06:11:08", "elapsed": 2534.966913, "delta": 9.441711}}
{"target": -457638557.5, "params": {"blockSize": 2.0, "disp12MaxDiff": 50.0, "minDisparity": 4.0, "numDisparities": 1.0, "p1": 15.0, "p2": 51.88832061432441, "preFilterCap": 50.0, "speckleRange": 0.0, "speckleWindowSize": 1982.650831417965, "uniquenessRatio": 30.0}, "datetime": {"datetime": "2023-01-21 06:11:18", "elapsed": 2545.20431, "delta": 10.237397}}
{"target": -455563760.75, "params": {"blockSize": 10.0, "disp12MaxDiff": 0.0, "minDisparity": 1.0, "numDisparities": 1.0, "p1": 15.0, "p2": 22.782811057009994, "preFilterCap": 50.0, "speckleRange": 0.0, "speckleWindowSize": 1515.2941921211884, "uniquenessRatio": 0.0}, "datetime": {"datetime": "2023-01-21 06:11:28", "elapsed": 2555.091075, "delta": 9.886765}}
{"target": -2764672168.0, "params": {"blockSize": 7.1950502098310745, "disp12MaxDiff": 6.510807219921216, "minDisparity": 1.6906812941252727, "numDisparities": 8.621599395190081, "p1": 8.363700029594249, "p2": 25.88744992713153, "preFilterCap": 1.5148821933876566, "speckleRange": 2.7329189790043618, "speckleWindowSize": 512.9553022953131, "uniquenessRatio": 5.054834483502798}, "datetime": {"datetime": "2023-01-21 06:11:38", "elapsed": 2565.535179, "delta": 10.444104}}
{"target": -544710493.75, "params": {"blockSize": 2.0, "disp12MaxDiff": 50.0, "minDisparity": 1.0, "numDisparities": 1.0, "p1": 5.0, "p2": 60.0, "preFilterCap": 50.0, "speckleRange": 25.0, "speckleWindowSize": 1193.9452112060114, "uniquenessRatio": 30.0}, "datetime": {"datetime": "2023-01-21 06:11:49", "elapsed": 2575.999923, "delta": 10.464744}}
{"target": -456067944.5, "params": {"blockSize": 10.0, "disp12MaxDiff": 0.0, "minDisparity": 1.0, "numDisparities": 1.0, "p1": 15.0, "p2": 23.575757803094774, "preFilterCap": 50.0, "speckleRange": 0.0, "speckleWindowSize": 784.9145055066674, "uniquenessRatio": 30.0}, "datetime": {"datetime": "2023-01-21 06:11:58", "elapsed": 2585.22084, "delta": 9.220917}}
{"target": -457216067.25, "params": {"blockSize": 2.0, "disp12MaxDiff": 0.0, "minDisparity": 1.0, "numDisparities": 1.0, "p1": 15.0, "p2": 15.0, "preFilterCap": 50.0, "speckleRange": 0.0, "speckleWindowSize": 2383.1621622998796, "uniquenessRatio": 4.423423884959127}, "datetime": {"datetime": "2023-01-21 06:12:09", "elapsed": 2596.028621, "delta": 10.807781}}
{"target": -455100965.75, "params": {"blockSize": 10.0, "disp12MaxDiff": 35.79176016117951, "minDisparity": 1.0, "numDisparities": 1.0, "p1": 5.0, "p2": 15.0, "preFilterCap": 50.0, "speckleRange": 0.0, "speckleWindowSize": 1534.2141040684255, "uniquenessRatio": 0.0}, "datetime": {"datetime": "2023-01-21 06:12:19", "elapsed": 2606.033097, "delta": 10.004476}}
{"target": -456430830.0, "params": {"blockSize": 2.0, "disp12MaxDiff": 28.268388277930097, "minDisparity": 1.0, "numDisparities": 1.0, "p1": 15.0, "p2": 60.0, "preFilterCap": 50.0, "speckleRange": 0.0, "speckleWindowSize": 480.04590904756856, "uniquenessRatio": 30.0}, "datetime": {"datetime": "2023-01-21 06:12:29", "elapsed": 2616.349835, "delta": 10.316738}}
{"target": -2790804666.0, "params": {"blockSize": 3.070461892681987, "disp12MaxDiff": 36.895564992647564, "minDisparity": 1.384538431805364, "numDisparities": 3.854954189061723, "p1": 6.247566173154061, "p2": 49.511412960703105, "preFilterCap": 48.01913293742778, "speckleRange": 4.083501591980696, "speckleWindowSize": 1524.9871580165175, "uniquenessRatio": 2.2951998948504224}, "datetime": {"datetime": "2023-01-21 06:12:40", "elapsed": 2626.994617, "delta": 10.644782}}
{"target": -456616905.25, "params": {"blockSize": 10.0, "disp12MaxDiff": 25.126049312255265, "minDisparity": 1.0, "numDisparities": 1.0, "p1": 5.0, "p2": 15.0, "preFilterCap": 37.72758690648804, "speckleRange": 0.0, "speckleWindowSize": 1565.483537813117, "uniquenessRatio": 30.0}, "datetime": {"datetime": "2023-01-21 06:12:49", "elapsed": 2636.445148, "delta": 9.450531}}
{"target": -1835280319.0, "params": {"blockSize": 6.667049646592811, "disp12MaxDiff": 48.44013247109055, "minDisparity": 3.9348008843251896, "numDisparities": 4.347280579651315, "p1": 14.188912995604895, "p2": 31.110334799788596, "preFilterCap": 29.62791382638662, "speckleRange": 1.8089694295376906, "speckleWindowSize": 1973.712728901684, "uniquenessRatio": 0.4244884867200338}, "datetime": {"datetime": "2023-01-21 06:12:59", "elapsed": 2646.578661, "delta": 10.133513}}
{"target": -609432619.75, "params": {"blockSize": 9.054586194358924, "disp12MaxDiff": 1.373587414473576, "minDisparity": 2.4481189350205983, "numDisparities": 5.8561255517953645, "p1": 10.709069405118571, "p2": 40.55147379683062, "preFilterCap": 49.7238239388839, "speckleRange": 3.149461003589629, "speckleWindowSize": 2390.055261976853, "uniquenessRatio": 29.78786987534294}, "datetime": {"datetime": "2023-01-21 06:13:09", "elapsed": 2656.086795, "delta": 9.508134}}
{"target": -456607207.25, "params": {"blockSize": 10.0, "disp12MaxDiff": 0.0, "minDisparity": 1.0, "numDisparities": 1.0, "p1": 15.0, "p2": 60.0, "preFilterCap": 0.0, "speckleRange": 0.0, "speckleWindowSize": 1676.0689789225949, "uniquenessRatio": 30.0}, "datetime": {"datetime": "2023-01-21 06:13:18", "elapsed": 2665.447336, "delta": 9.360541}}
{"target": -456836545.5, "params": {"blockSize": 10.0, "disp12MaxDiff": 0.0, "minDisparity": 4.0, "numDisparities": 1.0, "p1": 5.0, "p2": 60.0, "preFilterCap": 50.0, "speckleRange": 0.0, "speckleWindowSize": 660.069142271957, "uniquenessRatio": 7.725232723146165}, "datetime": {"datetime": "2023-01-21 06:13:29", "elapsed": 2675.763041, "delta": 10.315705}}
{"target": -443253482.5, "params": {"blockSize": 10.0, "disp12MaxDiff": 0.0, "minDisparity": 1.0, "numDisparities": 1.0, "p1": 15.0, "p2": 15.0, "preFilterCap": 50.0, "speckleRange": 25.0, "speckleWindowSize": 1512.1006416534215, "uniquenessRatio": 30.0}, "datetime": {"datetime": "2023-01-21 06:13:38", "elapsed": 2685.266883, "delta": 9.503842}}
{"target": -746902887.0, "params": {"blockSize": 9.27715648126011, "disp12MaxDiff": 6.98113614059635, "minDisparity": 2.5091854262295143, "numDisparities": 2.2677768208570144, "p1": 14.129203377514571, "p2": 53.01701726423118, "preFilterCap": 49.82424206576211, "speckleRange": 14.23514011090351, "speckleWindowSize": 628.2538283684655, "uniquenessRatio": 14.111231226499049}, "datetime": {"datetime": "2023-01-21 06:13:48", "elapsed": 2695.352835, "delta": 10.085952}}
{"target": -826493693.5, "params": {"blockSize": 2.2355913298535377, "disp12MaxDiff": 1.8345984654301428, "minDisparity": 1.8152261240844703, "numDisparities": 1.1031624137420954, "p1": 8.74763644803971, "p2": 33.46354697749533, "preFilterCap": 29.236303124232123, "speckleRange": 24.76646313680477, "speckleWindowSize": 649.0072926143556, "uniquenessRatio": 13.589154988046175}, "datetime": {"datetime": "2023-01-21 06:13:59", "elapsed": 2706.346404, "delta": 10.993569}}
{"target": -456187369.25, "params": {"blockSize": 10.0, "disp12MaxDiff": 0.0, "minDisparity": 1.0, "numDisparities": 1.0, "p1": 15.0, "p2": 15.0, "preFilterCap": 26.11793009514228, "speckleRange": 0.0, "speckleWindowSize": 1039.9974947548023, "uniquenessRatio": 30.0}, "datetime": {"datetime": "2023-01-21 06:14:09", "elapsed": 2715.725162, "delta": 9.378758}}
{"target": -443313974.0, "params": {"blockSize": 10.0, "disp12MaxDiff": 0.0, "minDisparity": 1.0, "numDisparities": 1.0, "p1": 5.0, "p2": 15.0, "preFilterCap": 50.0, "speckleRange": 25.0, "speckleWindowSize": 1565.0925886057323, "uniquenessRatio": 30.0}, "datetime": {"datetime": "2023-01-21 06:14:18", "elapsed": 2725.478555, "delta": 9.753393}}
{"target": -1501042429.0, "params": {"blockSize": 3.150443968176745, "disp12MaxDiff": 0.12568033046488347, "minDisparity": 2.142263635727921, "numDisparities": 8.627477053423625, "p1": 13.615216854281735, "p2": 52.48465283461697, "preFilterCap": 2.3466908909670128, "speckleRange": 1.4182800502940491, "speckleWindowSize": 1663.1783369034335, "uniquenessRatio": 1.8670131200432893}, "datetime": {"datetime": "2023-01-21 06:14:29", "elapsed": 2736.235029, "delta": 10.756474}}
{"target": -456283704.0, "params": {"blockSize": 10.0, "disp12MaxDiff": 0.0, "minDisparity": 4.0, "numDisparities": 1.0, "p1": 15.0, "p2": 38.554609546499904, "preFilterCap": 50.0, "speckleRange": 0.0, "speckleWindowSize": 665.532010358838, "uniquenessRatio": 30.0}, "datetime": {"datetime": "2023-01-21 06:14:38", "elapsed": 2745.529273, "delta": 9.294244}}
{"target": -454498305.75, "params": {"blockSize": 10.0, "disp12MaxDiff": 32.34963638403643, "minDisparity": 1.0, "numDisparities": 1.0, "p1": 5.0, "p2": 15.0, "preFilterCap": 29.44339203664999, "speckleRange": 0.0, "speckleWindowSize": 1569.921475010033, "uniquenessRatio": 0.0}, "datetime": {"datetime": "2023-01-21 06:14:49", "elapsed": 2755.694056, "delta": 10.164783}}
{"target": -456244367.25, "params": {"blockSize": 10.0, "disp12MaxDiff": 50.0, "minDisparity": 4.0, "numDisparities": 1.0, "p1": 15.0, "p2": 60.0, "preFilterCap": 50.0, "speckleRange": 0.0, "speckleWindowSize": 655.5833942601544, "uniquenessRatio": 30.0}, "datetime": {"datetime": "2023-01-21 06:14:58", "elapsed": 2765.004004, "delta": 9.309948}}
{"target": -456988903.0, "params": {"blockSize": 10.0, "disp12MaxDiff": 0.0, "minDisparity": 1.0, "numDisparities": 1.0, "p1": 15.0, "p2": 15.0, "preFilterCap": 25.763326179325706, "speckleRange": 0.0, "speckleWindowSize": 2371.5552025100174, "uniquenessRatio": 30.0}, "datetime": {"datetime": "2023-01-21 06:15:08", "elapsed": 2774.638036, "delta": 9.634032}}
{"target": -800942908.5, "params": {"blockSize": 10.0, "disp12MaxDiff": 0.0, "minDisparity": 1.0, "numDisparities": 1.0, "p1": 5.0, "p2": 15.0, "preFilterCap": 50.0, "speckleRange": 25.0, "speckleWindowSize": 1533.3581411187129, "uniquenessRatio": 0.0}, "datetime": {"datetime": "2023-01-21 06:15:17", "elapsed": 2784.423299, "delta": 9.785263}}
{"target": -1448637164.5, "params": {"blockSize": 2.0, "disp12MaxDiff": 18.495798698830544, "minDisparity": 1.0, "numDisparities": 10.0, "p1": 15.0, "p2": 15.0, "preFilterCap": 50.0, "speckleRange": 25.0, "speckleWindowSize": 1708.182204741157, "uniquenessRatio": 30.0}, "datetime": {"datetime": "2023-01-21 06:15:28", "elapsed": 2794.65577, "delta": 10.232471}}
{"target": -765595773.5, "params": {"blockSize": 9.649289682158983, "disp12MaxDiff": 6.29854317947201, "minDisparity": 3.7350298746995554, "numDisparities": 5.005571167022147, "p1": 12.148531558923882, "p2": 57.74629746722225, "preFilterCap": 4.179300184805795, "speckleRange": 16.22819977333983, "speckleWindowSize": 845.4068432017261, "uniquenessRatio": 27.56666055907202}, "datetime": {"datetime": "2023-01-21 06:15:38", "elapsed": 2804.814675, "delta": 10.158905}}
{"target": -457550259.75, "params": {"blockSize": 2.0, "disp12MaxDiff": 9.120889079517063, "minDisparity": 1.0, "numDisparities": 1.0, "p1": 15.0, "p2": 60.0, "preFilterCap": 50.0, "speckleRange": 0.0, "speckleWindowSize": 1975.607904909021, "uniquenessRatio": 30.0}, "datetime": {"datetime": "2023-01-21 06:15:48", "elapsed": 2815.117589, "delta": 10.302914}}
{"target": -492704570.75, "params": {"blockSize": 9.051804370076686, "disp12MaxDiff": 49.99133537712635, "minDisparity": 1.4906263416928098, "numDisparities": 2.1271390741544827, "p1": 13.369230424843984, "p2": 34.801285572498806, "preFilterCap": 48.92520234325538, "speckleRange": 10.678235234745467, "speckleWindowSize": 1178.8116493289438, "uniquenessRatio": 27.786839962347994}, "datetime": {"datetime": "2023-01-21 06:15:58", "elapsed": 2824.659382, "delta": 9.541793}}
{"target": -598747883.0, "params": {"blockSize": 4.612829871545387, "disp12MaxDiff": 40.20745227199383, "minDisparity": 3.5030667017853743, "numDisparities": 2.0469907873415423, "p1": 9.725775741501476, "p2": 41.02602202995303, "preFilterCap": 40.91846782718056, "speckleRange": 23.89097388404645, "speckleWindowSize": 1298.3332192046296, "uniquenessRatio": 29.55853764143018}, "datetime": {"datetime": "2023-01-21 06:16:08", "elapsed": 2834.806155, "delta": 10.146773}}
{"target": -439745505.5, "params": {"blockSize": 10.0, "disp12MaxDiff": 0.0, "minDisparity": 1.0, "numDisparities": 1.0, "p1": 15.0, "p2": 60.0, "preFilterCap": 24.312478168487363, "speckleRange": 25.0, "speckleWindowSize": 803.4720826253608, "uniquenessRatio": 30.0}, "datetime": {"datetime": "2023-01-21 06:16:17", "elapsed": 2844.402164, "delta": 9.596009}}
{"target": -443166507.25, "params": {"blockSize": 10.0, "disp12MaxDiff": 0.0, "minDisparity": 1.0, "numDisparities": 1.0, "p1": 15.0, "p2": 15.0, "preFilterCap": 27.773705193707148, "speckleRange": 25.0, "speckleWindowSize": 2238.777625299901, "uniquenessRatio": 30.0}, "datetime": {"datetime": "2023-01-21 06:16:27", "elapsed": 2853.803502, "delta": 9.401338}}
{"target": -456369611.0, "params": {"blockSize": 10.0, "disp12MaxDiff": 0.0, "minDisparity": 1.0, "numDisparities": 1.0, "p1": 5.0, "p2": 60.0, "preFilterCap": 27.963118967783256, "speckleRange": 0.0, "speckleWindowSize": 1077.2417587842367, "uniquenessRatio": 30.0}, "datetime": {"datetime": "2023-01-21 06:16:36", "elapsed": 2863.295654, "delta": 9.492152}}
{"target": -444392642.0, "params": {"blockSize": 10.0, "disp12MaxDiff": 30.59288882344281, "minDisparity": 1.0, "numDisparities": 1.0, "p1": 15.0, "p2": 60.0, "preFilterCap": 50.0, "speckleRange": 25.0, "speckleWindowSize": 1983.4619841418323, "uniquenessRatio": 30.0}, "datetime": {"datetime": "2023-01-21 06:16:46", "elapsed": 2872.859066, "delta": 9.563412}}
{"target": -456571978.5, "params": {"blockSize": 10.0, "disp12MaxDiff": 50.0, "minDisparity": 1.0, "numDisparities": 1.0, "p1": 5.0, "p2": 15.0, "preFilterCap": 0.0, "speckleRange": 0.0, "speckleWindowSize": 1569.8978819656788, "uniquenessRatio": 30.0}, "datetime": {"datetime": "2023-01-21 06:16:55", "elapsed": 2882.419066, "delta": 9.56}}
{"target": -457811275.0, "params": {"blockSize": 2.0, "disp12MaxDiff": 23.222737291233052, "minDisparity": 1.0, "numDisparities": 1.0, "p1": 15.0, "p2": 15.0, "preFilterCap": 50.0, "speckleRange": 0.0, "speckleWindowSize": 2373.293462496438, "uniquenessRatio": 30.0}, "datetime": {"datetime": "2023-01-21 06:17:06", "elapsed": 2892.757977, "delta": 10.338911}}
{"target": -459349429.0, "params": {"blockSize": 10.0, "disp12MaxDiff": 0.0, "minDisparity": 4.0, "numDisparities": 1.0, "p1": 5.0, "p2": 47.203917457002326, "preFilterCap": 15.32260745066822, "speckleRange": 0.0, "speckleWindowSize": 668.2043080375294, "uniquenessRatio": 0.0}, "datetime": {"datetime": "2023-01-21 06:17:16", "elapsed": 2903.139645, "delta": 10.381668}}
{"target": -443721466.5, "params": {"blockSize": 10.0, "disp12MaxDiff": 24.390530117129458, "minDisparity": 1.0, "numDisparities": 1.0, "p1": 5.0, "p2": 15.0, "preFilterCap": 50.0, "speckleRange": 25.0, "speckleWindowSize": 1593.5242470611802, "uniquenessRatio": 30.0}, "datetime": {"datetime": "2023-01-21 06:17:25", "elapsed": 2912.612315, "delta": 9.47267}}
{"target": -456896232.75, "params": {"blockSize": 2.0, "disp12MaxDiff": 18.818370673951232, "minDisparity": 4.0, "numDisparities": 1.0, "p1": 15.0, "p2": 60.0, "preFilterCap": 22.90230496857144, "speckleRange": 0.0, "speckleWindowSize": 510.8282602554752, "uniquenessRatio": 30.0}, "datetime": {"datetime": "2023-01-21 06:17:36", "elapsed": 2923.514959, "delta": 10.902644}}
{"target": -1099555416.0, "params": {"blockSize": 2.0, "disp12MaxDiff": 0.0, "minDisparity": 1.0, "numDisparities": 1.0, "p1": 15.0, "p2": 60.0, "preFilterCap": 50.0, "speckleRange": 25.0, "speckleWindowSize": 1661.830269036768, "uniquenessRatio": 0.0}, "datetime": {"datetime": "2023-01-21 06:17:47", "elapsed": 2933.955768, "delta": 10.440809}}
{"target": -454980438.0, "params": {"blockSize": 2.0, "disp12MaxDiff": 47.33461587801169, "minDisparity": 1.0, "numDisparities": 1.0, "p1": 15.0, "p2": 60.0, "preFilterCap": 42.93731846414382, "speckleRange": 0.0, "speckleWindowSize": 485.93142683466596, "uniquenessRatio": 0.0}, "datetime": {"datetime": "2023-01-21 06:17:57", "elapsed": 2944.579887, "delta": 10.624119}}
{"target": -456102851.5, "params": {"blockSize": 10.0, "disp12MaxDiff": 50.0, "minDisparity": 1.0, "numDisparities": 1.0, "p1": 5.0, "p2": 60.0, "preFilterCap": 0.0, "speckleRange": 0.0, "speckleWindowSize": 1096.6070159007795, "uniquenessRatio": 0.0}, "datetime": {"datetime": "2023-01-21 06:18:08", "elapsed": 2954.693066, "delta": 10.113179}}
{"target": -456253618.5, "params": {"blockSize": 10.0, "disp12MaxDiff": 50.0, "minDisparity": 1.0, "numDisparities": 1.0, "p1": 5.0, "p2": 15.0, "preFilterCap": 19.23898109304249, "speckleRange": 0.0, "speckleWindowSize": 1186.6995588411323, "uniquenessRatio": 30.0}, "datetime": {"datetime": "2023-01-21 06:18:17", "elapsed": 2964.478588, "delta": 9.785522}}
