{"target": -4074224580.0, "params": {"blockSize": 7.69770802474055, "disp12MaxDiff": 18.40582066397508, "minDisparity": 3.334501272697219, "numDisparities": 7.381661355858423, "p1": 5.169230885078653, "p2": 15.708052077033388, "preFilterCap": 1.3392965960765613, "speckleRange": 24.70177973953616, "speckleWindowSize": 1580.1633118664133, "uniquenessRatio": 4.9913273042814605}, "datetime": {"datetime": "2023-01-21 06:39:20", "elapsed": 4226.963805, "delta": 11.302619}}
{"target": -456179453.0, "params": {"blockSize": 10.0, "disp12MaxDiff": 0.0, "minDisparity": 4.0, "numDisparities": 1.0, "p1": 5.0, "p2": 60.0, "preFilterCap": 50.0, "speckleRange": 0.0, "speckleWindowSize": 347.53749470753564, "uniquenessRatio": 30.0}, "datetime": {"datetime": "2023-01-21 06:39:31", "elapsed": 4237.788928, "delta": 10.825123}}
{"target": -751576203.0, "params": {"blockSize": 10.0, "disp12MaxDiff": 38.34802697110675, "minDisparity": 1.0, "numDisparities": 10.0, "p1": 15.0, "p2": 31.36069568917097, "preFilterCap": 0.0, "speckleRange": 25.0, "speckleWindowSize": 1734.2266171264346, "uniquenessRatio": 30.0}, "datetime": {"datetime": "2023-01-21 06:39:41", "elapsed": 4248.147343, "delta": 10.358415}}
{"target": -456636568.5, "params": {"blockSize": 2.0, "disp12MaxDiff": 0.0, "minDisparity": 1.0, "numDisparities": 1.0, "p1": 5.0, "p2": 15.0, "preFilterCap": 50.0, "speckleRange": 0.0, "speckleWindowSize": 1101.3935397450643, "uniquenessRatio": 0.0}, "datetime": {"datetime": "2023-01-21 06:39:53", "elapsed": 4260.080786, "delta": 11.933443}}
{"target": -459774594.25, "params": {"blockSize": 2.0, "disp12MaxDiff": 0.0, "minDisparity": 1.0, "numDisparities": 1.0, "p1": 15.0, "p2": 15.0, "preFilterCap": 0.0, "speckleRange": 25.0, "speckleWindowSize": 1902.7993865012832, "uniquenessRatio": 30.0}, "datetime": {"datetime": "2023-01-21 06:40:05", "elapsed": 4271.906985, "delta": 11.826199}}
{"target": -441123139.75, "params": {"blockSize": 10.0, "disp12MaxDiff": 50.0, "minDisparity": 1.0, "numDisparities": 1.0, "p1": 5.0, "p2": 15.0, "preFilterCap": 0.0, "speckleRange": 25.0, "speckleWindowSize": 1211.4192463598176, "uniquenessRatio": 30.0}, "datetime": {"datetime": "2023-01-21 06:40:15", "elapsed": 4282.458307, "delta": 10.551322}}
{"target": -455865009.5, "params": {"blockSize": 2.0, "disp12MaxDiff": 50.0, "minDisparity": 1.0, "numDisparities": 1.0, "p1": 15.0, "p2": 15.0, "preFilterCap": 10.73001810531981, "speckleRange": 0.0, "speckleWindowSize": 411.4104538326406, "uniquenessRatio": 0.0}, "datetime": {"datetime": "2023-01-21 06:40:27", "elapsed": 4294.526395, "delta": 12.068088}}
{"target": -457352139.25, "params": {"blockSize": 2.0, "disp12MaxDiff": 50.0, "minDisparity": 1.0, "numDisparities": 1.0, "p1": 15.0, "p2": 28.20122523399911, "preFilterCap": 0.0, "speckleRange": 0.0, "speckleWindowSize": 1881.2062266972716, "uniquenessRatio": 30.0}, "datetime": {"datetime": "2023-01-21 06:40:39", "elapsed": 4306.612442, "delta": 12.086047}}
{"target": -456560203.25, "params": {"blockSize": 10.0, "disp12MaxDiff": 50.0, "minDisparity": 1.0, "numDisparities": 1.0, "p1": 15.0, "p2": 15.0, "preFilterCap": 23.129357668083415, "speckleRange": 0.0, "speckleWindowSize": 1541.5792260918918, "uniquenessRatio": 30.0}, "datetime": {"datetime": "2023-01-21 06:40:50", "elapsed": 4317.20672, "delta": 10.594278}}
{"target": -457693248.75, "params": {"blockSize": 2.0, "disp12MaxDiff": 0.0, "minDisparity": 1.0, "numDisparities": 1.0, "p1": 15.0, "p2": 42.617467204986916, "preFilterCap": 20.600005762624683, "speckleRange": 0.0, "speckleWindowSize": 2316.7538373230605, "uniquenessRatio": 30.0}, "datetime": {"datetime": "2023-01-21 06:41:03", "elapsed": 4330.147259, "delta": 12.940539}}
{"target": -454517993.5, "params": {"blockSize": 10.0, "disp12MaxDiff": 50.0, "minDisparity": 1.0, "numDisparities": 1.0, "p1": 15.0, "p2": 60.0, "preFilterCap": 22.0107472540797, "speckleRange": 0.0, "speckleWindowSize": 1574.5382400917165, "uniquenessRatio": 0.0}, "datetime": {"datetime": "2023-01-21 06:41:14", "elapsed": 4341.508598, "delta": 11.361339}}
{"target": -456829379.0, "params": {"blockSize": 10.0, "disp12MaxDiff": 0.0, "minDisparity": 1.0, "numDisparities": 1.0, "p1": 15.0, "p2": 15.0, "preFilterCap": 0.0, "speckleRange": 0.0, "speckleWindowSize": 2140.213385008108, "uniquenessRatio": 30.0}, "datetime": {"datetime": "2023-01-21 06:41:25", "elapsed": 4352.04133, "delta": 10.532732}}
{"target": -455073460.75, "params": {"blockSize": 10.0, "disp12MaxDiff": 0.0, "minDisparity": 1.0, "numDisparities": 1.0, "p1": 5.0, "p2": 15.0, "preFilterCap": 50.0, "speckleRange": 0.0, "speckleWindowSize": 332.0616163145273, "uniquenessRatio": 30.0}, "datetime": {"datetime": "2023-01-21 06:41:37", "elapsed": 4364.008686, "delta": 11.967356}}
{"target": -546043309.5, "params": {"blockSize": 2.0, "disp12MaxDiff": 50.0, "minDisparity": 1.0, "numDisparities": 1.0, "p1": 5.0, "p2": 60.0, "preFilterCap": 50.0, "speckleRange": 25.0, "speckleWindowSize": 1126.0295743052127, "uniquenessRatio": 30.0}, "datetime": {"datetime": "2023-01-21 06:41:49", "elapsed": 4375.687098, "delta": 11.678412}}
{"target": -459226275.5, "params": {"blockSize": 10.0, "disp12MaxDiff": 0.0, "minDisparity": 4.0, "numDisparities": 1.0, "p1": 5.0, "p2": 15.0, "preFilterCap": 0.0, "speckleRange": 0.0, "speckleWindowSize": 639.8117703925075, "uniquenessRatio": 0.0}, "datetime": {"datetime": "2023-01-21 06:42:00", "elapsed": 4387.494296, "delta": 11.807198}}
{"target": -456588813.5, "params": {"blockSize": 10.0, "disp12MaxDiff": 18.38724007124679, "minDisparity": 1.0, "numDisparities": 1.0, "p1": 15.0, "p2": 38.36949580715362, "preFilterCap": 50.0, "speckleRange": 0.0, "speckleWindowSize": 1290.1778540248324, "uniquenessRatio": 30.0}, "datetime": {"datetime": "2023-01-21 06:42:11", "elapsed": 4397.99569, "delta": 10.501394}}
{"target": -454831906.0, "params": {"blockSize": 10.0, "disp12MaxDiff": 50.0, "minDisparity": 1.0, "numDisparities": 1.0, "p1": 5.0, "p2": 15.0, "preFilterCap": 50.0, "speckleRange": 0.0, "speckleWindowSize": 292.08700834985353, "uniquenessRatio": 30.0}, "datetime": {"datetime": "2023-01-21 06:42:22", "elapsed": 4408.6984, "delta": 10.70271}}
{"target": -456569811.0, "params": {"blockSize": 10.0, "disp12MaxDiff": 0.0, "minDisparity": 1.0, "numDisparities": 1.0, "p1": 15.0, "p2": 15.0, "preFilterCap": 0.0, "speckleRange": 0.0, "speckleWindowSize": 1540.0291552986464, "uniquenessRatio": 30.0}, "datetime": {"datetime": "2023-01-21 06:42:32", "elapsed": 4419.004882, "delta": 10.306482}}
{"target": -5758140432.0, "params": {"blockSize": 2.0, "disp12MaxDiff": 50.0, "minDisparity": 1.0, "numDisparities": 10.0, "p1": 15.0, "p2": 60.0, "preFilterCap": 0.0, "speckleRange": 25.0, "speckleWindowSize": 1348.2133231661244, "uniquenessRatio": 0.0}, "datetime": {"datetime": "2023-01-21 06:42:43", "elapsed": 4430.372805, "delta": 11.367923}}
{"target": -457732892.0, "params": {"blockSize": 2.0, "disp12MaxDiff": 0.0, "minDisparity": 4.0, "numDisparities": 1.0, "p1": 15.0, "p2": 43.95646250793503, "preFilterCap": 40.47032443235293, "speckleRange": 0.0, "speckleWindowSize": 2223.5714681127934, "uniquenessRatio": 30.0}, "datetime": {"datetime": "2023-01-21 06:42:55", "elapsed": 4441.669502, "delta": 11.296697}}
{"target": -959707530.5, "params": {"blockSize": 10.0, "disp12MaxDiff": 0.0, "minDisparity": 4.0, "numDisparities": 10.0, "p1": 15.0, "p2": 15.0, "preFilterCap": 0.0, "speckleRange": 25.0, "speckleWindowSize": 626.2461080333732, "uniquenessRatio": 30.0}, "datetime": {"datetime": "2023-01-21 06:43:06", "elapsed": 4452.761322, "delta": 11.09182}}
{"target": -455045008.75, "params": {"blockSize": 10.0, "disp12MaxDiff": 21.247260882246255, "minDisparity": 1.0, "numDisparities": 1.0, "p1": 5.0, "p2": 48.508322116709095, "preFilterCap": 50.0, "speckleRange": 0.0, "speckleWindowSize": 315.3610260500419, "uniquenessRatio": 30.0}, "datetime": {"datetime": "2023-01-21 06:43:16", "elapsed": 4463.071918, "delta": 10.310596}}
{"target": -455309826.25, "params": {"blockSize": 10.0, "disp12MaxDiff": 50.0, "minDisparity": 1.0, "numDisparities": 1.0, "p1": 5.0, "p2": 15.0, "preFilterCap": 0.0, "speckleRange": 0.0, "speckleWindowSize": 1867.0080312648372, "uniquenessRatio": 0.0}, "datetime": {"datetime": "2023-01-21 06:43:29", "elapsed": 4476.21605, "delta": 13.144132}}
{"target": -456760474.75, "params": {"blockSize": 10.0, "disp12MaxDiff": 50.0, "minDisparity": 1.0, "numDisparities": 1.0, "p1": 15.0, "p2": 15.0, "preFilterCap": 0.0, "speckleRange": 0.0, "speckleWindowSize": 1919.9937984443795, "uniquenessRatio": 30.0}, "datetime": {"datetime": "2023-01-21 06:43:40", "elapsed": 4487.138609, "delta": 10.922559}}
{"target": -457119251.75, "params": {"blockSize": 2.0, "disp12MaxDiff": 0.0, "minDisparity": 1.0, "numDisparities": 1.0, "p1": 5.0, "p2": 47.36061094807007, "preFilterCap": 0.0, "speckleRange": 0.0, "speckleWindowSize": 816.6927674264838, "uniquenessRatio": 30.0}, "datetime": {"datetime": "2023-01-21 06:43:52", "elapsed": 4499.192317, "delta": 12.053708}}
{"target": -451970988.75, "params": {"blockSize": 10.0, "disp12MaxDiff": 50.0, "minDisparity": 4.0, "numDisparities": 1.0, "p1": 15.0, "p2": 60.0, "preFilterCap": 50.0, "speckleRange": 25.0, "speckleWindowSize": 764.5946594815427, "uniquenessRatio": 30.0}, "datetime": {"datetime": "2023-01-21 06:44:02", "elapsed": 4509.393573, "delta": 10.201256}}
{"target": -456776973.5, "params": {"blockSize": 10.0, "disp12MaxDiff": 50.0, "minDisparity": 1.0, "numDisparities": 1.0, "p1": 5.0, "p2": 15.0, "preFilterCap": 50.0, "speckleRange": 0.0, "speckleWindowSize": 1506.4430985590272, "uniquenessRatio": 30.0}, "datetime": {"datetime": "2023-01-21 06:44:13", "elapsed": 4519.944766, "delta": 10.551193}}
{"target": -456726440.75, "params": {"blockSize": 10.0, "disp12MaxDiff": 50.0, "minDisparity": 1.0, "numDisparities": 1.0, "p1": 15.0, "p2": 36.655980260299664, "preFilterCap": 50.0, "speckleRange": 0.0, "speckleWindowSize": 1467.8042441085709, "uniquenessRatio": 30.0}, "datetime": {"datetime": "2023-01-21 06:44:24", "elapsed": 4530.657019, "delta": 10.712253}}
{"target": -456557018.25, "params": {"blockSize": 10.0, "disp12MaxDiff": 50.0, "minDisparity": 1.0, "numDisparities": 1.0, "p1": 5.0, "p2": 60.0, "preFilterCap": 0.0, "speckleRange": 0.0, "speckleWindowSize": 1389.6825758765765, "uniquenessRatio": 30.0}, "datetime": {"datetime": "2023-01-21 06:44:35", "elapsed": 4542.149281, "delta": 11.492262}}
{"target": -456991006.5, "params": {"blockSize": 10.0, "disp12MaxDiff": 50.0, "minDisparity": 4.0, "numDisparities": 1.0, "p1": 15.0, "p2": 15.0, "preFilterCap": 50.0, "speckleRange": 0.0, "speckleWindowSize": 1667.4941560750126, "uniquenessRatio": 30.0}, "datetime": {"datetime": "2023-01-21 06:44:45", "elapsed": 4552.600829, "delta": 10.451548}}
{"target": -454778659.5, "params": {"blockSize": 10.0, "disp12MaxDiff": 50.0, "minDisparity": 1.0, "numDisparities": 1.0, "p1": 15.0, "p2": 60.0, "preFilterCap": 50.0, "speckleRange": 0.0, "speckleWindowSize": 293.04272145853287, "uniquenessRatio": 30.0}, "datetime": {"datetime": "2023-01-21 06:44:56", "elapsed": 4563.460752, "delta": 10.859923}}
{"target": -454500993.25, "params": {"blockSize": 10.0, "disp12MaxDiff": 0.0, "minDisparity": 1.0, "numDisparities": 1.0, "p1": 15.0, "p2": 60.0, "preFilterCap": 17.12488271425842, "speckleRange": 0.0, "speckleWindowSize": 326.5842330728456, "uniquenessRatio": 30.0}, "datetime": {"datetime": "2023-01-21 06:45:07", "elapsed": 4573.87894, "delta": 10.418188}}
{"target": -457352619.25, "params": {"blockSize": 10.0, "disp12MaxDiff": 0.0, "minDisparity": 4.0, "numDisparities": 1.0, "p1": 15.0, "p2": 15.0, "preFilterCap": 0.0, "speckleRange": 0.0, "speckleWindowSize": 2434.020575265598, "uniquenessRatio": 0.0}, "datetime": {"datetime": "2023-01-21 06:45:18", "elapsed": 4585.502536, "delta": 11.623596}}
{"target": -457109305.75, "params": {"blockSize": 10.0, "disp12MaxDiff": 50.0, "minDisparity": 1.0, "numDisparities": 1.0, "p1": 15.0, "p2": 15.0, "preFilterCap": 50.0, "speckleRange": 0.0, "speckleWindowSize": 2281.3111793926178, "uniquenessRatio": 30.0}, "datetime": {"datetime": "2023-01-21 06:45:30", "elapsed": 4596.658616, "delta": 11.15608}}
{"target": -457576965.75, "params": {"blockSize": 2.0, "disp12MaxDiff": 0.0, "minDisparity": 4.0, "numDisparities": 1.0, "p1": 15.0, "p2": 43.84190784165742, "preFilterCap": 0.0, "speckleRange": 0.0, "speckleWindowSize": 2170.800127064951, "uniquenessRatio": 30.0}, "datetime": {"datetime": "2023-01-21 06:45:41", "elapsed": 4608.267216, "delta": 11.6086}}
{"target": -456765859.0, "params": {"blockSize": 2.0, "disp12MaxDiff": 0.0, "minDisparity": 1.0, "numDisparities": 1.0, "p1": 15.0, "p2": 30.26675257001346, "preFilterCap": 50.0, "speckleRange": 0.0, "speckleWindowSize": 504.00806033776314, "uniquenessRatio": 30.0}, "datetime": {"datetime": "2023-01-21 06:45:53", "elapsed": 4620.388449, "delta": 12.121233}}
{"target": -1097483051.0, "params": {"blockSize": 2.0, "disp12MaxDiff": 0.0, "minDisparity": 4.0, "numDisparities": 1.0, "p1": 5.0, "p2": 15.0, "preFilterCap": 0.0, "speckleRange": 25.0, "speckleWindowSize": 665.6183065539647, "uniquenessRatio": 0.0}, "datetime": {"datetime": "2023-01-21 06:46:05", "elapsed": 4631.707807, "delta": 11.319358}}
{"target": -457310639.75, "params": {"blockSize": 2.0, "disp12MaxDiff": 50.0, "minDisparity": 4.0, "numDisparities": 1.0, "p1": 5.0, "p2": 60.0, "preFilterCap": 0.0, "speckleRange": 0.0, "speckleWindowSize": 848.9924385937634, "uniquenessRatio": 30.0}, "datetime": {"datetime": "2023-01-21 06:46:17", "elapsed": 4644.232456, "delta": 12.524649}}
{"target": -1017073959.5, "params": {"blockSize": 4.254662531036929, "disp12MaxDiff": 0.2980510910127576, "minDisparity": 2.649218496575602, "numDisparities": 3.741326269083272, "p1": 10.687018853242336, "p2": 17.721170143100352, "preFilterCap": 49.6047379494112, "speckleRange": 3.696073049523671, "speckleWindowSize": 896.3895428720489, "uniquenessRatio": 7.205330796232282}, "datetime": {"datetime": "2023-01-21 06:46:29", "elapsed": 4656.144251, "delta": 11.911795}}
{"target": -456470632.0, "params": {"blockSize": 10.0, "disp12MaxDiff": 50.0, "minDisparity": 1.0, "numDisparities": 1.0, "p1": 5.0, "p2": 25.84105682350697, "preFilterCap": 0.0, "speckleRange": 0.0, "speckleWindowSize": 1360.2422734439442, "uniquenessRatio": 30.0}, "datetime": {"datetime": "2023-01-21 06:46:41", "elapsed": 4667.76154, "delta": 11.617289}}
{"target": -456906425.75, "params": {"blockSize": 10.0, "disp12MaxDiff": 0.0, "minDisparity": 4.0, "numDisparities": 1.0, "p1": 5.0, "p2": 60.0, "preFilterCap": 50.0, "speckleRange": 0.0, "speckleWindowSize": 1273.8608478035558, "uniquenessRatio": 30.0}, "datetime": {"datetime": "2023-01-21 06:46:53", "elapsed": 4680.240839, "delta": 12.479299}}
{"target": -443059193.5, "params": {"blockSize": 10.0, "disp12MaxDiff": 50.0, "minDisparity": 1.0, "numDisparities": 1.0, "p1": 5.0, "p2": 60.0, "preFilterCap": 50.0, "speckleRange": 25.0, "speckleWindowSize": 1416.1080036257385, "uniquenessRatio": 30.0}, "datetime": {"datetime": "2023-01-21 06:47:03", "elapsed": 4690.578034, "delta": 10.337195}}
{"target": -457675941.5, "params": {"blockSize": 2.0, "disp12MaxDiff": 50.0, "minDisparity": 4.0, "numDisparities": 1.0, "p1": 5.0, "p2": 60.0, "preFilterCap": 50.0, "speckleRange": 0.0, "speckleWindowSize": 1286.7646750889558, "uniquenessRatio": 30.0}, "datetime": {"datetime": "2023-01-21 06:47:16", "elapsed": 4702.796539, "delta": 12.218505}}
{"target": -444188014.5, "params": {"blockSize": 10.0, "disp12MaxDiff": 0.0, "minDisparity": 1.0, "numDisparities": 1.0, "p1": 5.0, "p2": 43.5071721597335, "preFilterCap": 50.0, "speckleRange": 25.0, "speckleWindowSize": 1961.6616650819801, "uniquenessRatio": 30.0}, "datetime": {"datetime": "2023-01-21 06:47:27", "elapsed": 4714.008254, "delta": 11.211715}}
{"target": -902714707.0, "params": {"blockSize": 10.0, "disp12MaxDiff": 0.0, "minDisparity": 4.0, "numDisparities": 1.0, "p1": 5.0, "p2": 15.0, "preFilterCap": 0.0, "speckleRange": 25.0, "speckleWindowSize": 808.9041581411068, "uniquenessRatio": 0.0}, "datetime": {"datetime": "2023-01-21 06:47:38", "elapsed": 4725.438466, "delta": 11.430212}}
{"target": -440070642.75, "params": {"blockSize": 10.0, "disp12MaxDiff": 0.0, "minDisparity": 1.0, "numDisparities": 1.0, "p1": 5.0, "p2": 60.0, "preFilterCap": 0.0, "speckleRange": 25.0, "speckleWindowSize": 1065.195483988877, "uniquenessRatio": 30.0}, "datetime": {"datetime": "2023-01-21 06:47:49", "elapsed": 4735.959092, "delta": 10.520626}}
{"target": -455261369.75, "params": {"blockSize": 10.0, "disp12MaxDiff": 0.0, "minDisparity": 1.0, "numDisparities": 1.0, "p1": 15.0, "p2": 60.0, "preFilterCap": 50.0, "speckleRange": 0.0, "speckleWindowSize": 412.98986817545943, "uniquenessRatio": 30.0}, "datetime": {"datetime": "2023-01-21 06:48:00", "elapsed": 4747.299602, "delta": 11.34051}}
{"target": -439850572.75, "params": {"blockSize": 10.0, "disp12MaxDiff": 50.0, "minDisparity": 1.0, "numDisparities": 1.0, "p1": 15.0, "p2": 60.0, "preFilterCap": 0.0, "speckleRange": 25.0, "speckleWindowSize": 501.9141323017411, "uniquenessRatio": 30.0}, "datetime": {"datetime": "2023-01-21 06:48:12", "elapsed": 4759.084144, "delta": 11.784542}}
{"target": -457488330.0, "params": {"blockSize": 10.0, "disp12MaxDiff": 0.0, "minDisparity": 4.0, "numDisparities": 1.0, "p1": 15.0, "p2": 15.0, "preFilterCap": 50.0, "speckleRange": 0.0, "speckleWindowSize": 639.5169997784276, "uniquenessRatio": 0.0}, "datetime": {"datetime": "2023-01-21 06:48:23", "elapsed": 4770.586978, "delta": 11.502834}}
{"target": -456910797.5, "params": {"blockSize": 4.436891924628108, "disp12MaxDiff": 16.786343819027465, "minDisparity": 3.7565198202089425, "numDisparities": 1.7778422731348382, "p1": 5.777628797036737, "p2": 17.3538457310256, "preFilterCap": 3.5651971614285793, "speckleRange": 0.954472299053738, "speckleWindowSize": 1914.6650950118312, "uniquenessRatio": 0.8786937506521619}, "datetime": {"datetime": "2023-01-21 06:48:36", "elapsed": 4783.157672, "delta": 12.570694}}
{"target": -995935660.5, "params": {"blockSize": 6.834134366833922, "disp12MaxDiff": 0.019255260862255374, "minDisparity": 1.758452167013286, "numDisparities": 8.960666557124618, "p1": 9.568855957519451, "p2": 22.884618616580084, "preFilterCap": 43.208427984278956, "speckleRange": 6.687595035255741, "speckleWindowSize": 292.0320839311666, "uniquenessRatio": 28.499503201683122}, "datetime": {"datetime": "2023-01-21 06:48:47", "elapsed": 4794.169058, "delta": 11.011386}}
{"target": -457823909.25, "params": {"blockSize": 10.0, "disp12MaxDiff": 0.0, "minDisparity": 4.0, "numDisparities": 1.0, "p1": 15.0, "p2": 60.0, "preFilterCap": 50.0, "speckleRange": 0.0, "speckleWindowSize": 513.6974488613317, "uniquenessRatio": 0.0}, "datetime": {"datetime": "2023-01-21 06:48:58", "elapsed": 4805.542152, "delta": 11.373094}}
{"target": -443181894.0, "params": {"blockSize": 10.0, "disp12MaxDiff": 50.0, "minDisparity": 1.0, "numDisparities": 1.0, "p1": 15.0, "p2": 15.0, "preFilterCap": 0.0, "speckleRange": 25.0, "speckleWindowSize": 118.77229573867108, "uniquenessRatio": 30.0}, "datetime": {"datetime": "2023-01-21 06:49:11", "elapsed": 4818.041552, "delta": 12.4994}}
{"target": -559723153.0, "params": {"blockSize": 8.535725535651817, "disp12MaxDiff": 46.793656514960716, "minDisparity": 2.6715193161796846, "numDisparities": 1.8956863712647332, "p1": 13.161013742557072, "p2": 46.5384302220514, "preFilterCap": 0.1962840589469994, "speckleRange": 1.5296394696643874, "speckleWindowSize": 113.3160252990023, "uniquenessRatio": 13.05505752644811}, "datetime": {"datetime": "2023-01-21 06:49:23", "elapsed": 4830.464865, "delta": 12.423313}}
{"target": -455591965.0, "params": {"blockSize": 10.0, "disp12MaxDiff": 50.0, "minDisparity": 1.0, "numDisparities": 1.0, "p1": 5.0, "p2": 60.0, "preFilterCap": 50.0, "speckleRange": 0.0, "speckleWindowSize": 509.6633837222508, "uniquenessRatio": 30.0}, "datetime": {"datetime": "2023-01-21 06:49:35", "elapsed": 4842.126809, "delta": 11.661944}}
{"target": -453275693.5, "params": {"blockSize": 10.0, "disp12MaxDiff": 50.0, "minDisparity": 1.0, "numDisparities": 1.0, "p1": 5.0, "p2": 15.0, "preFilterCap": 27.569560478243506, "speckleRange": 0.0, "speckleWindowSize": 117.8463056288565, "uniquenessRatio": 30.0}, "datetime": {"datetime": "2023-01-21 06:49:46", "elapsed": 4852.911178, "delta": 10.784369}}
{"target": -796939546.5, "params": {"blockSize": 10.0, "disp12MaxDiff": 50.0, "minDisparity": 1.0, "numDisparities": 10.0, "p1": 15.0, "p2": 15.0, "preFilterCap": 0.0, "speckleRange": 25.0, "speckleWindowSize": 1174.9227749154786, "uniquenessRatio": 30.0}, "datetime": {"datetime": "2023-01-21 06:49:57", "elapsed": 4864.000298, "delta": 11.08912}}
{"target": -2546143934.0, "params": {"blockSize": 8.185416144416621, "disp12MaxDiff": 0.6381871334621037, "minDisparity": 3.35457422843337, "numDisparities": 4.798661906328228, "p1": 14.240015897217843, "p2": 17.5631285041937, "preFilterCap": 0.12133547101283448, "speckleRange": 7.295156511838533, "speckleWindowSize": 1879.2551243233272, "uniquenessRatio": 1.303261110769266}, "datetime": {"datetime": "2023-01-21 06:50:10", "elapsed": 4876.837217, "delta": 12.836919}}
{"target": -457776585.75, "params": {"blockSize": 2.0, "disp12MaxDiff": 0.0, "minDisparity": 1.0, "numDisparities": 1.0, "p1": 15.0, "p2": 15.0, "preFilterCap": 0.0, "speckleRange": 0.0, "speckleWindowSize": 2190.3571994306435, "uniquenessRatio": 30.0}, "datetime": {"datetime": "2023-01-21 06:50:23", "elapsed": 4889.998754, "delta": 13.161537}}
{"target": -470117806.5, "params": {"blockSize": 2.0, "disp12MaxDiff": 50.0, "minDisparity": 4.0, "numDisparities": 10.0, "p1": 5.0, "p2": 60.0, "preFilterCap": 50.0, "speckleRange": 0.0, "speckleWindowSize": 1437.0212078329837, "uniquenessRatio": 30.0}, "datetime": {"datetime": "2023-01-21 06:50:35", "elapsed": 4901.742196, "delta": 11.743442}}
