{"target": -447101267.0, "params": {"blockSize": 10.0, "disp12MaxDiff": 0.0, "minDisparity": 4.0, "numDisparities": 1.0, "p1": 5.0, "p2": 15.0, "preFilterCap": 30.752483720547236, "speckleRange": 25.0, "speckleWindowSize": 1485.4687441562992, "uniquenessRatio": 30.0}, "datetime": {"datetime": "2023-01-21 11:01:55", "elapsed": 19981.749179, "delta": 39.553142}}
{"target": -467399090.0, "params": {"blockSize": 10.0, "disp12MaxDiff": 50.0, "minDisparity": 4.0, "numDisparities": 1.0, "p1": 5.0, "p2": 15.0, "preFilterCap": 0.0, "speckleRange": 25.0, "speckleWindowSize": 28.544973207759377, "uniquenessRatio": 30.0}, "datetime": {"datetime": "2023-01-21 11:02:26", "elapsed": 20012.656819, "delta": 30.90764}}
{"target": -491213040.25, "params": {"blockSize": 10.0, "disp12MaxDiff": 23.225683347858023, "minDisparity": 4.0, "numDisparities": 10.0, "p1": 5.0, "p2": 15.0, "preFilterCap": 50.0, "speckleRange": 0.0, "speckleWindowSize": 1310.0300746437529, "uniquenessRatio": 30.0}, "datetime": {"datetime": "2023-01-21 11:02:55", "elapsed": 20041.996644, "delta": 29.339825}}
{"target": -627167113.0, "params": {"blockSize": 10.0, "disp12MaxDiff": 0.0, "minDisparity": 1.0, "numDisparities": 10.0, "p1": 5.0, "p2": 60.0, "preFilterCap": 50.0, "speckleRange": 0.0, "speckleWindowSize": 1306.4966436631364, "uniquenessRatio": 0.0}, "datetime": {"datetime": "2023-01-21 11:03:34", "elapsed": 20080.646943, "delta": 38.650299}}
{"target": -456835813.5, "params": {"blockSize": 10.0, "disp12MaxDiff": 50.0, "minDisparity": 1.0, "numDisparities": 1.0, "p1": 15.0, "p2": 60.0, "preFilterCap": 50.0, "speckleRange": 0.0, "speckleWindowSize": 1660.0614093542226, "uniquenessRatio": 30.0}, "datetime": {"datetime": "2023-01-21 11:04:04", "elapsed": 20111.581069, "delta": 30.934126}}
{"target": -455053100.25, "params": {"blockSize": 10.0, "disp12MaxDiff": 18.324906231644388, "minDisparity": 1.0, "numDisparities": 1.0, "p1": 5.0, "p2": 60.0, "preFilterCap": 50.0, "speckleRange": 0.0, "speckleWindowSize": 1110.989269036052, "uniquenessRatio": 6.380895690204393}, "datetime": {"datetime": "2023-01-21 11:05:03", "elapsed": 20170.125531, "delta": 58.544462}}
{"target": -456176559.25, "params": {"blockSize": 10.0, "disp12MaxDiff": 50.0, "minDisparity": 4.0, "numDisparities": 1.0, "p1": 15.0, "p2": 38.73273259116858, "preFilterCap": 17.9945243438097, "speckleRange": 0.0, "speckleWindowSize": 797.4394872086176, "uniquenessRatio": 30.0}, "datetime": {"datetime": "2023-01-21 11:05:34", "elapsed": 20201.196123, "delta": 31.070592}}
{"target": -489462647.25, "params": {"blockSize": 10.0, "disp12MaxDiff": 0.0, "minDisparity": 1.0, "numDisparities": 10.0, "p1": 15.0, "p2": 60.0, "preFilterCap": 24.211328429764965, "speckleRange": 0.0, "speckleWindowSize": 1329.2905298847595, "uniquenessRatio": 30.0}, "datetime": {"datetime": "2023-01-21 11:06:01", "elapsed": 20228.121651, "delta": 26.925528}}
{"target": -448541847.0, "params": {"blockSize": 10.0, "disp12MaxDiff": 50.0, "minDisparity": 4.0, "numDisparities": 1.0, "p1": 5.0, "p2": 34.57263627274634, "preFilterCap": 50.0, "speckleRange": 25.0, "speckleWindowSize": 1263.2829007191685, "uniquenessRatio": 30.0}, "datetime": {"datetime": "2023-01-21 11:06:36", "elapsed": 20262.964336, "delta": 34.842685}}
{"target": -467308814.0, "params": {"blockSize": 2.0, "disp12MaxDiff": 25.246425782272663, "minDisparity": 4.0, "numDisparities": 10.0, "p1": 5.0, "p2": 60.0, "preFilterCap": 0.0, "speckleRange": 0.0, "speckleWindowSize": 2452.458470243937, "uniquenessRatio": 30.0}, "datetime": {"datetime": "2023-01-21 11:07:13", "elapsed": 20300.463055, "delta": 37.498719}}
{"target": -455128362.0, "params": {"blockSize": 10.0, "disp12MaxDiff": 0.0, "minDisparity": 4.0, "numDisparities": 1.0, "p1": 15.0, "p2": 60.0, "preFilterCap": 0.0, "speckleRange": 0.0, "speckleWindowSize": 171.7853964041388, "uniquenessRatio": 30.0}, "datetime": {"datetime": "2023-01-21 11:07:58", "elapsed": 20345.136634, "delta": 44.673579}}
{"target": -1087155668.0, "params": {"blockSize": 2.0, "disp12MaxDiff": 0.0, "minDisparity": 1.0, "numDisparities": 1.0, "p1": 5.0, "p2": 60.0, "preFilterCap": 0.0, "speckleRange": 25.0, "speckleWindowSize": 873.1458707440732, "uniquenessRatio": 0.0}, "datetime": {"datetime": "2023-01-21 11:08:51", "elapsed": 20398.428672, "delta": 53.292038}}
{"target": -441424997.0, "params": {"blockSize": 10.0, "disp12MaxDiff": 50.0, "minDisparity": 1.0, "numDisparities": 1.0, "p1": 15.0, "p2": 60.0, "preFilterCap": 0.0, "speckleRange": 25.0, "speckleWindowSize": 1552.9084284823011, "uniquenessRatio": 30.0}, "datetime": {"datetime": "2023-01-21 11:09:36", "elapsed": 20442.800298, "delta": 44.371626}}
{"target": -825351100.5, "params": {"blockSize": 10.0, "disp12MaxDiff": 0.0, "minDisparity": 4.0, "numDisparities": 1.0, "p1": 15.0, "p2": 24.751682341846603, "preFilterCap": 50.0, "speckleRange": 25.0, "speckleWindowSize": 1738.2373759740833, "uniquenessRatio": 0.0}, "datetime": {"datetime": "2023-01-21 11:10:04", "elapsed": 20471.490353, "delta": 28.690055}}
{"target": -474735602.5, "params": {"blockSize": 10.0, "disp12MaxDiff": 22.293458669846338, "minDisparity": 4.0, "numDisparities": 1.0, "p1": 15.0, "p2": 15.0, "preFilterCap": 50.0, "speckleRange": 25.0, "speckleWindowSize": 0.0, "uniquenessRatio": 30.0}, "datetime": {"datetime": "2023-01-21 11:10:33", "elapsed": 20500.142209, "delta": 28.651856}}
{"target": -456823423.75, "params": {"blockSize": 10.0, "disp12MaxDiff": 0.0, "minDisparity": 1.0, "numDisparities": 1.0, "p1": 15.0, "p2": 34.90396459926312, "preFilterCap": 23.102096387657486, "speckleRange": 0.0, "speckleWindowSize": 2111.7147890097403, "uniquenessRatio": 30.0}, "datetime": {"datetime": "2023-01-21 11:11:10", "elapsed": 20537.555222, "delta": 37.413013}}
{"target": -454576539.25, "params": {"blockSize": 10.0, "disp12MaxDiff": 50.0, "minDisparity": 1.0, "numDisparities": 1.0, "p1": 15.0, "p2": 34.92883322961827, "preFilterCap": 33.4618700190336, "speckleRange": 0.0, "speckleWindowSize": 310.0329632030659, "uniquenessRatio": 30.0}, "datetime": {"datetime": "2023-01-21 11:11:43", "elapsed": 20569.881276, "delta": 32.326054}}
{"target": -876898184.0, "params": {"blockSize": 10.0, "disp12MaxDiff": 0.0, "minDisparity": 1.0, "numDisparities": 10.0, "p1": 15.0, "p2": 60.0, "preFilterCap": 0.0, "speckleRange": 25.0, "speckleWindowSize": 705.8270562224972, "uniquenessRatio": 30.0}, "datetime": {"datetime": "2023-01-21 11:12:11", "elapsed": 20597.906034, "delta": 28.024758}}
{"target": -472149152.0, "params": {"blockSize": 4.843272997743928, "disp12MaxDiff": 44.29048948417723, "minDisparity": 1.2933138788750598, "numDisparities": 6.931984823218562, "p1": 5.875543817259854, "p2": 16.81658644581025, "preFilterCap": 1.3829670819145268, "speckleRange": 0.019797343542810042, "speckleWindowSize": 989.697646948651, "uniquenessRatio": 29.31084366628062}, "datetime": {"datetime": "2023-01-21 11:13:15", "elapsed": 20662.53434, "delta": 64.628306}}
{"target": -1090550713.0, "params": {"blockSize": 2.0, "disp12MaxDiff": 0.0, "minDisparity": 1.0, "numDisparities": 1.0, "p1": 5.0, "p2": 15.0, "preFilterCap": 0.0, "speckleRange": 25.0, "speckleWindowSize": 1929.2026117796847, "uniquenessRatio": 0.0}, "datetime": {"datetime": "2023-01-21 11:13:57", "elapsed": 20704.050851, "delta": 41.516511}}
{"target": -458589410.0, "params": {"blockSize": 10.0, "disp12MaxDiff": 50.0, "minDisparity": 4.0, "numDisparities": 1.0, "p1": 5.0, "p2": 15.0, "preFilterCap": 0.0, "speckleRange": 0.0, "speckleWindowSize": 1489.1818886023177, "uniquenessRatio": 0.0}, "datetime": {"datetime": "2023-01-21 11:15:01", "elapsed": 20768.313105, "delta": 64.262254}}
{"target": -457239972.75, "params": {"blockSize": 2.0, "disp12MaxDiff": 24.905579968146682, "minDisparity": 1.0, "numDisparities": 1.0, "p1": 5.0, "p2": 15.0, "preFilterCap": 50.0, "speckleRange": 0.0, "speckleWindowSize": 991.8719325860811, "uniquenessRatio": 30.0}, "datetime": {"datetime": "2023-01-21 11:15:38", "elapsed": 20805.224697, "delta": 36.911592}}
{"target": -442377396.25, "params": {"blockSize": 10.0, "disp12MaxDiff": 0.0, "minDisparity": 1.0, "numDisparities": 1.0, "p1": 5.0, "p2": 39.758359676982444, "preFilterCap": 50.0, "speckleRange": 25.0, "speckleWindowSize": 1279.1184712001816, "uniquenessRatio": 30.0}, "datetime": {"datetime": "2023-01-21 11:16:16", "elapsed": 20843.333985, "delta": 38.109288}}
{"target": -490435496.75, "params": {"blockSize": 10.0, "disp12MaxDiff": 50.0, "minDisparity": 4.0, "numDisparities": 10.0, "p1": 5.0, "p2": 60.0, "preFilterCap": 50.0, "speckleRange": 0.0, "speckleWindowSize": 1347.669193054183, "uniquenessRatio": 30.0}, "datetime": {"datetime": "2023-01-21 11:17:00", "elapsed": 20887.545388, "delta": 44.211403}}
{"target": -443085678.75, "params": {"blockSize": 10.0, "disp12MaxDiff": 33.00266291714456, "minDisparity": 1.0, "numDisparities": 1.0, "p1": 15.0, "p2": 60.0, "preFilterCap": 50.0, "speckleRange": 25.0, "speckleWindowSize": 1321.8171843260275, "uniquenessRatio": 30.0}, "datetime": {"datetime": "2023-01-21 11:17:30", "elapsed": 20916.763708, "delta": 29.21832}}
{"target": -829589709.0, "params": {"blockSize": 10.0, "disp12MaxDiff": 0.0, "minDisparity": 4.0, "numDisparities": 1.0, "p1": 5.0, "p2": 15.0, "preFilterCap": 50.0, "speckleRange": 25.0, "speckleWindowSize": 1652.5384922463652, "uniquenessRatio": 0.0}, "datetime": {"datetime": "2023-01-21 11:18:16", "elapsed": 20963.095498, "delta": 46.33179}}
{"target": -455396321.25, "params": {"blockSize": 10.0, "disp12MaxDiff": 27.1584794811732, "minDisparity": 1.0, "numDisparities": 1.0, "p1": 5.0, "p2": 15.0, "preFilterCap": 50.0, "speckleRange": 0.0, "speckleWindowSize": 2208.3662554145403, "uniquenessRatio": 0.0}, "datetime": {"datetime": "2023-01-21 11:18:53", "elapsed": 21000.562334, "delta": 37.466836}}
{"target": -457347432.25, "params": {"blockSize": 2.0, "disp12MaxDiff": 50.0, "minDisparity": 4.0, "numDisparities": 1.0, "p1": 15.0, "p2": 36.67613037064841, "preFilterCap": 0.0, "speckleRange": 0.0, "speckleWindowSize": 1584.1292656183462, "uniquenessRatio": 30.0}, "datetime": {"datetime": "2023-01-21 11:19:43", "elapsed": 21049.66853, "delta": 49.106196}}
{"target": -2136772918.0, "params": {"blockSize": 2.0, "disp12MaxDiff": 50.0, "minDisparity": 1.0, "numDisparities": 10.0, "p1": 15.0, "p2": 60.0, "preFilterCap": 0.0, "speckleRange": 25.0, "speckleWindowSize": 203.55798582920661, "uniquenessRatio": 30.0}, "datetime": {"datetime": "2023-01-21 11:20:11", "elapsed": 21078.47246, "delta": 28.80393}}
{"target": -461696631.25, "params": {"blockSize": 10.0, "disp12MaxDiff": 29.601946186312148, "minDisparity": 1.0, "numDisparities": 1.0, "p1": 5.0, "p2": 38.69595712241327, "preFilterCap": 50.0, "speckleRange": 25.0, "speckleWindowSize": 0.0, "uniquenessRatio": 30.0}, "datetime": {"datetime": "2023-01-21 11:21:03", "elapsed": 21130.58687, "delta": 52.11441}}
{"target": -456203772.75, "params": {"blockSize": 2.0, "disp12MaxDiff": 50.0, "minDisparity": 1.0, "numDisparities": 1.0, "p1": 15.0, "p2": 44.17641626844071, "preFilterCap": 0.0, "speckleRange": 0.0, "speckleWindowSize": 503.51327044862074, "uniquenessRatio": 30.0}, "datetime": {"datetime": "2023-01-21 11:21:42", "elapsed": 21169.310493, "delta": 38.723623}}
{"target": -470799577.25, "params": {"blockSize": 2.0, "disp12MaxDiff": 20.676263548934138, "minDisparity": 4.0, "numDisparities": 10.0, "p1": 5.0, "p2": 60.0, "preFilterCap": 50.0, "speckleRange": 0.0, "speckleWindowSize": 1300.492429174657, "uniquenessRatio": 30.0}, "datetime": {"datetime": "2023-01-21 11:22:13", "elapsed": 21199.91834, "delta": 30.607847}}
{"target": -454992106.0, "params": {"blockSize": 10.0, "disp12MaxDiff": 0.0, "minDisparity": 1.0, "numDisparities": 1.0, "p1": 15.0, "p2": 15.0, "preFilterCap": 27.123521100217253, "speckleRange": 0.0, "speckleWindowSize": 929.0515614574995, "uniquenessRatio": 0.0}, "datetime": {"datetime": "2023-01-21 11:22:51", "elapsed": 21237.92346, "delta": 38.00512}}
{"target": -456971768.75, "params": {"blockSize": 2.0, "disp12MaxDiff": 0.0, "minDisparity": 1.0, "numDisparities": 1.0, "p1": 5.0, "p2": 15.0, "preFilterCap": 0.0, "speckleRange": 0.0, "speckleWindowSize": 644.7477221226649, "uniquenessRatio": 30.0}, "datetime": {"datetime": "2023-01-21 11:23:31", "elapsed": 21277.623602, "delta": 39.700142}}
{"target": -444125385.75, "params": {"blockSize": 10.0, "disp12MaxDiff": 50.0, "minDisparity": 1.0, "numDisparities": 1.0, "p1": 15.0, "p2": 60.0, "preFilterCap": 50.0, "speckleRange": 25.0, "speckleWindowSize": 1910.211735674552, "uniquenessRatio": 30.0}, "datetime": {"datetime": "2023-01-21 11:24:08", "elapsed": 21315.094911, "delta": 37.471309}}
{"target": -457606492.25, "params": {"blockSize": 10.0, "disp12MaxDiff": 0.0, "minDisparity": 4.0, "numDisparities": 1.0, "p1": 5.0, "p2": 15.0, "preFilterCap": 24.003975798910652, "speckleRange": 0.0, "speckleWindowSize": 994.4238207645667, "uniquenessRatio": 0.0}, "datetime": {"datetime": "2023-01-21 11:24:55", "elapsed": 21361.77894, "delta": 46.684029}}
{"target": -456549986.0, "params": {"blockSize": 2.0, "disp12MaxDiff": 50.0, "minDisparity": 4.0, "numDisparities": 1.0, "p1": 15.0, "p2": 60.0, "preFilterCap": 25.457817335326187, "speckleRange": 0.0, "speckleWindowSize": 85.72604729324013, "uniquenessRatio": 30.0}, "datetime": {"datetime": "2023-01-21 11:25:35", "elapsed": 21401.945302, "delta": 40.166362}}
{"target": -457214312.0, "params": {"blockSize": 2.0, "disp12MaxDiff": 26.993386007576333, "minDisparity": 4.0, "numDisparities": 1.0, "p1": 5.0, "p2": 60.0, "preFilterCap": 11.402069865723988, "speckleRange": 0.0, "speckleWindowSize": 705.5085126265176, "uniquenessRatio": 30.0}, "datetime": {"datetime": "2023-01-21 11:26:46", "elapsed": 21472.848624, "delta": 70.903322}}
{"target": -458203798.0, "params": {"blockSize": 10.0, "disp12MaxDiff": 0.0, "minDisparity": 1.0, "numDisparities": 1.0, "p1": 15.0, "p2": 15.0, "preFilterCap": 50.0, "speckleRange": 0.0, "speckleWindowSize": 0.0, "uniquenessRatio": 30.0}, "datetime": {"datetime": "2023-01-21 11:27:38", "elapsed": 21524.862935, "delta": 52.014311}}
{"target": -440786178.0, "params": {"blockSize": 10.0, "disp12MaxDiff": 0.0, "minDisparity": 1.0, "numDisparities": 1.0, "p1": 15.0, "p2": 60.0, "preFilterCap": 23.781864580175018, "speckleRange": 25.0, "speckleWindowSize": 351.58710204596673, "uniquenessRatio": 30.0}, "datetime": {"datetime": "2023-01-21 11:28:07", "elapsed": 21553.640487, "delta": 28.777552}}
{"target": -881679759.0, "params": {"blockSize": 10.0, "disp12MaxDiff": 50.0, "minDisparity": 1.0, "numDisparities": 1.0, "p1": 15.0, "p2": 60.0, "preFilterCap": 50.0, "speckleRange": 25.0, "speckleWindowSize": 1592.657839733963, "uniquenessRatio": 0.0}, "datetime": {"datetime": "2023-01-21 11:28:50", "elapsed": 21597.431754, "delta": 43.791267}}
{"target": -455988967.25, "params": {"blockSize": 2.0, "disp12MaxDiff": 0.0, "minDisparity": 1.0, "numDisparities": 1.0, "p1": 15.0, "p2": 15.0, "preFilterCap": 50.0, "speckleRange": 0.0, "speckleWindowSize": 572.4008725430157, "uniquenessRatio": 0.0}, "datetime": {"datetime": "2023-01-21 11:29:31", "elapsed": 21638.381391, "delta": 40.949637}}
{"target": -442269082.0, "params": {"blockSize": 10.0, "disp12MaxDiff": 50.0, "minDisparity": 1.0, "numDisparities": 1.0, "p1": 5.0, "p2": 15.0, "preFilterCap": 50.0, "speckleRange": 25.0, "speckleWindowSize": 1089.970048562347, "uniquenessRatio": 30.0}, "datetime": {"datetime": "2023-01-21 11:30:15", "elapsed": 21682.051719, "delta": 43.670328}}
{"target": -442944092.0, "params": {"blockSize": 10.0, "disp12MaxDiff": 50.0, "minDisparity": 1.0, "numDisparities": 1.0, "p1": 15.0, "p2": 15.0, "preFilterCap": 50.0, "speckleRange": 25.0, "speckleWindowSize": 416.6612072588409, "uniquenessRatio": 30.0}, "datetime": {"datetime": "2023-01-21 11:30:52", "elapsed": 21718.75237, "delta": 36.700651}}
{"target": -483048873.75, "params": {"blockSize": 10.0, "disp12MaxDiff": 50.0, "minDisparity": 1.0, "numDisparities": 10.0, "p1": 5.0, "p2": 60.0, "preFilterCap": 0.0, "speckleRange": 0.0, "speckleWindowSize": 1740.968038976746, "uniquenessRatio": 30.0}, "datetime": {"datetime": "2023-01-21 11:31:21", "elapsed": 21748.102802, "delta": 29.350432}}
{"target": -454845654.0, "params": {"blockSize": 2.0, "disp12MaxDiff": 50.0, "minDisparity": 1.0, "numDisparities": 1.0, "p1": 15.0, "p2": 34.90550859967651, "preFilterCap": 0.0, "speckleRange": 0.0, "speckleWindowSize": 20.092897426768122, "uniquenessRatio": 30.0}, "datetime": {"datetime": "2023-01-21 11:31:51", "elapsed": 21778.577999, "delta": 30.475197}}
{"target": -440128583.25, "params": {"blockSize": 10.0, "disp12MaxDiff": 0.0, "minDisparity": 1.0, "numDisparities": 1.0, "p1": 15.0, "p2": 44.750100761173705, "preFilterCap": 0.0, "speckleRange": 25.0, "speckleWindowSize": 1040.4613173552386, "uniquenessRatio": 30.0}, "datetime": {"datetime": "2023-01-21 11:32:38", "elapsed": 21824.68284, "delta": 46.104841}}
{"target": -456791811.75, "params": {"blockSize": 10.0, "disp12MaxDiff": 50.0, "minDisparity": 1.0, "numDisparities": 1.0, "p1": 15.0, "p2": 36.411066380555695, "preFilterCap": 18.174009297816603, "speckleRange": 0.0, "speckleWindowSize": 2141.879185624205, "uniquenessRatio": 30.0}, "datetime": {"datetime": "2023-01-21 11:33:37", "elapsed": 21884.249402, "delta": 59.566562}}
{"target": -945966690.0, "params": {"blockSize": 10.0, "disp12MaxDiff": 50.0, "minDisparity": 1.0, "numDisparities": 1.0, "p1": 15.0, "p2": 60.0, "preFilterCap": 0.0, "speckleRange": 25.0, "speckleWindowSize": 1766.9793697233833, "uniquenessRatio": 0.0}, "datetime": {"datetime": "2023-01-21 11:34:06", "elapsed": 21912.793014, "delta": 28.543612}}
{"target": -455361696.25, "params": {"blockSize": 10.0, "disp12MaxDiff": 25.72237420822005, "minDisparity": 1.0, "numDisparities": 1.0, "p1": 5.0, "p2": 35.73511680698169, "preFilterCap": 0.0, "speckleRange": 0.0, "speckleWindowSize": 1933.5088125441775, "uniquenessRatio": 0.0}, "datetime": {"datetime": "2023-01-21 11:34:36", "elapsed": 21943.298491, "delta": 30.505477}}
{"target": -452247580.0, "params": {"blockSize": 10.0, "disp12MaxDiff": 50.0, "minDisparity": 1.0, "numDisparities": 1.0, "p1": 5.0, "p2": 60.0, "preFilterCap": 0.0, "speckleRange": 0.0, "speckleWindowSize": 63.454177207247575, "uniquenessRatio": 30.0}, "datetime": {"datetime": "2023-01-21 11:35:06", "elapsed": 21972.985748, "delta": 29.687257}}
{"target": -456003567.5, "params": {"blockSize": 10.0, "disp12MaxDiff": 50.0, "minDisparity": 4.0, "numDisparities": 1.0, "p1": 15.0, "p2": 15.0, "preFilterCap": 0.0, "speckleRange": 0.0, "speckleWindowSize": 607.9583675289787, "uniquenessRatio": 30.0}, "datetime": {"datetime": "2023-01-21 11:35:37", "elapsed": 22004.201755, "delta": 31.216007}}
{"target": -947304375.0, "params": {"blockSize": 10.0, "disp12MaxDiff": 50.0, "minDisparity": 1.0, "numDisparities": 1.0, "p1": 5.0, "p2": 15.0, "preFilterCap": 0.0, "speckleRange": 25.0, "speckleWindowSize": 834.8022906526704, "uniquenessRatio": 0.0}, "datetime": {"datetime": "2023-01-21 11:36:07", "elapsed": 22034.510644, "delta": 30.308889}}
{"target": -456468335.75, "params": {"blockSize": 2.0, "disp12MaxDiff": 50.0, "minDisparity": 1.0, "numDisparities": 1.0, "p1": 15.0, "p2": 44.62749547230752, "preFilterCap": 50.0, "speckleRange": 0.0, "speckleWindowSize": 493.1102819762748, "uniquenessRatio": 30.0}, "datetime": {"datetime": "2023-01-21 11:37:19", "elapsed": 22105.832163, "delta": 71.321519}}
{"target": -472645244.75, "params": {"blockSize": 2.0, "disp12MaxDiff": 0.0, "minDisparity": 1.0, "numDisparities": 1.0, "p1": 5.0, "p2": 43.13310780896015, "preFilterCap": 50.0, "speckleRange": 25.0, "speckleWindowSize": 1889.7596331110742, "uniquenessRatio": 30.0}, "datetime": {"datetime": "2023-01-21 11:38:17", "elapsed": 22164.116974, "delta": 58.284811}}
{"target": -457048993.75, "params": {"blockSize": 10.0, "disp12MaxDiff": 50.0, "minDisparity": 4.0, "numDisparities": 1.0, "p1": 15.0, "p2": 15.0, "preFilterCap": 50.0, "speckleRange": 0.0, "speckleWindowSize": 1838.95299879202, "uniquenessRatio": 30.0}, "datetime": {"datetime": "2023-01-21 11:38:48", "elapsed": 22195.071145, "delta": 30.954171}}
{"target": -457595829.0, "params": {"blockSize": 2.0, "disp12MaxDiff": 0.0, "minDisparity": 1.0, "numDisparities": 1.0, "p1": 15.0, "p2": 60.0, "preFilterCap": 18.32376230265308, "speckleRange": 0.0, "speckleWindowSize": 2250.962015287717, "uniquenessRatio": 30.0}, "datetime": {"datetime": "2023-01-21 11:39:48", "elapsed": 22254.703315, "delta": 59.63217}}
{"target": -459643214.25, "params": {"blockSize": 10.0, "disp12MaxDiff": 26.962248958118607, "minDisparity": 4.0, "numDisparities": 1.0, "p1": 5.0, "p2": 60.0, "preFilterCap": 0.0, "speckleRange": 25.0, "speckleWindowSize": 144.7817476880011, "uniquenessRatio": 30.0}, "datetime": {"datetime": "2023-01-21 11:40:43", "elapsed": 22309.697731, "delta": 54.994416}}
{"target": -478541594.0, "params": {"blockSize": 2.0, "disp12MaxDiff": 0.0, "minDisparity": 1.0, "numDisparities": 10.0, "p1": 5.0, "p2": 60.0, "preFilterCap": 50.0, "speckleRange": 0.0, "speckleWindowSize": 1891.86243498044, "uniquenessRatio": 0.0}, "datetime": {"datetime": "2023-01-21 11:41:34", "elapsed": 22360.823779, "delta": 51.126048}}
{"target": -455644363.25, "params": {"blockSize": 10.0, "disp12MaxDiff": 27.486812695145662, "minDisparity": 1.0, "numDisparities": 1.0, "p1": 15.0, "p2": 60.0, "preFilterCap": 0.0, "speckleRange": 0.0, "speckleWindowSize": 802.8019465030832, "uniquenessRatio": 30.0}, "datetime": {"datetime": "2023-01-21 11:42:13", "elapsed": 22400.061771, "delta": 39.237992}}
{"target": -453811292.5, "params": {"blockSize": 10.0, "disp12MaxDiff": 0.0, "minDisparity": 4.0, "numDisparities": 1.0, "p1": 5.0, "p2": 15.0, "preFilterCap": 24.717166866438863, "speckleRange": 25.0, "speckleWindowSize": 325.63821543745036, "uniquenessRatio": 30.0}, "datetime": {"datetime": "2023-01-21 11:42:43", "elapsed": 22429.748991, "delta": 29.68722}}
