{"target": -1099555416.0, "params": {"blockSize": 2.0, "disp12MaxDiff": 0.0, "minDisparity": 1.0, "numDisparities": 1.0, "p1": 15.0, "p2": 60.0, "preFilterCap": 50.0, "speckleRange": 25.0, "speckleWindowSize": 1760.8512917483263, "uniquenessRatio": 0.0}, "datetime": {"datetime": "2023-01-21 06:18:28", "elapsed": 2975.280413, "delta": 10.801825}}
{"target": -743168090.0, "params": {"blockSize": 5.859419595284867, "disp12MaxDiff": 4.0826956502200415, "minDisparity": 1.9701483153508237, "numDisparities": 1.1961243839495832, "p1": 7.716130841227772, "p2": 15.250214281656982, "preFilterCap": 47.51786043288501, "speckleRange": 24.03813796388625, "speckleWindowSize": 147.74004635820015, "uniquenessRatio": 12.515077866479881}, "datetime": {"datetime": "2023-01-21 06:18:39", "elapsed": 2985.919642, "delta": 10.639229}}
{"target": -455000968.5, "params": {"blockSize": 10.0, "disp12MaxDiff": 0.0, "minDisparity": 1.0, "numDisparities": 1.0, "p1": 5.0, "p2": 15.0, "preFilterCap": 25.238513360127104, "speckleRange": 0.0, "speckleWindowSize": 1056.277938164955, "uniquenessRatio": 0.0}, "datetime": {"datetime": "2023-01-21 06:18:49", "elapsed": 2996.171931, "delta": 10.252289}}
{"target": -539953180.75, "params": {"blockSize": 6.019824209822062, "disp12MaxDiff": 6.8672968693149095, "minDisparity": 3.317239751234572, "numDisparities": 2.576144670765653, "p1": 10.705694708093457, "p2": 47.9648820631274, "preFilterCap": 42.05263497276518, "speckleRange": 22.205602783046924, "speckleWindowSize": 1305.5846835683171, "uniquenessRatio": 28.499500618958223}, "datetime": {"datetime": "2023-01-21 06:18:59", "elapsed": 3006.023003, "delta": 9.851072}}
{"target": -669588349.5, "params": {"blockSize": 8.802665260949253, "disp12MaxDiff": 2.1883263558733823, "minDisparity": 3.6239059961711746, "numDisparities": 4.583255565454735, "p1": 14.340354610519123, "p2": 56.62125187705895, "preFilterCap": 4.575025108515273, "speckleRange": 19.12860612981316, "speckleWindowSize": 1324.594607635321, "uniquenessRatio": 26.858245528139175}, "datetime": {"datetime": "2023-01-21 06:19:09", "elapsed": 3015.692776, "delta": 9.669773}}
{"target": -457391933.25, "params": {"blockSize": 2.0, "disp12MaxDiff": 0.0, "minDisparity": 1.0, "numDisparities": 1.0, "p1": 15.0, "p2": 60.0, "preFilterCap": 0.0, "speckleRange": 0.0, "speckleWindowSize": 1954.944422627617, "uniquenessRatio": 30.0}, "datetime": {"datetime": "2023-01-21 06:19:19", "elapsed": 3026.19973, "delta": 10.506954}}
{"target": -442578672.5, "params": {"blockSize": 10.0, "disp12MaxDiff": 11.172097349092963, "minDisparity": 1.0, "numDisparities": 1.0, "p1": 15.0, "p2": 15.0, "preFilterCap": 50.0, "speckleRange": 25.0, "speckleWindowSize": 1295.1754092814117, "uniquenessRatio": 30.0}, "datetime": {"datetime": "2023-01-21 06:19:28", "elapsed": 3035.608691, "delta": 9.408961}}
{"target": -487605648.25, "params": {"blockSize": 10.0, "disp12MaxDiff": 0.0, "minDisparity": 4.0, "numDisparities": 10.0, "p1": 5.0, "p2": 15.0, "preFilterCap": 50.0, "speckleRange": 0.0, "speckleWindowSize": 1496.6719581019606, "uniquenessRatio": 30.0}, "datetime": {"datetime": "2023-01-21 06:19:38", "elapsed": 3045.11748, "delta": 9.508789}}
{"target": -455227637.75, "params": {"blockSize": 10.0, "disp12MaxDiff": 0.0, "minDisparity": 1.0, "numDisparities": 1.0, "p1": 15.0, "p2": 15.0, "preFilterCap": 50.0, "speckleRange": 0.0, "speckleWindowSize": 383.90625764413375, "uniquenessRatio": 30.0}, "datetime": {"datetime": "2023-01-21 06:19:48", "elapsed": 3054.771113, "delta": 9.653633}}
{"target": -458249395.0, "params": {"blockSize": 10.0, "disp12MaxDiff": 34.64728166690665, "minDisparity": 4.0, "numDisparities": 1.0, "p1": 5.0, "p2": 60.0, "preFilterCap": 50.0, "speckleRange": 0.0, "speckleWindowSize": 662.3899961149032, "uniquenessRatio": 0.0}, "datetime": {"datetime": "2023-01-21 06:19:58", "elapsed": 3064.928209, "delta": 10.157096}}
{"target": -512171851.5, "params": {"blockSize": 5.597866717387982, "disp12MaxDiff": 42.431786052112756, "minDisparity": 1.9888242776433804, "numDisparities": 2.0925135169220197, "p1": 12.2780891395438, "p2": 18.886993135033176, "preFilterCap": 44.07665515072288, "speckleRange": 4.889127159204601, "speckleWindowSize": 1276.8102783549698, "uniquenessRatio": 26.621115955315886}, "datetime": {"datetime": "2023-01-21 06:20:08", "elapsed": 3075.41583, "delta": 10.487621}}
{"target": -456801188.5, "params": {"blockSize": 10.0, "disp12MaxDiff": 0.0, "minDisparity": 1.0, "numDisparities": 1.0, "p1": 15.0, "p2": 60.0, "preFilterCap": 50.0, "speckleRange": 0.0, "speckleWindowSize": 1484.0045575286256, "uniquenessRatio": 30.0}, "datetime": {"datetime": "2023-01-21 06:20:18", "elapsed": 3085.238145, "delta": 9.822315}}
{"target": -455042576.75, "params": {"blockSize": 2.0, "disp12MaxDiff": 35.6514678039956, "minDisparity": 1.0, "numDisparities": 1.0, "p1": 15.0, "p2": 15.0, "preFilterCap": 50.0, "speckleRange": 0.0, "speckleWindowSize": 414.84805701731807, "uniquenessRatio": 0.0}, "datetime": {"datetime": "2023-01-21 06:20:29", "elapsed": 3095.939796, "delta": 10.701651}}
{"target": -890024037.0, "params": {"blockSize": 10.0, "disp12MaxDiff": 50.0, "minDisparity": 1.0, "numDisparities": 1.0, "p1": 15.0, "p2": 60.0, "preFilterCap": 50.0, "speckleRange": 0.0, "speckleWindowSize": 0.0, "uniquenessRatio": 0.0}, "datetime": {"datetime": "2023-01-21 06:20:38", "elapsed": 3105.54947, "delta": 9.609674}}
{"target": -616203135.5, "params": {"blockSize": 6.335459150628961, "disp12MaxDiff": 47.87478635997717, "minDisparity": 3.5038208415927774, "numDisparities": 4.8050315861897275, "p1": 5.121850076351863, "p2": 17.273851266599028, "preFilterCap": 7.077226106161821, "speckleRange": 1.7495301081532855, "speckleWindowSize": 1313.2825274697138, "uniquenessRatio": 28.90163364215653}, "datetime": {"datetime": "2023-01-21 06:20:49", "elapsed": 3115.62986, "delta": 10.08039}}
{"target": -677130061.5, "params": {"blockSize": 2.0, "disp12MaxDiff": 50.0, "minDisparity": 1.0, "numDisparities": 1.0, "p1": 15.0, "p2": 60.0, "preFilterCap": 0.0, "speckleRange": 25.0, "speckleWindowSize": 0.0, "uniquenessRatio": 30.0}, "datetime": {"datetime": "2023-01-21 06:20:59", "elapsed": 3125.673088, "delta": 10.043228}}
{"target": -856640801.5, "params": {"blockSize": 3.222726829617824, "disp12MaxDiff": 3.8029279793485413, "minDisparity": 2.9515180564906784, "numDisparities": 8.4815640757189, "p1": 8.096186772120323, "p2": 21.228497570933143, "preFilterCap": 2.957325573773945, "speckleRange": 2.0722259769622027, "speckleWindowSize": 1948.3999315845301, "uniquenessRatio": 29.21184068349438}, "datetime": {"datetime": "2023-01-21 06:21:09", "elapsed": 3135.999142, "delta": 10.326054}}
{"target": -447115592.0, "params": {"blockSize": 10.0, "disp12MaxDiff": 17.44248701036154, "minDisparity": 4.0, "numDisparities": 1.0, "p1": 15.0, "p2": 36.94589058364529, "preFilterCap": 21.318294442386005, "speckleRange": 25.0, "speckleWindowSize": 1751.6914189456375, "uniquenessRatio": 30.0}, "datetime": {"datetime": "2023-01-21 06:21:19", "elapsed": 3145.65825, "delta": 9.659108}}
{"target": -471722492.5, "params": {"blockSize": 2.0, "disp12MaxDiff": 0.0, "minDisparity": 1.0, "numDisparities": 1.0, "p1": 15.0, "p2": 22.462424274464112, "preFilterCap": 32.00269125220826, "speckleRange": 25.0, "speckleWindowSize": 804.6261379051313, "uniquenessRatio": 30.0}, "datetime": {"datetime": "2023-01-21 06:21:30", "elapsed": 3156.709793, "delta": 11.051543}}
{"target": -456570213.75, "params": {"blockSize": 10.0, "disp12MaxDiff": 50.0, "minDisparity": 1.0, "numDisparities": 1.0, "p1": 5.0, "p2": 15.0, "preFilterCap": 50.0, "speckleRange": 0.0, "speckleWindowSize": 1149.6734675457512, "uniquenessRatio": 30.0}, "datetime": {"datetime": "2023-01-21 06:21:39", "elapsed": 3166.385485, "delta": 9.675692}}
{"target": -439769432.0, "params": {"blockSize": 10.0, "disp12MaxDiff": 0.0, "minDisparity": 1.0, "numDisparities": 1.0, "p1": 15.0, "p2": 24.592975724330586, "preFilterCap": 0.0, "speckleRange": 25.0, "speckleWindowSize": 822.1659384766499, "uniquenessRatio": 30.0}, "datetime": {"datetime": "2023-01-21 06:21:49", "elapsed": 3176.306443, "delta": 9.920958}}
{"target": -1140296791.0, "params": {"blockSize": 2.5976019180034866, "disp12MaxDiff": 4.341987119036167, "minDisparity": 3.1482273302692554, "numDisparities": 1.7510652921524645, "p1": 14.198551819468655, "p2": 54.90351577827589, "preFilterCap": 3.5810546221501482, "speckleRange": 23.716567691120932, "speckleWindowSize": 1951.8345362515574, "uniquenessRatio": 1.3452101380830128}, "datetime": {"datetime": "2023-01-21 06:22:00", "elapsed": 3187.171783, "delta": 10.86534}}
{"target": -928162906.0, "params": {"blockSize": 10.0, "disp12MaxDiff": 50.0, "minDisparity": 4.0, "numDisparities": 1.0, "p1": 5.0, "p2": 15.0, "preFilterCap": 50.0, "speckleRange": 25.0, "speckleWindowSize": 140.19979743482574, "uniquenessRatio": 0.0}, "datetime": {"datetime": "2023-01-21 06:22:10", "elapsed": 3197.430485, "delta": 10.258702}}
{"target": -587544636.0, "params": {"blockSize": 2.0, "disp12MaxDiff": 19.155651592220032, "minDisparity": 4.0, "numDisparities": 1.0, "p1": 15.0, "p2": 60.0, "preFilterCap": 0.0, "speckleRange": 25.0, "speckleWindowSize": 811.6641153938518, "uniquenessRatio": 30.0}, "datetime": {"datetime": "2023-01-21 06:22:21", "elapsed": 3208.221699, "delta": 10.791214}}
{"target": -455046524.0, "params": {"blockSize": 10.0, "disp12MaxDiff": 50.0, "minDisparity": 1.0, "numDisparities": 1.0, "p1": 15.0, "p2": 15.0, "preFilterCap": 0.0, "speckleRange": 25.0, "speckleWindowSize": 0.0, "uniquenessRatio": 30.0}, "datetime": {"datetime": "2023-01-21 06:22:31", "elapsed": 3217.633615, "delta": 9.411916}}
{"target": -989201749.0, "params": {"blockSize": 10.0, "disp12MaxDiff": 50.0, "minDisparity": 4.0, "numDisparities": 1.0, "p1": 15.0, "p2": 15.0, "preFilterCap": 0.0, "speckleRange": 0.0, "speckleWindowSize": 0.0, "uniquenessRatio": 0.0}, "datetime": {"datetime": "2023-01-21 06:22:41", "elapsed": 3228.11072, "delta": 10.477105}}
{"target": -457145020.25, "params": {"blockSize": 10.0, "disp12MaxDiff": 50.0, "minDisparity": 1.0, "numDisparities": 1.0, "p1": 5.0, "p2": 15.0, "preFilterCap": 41.725059662590745, "speckleRange": 25.0, "speckleWindowSize": 0.0, "uniquenessRatio": 30.0}, "datetime": {"datetime": "2023-01-21 06:22:51", "elapsed": 3237.872785, "delta": 9.762065}}
{"target": -455374527.75, "params": {"blockSize": 10.0, "disp12MaxDiff": 0.0, "minDisparity": 1.0, "numDisparities": 1.0, "p1": 5.0, "p2": 15.0, "preFilterCap": 16.149130055964033, "speckleRange": 0.0, "speckleWindowSize": 1540.820685166143, "uniquenessRatio": 0.0}, "datetime": {"datetime": "2023-01-21 06:23:01", "elapsed": 3248.550078, "delta": 10.677293}}
{"target": -455899081.25, "params": {"blockSize": 2.0, "disp12MaxDiff": 50.0, "minDisparity": 1.0, "numDisparities": 1.0, "p1": 15.0, "p2": 60.0, "preFilterCap": 7.50372361355679, "speckleRange": 0.0, "speckleWindowSize": 1889.3861918748962, "uniquenessRatio": 0.0}, "datetime": {"datetime": "2023-01-21 06:23:12", "elapsed": 3259.312076, "delta": 10.761998}}
{"target": -457241342.75, "params": {"blockSize": 10.0, "disp12MaxDiff": 0.0, "minDisparity": 4.0, "numDisparities": 1.0, "p1": 5.0, "p2": 60.0, "preFilterCap": 7.123623148600631, "speckleRange": 0.0, "speckleWindowSize": 2227.014013352306, "uniquenessRatio": 30.0}, "datetime": {"datetime": "2023-01-21 06:23:22", "elapsed": 3268.999778, "delta": 9.687702}}
{"target": -457583946.5, "params": {"blockSize": 2.0, "disp12MaxDiff": 50.0, "minDisparity": 1.0, "numDisparities": 1.0, "p1": 5.0, "p2": 60.0, "preFilterCap": 0.0, "speckleRange": 0.0, "speckleWindowSize": 1863.4267642031052, "uniquenessRatio": 30.0}, "datetime": {"datetime": "2023-01-21 06:23:33", "elapsed": 3279.937189, "delta": 10.937411}}
{"target": -479710756.75, "params": {"blockSize": 10.0, "disp12MaxDiff": 50.0, "minDisparity": 4.0, "numDisparities": 1.0, "p1": 5.0, "p2": 57.17792258441238, "preFilterCap": 50.0, "speckleRange": 25.0, "speckleWindowSize": 0.0, "uniquenessRatio": 30.0}, "datetime": {"datetime": "2023-01-21 06:23:42", "elapsed": 3289.346592, "delta": 9.409403}}
{"target": -458615758.75, "params": {"blockSize": 10.0, "disp12MaxDiff": 50.0, "minDisparity": 1.0, "numDisparities": 1.0, "p1": 5.0, "p2": 39.41927977885249, "preFilterCap": 23.600561351500144, "speckleRange": 0.0, "speckleWindowSize": 0.0, "uniquenessRatio": 30.0}, "datetime": {"datetime": "2023-01-21 06:23:52", "elapsed": 3299.395785, "delta": 10.049193}}
{"target": -640658843.5, "params": {"blockSize": 2.0, "disp12MaxDiff": 50.0, "minDisparity": 1.0, "numDisparities": 1.0, "p1": 15.0, "p2": 15.0, "preFilterCap": 50.0, "speckleRange": 0.0, "speckleWindowSize": 0.0, "uniquenessRatio": 30.0}, "datetime": {"datetime": "2023-01-21 06:24:03", "elapsed": 3309.708105, "delta": 10.31232}}
{"target": -1126191937.0, "params": {"blockSize": 2.0, "disp12MaxDiff": 50.0, "minDisparity": 1.0, "numDisparities": 1.0, "p1": 15.0, "p2": 25.02135447355726, "preFilterCap": 50.0, "speckleRange": 25.0, "speckleWindowSize": 0.0, "uniquenessRatio": 0.0}, "datetime": {"datetime": "2023-01-21 06:24:13", "elapsed": 3319.793077, "delta": 10.084972}}
{"target": -456648358.5, "params": {"blockSize": 10.0, "disp12MaxDiff": 50.0, "minDisparity": 1.0, "numDisparities": 1.0, "p1": 5.0, "p2": 60.0, "preFilterCap": 50.0, "speckleRange": 0.0, "speckleWindowSize": 1107.9494193315002, "uniquenessRatio": 30.0}, "datetime": {"datetime": "2023-01-21 06:24:23", "elapsed": 3329.866046, "delta": 10.072969}}
{"target": -4993068668.0, "params": {"blockSize": 10.0, "disp12MaxDiff": 50.0, "minDisparity": 1.0, "numDisparities": 10.0, "p1": 5.0, "p2": 60.0, "preFilterCap": 14.652605365241742, "speckleRange": 25.0, "speckleWindowSize": 0.0, "uniquenessRatio": 0.0}, "datetime": {"datetime": "2023-01-21 06:24:33", "elapsed": 3340.252832, "delta": 10.386786}}
{"target": -849694627.0, "params": {"blockSize": 2.3660460974995976, "disp12MaxDiff": 46.135468016248815, "minDisparity": 3.6986011953283917, "numDisparities": 2.7431926347823756, "p1": 12.044710063699817, "p2": 26.818600280462704, "preFilterCap": 48.33959543692508, "speckleRange": 1.81951307536945, "speckleWindowSize": 1112.5720068208866, "uniquenessRatio": 1.0993719356787413}, "datetime": {"datetime": "2023-01-21 06:24:44", "elapsed": 3351.477872, "delta": 11.22504}}
{"target": -447384766.0, "params": {"blockSize": 10.0, "disp12MaxDiff": 22.498315427949922, "minDisparity": 4.0, "numDisparities": 1.0, "p1": 15.0, "p2": 60.0, "preFilterCap": 0.0, "speckleRange": 25.0, "speckleWindowSize": 1695.1991483765787, "uniquenessRatio": 30.0}, "datetime": {"datetime": "2023-01-21 06:24:54", "elapsed": 3361.411744, "delta": 9.933872}}
{"target": -458023986.75, "params": {"blockSize": 2.0, "disp12MaxDiff": 0.0, "minDisparity": 4.0, "numDisparities": 1.0, "p1": 5.0, "p2": 60.0, "preFilterCap": 50.0, "speckleRange": 0.0, "speckleWindowSize": 2353.779950393083, "uniquenessRatio": 30.0}, "datetime": {"datetime": "2023-01-21 06:25:05", "elapsed": 3372.390865, "delta": 10.979121}}
{"target": -456421408.75, "params": {"blockSize": 10.0, "disp12MaxDiff": 36.42546924128718, "minDisparity": 1.0, "numDisparities": 1.0, "p1": 15.0, "p2": 60.0, "preFilterCap": 0.0, "speckleRange": 0.0, "speckleWindowSize": 1571.109886449183, "uniquenessRatio": 30.0}, "datetime": {"datetime": "2023-01-21 06:25:15", "elapsed": 3382.431158, "delta": 10.040293}}
{"target": -701067179.5, "params": {"blockSize": 2.0, "disp12MaxDiff": 50.0, "minDisparity": 4.0, "numDisparities": 1.0, "p1": 15.0, "p2": 53.51761850673975, "preFilterCap": 50.0, "speckleRange": 0.0, "speckleWindowSize": 0.0, "uniquenessRatio": 30.0}, "datetime": {"datetime": "2023-01-21 06:25:26", "elapsed": 3393.21077, "delta": 10.779612}}
{"target": -486130600.0, "params": {"blockSize": 10.0, "disp12MaxDiff": 50.0, "minDisparity": 1.0, "numDisparities": 10.0, "p1": 5.0, "p2": 15.0, "preFilterCap": 50.0, "speckleRange": 0.0, "speckleWindowSize": 1203.2392326491583, "uniquenessRatio": 30.0}, "datetime": {"datetime": "2023-01-21 06:25:36", "elapsed": 3403.40645, "delta": 10.19568}}
{"target": -566966282.5, "params": {"blockSize": 2.0, "disp12MaxDiff": 50.0, "minDisparity": 4.0, "numDisparities": 1.0, "p1": 15.0, "p2": 60.0, "preFilterCap": 0.0, "speckleRange": 25.0, "speckleWindowSize": 1721.0512461869164, "uniquenessRatio": 30.0}, "datetime": {"datetime": "2023-01-21 06:25:47", "elapsed": 3414.580314, "delta": 11.173864}}
{"target": -1123660253.0, "params": {"blockSize": 2.0, "disp12MaxDiff": 50.0, "minDisparity": 1.0, "numDisparities": 1.0, "p1": 5.0, "p2": 60.0, "preFilterCap": 0.0, "speckleRange": 25.0, "speckleWindowSize": 1865.969305058998, "uniquenessRatio": 0.0}, "datetime": {"datetime": "2023-01-21 06:25:58", "elapsed": 3425.132257, "delta": 10.551943}}
{"target": -1624680283.0, "params": {"blockSize": 7.9902541096315245, "disp12MaxDiff": 0.6577472381716076, "minDisparity": 1.3817944800425712, "numDisparities": 8.109819645720666, "p1": 14.550308494402147, "p2": 58.4039587564141, "preFilterCap": 3.1185832261851565, "speckleRange": 24.519151239878497, "speckleWindowSize": 2215.843155919544, "uniquenessRatio": 15.808883935803493}, "datetime": {"datetime": "2023-01-21 06:26:08", "elapsed": 3435.50648, "delta": 10.374223}}
{"target": -457606472.0, "params": {"blockSize": 2.0, "disp12MaxDiff": 50.0, "minDisparity": 1.0, "numDisparities": 1.0, "p1": 5.0, "p2": 60.0, "preFilterCap": 0.0, "speckleRange": 0.0, "speckleWindowSize": 1904.2079706882676, "uniquenessRatio": 30.0}, "datetime": {"datetime": "2023-01-21 06:26:19", "elapsed": 3446.359378, "delta": 10.852898}}
{"target": -457372251.75, "params": {"blockSize": 2.0, "disp12MaxDiff": 50.0, "minDisparity": 1.0, "numDisparities": 1.0, "p1": 15.0, "p2": 60.0, "preFilterCap": 30.26174518667224, "speckleRange": 0.0, "speckleWindowSize": 1883.682547083374, "uniquenessRatio": 30.0}, "datetime": {"datetime": "2023-01-21 06:26:31", "elapsed": 3457.900685, "delta": 11.541307}}
{"target": -457506101.5, "params": {"blockSize": 2.0, "disp12MaxDiff": 0.0, "minDisparity": 1.0, "numDisparities": 1.0, "p1": 5.0, "p2": 60.0, "preFilterCap": 50.0, "speckleRange": 0.0, "speckleWindowSize": 1102.0789069302225, "uniquenessRatio": 30.0}, "datetime": {"datetime": "2023-01-21 06:26:42", "elapsed": 3468.910708, "delta": 11.010023}}
{"target": -455046524.0, "params": {"blockSize": 10.0, "disp12MaxDiff": 24.96599799267414, "minDisparity": 1.0, "numDisparities": 1.0, "p1": 15.0, "p2": 15.0, "preFilterCap": 0.0, "speckleRange": 0.0, "speckleWindowSize": 0.0, "uniquenessRatio": 30.0}, "datetime": {"datetime": "2023-01-21 06:26:52", "elapsed": 3478.767743, "delta": 9.857035}}
{"target": -702937183.5, "params": {"blockSize": 2.0, "disp12MaxDiff": 50.0, "minDisparity": 4.0, "numDisparities": 1.0, "p1": 5.0, "p2": 15.0, "preFilterCap": 0.0, "speckleRange": 0.0, "speckleWindowSize": 0.0, "uniquenessRatio": 30.0}, "datetime": {"datetime": "2023-01-21 06:27:02", "elapsed": 3489.170736, "delta": 10.402993}}
{"target": -456238276.25, "params": {"blockSize": 10.0, "disp12MaxDiff": 50.0, "minDisparity": 1.0, "numDisparities": 1.0, "p1": 15.0, "p2": 60.0, "preFilterCap": 0.0, "speckleRange": 0.0, "speckleWindowSize": 1334.0015014185367, "uniquenessRatio": 30.0}, "datetime": {"datetime": "2023-01-21 06:27:13", "elapsed": 3499.645801, "delta": 10.475065}}
{"target": -456209787.5, "params": {"blockSize": 10.0, "disp12MaxDiff": 50.0, "minDisparity": 1.0, "numDisparities": 1.0, "p1": 5.0, "p2": 15.0, "preFilterCap": 7.859596633201204, "speckleRange": 0.0, "speckleWindowSize": 1146.2488147731374, "uniquenessRatio": 30.0}, "datetime": {"datetime": "2023-01-21 06:27:23", "elapsed": 3510.204289, "delta": 10.558488}}
{"target": -487862140.0, "params": {"blockSize": 10.0, "disp12MaxDiff": 50.0, "minDisparity": 1.0, "numDisparities": 10.0, "p1": 5.0, "p2": 15.0, "preFilterCap": 50.0, "speckleRange": 0.0, "speckleWindowSize": 1108.1261789348425, "uniquenessRatio": 30.0}, "datetime": {"datetime": "2023-01-21 06:27:33", "elapsed": 3520.267755, "delta": 10.063466}}
{"target": -456561992.75, "params": {"blockSize": 2.0, "disp12MaxDiff": 45.117097144465646, "minDisparity": 1.0, "numDisparities": 1.0, "p1": 15.0, "p2": 15.0, "preFilterCap": 50.0, "speckleRange": 0.0, "speckleWindowSize": 2394.899864279193, "uniquenessRatio": 0.0}, "datetime": {"datetime": "2023-01-21 06:27:44", "elapsed": 3530.89637, "delta": 10.628615}}
{"target": -456947721.5, "params": {"blockSize": 10.0, "disp12MaxDiff": 30.18192079072723, "minDisparity": 4.0, "numDisparities": 1.0, "p1": 15.0, "p2": 60.0, "preFilterCap": 50.0, "speckleRange": 0.0, "speckleWindowSize": 1676.0216356001172, "uniquenessRatio": 30.0}, "datetime": {"datetime": "2023-01-21 06:27:54", "elapsed": 3541.349506, "delta": 10.453136}}
{"target": -1119392999.0, "params": {"blockSize": 2.0, "disp12MaxDiff": 50.0, "minDisparity": 1.0, "numDisparities": 1.0, "p1": 15.0, "p2": 60.0, "preFilterCap": 0.0, "speckleRange": 25.0, "speckleWindowSize": 1918.6626472316098, "uniquenessRatio": 0.0}, "datetime": {"datetime": "2023-01-21 06:28:05", "elapsed": 3551.922106, "delta": 10.5726}}
{"target": -456294650.5, "params": {"blockSize": 10.0, "disp12MaxDiff": 50.0, "minDisparity": 1.0, "numDisparities": 1.0, "p1": 5.0, "p2": 60.0, "preFilterCap": 10.616180789449338, "speckleRange": 0.0, "speckleWindowSize": 1112.4791524217253, "uniquenessRatio": 30.0}, "datetime": {"datetime": "2023-01-21 06:28:15", "elapsed": 3562.411912, "delta": 10.489806}}
{"target": -457142734.0, "params": {"blockSize": 10.0, "disp12MaxDiff": 0.0, "minDisparity": 4.0, "numDisparities": 1.0, "p1": 5.0, "p2": 15.0, "preFilterCap": 15.71823847353568, "speckleRange": 0.0, "speckleWindowSize": 2223.4064607674163, "uniquenessRatio": 30.0}, "datetime": {"datetime": "2023-01-21 06:28:25", "elapsed": 3572.153632, "delta": 9.74172}}
