{"target": -457010902.0, "params": {"blockSize": 2.0, "disp12MaxDiff": 50.0, "minDisparity": 4.0, "numDisparities": 1.0, "p1": 15.0, "p2": 60.0, "preFilterCap": 50.0, "speckleRange": 0.0, "speckleWindowSize": 612.6019393974009, "uniquenessRatio": 30.0}, "datetime": {"datetime": "2023-01-21 10:25:09", "elapsed": 17776.083063, "delta": 40.526742}}
{"target": -455455023.25, "params": {"blockSize": 10.0, "disp12MaxDiff": 9.477659582081381, "minDisparity": 1.0, "numDisparities": 1.0, "p1": 15.0, "p2": 15.0, "preFilterCap": 25.560781493325912, "speckleRange": 0.0, "speckleWindowSize": 608.8867124163214, "uniquenessRatio": 30.0}, "datetime": {"datetime": "2023-01-21 10:25:41", "elapsed": 17807.677414, "delta": 31.594351}}
{"target": -455998359.75, "params": {"blockSize": 10.0, "disp12MaxDiff": 50.0, "minDisparity": 1.0, "numDisparities": 1.0, "p1": 15.0, "p2": 60.0, "preFilterCap": 0.0, "speckleRange": 0.0, "speckleWindowSize": 1061.136600078136, "uniquenessRatio": 30.0}, "datetime": {"datetime": "2023-01-21 10:26:11", "elapsed": 17838.353513, "delta": 30.676099}}
{"target": -452874533.0, "params": {"blockSize": 10.0, "disp12MaxDiff": 0.0, "minDisparity": 1.0, "numDisparities": 1.0, "p1": 5.0, "p2": 15.0, "preFilterCap": 0.0, "speckleRange": 0.0, "speckleWindowSize": 99.14230413820927, "uniquenessRatio": 30.0}, "datetime": {"datetime": "2023-01-21 10:26:57", "elapsed": 17883.729544, "delta": 45.376031}}
{"target": -453003515.0, "params": {"blockSize": 10.0, "disp12MaxDiff": 50.0, "minDisparity": 1.0, "numDisparities": 1.0, "p1": 5.0, "p2": 60.0, "preFilterCap": 0.0, "speckleRange": 0.0, "speckleWindowSize": 104.44145202309863, "uniquenessRatio": 30.0}, "datetime": {"datetime": "2023-01-21 10:27:32", "elapsed": 17919.376319, "delta": 35.646775}}
{"target": -479164212.75, "params": {"blockSize": 10.0, "disp12MaxDiff": 50.0, "minDisparity": 1.0, "numDisparities": 10.0, "p1": 5.0, "p2": 15.0, "preFilterCap": 35.23725918981791, "speckleRange": 0.0, "speckleWindowSize": 2190.0966822592804, "uniquenessRatio": 30.0}, "datetime": {"datetime": "2023-01-21 10:28:15", "elapsed": 17962.448471, "delta": 43.072152}}
{"target": -458011037.75, "params": {"blockSize": 2.0, "disp12MaxDiff": 0.0, "minDisparity": 4.0, "numDisparities": 1.0, "p1": 5.0, "p2": 37.430655205885515, "preFilterCap": 21.569760876617483, "speckleRange": 0.0, "speckleWindowSize": 2201.956518390564, "uniquenessRatio": 30.0}, "datetime": {"datetime": "2023-01-21 10:28:50", "elapsed": 17996.987713, "delta": 34.539242}}
{"target": -454001264.25, "params": {"blockSize": 10.0, "disp12MaxDiff": 50.0, "minDisparity": 1.0, "numDisparities": 1.0, "p1": 15.0, "p2": 60.0, "preFilterCap": 0.0, "speckleRange": 0.0, "speckleWindowSize": 230.667608067214, "uniquenessRatio": 30.0}, "datetime": {"datetime": "2023-01-21 10:29:21", "elapsed": 18028.390866, "delta": 31.403153}}
{"target": -490644828.5, "params": {"blockSize": 10.0, "disp12MaxDiff": 50.0, "minDisparity": 1.0, "numDisparities": 10.0, "p1": 15.0, "p2": 15.0, "preFilterCap": 0.0, "speckleRange": 0.0, "speckleWindowSize": 1210.120853935946, "uniquenessRatio": 30.0}, "datetime": {"datetime": "2023-01-21 10:29:51", "elapsed": 18057.719941, "delta": 29.329075}}
{"target": -4228358856.0, "params": {"blockSize": 10.0, "disp12MaxDiff": 50.0, "minDisparity": 1.0, "numDisparities": 10.0, "p1": 5.0, "p2": 15.0, "preFilterCap": 50.0, "speckleRange": 25.0, "speckleWindowSize": 1504.3099665893858, "uniquenessRatio": 0.0}, "datetime": {"datetime": "2023-01-21 10:30:15", "elapsed": 18082.012086, "delta": 24.292145}}
{"target": -457683288.5, "params": {"blockSize": 2.0, "disp12MaxDiff": 0.0, "minDisparity": 4.0, "numDisparities": 1.0, "p1": 5.0, "p2": 60.0, "preFilterCap": 0.0, "speckleRange": 0.0, "speckleWindowSize": 1314.5644268634517, "uniquenessRatio": 30.0}, "datetime": {"datetime": "2023-01-21 10:30:40", "elapsed": 18106.657571, "delta": 24.645485}}
{"target": -508756023.5, "params": {"blockSize": 10.0, "disp12MaxDiff": 21.79113159367124, "minDisparity": 4.0, "numDisparities": 10.0, "p1": 5.0, "p2": 60.0, "preFilterCap": 50.0, "speckleRange": 0.0, "speckleWindowSize": 605.6582206440727, "uniquenessRatio": 30.0}, "datetime": {"datetime": "2023-01-21 10:31:18", "elapsed": 18144.880817, "delta": 38.223246}}
{"target": -454487837.25, "params": {"blockSize": 10.0, "disp12MaxDiff": 50.0, "minDisparity": 1.0, "numDisparities": 1.0, "p1": 15.0, "p2": 60.0, "preFilterCap": 0.0, "speckleRange": 0.0, "speckleWindowSize": 346.00461098594104, "uniquenessRatio": 30.0}, "datetime": {"datetime": "2023-01-21 10:32:01", "elapsed": 18187.762964, "delta": 42.882147}}
{"target": -455542360.25, "params": {"blockSize": 2.0, "disp12MaxDiff": 50.0, "minDisparity": 1.0, "numDisparities": 1.0, "p1": 15.0, "p2": 60.0, "preFilterCap": 0.0, "speckleRange": 0.0, "speckleWindowSize": 165.10701091302047, "uniquenessRatio": 30.0}, "datetime": {"datetime": "2023-01-21 10:32:54", "elapsed": 18241.20635, "delta": 53.443386}}
{"target": -456729280.75, "params": {"blockSize": 10.0, "disp12MaxDiff": 0.0, "minDisparity": 1.0, "numDisparities": 1.0, "p1": 5.0, "p2": 46.1896967068308, "preFilterCap": 20.218433205251888, "speckleRange": 0.0, "speckleWindowSize": 1550.5483706187904, "uniquenessRatio": 30.0}, "datetime": {"datetime": "2023-01-21 10:33:21", "elapsed": 18268.117243, "delta": 26.910893}}
{"target": -455463183.75, "params": {"blockSize": 10.0, "disp12MaxDiff": 50.0, "minDisparity": 1.0, "numDisparities": 1.0, "p1": 15.0, "p2": 60.0, "preFilterCap": 50.0, "speckleRange": 0.0, "speckleWindowSize": 2500.0, "uniquenessRatio": 0.0}, "datetime": {"datetime": "2023-01-21 10:33:46", "elapsed": 18293.141506, "delta": 25.024263}}
{"target": -443180866.0, "params": {"blockSize": 10.0, "disp12MaxDiff": 0.0, "minDisparity": 1.0, "numDisparities": 1.0, "p1": 15.0, "p2": 15.0, "preFilterCap": 0.0, "speckleRange": 25.0, "speckleWindowSize": 1968.8878796760841, "uniquenessRatio": 30.0}, "datetime": {"datetime": "2023-01-21 10:34:23", "elapsed": 18329.916617, "delta": 36.775111}}
{"target": -456058134.5, "params": {"blockSize": 10.0, "disp12MaxDiff": 0.0, "minDisparity": 1.0, "numDisparities": 1.0, "p1": 15.0, "p2": 15.0, "preFilterCap": 0.0, "speckleRange": 0.0, "speckleWindowSize": 990.8436437663693, "uniquenessRatio": 30.0}, "datetime": {"datetime": "2023-01-21 10:34:50", "elapsed": 18357.353237, "delta": 27.43662}}
{"target": -456695344.25, "params": {"blockSize": 2.0, "disp12MaxDiff": 21.74764345152819, "minDisparity": 1.0, "numDisparities": 1.0, "p1": 15.0, "p2": 60.0, "preFilterCap": 50.0, "speckleRange": 0.0, "speckleWindowSize": 658.0942774835439, "uniquenessRatio": 30.0}, "datetime": {"datetime": "2023-01-21 10:35:30", "elapsed": 18396.772473, "delta": 39.419236}}
{"target": -479087125.5, "params": {"blockSize": 3.868274155331477, "disp12MaxDiff": 48.89543557882797, "minDisparity": 1.004469293425105, "numDisparities": 2.917280554386595, "p1": 5.275066877874667, "p2": 15.605448040741349, "preFilterCap": 44.66413428900947, "speckleRange": 1.3402800532732657, "speckleWindowSize": 2125.009637059225, "uniquenessRatio": 29.283068456457258}, "datetime": {"datetime": "2023-01-21 10:35:57", "elapsed": 18424.475388, "delta": 27.702915}}
{"target": -454013860.0, "params": {"blockSize": 10.0, "disp12MaxDiff": 0.0, "minDisparity": 1.0, "numDisparities": 1.0, "p1": 15.0, "p2": 15.0, "preFilterCap": 0.0, "speckleRange": 0.0, "speckleWindowSize": 207.64448541883442, "uniquenessRatio": 30.0}, "datetime": {"datetime": "2023-01-21 10:36:30", "elapsed": 18457.576923, "delta": 33.101535}}
{"target": -457225552.25, "params": {"blockSize": 2.0, "disp12MaxDiff": 23.60198270425674, "minDisparity": 1.0, "numDisparities": 1.0, "p1": 5.0, "p2": 60.0, "preFilterCap": 21.515172462029554, "speckleRange": 0.0, "speckleWindowSize": 1093.128839797824, "uniquenessRatio": 30.0}, "datetime": {"datetime": "2023-01-21 10:36:57", "elapsed": 18484.05743, "delta": 26.480507}}
{"target": -456958567.25, "params": {"blockSize": 10.0, "disp12MaxDiff": 50.0, "minDisparity": 1.0, "numDisparities": 1.0, "p1": 5.0, "p2": 60.0, "preFilterCap": 50.0, "speckleRange": 0.0, "speckleWindowSize": 1481.5524670306722, "uniquenessRatio": 30.0}, "datetime": {"datetime": "2023-01-21 10:37:34", "elapsed": 18521.564752, "delta": 37.507322}}
{"target": -540732669.0, "params": {"blockSize": 2.0, "disp12MaxDiff": 50.0, "minDisparity": 1.0, "numDisparities": 1.0, "p1": 5.0, "p2": 38.999118380219706, "preFilterCap": 50.0, "speckleRange": 25.0, "speckleWindowSize": 1227.1257182335082, "uniquenessRatio": 30.0}, "datetime": {"datetime": "2023-01-21 10:38:11", "elapsed": 18558.555598, "delta": 36.990846}}
{"target": -456341268.0, "params": {"blockSize": 10.0, "disp12MaxDiff": 0.0, "minDisparity": 1.0, "numDisparities": 1.0, "p1": 15.0, "p2": 60.0, "preFilterCap": 0.0, "speckleRange": 0.0, "speckleWindowSize": 319.0330210960497, "uniquenessRatio": 0.0}, "datetime": {"datetime": "2023-01-21 10:38:38", "elapsed": 18585.140345, "delta": 26.584747}}
{"target": -1145039359.0, "params": {"blockSize": 2.0, "disp12MaxDiff": 50.0, "minDisparity": 1.0, "numDisparities": 1.0, "p1": 5.0, "p2": 60.0, "preFilterCap": 50.0, "speckleRange": 25.0, "speckleWindowSize": 2500.0, "uniquenessRatio": 0.0}, "datetime": {"datetime": "2023-01-21 10:39:25", "elapsed": 18632.329454, "delta": 47.189109}}
{"target": -454854717.0, "params": {"blockSize": 10.0, "disp12MaxDiff": 28.952621904765085, "minDisparity": 1.0, "numDisparities": 1.0, "p1": 15.0, "p2": 15.0, "preFilterCap": 28.66463523392966, "speckleRange": 0.0, "speckleWindowSize": 370.41879864804764, "uniquenessRatio": 30.0}, "datetime": {"datetime": "2023-01-21 10:39:50", "elapsed": 18657.391653, "delta": 25.062199}}
{"target": -456042609.75, "params": {"blockSize": 10.0, "disp12MaxDiff": 0.0, "minDisparity": 1.0, "numDisparities": 1.0, "p1": 15.0, "p2": 15.0, "preFilterCap": 0.0, "speckleRange": 0.0, "speckleWindowSize": 948.3918139809457, "uniquenessRatio": 30.0}, "datetime": {"datetime": "2023-01-21 10:40:15", "elapsed": 18681.856065, "delta": 24.464412}}
{"target": -693082270.5, "params": {"blockSize": 10.0, "disp12MaxDiff": 0.0, "minDisparity": 4.0, "numDisparities": 10.0, "p1": 5.0, "p2": 60.0, "preFilterCap": 50.0, "speckleRange": 0.0, "speckleWindowSize": 608.9443067366532, "uniquenessRatio": 0.0}, "datetime": {"datetime": "2023-01-21 10:40:40", "elapsed": 18707.544563, "delta": 25.688498}}
{"target": -456298526.5, "params": {"blockSize": 10.0, "disp12MaxDiff": 50.0, "minDisparity": 1.0, "numDisparities": 1.0, "p1": 5.0, "p2": 15.0, "preFilterCap": 0.0, "speckleRange": 0.0, "speckleWindowSize": 1240.3667982792838, "uniquenessRatio": 30.0}, "datetime": {"datetime": "2023-01-21 10:41:06", "elapsed": 18733.259887, "delta": 25.715324}}
{"target": -456164414.0, "params": {"blockSize": 10.0, "disp12MaxDiff": 0.0, "minDisparity": 1.0, "numDisparities": 1.0, "p1": 5.0, "p2": 15.0, "preFilterCap": 50.0, "speckleRange": 0.0, "speckleWindowSize": 814.1991218531671, "uniquenessRatio": 30.0}, "datetime": {"datetime": "2023-01-21 10:41:41", "elapsed": 18767.852755, "delta": 34.592868}}
{"target": -456616305.75, "params": {"blockSize": 10.0, "disp12MaxDiff": 0.0, "minDisparity": 1.0, "numDisparities": 1.0, "p1": 5.0, "p2": 37.84320898291181, "preFilterCap": 25.08540055388232, "speckleRange": 0.0, "speckleWindowSize": 1319.3856344785524, "uniquenessRatio": 30.0}, "datetime": {"datetime": "2023-01-21 10:42:23", "elapsed": 18810.354068, "delta": 42.501313}}
{"target": -440176649.5, "params": {"blockSize": 6.091505529153731, "disp12MaxDiff": 44.66249749949204, "minDisparity": 1.6177421729040238, "numDisparities": 1.3643499266728745, "p1": 7.048042157013858, "p2": 58.22210037403095, "preFilterCap": 23.68798600079786, "speckleRange": 2.125850903658075, "speckleWindowSize": 818.2065636513528, "uniquenessRatio": 29.19603144306894}, "datetime": {"datetime": "2023-01-21 10:43:03", "elapsed": 18849.684712, "delta": 39.330644}}
{"target": -455986673.0, "params": {"blockSize": 10.0, "disp12MaxDiff": 50.0, "minDisparity": 1.0, "numDisparities": 1.0, "p1": 15.0, "p2": 36.08741589698378, "preFilterCap": 0.0, "speckleRange": 0.0, "speckleWindowSize": 1091.6609933070436, "uniquenessRatio": 0.0}, "datetime": {"datetime": "2023-01-21 10:43:32", "elapsed": 18879.280423, "delta": 29.595711}}
{"target": -456814798.5, "params": {"blockSize": 2.0, "disp12MaxDiff": 0.0, "minDisparity": 1.0, "numDisparities": 1.0, "p1": 15.0, "p2": 15.0, "preFilterCap": 50.0, "speckleRange": 0.0, "speckleWindowSize": 447.3794526447876, "uniquenessRatio": 30.0}, "datetime": {"datetime": "2023-01-21 10:43:58", "elapsed": 18904.738294, "delta": 25.457871}}
{"target": -456146708.0, "params": {"blockSize": 10.0, "disp12MaxDiff": 0.0, "minDisparity": 4.0, "numDisparities": 1.0, "p1": 15.0, "p2": 60.0, "preFilterCap": 30.480464961140164, "speckleRange": 0.0, "speckleWindowSize": 1530.5195092343274, "uniquenessRatio": 18.278866463614285}, "datetime": {"datetime": "2023-01-21 10:45:03", "elapsed": 18970.107765, "delta": 65.369471}}
{"target": -456044178.0, "params": {"blockSize": 2.0, "disp12MaxDiff": 50.0, "minDisparity": 1.0, "numDisparities": 1.0, "p1": 5.0, "p2": 15.0, "preFilterCap": 0.0, "speckleRange": 0.0, "speckleWindowSize": 476.22485687255124, "uniquenessRatio": 0.0}, "datetime": {"datetime": "2023-01-21 10:45:50", "elapsed": 19017.317411, "delta": 47.209646}}
{"target": -454471433.75, "params": {"blockSize": 10.0, "disp12MaxDiff": 26.656931590661475, "minDisparity": 1.0, "numDisparities": 1.0, "p1": 15.0, "p2": 15.0, "preFilterCap": 27.869402685676455, "speckleRange": 0.0, "speckleWindowSize": 1539.5912926989827, "uniquenessRatio": 0.0}, "datetime": {"datetime": "2023-01-21 10:46:46", "elapsed": 19073.579389, "delta": 56.261978}}
{"target": -456136603.25, "params": {"blockSize": 2.0, "disp12MaxDiff": 50.0, "minDisparity": 1.0, "numDisparities": 1.0, "p1": 5.0, "p2": 38.2320794206937, "preFilterCap": 0.0, "speckleRange": 0.0, "speckleWindowSize": 444.70681167807845, "uniquenessRatio": 0.0}, "datetime": {"datetime": "2023-01-21 10:47:24", "elapsed": 19111.213265, "delta": 37.633876}}
{"target": -455210256.0, "params": {"blockSize": 10.0, "disp12MaxDiff": 50.0, "minDisparity": 1.0, "numDisparities": 1.0, "p1": 5.0, "p2": 15.0, "preFilterCap": 50.0, "speckleRange": 0.0, "speckleWindowSize": 412.51569510099137, "uniquenessRatio": 30.0}, "datetime": {"datetime": "2023-01-21 10:47:49", "elapsed": 19136.505188, "delta": 25.291923}}
{"target": -456531674.5, "params": {"blockSize": 2.0, "disp12MaxDiff": 21.18234032299956, "minDisparity": 1.0, "numDisparities": 1.0, "p1": 5.0, "p2": 15.0, "preFilterCap": 28.042431658532838, "speckleRange": 0.0, "speckleWindowSize": 1929.1337606482628, "uniquenessRatio": 0.0}, "datetime": {"datetime": "2023-01-21 10:48:23", "elapsed": 19170.591913, "delta": 34.086725}}
{"target": -456312954.75, "params": {"blockSize": 10.0, "disp12MaxDiff": 0.0, "minDisparity": 4.0, "numDisparities": 1.0, "p1": 5.0, "p2": 60.0, "preFilterCap": 0.0, "speckleRange": 0.0, "speckleWindowSize": 731.7424240257044, "uniquenessRatio": 30.0}, "datetime": {"datetime": "2023-01-21 10:48:49", "elapsed": 19195.730126, "delta": 25.138213}}
{"target": -670593321.0, "params": {"blockSize": 10.0, "disp12MaxDiff": 0.0, "minDisparity": 1.0, "numDisparities": 10.0, "p1": 5.0, "p2": 35.80604106516701, "preFilterCap": 0.0, "speckleRange": 0.0, "speckleWindowSize": 2196.487263074384, "uniquenessRatio": 0.0}, "datetime": {"datetime": "2023-01-21 10:49:24", "elapsed": 19231.519628, "delta": 35.789502}}
{"target": -451015769.25, "params": {"blockSize": 10.0, "disp12MaxDiff": 50.0, "minDisparity": 1.0, "numDisparities": 1.0, "p1": 5.0, "p2": 15.0, "preFilterCap": 0.0, "speckleRange": 0.0, "speckleWindowSize": 34.47576311797711, "uniquenessRatio": 30.0}, "datetime": {"datetime": "2023-01-21 10:49:53", "elapsed": 19260.183368, "delta": 28.66374}}
{"target": -448191893.75, "params": {"blockSize": 10.0, "disp12MaxDiff": 25.31048572427991, "minDisparity": 4.0, "numDisparities": 1.0, "p1": 15.0, "p2": 35.41676510047838, "preFilterCap": 50.0, "speckleRange": 25.0, "speckleWindowSize": 2002.513091408871, "uniquenessRatio": 30.0}, "datetime": {"datetime": "2023-01-21 10:50:33", "elapsed": 19299.935972, "delta": 39.752604}}
{"target": -455430137.5, "params": {"blockSize": 10.0, "disp12MaxDiff": 50.0, "minDisparity": 1.0, "numDisparities": 1.0, "p1": 5.0, "p2": 60.0, "preFilterCap": 50.0, "speckleRange": 0.0, "speckleWindowSize": 1450.2644538364311, "uniquenessRatio": 0.0}, "datetime": {"datetime": "2023-01-21 10:51:24", "elapsed": 19351.052081, "delta": 51.116109}}
{"target": -456622635.0, "params": {"blockSize": 2.0, "disp12MaxDiff": 50.0, "minDisparity": 4.0, "numDisparities": 1.0, "p1": 15.0, "p2": 36.40829804001494, "preFilterCap": 50.0, "speckleRange": 0.0, "speckleWindowSize": 1631.9199020472515, "uniquenessRatio": 0.0}, "datetime": {"datetime": "2023-01-21 10:52:06", "elapsed": 19393.319146, "delta": 42.267065}}
{"target": -456790598.75, "params": {"blockSize": 10.0, "disp12MaxDiff": 50.0, "minDisparity": 4.0, "numDisparities": 1.0, "p1": 5.0, "p2": 15.0, "preFilterCap": 50.0, "speckleRange": 0.0, "speckleWindowSize": 1392.2548208177757, "uniquenessRatio": 30.0}, "datetime": {"datetime": "2023-01-21 10:52:43", "elapsed": 19430.018934, "delta": 36.699788}}
{"target": -456876212.75, "params": {"blockSize": 10.0, "disp12MaxDiff": 50.0, "minDisparity": 4.0, "numDisparities": 1.0, "p1": 15.0, "p2": 15.0, "preFilterCap": 0.0, "speckleRange": 0.0, "speckleWindowSize": 1727.1889267519741, "uniquenessRatio": 30.0}, "datetime": {"datetime": "2023-01-21 10:53:12", "elapsed": 19459.380029, "delta": 29.361095}}
{"target": -472242952.5, "params": {"blockSize": 2.0, "disp12MaxDiff": 50.0, "minDisparity": 1.0, "numDisparities": 10.0, "p1": 15.0, "p2": 15.0, "preFilterCap": 50.0, "speckleRange": 0.0, "speckleWindowSize": 1351.7227516398061, "uniquenessRatio": 30.0}, "datetime": {"datetime": "2023-01-21 10:53:50", "elapsed": 19497.109988, "delta": 37.729959}}
{"target": -455966553.0, "params": {"blockSize": 2.0, "disp12MaxDiff": 50.0, "minDisparity": 1.0, "numDisparities": 1.0, "p1": 15.0, "p2": 15.0, "preFilterCap": 0.0, "speckleRange": 0.0, "speckleWindowSize": 187.75206740762783, "uniquenessRatio": 30.0}, "datetime": {"datetime": "2023-01-21 10:54:29", "elapsed": 19535.905749, "delta": 38.795761}}
{"target": -449626342.5, "params": {"blockSize": 10.0, "disp12MaxDiff": 50.0, "minDisparity": 4.0, "numDisparities": 1.0, "p1": 15.0, "p2": 60.0, "preFilterCap": 0.0, "speckleRange": 25.0, "speckleWindowSize": 787.0824527496563, "uniquenessRatio": 30.0}, "datetime": {"datetime": "2023-01-21 10:54:58", "elapsed": 19565.606255, "delta": 29.700506}}
{"target": -455563922.0, "params": {"blockSize": 10.0, "disp12MaxDiff": 28.94752806716516, "minDisparity": 1.0, "numDisparities": 1.0, "p1": 15.0, "p2": 60.0, "preFilterCap": 0.0, "speckleRange": 0.0, "speckleWindowSize": 733.3508716194751, "uniquenessRatio": 30.0}, "datetime": {"datetime": "2023-01-21 10:55:39", "elapsed": 19605.873642, "delta": 40.267387}}
{"target": -457059468.5, "params": {"blockSize": 10.0, "disp12MaxDiff": 0.0, "minDisparity": 4.0, "numDisparities": 1.0, "p1": 15.0, "p2": 15.0, "preFilterCap": 0.0, "speckleRange": 0.0, "speckleWindowSize": 2035.0711225965972, "uniquenessRatio": 30.0}, "datetime": {"datetime": "2023-01-21 10:56:16", "elapsed": 19643.307343, "delta": 37.433701}}
{"target": -471031923.75, "params": {"blockSize": 2.0, "disp12MaxDiff": 50.0, "minDisparity": 1.0, "numDisparities": 10.0, "p1": 5.0, "p2": 60.0, "preFilterCap": 50.0, "speckleRange": 0.0, "speckleWindowSize": 1227.9931389445965, "uniquenessRatio": 30.0}, "datetime": {"datetime": "2023-01-21 10:56:55", "elapsed": 19682.016956, "delta": 38.709613}}
{"target": -457563509.5, "params": {"blockSize": 2.0, "disp12MaxDiff": 50.0, "minDisparity": 4.0, "numDisparities": 1.0, "p1": 15.0, "p2": 15.0, "preFilterCap": 50.0, "speckleRange": 0.0, "speckleWindowSize": 1480.714248558584, "uniquenessRatio": 30.0}, "datetime": {"datetime": "2023-01-21 10:57:37", "elapsed": 19724.186395, "delta": 42.169439}}
{"target": -450099754.25, "params": {"blockSize": 10.0, "disp12MaxDiff": 21.173266609026097, "minDisparity": 1.0, "numDisparities": 1.0, "p1": 15.0, "p2": 60.0, "preFilterCap": 50.0, "speckleRange": 25.0, "speckleWindowSize": 117.61256063837385, "uniquenessRatio": 30.0}, "datetime": {"datetime": "2023-01-21 10:58:15", "elapsed": 19761.628295, "delta": 37.4419}}
{"target": -455508650.5, "params": {"blockSize": 10.0, "disp12MaxDiff": 50.0, "minDisparity": 1.0, "numDisparities": 1.0, "p1": 5.0, "p2": 60.0, "preFilterCap": 50.0, "speckleRange": 0.0, "speckleWindowSize": 470.58792737662, "uniquenessRatio": 30.0}, "datetime": {"datetime": "2023-01-21 10:58:52", "elapsed": 19798.884724, "delta": 37.256429}}
{"target": -456510704.75, "params": {"blockSize": 10.0, "disp12MaxDiff": 50.0, "minDisparity": 1.0, "numDisparities": 1.0, "p1": 5.0, "p2": 15.0, "preFilterCap": 21.20811408881981, "speckleRange": 0.0, "speckleWindowSize": 1380.6367007658134, "uniquenessRatio": 30.0}, "datetime": {"datetime": "2023-01-21 10:59:45", "elapsed": 19852.067244, "delta": 53.18252}}
{"target": -456842171.25, "params": {"blockSize": 10.0, "disp12MaxDiff": 0.0, "minDisparity": 4.0, "numDisparities": 1.0, "p1": 15.0, "p2": 25.53228358560336, "preFilterCap": 0.0, "speckleRange": 0.0, "speckleWindowSize": 1737.703317644358, "uniquenessRatio": 30.0}, "datetime": {"datetime": "2023-01-21 11:00:21", "elapsed": 19888.375628, "delta": 36.308384}}
{"target": -456822772.75, "params": {"blockSize": 10.0, "disp12MaxDiff": 50.0, "minDisparity": 1.0, "numDisparities": 1.0, "p1": 5.0, "p2": 15.0, "preFilterCap": 50.0, "speckleRange": 0.0, "speckleWindowSize": 1548.6180673636973, "uniquenessRatio": 30.0}, "datetime": {"datetime": "2023-01-21 11:01:15", "elapsed": 19942.196037, "delta": 53.820409}}
