{"target": -447477217.25, "params": {"blockSize": 10.0, "disp12MaxDiff": 50.0, "minDisparity": 4.0, "numDisparities": 1.0, "p1": 5.0, "p2": 15.0, "preFilterCap": 0.0, "speckleRange": 25.0, "speckleWindowSize": 1977.6055828200952, "uniquenessRatio": 30.0}, "datetime": {"datetime": "2023-01-21 08:07:40", "elapsed": 9527.562401, "delta": 20.151694}}
{"target": -456727532.5, "params": {"blockSize": 10.0, "disp12MaxDiff": 0.0, "minDisparity": 1.0, "numDisparities": 1.0, "p1": 15.0, "p2": 60.0, "preFilterCap": 0.0, "speckleRange": 0.0, "speckleWindowSize": 1920.0597528075068, "uniquenessRatio": 30.0}, "datetime": {"datetime": "2023-01-21 08:07:56", "elapsed": 9542.792185, "delta": 15.229784}}
{"target": -456598310.25, "params": {"blockSize": 2.0, "disp12MaxDiff": 0.0, "minDisparity": 1.0, "numDisparities": 1.0, "p1": 15.0, "p2": 39.71971861497328, "preFilterCap": 21.938734543768923, "speckleRange": 0.0, "speckleWindowSize": 1929.040980876955, "uniquenessRatio": 0.0}, "datetime": {"datetime": "2023-01-21 08:08:18", "elapsed": 9564.74132, "delta": 21.949135}}
{"target": -442167310.25, "params": {"blockSize": 10.0, "disp12MaxDiff": 24.316983878732607, "minDisparity": 1.0, "numDisparities": 1.0, "p1": 5.0, "p2": 60.0, "preFilterCap": 0.0, "speckleRange": 25.0, "speckleWindowSize": 1773.052526961024, "uniquenessRatio": 30.0}, "datetime": {"datetime": "2023-01-21 08:08:33", "elapsed": 9579.90948, "delta": 15.16816}}
{"target": -455838944.5, "params": {"blockSize": 10.0, "disp12MaxDiff": 25.10618409525937, "minDisparity": 1.0, "numDisparities": 1.0, "p1": 15.0, "p2": 60.0, "preFilterCap": 21.51388110079159, "speckleRange": 0.0, "speckleWindowSize": 866.9337041281149, "uniquenessRatio": 30.0}, "datetime": {"datetime": "2023-01-21 08:08:52", "elapsed": 9599.331619, "delta": 19.422139}}
{"target": -898794893.0, "params": {"blockSize": 10.0, "disp12MaxDiff": 0.0, "minDisparity": 1.0, "numDisparities": 10.0, "p1": 5.0, "p2": 15.0, "preFilterCap": 50.0, "speckleRange": 25.0, "speckleWindowSize": 603.4343686378609, "uniquenessRatio": 30.0}, "datetime": {"datetime": "2023-01-21 08:09:10", "elapsed": 9617.062615, "delta": 17.730996}}
{"target": -443225434.5, "params": {"blockSize": 10.0, "disp12MaxDiff": 27.905046427774653, "minDisparity": 1.0, "numDisparities": 1.0, "p1": 15.0, "p2": 15.0, "preFilterCap": 0.0, "speckleRange": 25.0, "speckleWindowSize": 2007.7230600061712, "uniquenessRatio": 30.0}, "datetime": {"datetime": "2023-01-21 08:09:25", "elapsed": 9632.159913, "delta": 15.097298}}
{"target": -456598218.75, "params": {"blockSize": 10.0, "disp12MaxDiff": 50.0, "minDisparity": 1.0, "numDisparities": 1.0, "p1": 15.0, "p2": 15.0, "preFilterCap": 0.0, "speckleRange": 0.0, "speckleWindowSize": 1606.006752554317, "uniquenessRatio": 30.0}, "datetime": {"datetime": "2023-01-21 08:09:44", "elapsed": 9651.204064, "delta": 19.044151}}
{"target": -454679809.5, "params": {"blockSize": 10.0, "disp12MaxDiff": 0.0, "minDisparity": 1.0, "numDisparities": 1.0, "p1": 5.0, "p2": 15.0, "preFilterCap": 0.0, "speckleRange": 0.0, "speckleWindowSize": 346.8427649619746, "uniquenessRatio": 30.0}, "datetime": {"datetime": "2023-01-21 08:09:59", "elapsed": 9666.440967, "delta": 15.236903}}
{"target": -448348658.75, "params": {"blockSize": 10.0, "disp12MaxDiff": 50.0, "minDisparity": 4.0, "numDisparities": 1.0, "p1": 15.0, "p2": 60.0, "preFilterCap": 50.0, "speckleRange": 25.0, "speckleWindowSize": 2264.180809151177, "uniquenessRatio": 30.0}, "datetime": {"datetime": "2023-01-21 08:10:24", "elapsed": 9691.554218, "delta": 25.113251}}
{"target": -442355647.25, "params": {"blockSize": 10.0, "disp12MaxDiff": 50.0, "minDisparity": 1.0, "numDisparities": 1.0, "p1": 5.0, "p2": 60.0, "preFilterCap": 0.0, "speckleRange": 25.0, "speckleWindowSize": 1828.4884857232528, "uniquenessRatio": 30.0}, "datetime": {"datetime": "2023-01-21 08:10:42", "elapsed": 9708.850889, "delta": 17.296671}}
{"target": -456991208.75, "params": {"blockSize": 10.0, "disp12MaxDiff": 27.053730018684146, "minDisparity": 1.0, "numDisparities": 1.0, "p1": 5.0, "p2": 30.51437040662219, "preFilterCap": 50.0, "speckleRange": 0.0, "speckleWindowSize": 1606.983262691592, "uniquenessRatio": 30.0}, "datetime": {"datetime": "2023-01-21 08:10:59", "elapsed": 9726.486681, "delta": 17.635792}}
{"target": -864153882.5, "params": {"blockSize": 10.0, "disp12MaxDiff": 0.0, "minDisparity": 1.0, "numDisparities": 1.0, "p1": 5.0, "p2": 60.0, "preFilterCap": 0.0, "speckleRange": 25.0, "speckleWindowSize": 823.786629809488, "uniquenessRatio": 0.0}, "datetime": {"datetime": "2023-01-21 08:11:19", "elapsed": 9746.540269, "delta": 20.053588}}
{"target": -456760671.25, "params": {"blockSize": 10.0, "disp12MaxDiff": 0.0, "minDisparity": 1.0, "numDisparities": 1.0, "p1": 15.0, "p2": 37.00439340353879, "preFilterCap": 50.0, "speckleRange": 0.0, "speckleWindowSize": 1505.3642831156271, "uniquenessRatio": 30.0}, "datetime": {"datetime": "2023-01-21 08:11:40", "elapsed": 9767.35366, "delta": 20.813391}}
{"target": -456406566.25, "params": {"blockSize": 10.0, "disp12MaxDiff": 0.0, "minDisparity": 4.0, "numDisparities": 1.0, "p1": 5.0, "p2": 60.0, "preFilterCap": 50.0, "speckleRange": 0.0, "speckleWindowSize": 558.7450586775406, "uniquenessRatio": 30.0}, "datetime": {"datetime": "2023-01-21 08:12:00", "elapsed": 9787.219666, "delta": 19.866006}}
{"target": -456075903.5, "params": {"blockSize": 2.0, "disp12MaxDiff": 0.0, "minDisparity": 1.0, "numDisparities": 1.0, "p1": 15.0, "p2": 15.0, "preFilterCap": 0.0, "speckleRange": 0.0, "speckleWindowSize": 835.1005739125203, "uniquenessRatio": 0.0}, "datetime": {"datetime": "2023-01-21 08:12:22", "elapsed": 9808.921378, "delta": 21.701712}}
{"target": -457588082.25, "params": {"blockSize": 2.0, "disp12MaxDiff": 50.0, "minDisparity": 4.0, "numDisparities": 1.0, "p1": 5.0, "p2": 15.0, "preFilterCap": 50.0, "speckleRange": 0.0, "speckleWindowSize": 1247.9585567685594, "uniquenessRatio": 30.0}, "datetime": {"datetime": "2023-01-21 08:12:39", "elapsed": 9825.828904, "delta": 16.907526}}
{"target": -456048285.25, "params": {"blockSize": 2.0, "disp12MaxDiff": 50.0, "minDisparity": 1.0, "numDisparities": 1.0, "p1": 15.0, "p2": 60.0, "preFilterCap": 0.0, "speckleRange": 0.0, "speckleWindowSize": 439.4555562589748, "uniquenessRatio": 30.0}, "datetime": {"datetime": "2023-01-21 08:12:59", "elapsed": 9846.322978, "delta": 20.494074}}
{"target": -968065492.0, "params": {"blockSize": 2.0, "disp12MaxDiff": 50.0, "minDisparity": 4.0, "numDisparities": 1.0, "p1": 15.0, "p2": 60.0, "preFilterCap": 0.0, "speckleRange": 25.0, "speckleWindowSize": 1209.9326846168215, "uniquenessRatio": 16.966110119166952}, "datetime": {"datetime": "2023-01-21 08:13:19", "elapsed": 9866.282513, "delta": 19.959535}}
{"target": -456973900.75, "params": {"blockSize": 10.0, "disp12MaxDiff": 50.0, "minDisparity": 1.0, "numDisparities": 1.0, "p1": 5.0, "p2": 15.0, "preFilterCap": 0.0, "speckleRange": 0.0, "speckleWindowSize": 2469.0844167962478, "uniquenessRatio": 30.0}, "datetime": {"datetime": "2023-01-21 08:13:35", "elapsed": 9881.767989, "delta": 15.485476}}
{"target": -454931075.25, "params": {"blockSize": 10.0, "disp12MaxDiff": 0.0, "minDisparity": 1.0, "numDisparities": 1.0, "p1": 5.0, "p2": 15.0, "preFilterCap": 22.190176524765352, "speckleRange": 0.0, "speckleWindowSize": 2200.9936407768428, "uniquenessRatio": 0.0}, "datetime": {"datetime": "2023-01-21 08:13:59", "elapsed": 9905.864454, "delta": 24.096465}}
{"target": -463691888.25, "params": {"blockSize": 9.816581260908148, "disp12MaxDiff": 20.258539220693915, "minDisparity": 1.3268282034428511, "numDisparities": 4.596369201111459, "p1": 7.588367114903005, "p2": 15.416117708626983, "preFilterCap": 3.1468087768977804, "speckleRange": 0.5840666449180687, "speckleWindowSize": 2299.0745022949245, "uniquenessRatio": 28.262189073706125}, "datetime": {"datetime": "2023-01-21 08:14:15", "elapsed": 9922.37781, "delta": 16.513356}}
{"target": -455239116.5, "params": {"blockSize": 10.0, "disp12MaxDiff": 0.0, "minDisparity": 4.0, "numDisparities": 1.0, "p1": 5.0, "p2": 15.0, "preFilterCap": 50.0, "speckleRange": 0.0, "speckleWindowSize": 146.76755264557534, "uniquenessRatio": 30.0}, "datetime": {"datetime": "2023-01-21 08:14:34", "elapsed": 9940.631429, "delta": 18.253619}}
{"target": -456591639.0, "params": {"blockSize": 2.0, "disp12MaxDiff": 50.0, "minDisparity": 1.0, "numDisparities": 1.0, "p1": 5.0, "p2": 38.56383050919653, "preFilterCap": 0.0, "speckleRange": 0.0, "speckleWindowSize": 472.06448585200746, "uniquenessRatio": 30.0}, "datetime": {"datetime": "2023-01-21 08:14:59", "elapsed": 9966.303267, "delta": 25.671838}}
{"target": -457183778.75, "params": {"blockSize": 2.0, "disp12MaxDiff": 0.0, "minDisparity": 4.0, "numDisparities": 1.0, "p1": 5.0, "p2": 15.0, "preFilterCap": 0.0, "speckleRange": 0.0, "speckleWindowSize": 2176.0847908922988, "uniquenessRatio": 0.0}, "datetime": {"datetime": "2023-01-21 08:15:16", "elapsed": 9983.341899, "delta": 17.038632}}
{"target": -456346521.5, "params": {"blockSize": 10.0, "disp12MaxDiff": 50.0, "minDisparity": 1.0, "numDisparities": 1.0, "p1": 5.0, "p2": 60.0, "preFilterCap": 0.0, "speckleRange": 0.0, "speckleWindowSize": 1153.33115028462, "uniquenessRatio": 30.0}, "datetime": {"datetime": "2023-01-21 08:15:32", "elapsed": 9999.466568, "delta": 16.124669}}
{"target": -457269740.0, "params": {"blockSize": 2.0, "disp12MaxDiff": 19.693173460860685, "minDisparity": 4.0, "numDisparities": 1.0, "p1": 5.0, "p2": 15.0, "preFilterCap": 0.0, "speckleRange": 0.0, "speckleWindowSize": 622.591551808608, "uniquenessRatio": 30.0}, "datetime": {"datetime": "2023-01-21 08:15:49", "elapsed": 10016.462566, "delta": 16.995998}}
{"target": -454316624.0, "params": {"blockSize": 10.0, "disp12MaxDiff": 0.0, "minDisparity": 1.0, "numDisparities": 1.0, "p1": 15.0, "p2": 60.0, "preFilterCap": 0.0, "speckleRange": 0.0, "speckleWindowSize": 297.93731433464455, "uniquenessRatio": 30.0}, "datetime": {"datetime": "2023-01-21 08:16:05", "elapsed": 10032.612509, "delta": 16.149943}}
{"target": -440160411.0, "params": {"blockSize": 10.0, "disp12MaxDiff": 0.0, "minDisparity": 1.0, "numDisparities": 1.0, "p1": 5.0, "p2": 15.0, "preFilterCap": 29.905463213746877, "speckleRange": 25.0, "speckleWindowSize": 364.2588063238132, "uniquenessRatio": 30.0}, "datetime": {"datetime": "2023-01-21 08:16:29", "elapsed": 10055.728039, "delta": 23.11553}}
{"target": -902861953.5, "params": {"blockSize": 10.0, "disp12MaxDiff": 0.0, "minDisparity": 4.0, "numDisparities": 10.0, "p1": 15.0, "p2": 60.0, "preFilterCap": 0.0, "speckleRange": 25.0, "speckleWindowSize": 1279.9748870428891, "uniquenessRatio": 30.0}, "datetime": {"datetime": "2023-01-21 08:16:53", "elapsed": 10079.807471, "delta": 24.079432}}
{"target": -456157990.0, "params": {"blockSize": 10.0, "disp12MaxDiff": 0.0, "minDisparity": 1.0, "numDisparities": 1.0, "p1": 15.0, "p2": 60.0, "preFilterCap": 0.0, "speckleRange": 0.0, "speckleWindowSize": 1216.6042833850338, "uniquenessRatio": 30.0}, "datetime": {"datetime": "2023-01-21 08:17:13", "elapsed": 10100.51002, "delta": 20.702549}}
{"target": -455767089.0, "params": {"blockSize": 2.0, "disp12MaxDiff": 50.0, "minDisparity": 1.0, "numDisparities": 1.0, "p1": 15.0, "p2": 60.0, "preFilterCap": 50.0, "speckleRange": 0.0, "speckleWindowSize": 1140.94935216123, "uniquenessRatio": 0.0}, "datetime": {"datetime": "2023-01-21 08:17:40", "elapsed": 10127.17102, "delta": 26.661}}
{"target": -442149990.5, "params": {"blockSize": 10.0, "disp12MaxDiff": 50.0, "minDisparity": 1.0, "numDisparities": 1.0, "p1": 5.0, "p2": 15.0, "preFilterCap": 0.0, "speckleRange": 25.0, "speckleWindowSize": 1535.3850679175516, "uniquenessRatio": 30.0}, "datetime": {"datetime": "2023-01-21 08:18:02", "elapsed": 10149.44691, "delta": 22.27589}}
{"target": -448364795.75, "params": {"blockSize": 10.0, "disp12MaxDiff": 50.0, "minDisparity": 4.0, "numDisparities": 1.0, "p1": 5.0, "p2": 60.0, "preFilterCap": 50.0, "speckleRange": 25.0, "speckleWindowSize": 2005.9974296043536, "uniquenessRatio": 30.0}, "datetime": {"datetime": "2023-01-21 08:18:19", "elapsed": 10165.809175, "delta": 16.362265}}
{"target": -918941355.0, "params": {"blockSize": 10.0, "disp12MaxDiff": 50.0, "minDisparity": 4.0, "numDisparities": 1.0, "p1": 15.0, "p2": 60.0, "preFilterCap": 50.0, "speckleRange": 25.0, "speckleWindowSize": 2224.0983227146353, "uniquenessRatio": 0.0}, "datetime": {"datetime": "2023-01-21 08:18:36", "elapsed": 10182.802946, "delta": 16.993771}}
{"target": -455681582.25, "params": {"blockSize": 10.0, "disp12MaxDiff": 0.0, "minDisparity": 1.0, "numDisparities": 1.0, "p1": 5.0, "p2": 40.781421923763425, "preFilterCap": 23.527968788190826, "speckleRange": 0.0, "speckleWindowSize": 660.0790283258649, "uniquenessRatio": 30.0}, "datetime": {"datetime": "2023-01-21 08:18:55", "elapsed": 10201.787944, "delta": 18.984998}}
{"target": -456651057.5, "params": {"blockSize": 10.0, "disp12MaxDiff": 50.0, "minDisparity": 1.0, "numDisparities": 1.0, "p1": 15.0, "p2": 60.0, "preFilterCap": 0.0, "speckleRange": 0.0, "speckleWindowSize": 1794.057307194146, "uniquenessRatio": 30.0}, "datetime": {"datetime": "2023-01-21 08:19:17", "elapsed": 10223.70802, "delta": 21.920076}}
{"target": -510755921.0, "params": {"blockSize": 2.0, "disp12MaxDiff": 0.0, "minDisparity": 1.0, "numDisparities": 1.0, "p1": 5.0, "p2": 60.0, "preFilterCap": 0.0, "speckleRange": 25.0, "speckleWindowSize": 462.18580833063186, "uniquenessRatio": 30.0}, "datetime": {"datetime": "2023-01-21 08:19:36", "elapsed": 10243.325945, "delta": 19.617925}}
{"target": -457644817.5, "params": {"blockSize": 10.0, "disp12MaxDiff": 50.0, "minDisparity": 4.0, "numDisparities": 1.0, "p1": 5.0, "p2": 15.0, "preFilterCap": 31.30800336615924, "speckleRange": 0.0, "speckleWindowSize": 1143.714760448831, "uniquenessRatio": 0.0}, "datetime": {"datetime": "2023-01-21 08:20:02", "elapsed": 10268.659336, "delta": 25.333391}}
{"target": -508123297.25, "params": {"blockSize": 4.1129707010345244, "disp12MaxDiff": 0.14651495742450393, "minDisparity": 1.2509020837877833, "numDisparities": 6.0055853305238704, "p1": 13.538760597622066, "p2": 58.829412224486866, "preFilterCap": 19.542227440151727, "speckleRange": 0.6800883775090999, "speckleWindowSize": 882.1086961338567, "uniquenessRatio": 7.506309093521914}, "datetime": {"datetime": "2023-01-21 08:20:19", "elapsed": 10286.205254, "delta": 17.545918}}
{"target": -455649758.75, "params": {"blockSize": 10.0, "disp12MaxDiff": 31.886941905947882, "minDisparity": 1.0, "numDisparities": 1.0, "p1": 15.0, "p2": 60.0, "preFilterCap": 50.0, "speckleRange": 0.0, "speckleWindowSize": 506.84279886352334, "uniquenessRatio": 0.0}, "datetime": {"datetime": "2023-01-21 08:20:42", "elapsed": 10308.870528, "delta": 22.665274}}
{"target": -4237730796.0, "params": {"blockSize": 10.0, "disp12MaxDiff": 50.0, "minDisparity": 1.0, "numDisparities": 10.0, "p1": 15.0, "p2": 15.0, "preFilterCap": 50.0, "speckleRange": 25.0, "speckleWindowSize": 978.9655535281303, "uniquenessRatio": 0.0}, "datetime": {"datetime": "2023-01-21 08:21:06", "elapsed": 10332.889526, "delta": 24.018998}}
{"target": -457936295.75, "params": {"blockSize": 2.0, "disp12MaxDiff": 0.0, "minDisparity": 4.0, "numDisparities": 1.0, "p1": 5.0, "p2": 60.0, "preFilterCap": 0.0, "speckleRange": 0.0, "speckleWindowSize": 2335.1134889847226, "uniquenessRatio": 30.0}, "datetime": {"datetime": "2023-01-21 08:21:24", "elapsed": 10351.275908, "delta": 18.386382}}
{"target": -457051524.0, "params": {"blockSize": 10.0, "disp12MaxDiff": 50.0, "minDisparity": 1.0, "numDisparities": 1.0, "p1": 15.0, "p2": 60.0, "preFilterCap": 50.0, "speckleRange": 0.0, "speckleWindowSize": 2121.20359266523, "uniquenessRatio": 30.0}, "datetime": {"datetime": "2023-01-21 08:21:51", "elapsed": 10378.180033, "delta": 26.904125}}
{"target": -482493619.0, "params": {"blockSize": 2.0, "disp12MaxDiff": 26.259835038355767, "minDisparity": 1.0, "numDisparities": 10.0, "p1": 5.0, "p2": 60.0, "preFilterCap": 0.0, "speckleRange": 0.0, "speckleWindowSize": 831.8970431403135, "uniquenessRatio": 30.0}, "datetime": {"datetime": "2023-01-21 08:22:09", "elapsed": 10396.200313, "delta": 18.02028}}
{"target": -456825073.75, "params": {"blockSize": 2.0, "disp12MaxDiff": 0.0, "minDisparity": 4.0, "numDisparities": 1.0, "p1": 15.0, "p2": 60.0, "preFilterCap": 50.0, "speckleRange": 0.0, "speckleWindowSize": 172.6096012051603, "uniquenessRatio": 30.0}, "datetime": {"datetime": "2023-01-21 08:22:33", "elapsed": 10420.047682, "delta": 23.847369}}
{"target": -443156501.75, "params": {"blockSize": 10.0, "disp12MaxDiff": 0.0, "minDisparity": 1.0, "numDisparities": 1.0, "p1": 15.0, "p2": 60.0, "preFilterCap": 0.0, "speckleRange": 25.0, "speckleWindowSize": 2466.7851621021664, "uniquenessRatio": 30.0}, "datetime": {"datetime": "2023-01-21 08:22:53", "elapsed": 10440.539709, "delta": 20.492027}}
{"target": -440108984.0, "params": {"blockSize": 10.0, "disp12MaxDiff": 50.0, "minDisparity": 1.0, "numDisparities": 1.0, "p1": 5.0, "p2": 15.0, "preFilterCap": 0.0, "speckleRange": 25.0, "speckleWindowSize": 805.057600554676, "uniquenessRatio": 30.0}, "datetime": {"datetime": "2023-01-21 08:23:17", "elapsed": 10464.519746, "delta": 23.980037}}
{"target": -457157225.0, "params": {"blockSize": 10.0, "disp12MaxDiff": 50.0, "minDisparity": 1.0, "numDisparities": 1.0, "p1": 5.0, "p2": 29.929305891346466, "preFilterCap": 50.0, "speckleRange": 0.0, "speckleWindowSize": 2005.2042982970672, "uniquenessRatio": 30.0}, "datetime": {"datetime": "2023-01-21 08:23:45", "elapsed": 10492.560547, "delta": 28.040801}}
{"target": -456875145.75, "params": {"blockSize": 10.0, "disp12MaxDiff": 50.0, "minDisparity": 1.0, "numDisparities": 1.0, "p1": 15.0, "p2": 60.0, "preFilterCap": 50.0, "speckleRange": 0.0, "speckleWindowSize": 1777.6920766404103, "uniquenessRatio": 30.0}, "datetime": {"datetime": "2023-01-21 08:24:06", "elapsed": 10513.441394, "delta": 20.880847}}
{"target": -455937154.5, "params": {"blockSize": 2.0, "disp12MaxDiff": 15.186150966747176, "minDisparity": 1.0, "numDisparities": 1.0, "p1": 15.0, "p2": 60.0, "preFilterCap": 0.0, "speckleRange": 0.0, "speckleWindowSize": 1920.8718702126475, "uniquenessRatio": 0.0}, "datetime": {"datetime": "2023-01-21 08:24:25", "elapsed": 10531.805204, "delta": 18.36381}}
{"target": -455806634.0, "params": {"blockSize": 10.0, "disp12MaxDiff": 0.0, "minDisparity": 4.0, "numDisparities": 1.0, "p1": 5.0, "p2": 15.0, "preFilterCap": 23.740108045744794, "speckleRange": 0.0, "speckleWindowSize": 408.4683910376349, "uniquenessRatio": 30.0}, "datetime": {"datetime": "2023-01-21 08:24:45", "elapsed": 10552.149447, "delta": 20.344243}}
{"target": -519505403.0, "params": {"blockSize": 2.0, "disp12MaxDiff": 50.0, "minDisparity": 1.0, "numDisparities": 1.0, "p1": 15.0, "p2": 60.0, "preFilterCap": 50.0, "speckleRange": 25.0, "speckleWindowSize": 1753.8219411635143, "uniquenessRatio": 30.0}, "datetime": {"datetime": "2023-01-21 08:25:07", "elapsed": 10573.922052, "delta": 21.772605}}
{"target": -456752878.5, "params": {"blockSize": 10.0, "disp12MaxDiff": 50.0, "minDisparity": 4.0, "numDisparities": 1.0, "p1": 5.0, "p2": 60.0, "preFilterCap": 27.71696181828905, "speckleRange": 0.0, "speckleWindowSize": 1414.9033704197197, "uniquenessRatio": 30.0}, "datetime": {"datetime": "2023-01-21 08:25:28", "elapsed": 10594.94222, "delta": 21.020168}}
{"target": -444459656.0, "params": {"blockSize": 10.0, "disp12MaxDiff": 50.0, "minDisparity": 1.0, "numDisparities": 1.0, "p1": 15.0, "p2": 15.0, "preFilterCap": 50.0, "speckleRange": 25.0, "speckleWindowSize": 1948.3481787804214, "uniquenessRatio": 30.0}, "datetime": {"datetime": "2023-01-21 08:25:49", "elapsed": 10616.089881, "delta": 21.147661}}
{"target": -574149199.5, "params": {"blockSize": 2.0, "disp12MaxDiff": 50.0, "minDisparity": 1.0, "numDisparities": 1.0, "p1": 5.0, "p2": 30.735336481018862, "preFilterCap": 0.0, "speckleRange": 25.0, "speckleWindowSize": 510.84690879594234, "uniquenessRatio": 30.0}, "datetime": {"datetime": "2023-01-21 08:26:10", "elapsed": 10637.510451, "delta": 21.42057}}
{"target": -452240124.75, "params": {"blockSize": 10.0, "disp12MaxDiff": 0.0, "minDisparity": 4.0, "numDisparities": 1.0, "p1": 15.0, "p2": 31.172440194764174, "preFilterCap": 0.0, "speckleRange": 25.0, "speckleWindowSize": 355.9997824761438, "uniquenessRatio": 30.0}, "datetime": {"datetime": "2023-01-21 08:26:33", "elapsed": 10660.195295, "delta": 22.684844}}
{"target": -455296866.0, "params": {"blockSize": 10.0, "disp12MaxDiff": 0.0, "minDisparity": 1.0, "numDisparities": 1.0, "p1": 5.0, "p2": 43.98416091143458, "preFilterCap": 30.00295600432813, "speckleRange": 0.0, "speckleWindowSize": 1585.4788972130116, "uniquenessRatio": 0.0}, "datetime": {"datetime": "2023-01-21 08:26:58", "elapsed": 10685.193561, "delta": 24.998266}}
{"target": -525129746.5, "params": {"blockSize": 2.0, "disp12MaxDiff": 50.0, "minDisparity": 1.0, "numDisparities": 1.0, "p1": 5.0, "p2": 15.0, "preFilterCap": 14.504242629992987, "speckleRange": 25.0, "speckleWindowSize": 2007.15071383668, "uniquenessRatio": 30.0}, "datetime": {"datetime": "2023-01-21 08:27:22", "elapsed": 10709.407164, "delta": 24.213603}}
{"target": -456448678.0, "params": {"blockSize": 10.0, "disp12MaxDiff": 26.9863773503384, "minDisparity": 4.0, "numDisparities": 1.0, "p1": 5.0, "p2": 15.0, "preFilterCap": 26.55871226120761, "speckleRange": 0.0, "speckleWindowSize": 998.9520386402564, "uniquenessRatio": 30.0}, "datetime": {"datetime": "2023-01-21 08:27:49", "elapsed": 10735.899335, "delta": 26.492171}}
{"target": -668145009.5, "params": {"blockSize": 2.0, "disp12MaxDiff": 24.65819001507708, "minDisparity": 1.0, "numDisparities": 1.0, "p1": 5.0, "p2": 15.0, "preFilterCap": 0.0, "speckleRange": 25.0, "speckleWindowSize": 0.0, "uniquenessRatio": 30.0}, "datetime": {"datetime": "2023-01-21 08:28:10", "elapsed": 10757.504629, "delta": 21.605294}}
