{"target": -519426788.0, "params": {"blockSize": 8.205752117066424, "disp12MaxDiff": 29.61986597554557, "minDisparity": 2.465581331676383, "numDisparities": 2.624269414891196, "p1": 7.821191495018883, "p2": 55.05486115179938, "preFilterCap": 34.93229808151963, "speckleRange": 7.654518190163184, "speckleWindowSize": 759.7094979033498, "uniquenessRatio": 26.195523098463106}, "datetime": {"datetime": "2023-01-21 05:36:24", "elapsed": 450.801219, "delta": 8.932339}}
{"target": -443082314.5, "params": {"blockSize": 10.0, "disp12MaxDiff": 13.81427082022659, "minDisparity": 1.9809723607394003, "numDisparities": 1.0, "p1": 8.89442192808833, "p2": 37.23448879513875, "preFilterCap": 27.93548559991909, "speckleRange": 15.368905716741699, "speckleWindowSize": 2292.947893217079, "uniquenessRatio": 30.0}, "datetime": {"datetime": "2023-01-21 05:36:33", "elapsed": 459.701027, "delta": 8.899808}}
{"target": -456135279.75, "params": {"blockSize": 10.0, "disp12MaxDiff": 50.0, "minDisparity": 4.0, "numDisparities": 1.0, "p1": 15.0, "p2": 60.0, "preFilterCap": 23.086209460933972, "speckleRange": 0.0, "speckleWindowSize": 746.9221563412801, "uniquenessRatio": 30.0}, "datetime": {"datetime": "2023-01-21 05:36:42", "elapsed": 468.763981, "delta": 9.062954}}
{"target": -2016624665.0, "params": {"blockSize": 3.403721860404125, "disp12MaxDiff": 44.484359628099845, "minDisparity": 3.223561912233296, "numDisparities": 8.635546087786615, "p1": 5.32499610207158, "p2": 27.025379830663695, "preFilterCap": 29.451277670527254, "speckleRange": 7.718958704254334, "speckleWindowSize": 2334.6876451236944, "uniquenessRatio": 24.26949436234665}, "datetime": {"datetime": "2023-01-21 05:36:52", "elapsed": 478.696208, "delta": 9.932227}}
{"target": -1151724172.5, "params": {"blockSize": 9.140144000467862, "disp12MaxDiff": 7.395150926416527, "minDisparity": 2.1476428104542085, "numDisparities": 8.250919711662636, "p1": 5.850126081474288, "p2": 46.82677353389677, "preFilterCap": 39.38919643315927, "speckleRange": 17.654968569683355, "speckleWindowSize": 2246.971876714239, "uniquenessRatio": 19.37775065161202}, "datetime": {"datetime": "2023-01-21 05:37:01", "elapsed": 487.828926, "delta": 9.132718}}
{"target": -1246639025.5, "params": {"blockSize": 9.948981765585463, "disp12MaxDiff": 36.335780421903905, "minDisparity": 2.549311167309237, "numDisparities": 9.989052241305409, "p1": 7.3536322754006775, "p2": 44.84255015593837, "preFilterCap": 33.3398956729306, "speckleRange": 6.137064190773983, "speckleWindowSize": 262.1522726035183, "uniquenessRatio": 24.985417365961418}, "datetime": {"datetime": "2023-01-21 05:37:10", "elapsed": 496.904368, "delta": 9.075442}}
{"target": -455533349.0, "params": {"blockSize": 10.0, "disp12MaxDiff": 50.0, "minDisparity": 4.0, "numDisparities": 1.0, "p1": 15.0, "p2": 59.688174342114564, "preFilterCap": 30.54393458520898, "speckleRange": 0.0, "speckleWindowSize": 414.00162667982124, "uniquenessRatio": 24.950341780350605}, "datetime": {"datetime": "2023-01-21 05:37:19", "elapsed": 506.095232, "delta": 9.190864}}
{"target": -506451391.0, "params": {"blockSize": 6.019066810227276, "disp12MaxDiff": 24.642836715341566, "minDisparity": 1.265848754883101, "numDisparities": 6.970898014990821, "p1": 8.35057044658913, "p2": 58.74235507475085, "preFilterCap": 33.45837913186188, "speckleRange": 0.7081561758946697, "speckleWindowSize": 1890.553715817379, "uniquenessRatio": 7.500247150598421}, "datetime": {"datetime": "2023-01-21 05:37:29", "elapsed": 516.011344, "delta": 9.916112}}
{"target": -456980049.0, "params": {"blockSize": 10.0, "disp12MaxDiff": 2.162456122258862, "minDisparity": 1.0, "numDisparities": 1.0, "p1": 15.0, "p2": 15.0, "preFilterCap": 34.10132206247781, "speckleRange": 0.0, "speckleWindowSize": 2274.4977602937884, "uniquenessRatio": 30.0}, "datetime": {"datetime": "2023-01-21 05:37:38", "elapsed": 525.101359, "delta": 9.090015}}
{"target": -685236203.5, "params": {"blockSize": 7.130262139980177, "disp12MaxDiff": 34.470321831801456, "minDisparity": 3.4465794329204487, "numDisparities": 5.047167912748764, "p1": 8.82492542450251, "p2": 18.22354203366247, "preFilterCap": 27.65643938723905, "speckleRange": 7.422649160211972, "speckleWindowSize": 2266.8314728860964, "uniquenessRatio": 28.946256010822992}, "datetime": {"datetime": "2023-01-21 05:37:47", "elapsed": 534.486609, "delta": 9.38525}}
{"target": -728938701.5, "params": {"blockSize": 7.996663109016583, "disp12MaxDiff": 13.243802901959306, "minDisparity": 3.9186375593606098, "numDisparities": 5.895542103069338, "p1": 6.210063650041259, "p2": 58.708494702976324, "preFilterCap": 33.10857166808208, "speckleRange": 1.9141165402518672, "speckleWindowSize": 1609.869090231846, "uniquenessRatio": 26.778126402878726}, "datetime": {"datetime": "2023-01-21 05:37:57", "elapsed": 543.976615, "delta": 9.490006}}
{"target": -447180361.25, "params": {"blockSize": 8.26936293620313, "disp12MaxDiff": 15.45272280264373, "minDisparity": 1.894657593296079, "numDisparities": 1.861142657649972, "p1": 13.332432689837022, "p2": 50.433624491420105, "preFilterCap": 3.7873912653890396, "speckleRange": 14.801089536865494, "speckleWindowSize": 1827.649328349148, "uniquenessRatio": 21.640105531021593}, "datetime": {"datetime": "2023-01-21 05:38:06", "elapsed": 553.120349, "delta": 9.143734}}
{"target": -2862400576.0, "params": {"blockSize": 4.2186500423725555, "disp12MaxDiff": 10.262286200080212, "minDisparity": 2.420624771320849, "numDisparities": 6.396010906585019, "p1": 9.37675174931104, "p2": 39.66357801818442, "preFilterCap": 49.9376324392866, "speckleRange": 11.511656541272522, "speckleWindowSize": 2163.24421182198, "uniquenessRatio": 11.728871756803555}, "datetime": {"datetime": "2023-01-21 05:38:16", "elapsed": 563.123251, "delta": 10.002902}}
{"target": -456695542.5, "params": {"blockSize": 10.0, "disp12MaxDiff": 0.0, "minDisparity": 1.0, "numDisparities": 1.0, "p1": 15.0, "p2": 60.0, "preFilterCap": 4.114350082051294, "speckleRange": 0.0, "speckleWindowSize": 1798.719472193801, "uniquenessRatio": 30.0}, "datetime": {"datetime": "2023-01-21 05:38:25", "elapsed": 572.218275, "delta": 9.095024}}
{"target": -931373471.0, "params": {"blockSize": 7.495882021499392, "disp12MaxDiff": 25.54947048118458, "minDisparity": 3.7248376690446197, "numDisparities": 6.276897049953896, "p1": 10.958602204093587, "p2": 18.25869311764425, "preFilterCap": 43.676734333178366, "speckleRange": 14.554243215898294, "speckleWindowSize": 759.7237736461501, "uniquenessRatio": 27.044463893206057}, "datetime": {"datetime": "2023-01-21 05:38:34", "elapsed": 581.403651, "delta": 9.185376}}
{"target": -2389013808.0, "params": {"blockSize": 7.693251632546093, "disp12MaxDiff": 0.9302618387405315, "minDisparity": 2.1399920938518666, "numDisparities": 6.470029151207471, "p1": 9.343465678354352, "p2": 57.227341261365666, "preFilterCap": 21.121397539759272, "speckleRange": 14.02071846015866, "speckleWindowSize": 1860.6261473211437, "uniquenessRatio": 8.78667858455563}, "datetime": {"datetime": "2023-01-21 05:38:44", "elapsed": 591.469208, "delta": 10.065557}}
{"target": -527429006.25, "params": {"blockSize": 4.718625450686862, "disp12MaxDiff": 5.67824325372221, "minDisparity": 1.1090557305029654, "numDisparities": 2.069858190520897, "p1": 14.238826324908375, "p2": 54.47760507791603, "preFilterCap": 32.45184477643631, "speckleRange": 22.948566660161557, "speckleWindowSize": 1800.5353750999614, "uniquenessRatio": 29.00345478719788}, "datetime": {"datetime": "2023-01-21 05:38:54", "elapsed": 601.041992, "delta": 9.572784}}
{"target": -447407921.25, "params": {"blockSize": 10.0, "disp12MaxDiff": 18.59834110215044, "minDisparity": 4.0, "numDisparities": 1.0, "p1": 15.0, "p2": 60.0, "preFilterCap": 0.0, "speckleRange": 25.0, "speckleWindowSize": 1800.4448310456582, "uniquenessRatio": 30.0}, "datetime": {"datetime": "2023-01-21 05:39:03", "elapsed": 610.034859, "delta": 8.992867}}
{"target": -442260987.25, "params": {"blockSize": 10.0, "disp12MaxDiff": 4.85274548943755, "minDisparity": 1.0, "numDisparities": 1.0, "p1": 5.0, "p2": 60.0, "preFilterCap": 16.17545555382195, "speckleRange": 15.837743107144508, "speckleWindowSize": 1764.905052812704, "uniquenessRatio": 30.0}, "datetime": {"datetime": "2023-01-21 05:39:12", "elapsed": 619.078726, "delta": 9.043867}}
{"target": -773144645.75, "params": {"blockSize": 7.48615986373383, "disp12MaxDiff": 31.864767078971333, "minDisparity": 2.5346909861387203, "numDisparities": 4.88235845198113, "p1": 5.0866196888628, "p2": 22.87938570558828, "preFilterCap": 39.33176986652918, "speckleRange": 24.252148921698712, "speckleWindowSize": 1186.7936139195722, "uniquenessRatio": 24.695277107197406}, "datetime": {"datetime": "2023-01-21 05:39:21", "elapsed": 628.289353, "delta": 9.210627}}
{"target": -532473361.0, "params": {"blockSize": 4.294088868755763, "disp12MaxDiff": 24.15317552829417, "minDisparity": 2.640707236659393, "numDisparities": 2.4465643534460417, "p1": 12.998496420945411, "p2": 26.127000370860095, "preFilterCap": 38.1734504456216, "speckleRange": 7.797694441577757, "speckleWindowSize": 1987.0778653694617, "uniquenessRatio": 28.688157773391}, "datetime": {"datetime": "2023-01-21 05:39:31", "elapsed": 637.776832, "delta": 9.487479}}
{"target": -1553772289.0, "params": {"blockSize": 9.491791420015373, "disp12MaxDiff": 30.702397035069357, "minDisparity": 3.0036387397256226, "numDisparities": 7.889618077586, "p1": 11.882009113930444, "p2": 47.22229141317902, "preFilterCap": 40.66581328068337, "speckleRange": 9.624029513717163, "speckleWindowSize": 1932.1980801768832, "uniquenessRatio": 14.504003158002535}, "datetime": {"datetime": "2023-01-21 05:39:40", "elapsed": 647.397574, "delta": 9.620742}}
{"target": -2531830812.0, "params": {"blockSize": 3.2610726093212454, "disp12MaxDiff": 33.78393625089938, "minDisparity": 2.64762628562482, "numDisparities": 7.285784976206001, "p1": 8.676496111088758, "p2": 47.655501259536834, "preFilterCap": 23.245280714430844, "speckleRange": 23.281041248228238, "speckleWindowSize": 1640.1367822356117, "uniquenessRatio": 22.960523975248524}, "datetime": {"datetime": "2023-01-21 05:39:50", "elapsed": 657.371366, "delta": 9.973792}}
{"target": -892662690.0, "params": {"blockSize": 10.0, "disp12MaxDiff": 8.459086305399744, "minDisparity": 1.0, "numDisparities": 1.0, "p1": 5.0, "p2": 60.0, "preFilterCap": 11.961760470395113, "speckleRange": 13.552812761930447, "speckleWindowSize": 1791.1862111474816, "uniquenessRatio": 2.0161830216161705}, "datetime": {"datetime": "2023-01-21 05:40:00", "elapsed": 667.308332, "delta": 9.936966}}
{"target": -2907969630.0, "params": {"blockSize": 3.763029785578092, "disp12MaxDiff": 28.74318495603371, "minDisparity": 3.7789292249571766, "numDisparities": 7.463736106242878, "p1": 5.4387367126693364, "p2": 48.773907094822604, "preFilterCap": 42.524432571268896, "speckleRange": 9.564278000593395, "speckleWindowSize": 935.2208409012966, "uniquenessRatio": 19.63936274097113}, "datetime": {"datetime": "2023-01-21 05:40:10", "elapsed": 677.302447, "delta": 9.994115}}
{"target": -456316962.25, "params": {"blockSize": 10.0, "disp12MaxDiff": 50.0, "minDisparity": 4.0, "numDisparities": 1.0, "p1": 15.0, "p2": 43.64639730226185, "preFilterCap": 50.0, "speckleRange": 0.0, "speckleWindowSize": 780.3902918672051, "uniquenessRatio": 30.0}, "datetime": {"datetime": "2023-01-21 05:40:19", "elapsed": 686.123556, "delta": 8.821109}}
{"target": -2446323780.0, "params": {"blockSize": 4.767188437334455, "disp12MaxDiff": 46.672544613225234, "minDisparity": 3.0564779606535866, "numDisparities": 7.049713842696707, "p1": 10.088886578843276, "p2": 42.43749968078329, "preFilterCap": 30.22143514889853, "speckleRange": 17.4897004007296, "speckleWindowSize": 2453.660706771631, "uniquenessRatio": 16.846103989858833}, "datetime": {"datetime": "2023-01-21 05:40:29", "elapsed": 696.117097, "delta": 9.993541}}
{"target": -621215407.5, "params": {"blockSize": 10.0, "disp12MaxDiff": 0.0, "minDisparity": 4.0, "numDisparities": 10.0, "p1": 15.0, "p2": 60.0, "preFilterCap": 47.870955517910694, "speckleRange": 0.0, "speckleWindowSize": 1583.806906683184, "uniquenessRatio": 0.0}, "datetime": {"datetime": "2023-01-21 05:40:39", "elapsed": 705.849998, "delta": 9.732901}}
{"target": -931873806.5, "params": {"blockSize": 4.206692877736358, "disp12MaxDiff": 7.978121401557398, "minDisparity": 2.4027381614561714, "numDisparities": 4.048696871950991, "p1": 13.18918963122783, "p2": 55.20247589495636, "preFilterCap": 34.64995026354055, "speckleRange": 1.4782795582699375, "speckleWindowSize": 1696.8698360328774, "uniquenessRatio": 12.356114666313333}, "datetime": {"datetime": "2023-01-21 05:40:49", "elapsed": 716.126522, "delta": 10.276524}}
{"target": -732296452.5, "params": {"blockSize": 4.587446447618167, "disp12MaxDiff": 48.623576438124125, "minDisparity": 3.684326969421249, "numDisparities": 4.8013634056261845, "p1": 12.699208367011433, "p2": 41.394353580369305, "preFilterCap": 27.265070251084943, "speckleRange": 3.3327020067966506, "speckleWindowSize": 837.210324906795, "uniquenessRatio": 29.220439717218493}, "datetime": {"datetime": "2023-01-21 05:40:59", "elapsed": 725.748515, "delta": 9.621993}}
{"target": -573523729.75, "params": {"blockSize": 10.0, "disp12MaxDiff": 20.08695264649675, "minDisparity": 3.7249127635085677, "numDisparities": 3.720873627584234, "p1": 5.0, "p2": 41.41962712425471, "preFilterCap": 50.0, "speckleRange": 8.236517937377373, "speckleWindowSize": 803.1433306800603, "uniquenessRatio": 30.0}, "datetime": {"datetime": "2023-01-21 05:41:08", "elapsed": 734.714632, "delta": 8.966117}}
{"target": -3034081274.0, "params": {"blockSize": 8.230870710915827, "disp12MaxDiff": 11.167207690990294, "minDisparity": 1.0669084461330005, "numDisparities": 5.334293720819461, "p1": 8.937703730187344, "p2": 27.73526291278428, "preFilterCap": 42.403995246668266, "speckleRange": 8.944044489186293, "speckleWindowSize": 1372.0730889283936, "uniquenessRatio": 3.2816128780522567}, "datetime": {"datetime": "2023-01-21 05:41:17", "elapsed": 744.543893, "delta": 9.829261}}
{"target": -2576176396.0, "params": {"blockSize": 2.072060470608477, "disp12MaxDiff": 10.196475576892771, "minDisparity": 1.6661076701063187, "numDisparities": 8.368432176831691, "p1": 11.851422154078614, "p2": 45.27210517587333, "preFilterCap": 26.431902250684807, "speckleRange": 22.77944397812891, "speckleWindowSize": 1003.1734774383922, "uniquenessRatio": 22.114857687121752}, "datetime": {"datetime": "2023-01-21 05:41:28", "elapsed": 754.649878, "delta": 10.105985}}
{"target": -1154059868.5, "params": {"blockSize": 4.991546202563977, "disp12MaxDiff": 1.149729563530294, "minDisparity": 3.060860557717036, "numDisparities": 9.02935657162256, "p1": 12.948806064826739, "p2": 22.18805394817499, "preFilterCap": 28.636746168242038, "speckleRange": 1.0043319949472107, "speckleWindowSize": 865.4505575882665, "uniquenessRatio": 19.572110495949754}, "datetime": {"datetime": "2023-01-21 05:41:37", "elapsed": 764.499855, "delta": 9.849977}}
{"target": -440149435.0, "params": {"blockSize": 10.0, "disp12MaxDiff": 50.0, "minDisparity": 1.0, "numDisparities": 1.0, "p1": 5.0, "p2": 60.0, "preFilterCap": 32.08426752991774, "speckleRange": 25.0, "speckleWindowSize": 796.3933326095604, "uniquenessRatio": 30.0}, "datetime": {"datetime": "2023-01-21 05:41:46", "elapsed": 773.462816, "delta": 8.962961}}
{"target": -1711764638.0, "params": {"blockSize": 2.0, "disp12MaxDiff": 50.0, "minDisparity": 1.0, "numDisparities": 10.0, "p1": 5.943016601568014, "p2": 18.899212000707287, "preFilterCap": 47.39295431853739, "speckleRange": 25.0, "speckleWindowSize": 801.0727991443182, "uniquenessRatio": 30.0}, "datetime": {"datetime": "2023-01-21 05:41:56", "elapsed": 783.382338, "delta": 9.919522}}
{"target": -2275798892.0, "params": {"blockSize": 4.636610412606416, "disp12MaxDiff": 49.39608601718841, "minDisparity": 1.8082435254102636, "numDisparities": 4.887981665702743, "p1": 10.920658704083039, "p2": 37.24324789666581, "preFilterCap": 25.28679503680426, "speckleRange": 2.2079843607739513, "speckleWindowSize": 1802.986959745063, "uniquenessRatio": 3.6765694534474447}, "datetime": {"datetime": "2023-01-21 05:42:06", "elapsed": 793.386351, "delta": 10.004013}}
{"target": -1773434618.0, "params": {"blockSize": 8.268054074729221, "disp12MaxDiff": 45.50380900150151, "minDisparity": 1.9595555695219116, "numDisparities": 2.0081468554527873, "p1": 6.451145967160979, "p2": 58.66246935714922, "preFilterCap": 27.975184998123893, "speckleRange": 7.598539698088999, "speckleWindowSize": 786.76704958069, "uniquenessRatio": 2.301442643712347}, "datetime": {"datetime": "2023-01-21 05:42:16", "elapsed": 803.233176, "delta": 9.846825}}
{"target": -457635278.25, "params": {"blockSize": 2.0, "disp12MaxDiff": 0.0, "minDisparity": 4.0, "numDisparities": 1.0, "p1": 15.0, "p2": 30.023369959982126, "preFilterCap": 50.0, "speckleRange": 0.0, "speckleWindowSize": 1582.3618106301456, "uniquenessRatio": 30.0}, "datetime": {"datetime": "2023-01-21 05:42:26", "elapsed": 813.074526, "delta": 9.84135}}
{"target": -4541323064.0, "params": {"blockSize": 3.26648909077812, "disp12MaxDiff": 41.866516758701, "minDisparity": 3.825493886271701, "numDisparities": 9.370913000793992, "p1": 12.342260575900008, "p2": 27.442805773262638, "preFilterCap": 10.476290829710177, "speckleRange": 6.532961339002466, "speckleWindowSize": 2257.9228198880933, "uniquenessRatio": 9.074598517676067}, "datetime": {"datetime": "2023-01-21 05:42:36", "elapsed": 823.151484, "delta": 10.076958}}
{"target": -1059181091.0, "params": {"blockSize": 5.26289646708712, "disp12MaxDiff": 17.988008604153187, "minDisparity": 3.513340618699827, "numDisparities": 1.770334871312775, "p1": 14.232496386810901, "p2": 19.265309539601546, "preFilterCap": 43.01876280049435, "speckleRange": 15.121364334118963, "speckleWindowSize": 1753.9202554725439, "uniquenessRatio": 6.881403167368266}, "datetime": {"datetime": "2023-01-21 05:42:46", "elapsed": 833.15804, "delta": 10.006556}}
{"target": -456333745.5, "params": {"blockSize": 10.0, "disp12MaxDiff": 47.22266526954488, "minDisparity": 4.0, "numDisparities": 1.0, "p1": 15.0, "p2": 60.0, "preFilterCap": 50.0, "speckleRange": 0.0, "speckleWindowSize": 816.276384096979, "uniquenessRatio": 30.0}, "datetime": {"datetime": "2023-01-21 05:42:55", "elapsed": 842.16991, "delta": 9.01187}}
{"target": -516778828.5, "params": {"blockSize": 7.811599298750671, "disp12MaxDiff": 1.582700445893559, "minDisparity": 3.726437874740221, "numDisparities": 7.974127911626493, "p1": 8.870957291621817, "p2": 25.90189111350271, "preFilterCap": 26.478847233174545, "speckleRange": 0.9304573597754967, "speckleWindowSize": 1591.3041376668555, "uniquenessRatio": 5.780999232983273}, "datetime": {"datetime": "2023-01-21 05:43:06", "elapsed": 852.62986, "delta": 10.45995}}
{"target": -4305141048.0, "params": {"blockSize": 3.912560137747362, "disp12MaxDiff": 3.870553943255095, "minDisparity": 2.949536296820308, "numDisparities": 7.425740620743736, "p1": 12.1894382397722, "p2": 20.379994332804856, "preFilterCap": 33.26418034610937, "speckleRange": 6.463431844203502, "speckleWindowSize": 1235.9324063315246, "uniquenessRatio": 1.2515757735411837}, "datetime": {"datetime": "2023-01-21 05:43:16", "elapsed": 862.969352, "delta": 10.339492}}
{"target": -581110914.25, "params": {"blockSize": 6.956078161439644, "disp12MaxDiff": 18.81402766374881, "minDisparity": 2.487165053737053, "numDisparities": 2.9561052513680504, "p1": 13.1073844097438, "p2": 56.87686896999459, "preFilterCap": 17.01933236146889, "speckleRange": 11.611413114501524, "speckleWindowSize": 1209.5353374656759, "uniquenessRatio": 23.2085062215051}, "datetime": {"datetime": "2023-01-21 05:43:25", "elapsed": 872.423512, "delta": 9.45416}}
{"target": -448036324.75, "params": {"blockSize": 10.0, "disp12MaxDiff": 20.25751460775384, "minDisparity": 4.0, "numDisparities": 1.0, "p1": 5.0, "p2": 15.0, "preFilterCap": 48.88533642450154, "speckleRange": 25.0, "speckleWindowSize": 2277.308712679631, "uniquenessRatio": 30.0}, "datetime": {"datetime": "2023-01-21 05:43:34", "elapsed": 881.214709, "delta": 8.791197}}
{"target": -2425627592.0, "params": {"blockSize": 6.9698947403519735, "disp12MaxDiff": 28.397772315234484, "minDisparity": 2.839467522566171, "numDisparities": 9.162164849419646, "p1": 7.0146012244328055, "p2": 55.831266585304576, "preFilterCap": 6.871176686711211, "speckleRange": 18.16694716798731, "speckleWindowSize": 2384.905500551776, "uniquenessRatio": 14.267389696402011}, "datetime": {"datetime": "2023-01-21 05:43:44", "elapsed": 890.806854, "delta": 9.592145}}
{"target": -1572841602.0, "params": {"blockSize": 2.8424583470394396, "disp12MaxDiff": 23.54918180169323, "minDisparity": 1.063489214675382, "numDisparities": 2.537717532811685, "p1": 12.471138184706952, "p2": 45.55838803178679, "preFilterCap": 30.5322689472278, "speckleRange": 10.511428682049068, "speckleWindowSize": 1397.1994830447636, "uniquenessRatio": 15.675496538393315}, "datetime": {"datetime": "2023-01-21 05:43:54", "elapsed": 900.966649, "delta": 10.159795}}
{"target": -554830161.25, "params": {"blockSize": 9.010626003738377, "disp12MaxDiff": 26.667270574119183, "minDisparity": 1.0902825133824097, "numDisparities": 2.8778356220947106, "p1": 8.216524400618805, "p2": 29.251380582206508, "preFilterCap": 11.066907333953807, "speckleRange": 21.650854992233633, "speckleWindowSize": 1025.4536700357676, "uniquenessRatio": 19.23378885591955}, "datetime": {"datetime": "2023-01-21 05:44:03", "elapsed": 910.360394, "delta": 9.393745}}
