{"target": -484319587.0, "params": {"blockSize": 10.0, "disp12MaxDiff": 0.0, "minDisparity": 4.0, "numDisparities": 10.0, "p1": 5.0, "p2": 42.344090607047754, "preFilterCap": 0.0, "speckleRange": 0.0, "speckleWindowSize": 1699.6768093575176, "uniquenessRatio": 30.0}, "datetime": {"datetime": "2023-01-21 08:28:34", "elapsed": 10781.089498, "delta": 23.584869}}
{"target": -441142829.25, "params": {"blockSize": 10.0, "disp12MaxDiff": 0.0, "minDisparity": 1.0, "numDisparities": 1.0, "p1": 15.0, "p2": 60.0, "preFilterCap": 0.0, "speckleRange": 25.0, "speckleWindowSize": 1567.803428972832, "uniquenessRatio": 30.0}, "datetime": {"datetime": "2023-01-21 08:28:52", "elapsed": 10798.95042, "delta": 17.860922}}
{"target": -468274155.25, "params": {"blockSize": 2.5631662333137495, "disp12MaxDiff": 48.9912137837078, "minDisparity": 3.469834045701437, "numDisparities": 9.294894834864316, "p1": 7.839140356862532, "p2": 15.54788063913495, "preFilterCap": 48.9784775080184, "speckleRange": 0.509241733240573, "speckleWindowSize": 1934.2891564937254, "uniquenessRatio": 28.335483819982127}, "datetime": {"datetime": "2023-01-21 08:29:18", "elapsed": 10824.78325, "delta": 25.83283}}
{"target": -456933911.25, "params": {"blockSize": 2.0, "disp12MaxDiff": 50.0, "minDisparity": 1.0, "numDisparities": 1.0, "p1": 15.0, "p2": 42.17568664086749, "preFilterCap": 24.295988379242228, "speckleRange": 0.0, "speckleWindowSize": 1165.790933423224, "uniquenessRatio": 30.0}, "datetime": {"datetime": "2023-01-21 08:29:41", "elapsed": 10848.295629, "delta": 23.512379}}
{"target": -456787031.75, "params": {"blockSize": 10.0, "disp12MaxDiff": 50.0, "minDisparity": 4.0, "numDisparities": 1.0, "p1": 15.0, "p2": 15.0, "preFilterCap": 30.592150065209964, "speckleRange": 0.0, "speckleWindowSize": 2184.54032879503, "uniquenessRatio": 0.0}, "datetime": {"datetime": "2023-01-21 08:30:06", "elapsed": 10872.886304, "delta": 24.590675}}
{"target": -567061054.5, "params": {"blockSize": 2.0, "disp12MaxDiff": 50.0, "minDisparity": 4.0, "numDisparities": 1.0, "p1": 5.0, "p2": 60.0, "preFilterCap": 32.706499593887806, "speckleRange": 25.0, "speckleWindowSize": 2138.0682179489704, "uniquenessRatio": 30.0}, "datetime": {"datetime": "2023-01-21 08:30:28", "elapsed": 10894.676993, "delta": 21.790689}}
{"target": -466638248.5, "params": {"blockSize": 2.0, "disp12MaxDiff": 25.295834512396482, "minDisparity": 1.0, "numDisparities": 10.0, "p1": 5.0, "p2": 26.2655160190988, "preFilterCap": 50.0, "speckleRange": 0.0, "speckleWindowSize": 1829.0773253745083, "uniquenessRatio": 30.0}, "datetime": {"datetime": "2023-01-21 08:30:50", "elapsed": 10917.158437, "delta": 22.481444}}
{"target": -456321062.5, "params": {"blockSize": 2.0, "disp12MaxDiff": 50.0, "minDisparity": 1.0, "numDisparities": 1.0, "p1": 5.0, "p2": 60.0, "preFilterCap": 50.0, "speckleRange": 0.0, "speckleWindowSize": 1181.759328410263, "uniquenessRatio": 0.0}, "datetime": {"datetime": "2023-01-21 08:31:14", "elapsed": 10941.099357, "delta": 23.94092}}
{"target": -807934210.0, "params": {"blockSize": 10.0, "disp12MaxDiff": 0.0, "minDisparity": 1.0, "numDisparities": 1.0, "p1": 15.0, "p2": 15.0, "preFilterCap": 50.0, "speckleRange": 25.0, "speckleWindowSize": 0.0, "uniquenessRatio": 0.0}, "datetime": {"datetime": "2023-01-21 08:31:38", "elapsed": 10965.384014, "delta": 24.284657}}
{"target": -444478984.75, "params": {"blockSize": 10.0, "disp12MaxDiff": 0.0, "minDisparity": 1.0, "numDisparities": 1.0, "p1": 15.0, "p2": 60.0, "preFilterCap": 50.0, "speckleRange": 25.0, "speckleWindowSize": 2110.010844029274, "uniquenessRatio": 30.0}, "datetime": {"datetime": "2023-01-21 08:32:11", "elapsed": 10997.991911, "delta": 32.607897}}
{"target": -464333279.25, "params": {"blockSize": 10.0, "disp12MaxDiff": 0.0, "minDisparity": 4.0, "numDisparities": 1.0, "p1": 5.0, "p2": 15.0, "preFilterCap": 50.0, "speckleRange": 25.0, "speckleWindowSize": 2221.828826077902, "uniquenessRatio": 16.07614306346357}, "datetime": {"datetime": "2023-01-21 08:32:33", "elapsed": 11019.621031, "delta": 21.62912}}
{"target": -455524666.5, "params": {"blockSize": 10.0, "disp12MaxDiff": 0.0, "minDisparity": 4.0, "numDisparities": 1.0, "p1": 15.0, "p2": 38.63554608574558, "preFilterCap": 0.0, "speckleRange": 0.0, "speckleWindowSize": 328.90694198124555, "uniquenessRatio": 30.0}, "datetime": {"datetime": "2023-01-21 08:32:50", "elapsed": 11036.853773, "delta": 17.232742}}
{"target": -902437376.0, "params": {"blockSize": 10.0, "disp12MaxDiff": 0.0, "minDisparity": 4.0, "numDisparities": 1.0, "p1": 15.0, "p2": 60.0, "preFilterCap": 0.0, "speckleRange": 25.0, "speckleWindowSize": 674.0217642938542, "uniquenessRatio": 0.0}, "datetime": {"datetime": "2023-01-21 08:33:12", "elapsed": 11058.90898, "delta": 22.055207}}
{"target": -481394621.0, "params": {"blockSize": 10.0, "disp12MaxDiff": 0.0, "minDisparity": 4.0, "numDisparities": 10.0, "p1": 15.0, "p2": 15.0, "preFilterCap": 0.0, "speckleRange": 0.0, "speckleWindowSize": 2328.005560982202, "uniquenessRatio": 30.0}, "datetime": {"datetime": "2023-01-21 08:33:33", "elapsed": 11080.577403, "delta": 21.668423}}
{"target": -456346792.5, "params": {"blockSize": 10.0, "disp12MaxDiff": 0.0, "minDisparity": 1.0, "numDisparities": 1.0, "p1": 5.0, "p2": 15.0, "preFilterCap": 50.0, "speckleRange": 0.0, "speckleWindowSize": 965.7998521466919, "uniquenessRatio": 30.0}, "datetime": {"datetime": "2023-01-21 08:33:52", "elapsed": 11098.622449, "delta": 18.045046}}
{"target": -455740178.0, "params": {"blockSize": 2.0, "disp12MaxDiff": 0.0, "minDisparity": 1.0, "numDisparities": 1.0, "p1": 15.0, "p2": 60.0, "preFilterCap": 24.873620813052202, "speckleRange": 0.0, "speckleWindowSize": 144.32736038535492, "uniquenessRatio": 30.0}, "datetime": {"datetime": "2023-01-21 08:34:15", "elapsed": 11121.730546, "delta": 23.108097}}
{"target": -905076088.0, "params": {"blockSize": 10.0, "disp12MaxDiff": 0.0, "minDisparity": 4.0, "numDisparities": 1.0, "p1": 5.0, "p2": 60.0, "preFilterCap": 0.0, "speckleRange": 25.0, "speckleWindowSize": 1726.0545875274252, "uniquenessRatio": 0.0}, "datetime": {"datetime": "2023-01-21 08:34:34", "elapsed": 11141.172551, "delta": 19.442005}}
{"target": -455976441.0, "params": {"blockSize": 10.0, "disp12MaxDiff": 20.263192789723195, "minDisparity": 1.0, "numDisparities": 1.0, "p1": 15.0, "p2": 44.03412003212094, "preFilterCap": 50.0, "speckleRange": 0.0, "speckleWindowSize": 770.9706502706398, "uniquenessRatio": 30.0}, "datetime": {"datetime": "2023-01-21 08:34:56", "elapsed": 11163.272294, "delta": 22.099743}}
{"target": -799865595.5, "params": {"blockSize": 10.0, "disp12MaxDiff": 0.0, "minDisparity": 1.0, "numDisparities": 1.0, "p1": 5.0, "p2": 15.0, "preFilterCap": 50.0, "speckleRange": 25.0, "speckleWindowSize": 1844.5062931503594, "uniquenessRatio": 0.0}, "datetime": {"datetime": "2023-01-21 08:35:18", "elapsed": 11185.408847, "delta": 22.136553}}
{"target": -456897848.25, "params": {"blockSize": 10.0, "disp12MaxDiff": 50.0, "minDisparity": 1.0, "numDisparities": 1.0, "p1": 15.0, "p2": 15.0, "preFilterCap": 37.383125424540076, "speckleRange": 0.0, "speckleWindowSize": 2154.3698965900035, "uniquenessRatio": 30.0}, "datetime": {"datetime": "2023-01-21 08:35:37", "elapsed": 11203.801959, "delta": 18.393112}}
{"target": -456485894.75, "params": {"blockSize": 10.0, "disp12MaxDiff": 33.34482224105387, "minDisparity": 1.0, "numDisparities": 1.0, "p1": 15.0, "p2": 37.04938206178912, "preFilterCap": 24.189937321856533, "speckleRange": 0.0, "speckleWindowSize": 1585.5104620251211, "uniquenessRatio": 30.0}, "datetime": {"datetime": "2023-01-21 08:35:59", "elapsed": 11225.631298, "delta": 21.829339}}
{"target": -455639475.75, "params": {"blockSize": 10.0, "disp12MaxDiff": 24.151020873693497, "minDisparity": 1.0, "numDisparities": 1.0, "p1": 15.0, "p2": 60.0, "preFilterCap": 7.474255301570586, "speckleRange": 0.0, "speckleWindowSize": 1557.120439811876, "uniquenessRatio": 0.0}, "datetime": {"datetime": "2023-01-21 08:36:23", "elapsed": 11250.503641, "delta": 24.872343}}
{"target": -443158590.25, "params": {"blockSize": 10.0, "disp12MaxDiff": 0.0, "minDisparity": 1.0, "numDisparities": 1.0, "p1": 15.0, "p2": 60.0, "preFilterCap": 0.0, "speckleRange": 25.0, "speckleWindowSize": 155.99785691108144, "uniquenessRatio": 30.0}, "datetime": {"datetime": "2023-01-21 08:36:48", "elapsed": 11275.43466, "delta": 24.931019}}
{"target": -456751192.5, "params": {"blockSize": 10.0, "disp12MaxDiff": 15.865207315493231, "minDisparity": 1.0, "numDisparities": 1.0, "p1": 15.0, "p2": 60.0, "preFilterCap": 31.456341429016895, "speckleRange": 0.0, "speckleWindowSize": 2119.58342593072, "uniquenessRatio": 30.0}, "datetime": {"datetime": "2023-01-21 08:37:07", "elapsed": 11293.881206, "delta": 18.446546}}
{"target": -441579652.25, "params": {"blockSize": 10.0, "disp12MaxDiff": 0.0, "minDisparity": 1.0, "numDisparities": 1.0, "p1": 5.0, "p2": 15.0, "preFilterCap": 50.0, "speckleRange": 25.0, "speckleWindowSize": 782.036011880144, "uniquenessRatio": 30.0}, "datetime": {"datetime": "2023-01-21 08:37:33", "elapsed": 11320.609213, "delta": 26.728007}}
{"target": -1875216108.0, "params": {"blockSize": 2.0, "disp12MaxDiff": 0.0, "minDisparity": 1.0, "numDisparities": 10.0, "p1": 15.0, "p2": 60.0, "preFilterCap": 0.0, "speckleRange": 25.0, "speckleWindowSize": 91.94901274604517, "uniquenessRatio": 30.0}, "datetime": {"datetime": "2023-01-21 08:37:53", "elapsed": 11340.360472, "delta": 19.751259}}
{"target": -928813107.5, "params": {"blockSize": 10.0, "disp12MaxDiff": 50.0, "minDisparity": 4.0, "numDisparities": 1.0, "p1": 5.0, "p2": 60.0, "preFilterCap": 50.0, "speckleRange": 25.0, "speckleWindowSize": 648.0055681311148, "uniquenessRatio": 0.0}, "datetime": {"datetime": "2023-01-21 08:38:18", "elapsed": 11365.328829, "delta": 24.968357}}
{"target": -456718757.25, "params": {"blockSize": 10.0, "disp12MaxDiff": 0.0, "minDisparity": 1.0, "numDisparities": 1.0, "p1": 15.0, "p2": 15.0, "preFilterCap": 22.005268407104715, "speckleRange": 0.0, "speckleWindowSize": 1663.6433217526935, "uniquenessRatio": 30.0}, "datetime": {"datetime": "2023-01-21 08:38:41", "elapsed": 11387.964103, "delta": 22.635274}}
{"target": -472089388.25, "params": {"blockSize": 2.0, "disp12MaxDiff": 31.25513672265469, "minDisparity": 4.0, "numDisparities": 10.0, "p1": 5.0, "p2": 15.0, "preFilterCap": 50.0, "speckleRange": 0.0, "speckleWindowSize": 1174.198867173357, "uniquenessRatio": 30.0}, "datetime": {"datetime": "2023-01-21 08:39:07", "elapsed": 11413.775503, "delta": 25.8114}}
{"target": -456223280.5, "params": {"blockSize": 2.0, "disp12MaxDiff": 50.0, "minDisparity": 1.0, "numDisparities": 1.0, "p1": 15.0, "p2": 60.0, "preFilterCap": 35.00065428862872, "speckleRange": 0.0, "speckleWindowSize": 1908.9672140708565, "uniquenessRatio": 0.0}, "datetime": {"datetime": "2023-01-21 08:39:33", "elapsed": 11440.448403, "delta": 26.6729}}
{"target": -456993242.0, "params": {"blockSize": 2.0, "disp12MaxDiff": 21.339862001769934, "minDisparity": 4.0, "numDisparities": 1.0, "p1": 5.0, "p2": 60.0, "preFilterCap": 0.0, "speckleRange": 0.0, "speckleWindowSize": 315.89637029713674, "uniquenessRatio": 30.0}, "datetime": {"datetime": "2023-01-21 08:39:53", "elapsed": 11459.788668, "delta": 19.340265}}
{"target": -473628583.5, "params": {"blockSize": 10.0, "disp12MaxDiff": 0.0, "minDisparity": 4.0, "numDisparities": 1.0, "p1": 5.0, "p2": 31.892185743775812, "preFilterCap": 0.0, "speckleRange": 0.0, "speckleWindowSize": 0.0, "uniquenessRatio": 30.0}, "datetime": {"datetime": "2023-01-21 08:40:21", "elapsed": 11487.839886, "delta": 28.051218}}
{"target": -447611039.5, "params": {"blockSize": 10.0, "disp12MaxDiff": 50.0, "minDisparity": 4.0, "numDisparities": 1.0, "p1": 5.0, "p2": 60.0, "preFilterCap": 0.0, "speckleRange": 25.0, "speckleWindowSize": 1455.6628969791439, "uniquenessRatio": 30.0}, "datetime": {"datetime": "2023-01-21 08:40:58", "elapsed": 11524.743011, "delta": 36.903125}}
{"target": -457146866.25, "params": {"blockSize": 2.0, "disp12MaxDiff": 0.0, "minDisparity": 1.0, "numDisparities": 1.0, "p1": 5.0, "p2": 15.0, "preFilterCap": 31.109567204511777, "speckleRange": 0.0, "speckleWindowSize": 2430.609430476016, "uniquenessRatio": 0.0}, "datetime": {"datetime": "2023-01-21 08:41:21", "elapsed": 11547.99907, "delta": 23.256059}}
{"target": -457008177.25, "params": {"blockSize": 10.0, "disp12MaxDiff": 0.0, "minDisparity": 1.0, "numDisparities": 1.0, "p1": 5.0, "p2": 60.0, "preFilterCap": 0.0, "speckleRange": 0.0, "speckleWindowSize": 2189.765303660353, "uniquenessRatio": 30.0}, "datetime": {"datetime": "2023-01-21 08:41:39", "elapsed": 11566.393261, "delta": 18.394191}}
{"target": -463652780.75, "params": {"blockSize": 10.0, "disp12MaxDiff": 25.71374496742623, "minDisparity": 1.0, "numDisparities": 1.0, "p1": 5.0, "p2": 60.0, "preFilterCap": 50.0, "speckleRange": 0.0, "speckleWindowSize": 0.0, "uniquenessRatio": 30.0}, "datetime": {"datetime": "2023-01-21 08:42:04", "elapsed": 11590.938024, "delta": 24.544763}}
{"target": -457815197.0, "params": {"blockSize": 2.0, "disp12MaxDiff": 50.0, "minDisparity": 1.0, "numDisparities": 1.0, "p1": 5.0, "p2": 15.0, "preFilterCap": 0.0, "speckleRange": 0.0, "speckleWindowSize": 2189.805057277686, "uniquenessRatio": 30.0}, "datetime": {"datetime": "2023-01-21 08:42:23", "elapsed": 11610.205128, "delta": 19.267104}}
{"target": -441509951.75, "params": {"blockSize": 10.0, "disp12MaxDiff": 50.0, "minDisparity": 1.0, "numDisparities": 1.0, "p1": 15.0, "p2": 15.0, "preFilterCap": 19.15176530122766, "speckleRange": 25.0, "speckleWindowSize": 1353.358820767454, "uniquenessRatio": 30.0}, "datetime": {"datetime": "2023-01-21 08:42:51", "elapsed": 11637.918933, "delta": 27.713805}}
{"target": -454339459.0, "params": {"blockSize": 10.0, "disp12MaxDiff": 0.0, "minDisparity": 1.0, "numDisparities": 1.0, "p1": 15.0, "p2": 15.0, "preFilterCap": 0.0, "speckleRange": 0.0, "speckleWindowSize": 265.8798050390373, "uniquenessRatio": 30.0}, "datetime": {"datetime": "2023-01-21 08:43:20", "elapsed": 11667.192216, "delta": 29.273283}}
{"target": -1743787216.0, "params": {"blockSize": 2.0, "disp12MaxDiff": 0.0, "minDisparity": 1.0, "numDisparities": 10.0, "p1": 5.0, "p2": 60.0, "preFilterCap": 29.78212677394579, "speckleRange": 25.0, "speckleWindowSize": 178.70998511803708, "uniquenessRatio": 30.0}, "datetime": {"datetime": "2023-01-21 08:43:47", "elapsed": 11694.37006, "delta": 27.177844}}
{"target": -456955045.75, "params": {"blockSize": 2.0, "disp12MaxDiff": 20.79634594547278, "minDisparity": 4.0, "numDisparities": 1.0, "p1": 5.0, "p2": 60.0, "preFilterCap": 23.155419729432257, "speckleRange": 0.0, "speckleWindowSize": 2205.5452026981284, "uniquenessRatio": 0.0}, "datetime": {"datetime": "2023-01-21 08:44:13", "elapsed": 11720.146731, "delta": 25.776671}}
{"target": -457172905.0, "params": {"blockSize": 10.0, "disp12MaxDiff": 0.0, "minDisparity": 4.0, "numDisparities": 1.0, "p1": 5.0, "p2": 60.0, "preFilterCap": 50.0, "speckleRange": 0.0, "speckleWindowSize": 1732.1012872877159, "uniquenessRatio": 30.0}, "datetime": {"datetime": "2023-01-21 08:44:35", "elapsed": 11741.877817, "delta": 21.731086}}
{"target": -467463597.5, "params": {"blockSize": 2.0, "disp12MaxDiff": 0.0, "minDisparity": 1.0, "numDisparities": 1.0, "p1": 15.0, "p2": 40.9238903371065, "preFilterCap": 0.0, "speckleRange": 25.0, "speckleWindowSize": 1991.577198547184, "uniquenessRatio": 30.0}, "datetime": {"datetime": "2023-01-21 08:44:54", "elapsed": 11761.552458, "delta": 19.674641}}
{"target": -1060738479.0, "params": {"blockSize": 10.0, "disp12MaxDiff": 50.0, "minDisparity": 4.0, "numDisparities": 10.0, "p1": 5.0, "p2": 40.48382663541234, "preFilterCap": 0.0, "speckleRange": 25.0, "speckleWindowSize": 290.05482656923994, "uniquenessRatio": 30.0}, "datetime": {"datetime": "2023-01-21 08:45:17", "elapsed": 11783.993814, "delta": 22.441356}}
{"target": -507730592.75, "params": {"blockSize": 2.0, "disp12MaxDiff": 0.0, "minDisparity": 4.0, "numDisparities": 1.0, "p1": 5.0, "p2": 60.0, "preFilterCap": 50.0, "speckleRange": 25.0, "speckleWindowSize": 853.4916965299822, "uniquenessRatio": 30.0}, "datetime": {"datetime": "2023-01-21 08:45:42", "elapsed": 11809.154373, "delta": 25.160559}}
{"target": -826352802.0, "params": {"blockSize": 10.0, "disp12MaxDiff": 0.0, "minDisparity": 4.0, "numDisparities": 1.0, "p1": 15.0, "p2": 15.0, "preFilterCap": 50.0, "speckleRange": 25.0, "speckleWindowSize": 1308.5664518165968, "uniquenessRatio": 0.0}, "datetime": {"datetime": "2023-01-21 08:46:12", "elapsed": 11839.090833, "delta": 29.93646}}
{"target": -456555128.5, "params": {"blockSize": 10.0, "disp12MaxDiff": 15.882830559448433, "minDisparity": 4.0, "numDisparities": 1.0, "p1": 15.0, "p2": 15.0, "preFilterCap": 25.150328565923168, "speckleRange": 0.0, "speckleWindowSize": 1279.3057172539566, "uniquenessRatio": 30.0}, "datetime": {"datetime": "2023-01-21 08:46:31", "elapsed": 11857.91289, "delta": 18.822057}}
{"target": -1986035759.0, "params": {"blockSize": 2.0, "disp12MaxDiff": 50.0, "minDisparity": 1.0, "numDisparities": 10.0, "p1": 5.0, "p2": 15.0, "preFilterCap": 50.0, "speckleRange": 25.0, "speckleWindowSize": 126.16454429234383, "uniquenessRatio": 30.0}, "datetime": {"datetime": "2023-01-21 08:47:00", "elapsed": 11887.439367, "delta": 29.526477}}
{"target": -490842670.75, "params": {"blockSize": 2.0, "disp12MaxDiff": 0.0, "minDisparity": 4.0, "numDisparities": 1.0, "p1": 5.0, "p2": 60.0, "preFilterCap": 50.0, "speckleRange": 25.0, "speckleWindowSize": 2217.04807068471, "uniquenessRatio": 30.0}, "datetime": {"datetime": "2023-01-21 08:47:33", "elapsed": 11919.861958, "delta": 32.422591}}
{"target": -444262571.25, "params": {"blockSize": 10.0, "disp12MaxDiff": 50.0, "minDisparity": 1.0, "numDisparities": 1.0, "p1": 15.0, "p2": 15.0, "preFilterCap": 0.0, "speckleRange": 25.0, "speckleWindowSize": 2447.920621072402, "uniquenessRatio": 30.0}, "datetime": {"datetime": "2023-01-21 08:47:56", "elapsed": 11943.217597, "delta": 23.355639}}
{"target": -1086743867.0, "params": {"blockSize": 2.0, "disp12MaxDiff": 0.0, "minDisparity": 1.0, "numDisparities": 1.0, "p1": 15.0, "p2": 15.0, "preFilterCap": 50.0, "speckleRange": 25.0, "speckleWindowSize": 1805.7922009701315, "uniquenessRatio": 0.0}, "datetime": {"datetime": "2023-01-21 08:48:31", "elapsed": 11978.435849, "delta": 35.218252}}
{"target": -454884955.0, "params": {"blockSize": 10.0, "disp12MaxDiff": 50.0, "minDisparity": 1.0, "numDisparities": 1.0, "p1": 5.0, "p2": 60.0, "preFilterCap": 26.87897596448502, "speckleRange": 0.0, "speckleWindowSize": 2169.7941460039015, "uniquenessRatio": 0.0}, "datetime": {"datetime": "2023-01-21 08:48:59", "elapsed": 12005.965889, "delta": 27.53004}}
{"target": -457007027.5, "params": {"blockSize": 10.0, "disp12MaxDiff": 0.0, "minDisparity": 1.0, "numDisparities": 1.0, "p1": 15.0, "p2": 37.944930142274885, "preFilterCap": 50.0, "speckleRange": 0.0, "speckleWindowSize": 1960.369060770267, "uniquenessRatio": 30.0}, "datetime": {"datetime": "2023-01-21 08:49:21", "elapsed": 12028.12319, "delta": 22.157301}}
{"target": -471839707.0, "params": {"blockSize": 2.0, "disp12MaxDiff": 50.0, "minDisparity": 1.0, "numDisparities": 10.0, "p1": 5.0, "p2": 60.0, "preFilterCap": 37.68052135393637, "speckleRange": 0.0, "speckleWindowSize": 1184.9584405568037, "uniquenessRatio": 30.0}, "datetime": {"datetime": "2023-01-21 08:49:48", "elapsed": 12055.293368, "delta": 27.170178}}
{"target": -457009500.0, "params": {"blockSize": 10.0, "disp12MaxDiff": 50.0, "minDisparity": 1.0, "numDisparities": 1.0, "p1": 15.0, "p2": 15.0, "preFilterCap": 0.0, "speckleRange": 0.0, "speckleWindowSize": 283.49754363189805, "uniquenessRatio": 0.0}, "datetime": {"datetime": "2023-01-21 08:50:12", "elapsed": 12078.875687, "delta": 23.582319}}
{"target": -455244329.0, "params": {"blockSize": 10.0, "disp12MaxDiff": 25.77359058960344, "minDisparity": 1.0, "numDisparities": 1.0, "p1": 5.0, "p2": 37.477360923120855, "preFilterCap": 50.0, "speckleRange": 0.0, "speckleWindowSize": 1633.803732691349, "uniquenessRatio": 0.0}, "datetime": {"datetime": "2023-01-21 08:50:39", "elapsed": 12105.963203, "delta": 27.087516}}
{"target": -475498102.0, "params": {"blockSize": 2.0, "disp12MaxDiff": 50.0, "minDisparity": 1.0, "numDisparities": 10.0, "p1": 15.0, "p2": 60.0, "preFilterCap": 18.5937908014469, "speckleRange": 0.0, "speckleWindowSize": 1766.4951560415861, "uniquenessRatio": 30.0}, "datetime": {"datetime": "2023-01-21 08:51:04", "elapsed": 12131.420097, "delta": 25.456894}}
{"target": -441098442.0, "params": {"blockSize": 10.0, "disp12MaxDiff": 14.16725069983963, "minDisparity": 1.0, "numDisparities": 1.0, "p1": 15.0, "p2": 15.0, "preFilterCap": 0.0, "speckleRange": 25.0, "speckleWindowSize": 1206.0113869125803, "uniquenessRatio": 30.0}, "datetime": {"datetime": "2023-01-21 08:51:35", "elapsed": 12162.326254, "delta": 30.906157}}
{"target": -457093474.5, "params": {"blockSize": 10.0, "disp12MaxDiff": 0.0, "minDisparity": 1.0, "numDisparities": 1.0, "p1": 15.0, "p2": 15.0, "preFilterCap": 50.0, "speckleRange": 0.0, "speckleWindowSize": 2110.0736034043894, "uniquenessRatio": 30.0}, "datetime": {"datetime": "2023-01-21 08:51:54", "elapsed": 12180.704665, "delta": 18.378411}}
{"target": -456379369.75, "params": {"blockSize": 10.0, "disp12MaxDiff": 50.0, "minDisparity": 1.0, "numDisparities": 1.0, "p1": 15.0, "p2": 39.74284046629282, "preFilterCap": 0.0, "speckleRange": 0.0, "speckleWindowSize": 1548.8044152489126, "uniquenessRatio": 30.0}, "datetime": {"datetime": "2023-01-21 08:52:13", "elapsed": 12200.231215, "delta": 19.52655}}
{"target": -459809677.25, "params": {"blockSize": 10.0, "disp12MaxDiff": 0.0, "minDisparity": 4.0, "numDisparities": 1.0, "p1": 15.0, "p2": 60.0, "preFilterCap": 50.0, "speckleRange": 0.0, "speckleWindowSize": 127.05868064033862, "uniquenessRatio": 0.0}, "datetime": {"datetime": "2023-01-21 08:52:36", "elapsed": 12223.155844, "delta": 22.924629}}
