{"target": -456880064.75, "params": {"blockSize": 2.0, "disp12MaxDiff": 50.0, "minDisparity": 1.0, "numDisparities": 1.0, "p1": 5.0, "p2": 60.0, "preFilterCap": 50.0, "speckleRange": 0.0, "speckleWindowSize": 2204.559701066689, "uniquenessRatio": 0.0}, "datetime": {"datetime": "2023-01-21 07:17:09", "elapsed": 6496.504474, "delta": 19.619721}}
{"target": -457096890.5, "params": {"blockSize": 10.0, "disp12MaxDiff": 26.979540637030127, "minDisparity": 1.0, "numDisparities": 1.0, "p1": 5.0, "p2": 60.0, "preFilterCap": 36.36087696923597, "speckleRange": 0.0, "speckleWindowSize": 2206.393692696149, "uniquenessRatio": 30.0}, "datetime": {"datetime": "2023-01-21 07:17:22", "elapsed": 6508.859149, "delta": 12.354675}}
{"target": -599633021.5, "params": {"blockSize": 5.786863003102762, "disp12MaxDiff": 3.5018567294544614, "minDisparity": 1.049619473123473, "numDisparities": 4.175867423313022, "p1": 13.560933538687657, "p2": 59.183299001392825, "preFilterCap": 43.99423081198985, "speckleRange": 2.2421361786714833, "speckleWindowSize": 1906.551468898061, "uniquenessRatio": 29.380303175230896}, "datetime": {"datetime": "2023-01-21 07:17:36", "elapsed": 6522.735232, "delta": 13.876083}}
{"target": -1111467893.0, "params": {"blockSize": 2.0, "disp12MaxDiff": 0.0, "minDisparity": 1.0, "numDisparities": 1.0, "p1": 5.0, "p2": 60.0, "preFilterCap": 50.0, "speckleRange": 0.0, "speckleWindowSize": 0.0, "uniquenessRatio": 0.0}, "datetime": {"datetime": "2023-01-21 07:17:50", "elapsed": 6537.338667, "delta": 14.603435}}
{"target": -458368150.25, "params": {"blockSize": 10.0, "disp12MaxDiff": 31.824736345503876, "minDisparity": 1.0, "numDisparities": 1.0, "p1": 15.0, "p2": 46.86215171832343, "preFilterCap": 0.0, "speckleRange": 0.0, "speckleWindowSize": 0.0, "uniquenessRatio": 30.0}, "datetime": {"datetime": "2023-01-21 07:18:03", "elapsed": 6549.687815, "delta": 12.349148}}
{"target": -447334003.75, "params": {"blockSize": 10.0, "disp12MaxDiff": 50.0, "minDisparity": 4.0, "numDisparities": 1.0, "p1": 5.0, "p2": 26.608894761616742, "preFilterCap": 0.0, "speckleRange": 25.0, "speckleWindowSize": 1381.1665369372986, "uniquenessRatio": 30.0}, "datetime": {"datetime": "2023-01-21 07:18:18", "elapsed": 6564.706171, "delta": 15.018356}}
{"target": -456712540.25, "params": {"blockSize": 10.0, "disp12MaxDiff": 26.13095924728134, "minDisparity": 4.0, "numDisparities": 1.0, "p1": 5.0, "p2": 60.0, "preFilterCap": 22.06417295356483, "speckleRange": 0.0, "speckleWindowSize": 1315.5116363624502, "uniquenessRatio": 30.0}, "datetime": {"datetime": "2023-01-21 07:18:33", "elapsed": 6580.297974, "delta": 15.591803}}
{"target": -1223937614.5, "params": {"blockSize": 2.9109000266612206, "disp12MaxDiff": 49.81922800701442, "minDisparity": 1.4580869368400218, "numDisparities": 9.77736054529302, "p1": 10.168242751134924, "p2": 57.350502409612005, "preFilterCap": 48.93303217450193, "speckleRange": 3.716044888978365, "speckleWindowSize": 2194.3572734757404, "uniquenessRatio": 27.304478093253223}, "datetime": {"datetime": "2023-01-21 07:18:49", "elapsed": 6596.486228, "delta": 16.188254}}
{"target": -456416349.75, "params": {"blockSize": 10.0, "disp12MaxDiff": 50.0, "minDisparity": 1.0, "numDisparities": 1.0, "p1": 15.0, "p2": 60.0, "preFilterCap": 20.729812095196888, "speckleRange": 0.0, "speckleWindowSize": 1451.9817777643964, "uniquenessRatio": 30.0}, "datetime": {"datetime": "2023-01-21 07:19:02", "elapsed": 6609.284272, "delta": 12.798044}}
{"target": -455219445.25, "params": {"blockSize": 10.0, "disp12MaxDiff": 0.0, "minDisparity": 1.0, "numDisparities": 1.0, "p1": 5.0, "p2": 60.0, "preFilterCap": 20.652127316983595, "speckleRange": 0.0, "speckleWindowSize": 1548.9363466649042, "uniquenessRatio": 0.0}, "datetime": {"datetime": "2023-01-21 07:19:17", "elapsed": 6624.286616, "delta": 15.002344}}
{"target": -448095147.0, "params": {"blockSize": 10.0, "disp12MaxDiff": 0.0, "minDisparity": 4.0, "numDisparities": 1.0, "p1": 15.0, "p2": 60.0, "preFilterCap": 50.0, "speckleRange": 25.0, "speckleWindowSize": 1721.1658766265734, "uniquenessRatio": 30.0}, "datetime": {"datetime": "2023-01-21 07:19:31", "elapsed": 6638.004537, "delta": 13.717921}}
{"target": -457178520.5, "params": {"blockSize": 2.0, "disp12MaxDiff": 50.0, "minDisparity": 1.0, "numDisparities": 1.0, "p1": 5.0, "p2": 60.0, "preFilterCap": 50.0, "speckleRange": 0.0, "speckleWindowSize": 869.3662098277543, "uniquenessRatio": 30.0}, "datetime": {"datetime": "2023-01-21 07:19:46", "elapsed": 6652.939487, "delta": 14.93495}}
{"target": -886991098.0, "params": {"blockSize": 10.0, "disp12MaxDiff": 50.0, "minDisparity": 1.0, "numDisparities": 1.0, "p1": 5.0, "p2": 60.0, "preFilterCap": 50.0, "speckleRange": 25.0, "speckleWindowSize": 1114.319560649479, "uniquenessRatio": 0.0}, "datetime": {"datetime": "2023-01-21 07:20:01", "elapsed": 6668.213887, "delta": 15.2744}}
{"target": -454246800.75, "params": {"blockSize": 10.0, "disp12MaxDiff": 50.0, "minDisparity": 1.0, "numDisparities": 1.0, "p1": 15.0, "p2": 15.0, "preFilterCap": 0.0, "speckleRange": 0.0, "speckleWindowSize": 259.3553340365599, "uniquenessRatio": 30.0}, "datetime": {"datetime": "2023-01-21 07:20:14", "elapsed": 6681.286961, "delta": 13.073074}}
{"target": -441170909.25, "params": {"blockSize": 10.0, "disp12MaxDiff": 50.0, "minDisparity": 1.0, "numDisparities": 1.0, "p1": 15.0, "p2": 15.0, "preFilterCap": 25.46354262156611, "speckleRange": 25.0, "speckleWindowSize": 281.33050607722333, "uniquenessRatio": 30.0}, "datetime": {"datetime": "2023-01-21 07:20:29", "elapsed": 6695.826563, "delta": 14.539602}}
{"target": -446751553.25, "params": {"blockSize": 10.0, "disp12MaxDiff": 0.0, "minDisparity": 4.0, "numDisparities": 1.0, "p1": 5.0, "p2": 15.0, "preFilterCap": 27.415482912946246, "speckleRange": 25.0, "speckleWindowSize": 2201.6080028554206, "uniquenessRatio": 30.0}, "datetime": {"datetime": "2023-01-21 07:20:44", "elapsed": 6711.390313, "delta": 15.56375}}
{"target": -457197914.75, "params": {"blockSize": 10.0, "disp12MaxDiff": 0.0, "minDisparity": 4.0, "numDisparities": 1.0, "p1": 5.0, "p2": 60.0, "preFilterCap": 50.0, "speckleRange": 0.0, "speckleWindowSize": 2220.512944730537, "uniquenessRatio": 0.0}, "datetime": {"datetime": "2023-01-21 07:21:00", "elapsed": 6726.986349, "delta": 15.596036}}
{"target": -455876993.5, "params": {"blockSize": 10.0, "disp12MaxDiff": 50.0, "minDisparity": 1.0, "numDisparities": 1.0, "p1": 5.0, "p2": 15.0, "preFilterCap": 0.0, "speckleRange": 0.0, "speckleWindowSize": 851.3945837346384, "uniquenessRatio": 30.0}, "datetime": {"datetime": "2023-01-21 07:21:13", "elapsed": 6739.832386, "delta": 12.846037}}
{"target": -1112436784.0, "params": {"blockSize": 2.0, "disp12MaxDiff": 0.0, "minDisparity": 1.0, "numDisparities": 1.0, "p1": 5.0, "p2": 15.0, "preFilterCap": 50.0, "speckleRange": 25.0, "speckleWindowSize": 1120.9932301703543, "uniquenessRatio": 0.0}, "datetime": {"datetime": "2023-01-21 07:21:28", "elapsed": 6755.062516, "delta": 15.23013}}
{"target": -448672382.25, "params": {"blockSize": 10.0, "disp12MaxDiff": 50.0, "minDisparity": 4.0, "numDisparities": 1.0, "p1": 15.0, "p2": 60.0, "preFilterCap": 50.0, "speckleRange": 25.0, "speckleWindowSize": 1691.0179208290544, "uniquenessRatio": 30.0}, "datetime": {"datetime": "2023-01-21 07:21:41", "elapsed": 6767.89446, "delta": 12.831944}}
{"target": -828091963.5, "params": {"blockSize": 3.024234393140775, "disp12MaxDiff": 43.617825289288234, "minDisparity": 2.0315069412498925, "numDisparities": 5.285751641801597, "p1": 12.674693676212067, "p2": 57.02102678168893, "preFilterCap": 0.6575205602208201, "speckleRange": 2.775915901776721, "speckleWindowSize": 1973.681012178321, "uniquenessRatio": 29.71697659960673}, "datetime": {"datetime": "2023-01-21 07:21:57", "elapsed": 6784.537225, "delta": 16.642765}}
{"target": -803625800.5, "params": {"blockSize": 10.0, "disp12MaxDiff": 0.0, "minDisparity": 1.0, "numDisparities": 1.0, "p1": 5.0, "p2": 60.0, "preFilterCap": 50.0, "speckleRange": 25.0, "speckleWindowSize": 1609.3697141450477, "uniquenessRatio": 0.0}, "datetime": {"datetime": "2023-01-21 07:22:13", "elapsed": 6800.02742, "delta": 15.490195}}
{"target": -682925069.5, "params": {"blockSize": 10.0, "disp12MaxDiff": 0.0, "minDisparity": 4.0, "numDisparities": 10.0, "p1": 5.0, "p2": 15.0, "preFilterCap": 50.0, "speckleRange": 0.0, "speckleWindowSize": 670.1218321515537, "uniquenessRatio": 0.0}, "datetime": {"datetime": "2023-01-21 07:22:28", "elapsed": 6815.211134, "delta": 15.183714}}
{"target": -447534735.75, "params": {"blockSize": 10.0, "disp12MaxDiff": 50.0, "minDisparity": 4.0, "numDisparities": 1.0, "p1": 5.0, "p2": 15.0, "preFilterCap": 37.91701051806647, "speckleRange": 25.0, "speckleWindowSize": 2180.7998672315885, "uniquenessRatio": 30.0}, "datetime": {"datetime": "2023-01-21 07:22:44", "elapsed": 6830.982632, "delta": 15.771498}}
{"target": -444380552.5, "params": {"blockSize": 10.0, "disp12MaxDiff": 0.0, "minDisparity": 1.0, "numDisparities": 1.0, "p1": 5.0, "p2": 15.0, "preFilterCap": 50.0, "speckleRange": 25.0, "speckleWindowSize": 1992.9521451965772, "uniquenessRatio": 30.0}, "datetime": {"datetime": "2023-01-21 07:22:57", "elapsed": 6844.216723, "delta": 13.234091}}
{"target": -458971606.75, "params": {"blockSize": 10.0, "disp12MaxDiff": 50.0, "minDisparity": 4.0, "numDisparities": 1.0, "p1": 15.0, "p2": 15.0, "preFilterCap": 0.0, "speckleRange": 0.0, "speckleWindowSize": 1200.1995238274444, "uniquenessRatio": 0.0}, "datetime": {"datetime": "2023-01-21 07:23:11", "elapsed": 6857.924751, "delta": 13.708028}}
{"target": -457338168.25, "params": {"blockSize": 2.0, "disp12MaxDiff": 29.78399240700301, "minDisparity": 1.0, "numDisparities": 1.0, "p1": 15.0, "p2": 42.032134704233144, "preFilterCap": 26.643573614816116, "speckleRange": 0.0, "speckleWindowSize": 1842.5929655207528, "uniquenessRatio": 30.0}, "datetime": {"datetime": "2023-01-21 07:23:26", "elapsed": 6873.371285, "delta": 15.446534}}
{"target": -441739568.0, "params": {"blockSize": 10.0, "disp12MaxDiff": 0.0, "minDisparity": 1.0, "numDisparities": 1.0, "p1": 15.0, "p2": 15.0, "preFilterCap": 25.59859427331083, "speckleRange": 25.0, "speckleWindowSize": 1539.8281541512038, "uniquenessRatio": 30.0}, "datetime": {"datetime": "2023-01-21 07:23:39", "elapsed": 6886.491995, "delta": 13.12071}}
{"target": -457493986.25, "params": {"blockSize": 2.0, "disp12MaxDiff": 0.0, "minDisparity": 1.0, "numDisparities": 1.0, "p1": 5.0, "p2": 60.0, "preFilterCap": 0.0, "speckleRange": 0.0, "speckleWindowSize": 1385.577419535962, "uniquenessRatio": 30.0}, "datetime": {"datetime": "2023-01-21 07:23:58", "elapsed": 6904.773238, "delta": 18.281243}}
{"target": -802823183.0, "params": {"blockSize": 10.0, "disp12MaxDiff": 0.0, "minDisparity": 1.0, "numDisparities": 1.0, "p1": 5.0, "p2": 60.0, "preFilterCap": 50.0, "speckleRange": 25.0, "speckleWindowSize": 1814.346076971896, "uniquenessRatio": 0.0}, "datetime": {"datetime": "2023-01-21 07:24:19", "elapsed": 6926.081122, "delta": 21.307884}}
{"target": -483399222.5, "params": {"blockSize": 10.0, "disp12MaxDiff": 0.0, "minDisparity": 1.0, "numDisparities": 10.0, "p1": 15.0, "p2": 60.0, "preFilterCap": 0.0, "speckleRange": 0.0, "speckleWindowSize": 1986.9128165613822, "uniquenessRatio": 30.0}, "datetime": {"datetime": "2023-01-21 07:24:33", "elapsed": 6940.513596, "delta": 14.432474}}
{"target": -455796080.0, "params": {"blockSize": 10.0, "disp12MaxDiff": 18.42442363253089, "minDisparity": 1.0, "numDisparities": 1.0, "p1": 5.0, "p2": 15.0, "preFilterCap": 0.0, "speckleRange": 0.0, "speckleWindowSize": 1001.9204701383668, "uniquenessRatio": 0.0}, "datetime": {"datetime": "2023-01-21 07:24:47", "elapsed": 6954.243643, "delta": 13.730047}}
{"target": -456099498.25, "params": {"blockSize": 10.0, "disp12MaxDiff": 0.0, "minDisparity": 1.0, "numDisparities": 1.0, "p1": 15.0, "p2": 60.0, "preFilterCap": 50.0, "speckleRange": 0.0, "speckleWindowSize": 812.9068727398637, "uniquenessRatio": 30.0}, "datetime": {"datetime": "2023-01-21 07:25:00", "elapsed": 6967.478125, "delta": 13.234482}}
{"target": -455249355.75, "params": {"blockSize": 10.0, "disp12MaxDiff": 0.0, "minDisparity": 1.0, "numDisparities": 1.0, "p1": 5.0, "p2": 15.0, "preFilterCap": 50.0, "speckleRange": 0.0, "speckleWindowSize": 1021.9593243006422, "uniquenessRatio": 0.0}, "datetime": {"datetime": "2023-01-21 07:25:16", "elapsed": 6983.192344, "delta": 15.714219}}
{"target": -503469395.75, "params": {"blockSize": 2.0, "disp12MaxDiff": 50.0, "minDisparity": 1.0, "numDisparities": 1.0, "p1": 15.0, "p2": 15.0, "preFilterCap": 0.0, "speckleRange": 25.0, "speckleWindowSize": 1859.3151529083816, "uniquenessRatio": 30.0}, "datetime": {"datetime": "2023-01-21 07:25:33", "elapsed": 7000.150357, "delta": 16.958013}}
{"target": -457670875.5, "params": {"blockSize": 2.0, "disp12MaxDiff": 0.0, "minDisparity": 4.0, "numDisparities": 1.0, "p1": 15.0, "p2": 15.0, "preFilterCap": 50.0, "speckleRange": 0.0, "speckleWindowSize": 1314.4869758547463, "uniquenessRatio": 30.0}, "datetime": {"datetime": "2023-01-21 07:25:49", "elapsed": 7015.724955, "delta": 15.574598}}
{"target": -788112318.5, "params": {"blockSize": 10.0, "disp12MaxDiff": 50.0, "minDisparity": 1.0, "numDisparities": 10.0, "p1": 15.0, "p2": 15.0, "preFilterCap": 11.649644894904752, "speckleRange": 25.0, "speckleWindowSize": 1240.0956208956268, "uniquenessRatio": 30.0}, "datetime": {"datetime": "2023-01-21 07:26:04", "elapsed": 7030.893609, "delta": 15.168654}}
{"target": -476462895.25, "params": {"blockSize": 2.0, "disp12MaxDiff": 0.0, "minDisparity": 4.0, "numDisparities": 1.0, "p1": 15.0, "p2": 15.0, "preFilterCap": 50.0, "speckleRange": 25.0, "speckleWindowSize": 1653.2581469797549, "uniquenessRatio": 30.0}, "datetime": {"datetime": "2023-01-21 07:26:20", "elapsed": 7046.872973, "delta": 15.979364}}
{"target": -1003350293.5, "params": {"blockSize": 8.517329151179664, "disp12MaxDiff": 2.0562311770020045, "minDisparity": 1.1563065672900132, "numDisparities": 8.621481823164693, "p1": 6.040819041794435, "p2": 16.453904071929397, "preFilterCap": 48.28058584618354, "speckleRange": 19.346940826100543, "speckleWindowSize": 198.15328861918059, "uniquenessRatio": 28.115307349625482}, "datetime": {"datetime": "2023-01-21 07:26:35", "elapsed": 7062.146734, "delta": 15.273761}}
{"target": -449042215.0, "params": {"blockSize": 10.0, "disp12MaxDiff": 50.0, "minDisparity": 4.0, "numDisparities": 1.0, "p1": 5.0, "p2": 60.0, "preFilterCap": 50.0, "speckleRange": 25.0, "speckleWindowSize": 1358.2453748843236, "uniquenessRatio": 30.0}, "datetime": {"datetime": "2023-01-21 07:26:48", "elapsed": 7075.603347, "delta": 13.456613}}
{"target": -456580472.0, "params": {"blockSize": 10.0, "disp12MaxDiff": 0.0, "minDisparity": 4.0, "numDisparities": 1.0, "p1": 15.0, "p2": 28.769793212474113, "preFilterCap": 0.0, "speckleRange": 0.0, "speckleWindowSize": 1261.1129810663592, "uniquenessRatio": 30.0}, "datetime": {"datetime": "2023-01-21 07:27:02", "elapsed": 7088.802044, "delta": 13.198697}}
{"target": -456830415.25, "params": {"blockSize": 2.0, "disp12MaxDiff": 50.0, "minDisparity": 4.0, "numDisparities": 1.0, "p1": 5.0, "p2": 15.0, "preFilterCap": 0.0, "speckleRange": 0.0, "speckleWindowSize": 2186.966524137342, "uniquenessRatio": 0.0}, "datetime": {"datetime": "2023-01-21 07:27:17", "elapsed": 7104.474654, "delta": 15.67261}}
{"target": -880346277.0, "params": {"blockSize": 10.0, "disp12MaxDiff": 50.0, "minDisparity": 1.0, "numDisparities": 1.0, "p1": 5.0, "p2": 15.0, "preFilterCap": 50.0, "speckleRange": 25.0, "speckleWindowSize": 2202.436861975517, "uniquenessRatio": 0.0}, "datetime": {"datetime": "2023-01-21 07:27:34", "elapsed": 7121.205349, "delta": 16.730695}}
{"target": -457126511.5, "params": {"blockSize": 10.0, "disp12MaxDiff": 0.0, "minDisparity": 4.0, "numDisparities": 1.0, "p1": 15.0, "p2": 60.0, "preFilterCap": 50.0, "speckleRange": 0.0, "speckleWindowSize": 1916.3149168280743, "uniquenessRatio": 0.0}, "datetime": {"datetime": "2023-01-21 07:27:50", "elapsed": 7137.237331, "delta": 16.031982}}
{"target": -457844468.75, "params": {"blockSize": 10.0, "disp12MaxDiff": 50.0, "minDisparity": 4.0, "numDisparities": 1.0, "p1": 5.0, "p2": 60.0, "preFilterCap": 0.0, "speckleRange": 0.0, "speckleWindowSize": 2192.012322984944, "uniquenessRatio": 0.0}, "datetime": {"datetime": "2023-01-21 07:28:08", "elapsed": 7155.371273, "delta": 18.133942}}
{"target": -447556763.0, "params": {"blockSize": 10.0, "disp12MaxDiff": 50.0, "minDisparity": 4.0, "numDisparities": 1.0, "p1": 5.0, "p2": 60.0, "preFilterCap": 26.536228270350534, "speckleRange": 25.0, "speckleWindowSize": 1384.2078348074433, "uniquenessRatio": 30.0}, "datetime": {"datetime": "2023-01-21 07:28:27", "elapsed": 7173.820145, "delta": 18.448872}}
{"target": -456477570.5, "params": {"blockSize": 2.0, "disp12MaxDiff": 0.0, "minDisparity": 1.0, "numDisparities": 1.0, "p1": 15.0, "p2": 41.24155437355365, "preFilterCap": 50.0, "speckleRange": 0.0, "speckleWindowSize": 330.17706237360943, "uniquenessRatio": 30.0}, "datetime": {"datetime": "2023-01-21 07:28:43", "elapsed": 7190.295018, "delta": 16.474873}}
{"target": -486388789.0, "params": {"blockSize": 2.7064900575420294, "disp12MaxDiff": 35.12644027384456, "minDisparity": 2.6586355628809795, "numDisparities": 2.5775334493654323, "p1": 14.620360098389702, "p2": 15.73816386916642, "preFilterCap": 0.8050008600831493, "speckleRange": 1.5378931312043682, "speckleWindowSize": 2441.2818312959375, "uniquenessRatio": 27.18837521296304}, "datetime": {"datetime": "2023-01-21 07:28:59", "elapsed": 7206.518772, "delta": 16.223754}}
{"target": -456526352.75, "params": {"blockSize": 10.0, "disp12MaxDiff": 30.220556521480926, "minDisparity": 1.0, "numDisparities": 1.0, "p1": 5.0, "p2": 60.0, "preFilterCap": 12.827796113426086, "speckleRange": 0.0, "speckleWindowSize": 1362.6489008449157, "uniquenessRatio": 30.0}, "datetime": {"datetime": "2023-01-21 07:29:14", "elapsed": 7221.540054, "delta": 15.021282}}
{"target": -457393402.25, "params": {"blockSize": 2.0, "disp12MaxDiff": 0.0, "minDisparity": 4.0, "numDisparities": 1.0, "p1": 5.0, "p2": 60.0, "preFilterCap": 50.0, "speckleRange": 0.0, "speckleWindowSize": 634.7064063691462, "uniquenessRatio": 30.0}, "datetime": {"datetime": "2023-01-21 07:29:34", "elapsed": 7241.001054, "delta": 19.461}}
{"target": -1492153481.0, "params": {"blockSize": 2.0, "disp12MaxDiff": 0.0, "minDisparity": 1.0, "numDisparities": 10.0, "p1": 15.0, "p2": 60.0, "preFilterCap": 0.0, "speckleRange": 25.0, "speckleWindowSize": 602.613320760017, "uniquenessRatio": 30.0}, "datetime": {"datetime": "2023-01-21 07:29:53", "elapsed": 7260.217897, "delta": 19.216843}}
{"target": -479827761.25, "params": {"blockSize": 10.0, "disp12MaxDiff": 0.0, "minDisparity": 4.0, "numDisparities": 10.0, "p1": 5.0, "p2": 60.0, "preFilterCap": 0.0, "speckleRange": 0.0, "speckleWindowSize": 2500.0, "uniquenessRatio": 30.0}, "datetime": {"datetime": "2023-01-21 07:30:10", "elapsed": 7277.102542, "delta": 16.884645}}
{"target": -596997328.0, "params": {"blockSize": 10.0, "disp12MaxDiff": 0.0, "minDisparity": 4.0, "numDisparities": 10.0, "p1": 5.0, "p2": 15.0, "preFilterCap": 50.0, "speckleRange": 0.0, "speckleWindowSize": 1913.7634628533224, "uniquenessRatio": 0.0}, "datetime": {"datetime": "2023-01-21 07:30:24", "elapsed": 7291.286555, "delta": 14.184013}}
{"target": -851609808.5, "params": {"blockSize": 10.0, "disp12MaxDiff": 0.0, "minDisparity": 1.0, "numDisparities": 1.0, "p1": 15.0, "p2": 15.0, "preFilterCap": 16.225073952179553, "speckleRange": 25.0, "speckleWindowSize": 1021.9875549278261, "uniquenessRatio": 0.0}, "datetime": {"datetime": "2023-01-21 07:30:40", "elapsed": 7307.040223, "delta": 15.753668}}
{"target": -455709136.5, "params": {"blockSize": 2.0, "disp12MaxDiff": 0.0, "minDisparity": 1.0, "numDisparities": 1.0, "p1": 15.0, "p2": 60.0, "preFilterCap": 0.0, "speckleRange": 0.0, "speckleWindowSize": 460.9133366975122, "uniquenessRatio": 0.0}, "datetime": {"datetime": "2023-01-21 07:30:55", "elapsed": 7321.909537, "delta": 14.869314}}
{"target": -456769409.5, "params": {"blockSize": 10.0, "disp12MaxDiff": 0.0, "minDisparity": 1.0, "numDisparities": 1.0, "p1": 15.0, "p2": 60.0, "preFilterCap": 25.497584782613046, "speckleRange": 0.0, "speckleWindowSize": 1967.7510884129156, "uniquenessRatio": 30.0}, "datetime": {"datetime": "2023-01-21 07:31:12", "elapsed": 7339.282702, "delta": 17.373165}}
{"target": -454828006.0, "params": {"blockSize": 10.0, "disp12MaxDiff": 30.68813632417214, "minDisparity": 1.0, "numDisparities": 1.0, "p1": 5.0, "p2": 60.0, "preFilterCap": 22.991364917319487, "speckleRange": 0.0, "speckleWindowSize": 342.21847150233583, "uniquenessRatio": 30.0}, "datetime": {"datetime": "2023-01-21 07:31:26", "elapsed": 7353.00403, "delta": 13.721328}}
{"target": -816398781.0, "params": {"blockSize": 9.488110383888696, "disp12MaxDiff": 2.1731178915477267, "minDisparity": 2.6925380886769394, "numDisparities": 7.921672052237878, "p1": 10.189185760075368, "p2": 40.716954146186836, "preFilterCap": 2.3562954175005366, "speckleRange": 20.30810338913657, "speckleWindowSize": 2442.000073824182, "uniquenessRatio": 23.940971841535486}, "datetime": {"datetime": "2023-01-21 07:31:42", "elapsed": 7368.73512, "delta": 15.73109}}
{"target": -456480616.25, "params": {"blockSize": 10.0, "disp12MaxDiff": 0.0, "minDisparity": 1.0, "numDisparities": 1.0, "p1": 5.0, "p2": 15.0, "preFilterCap": 50.0, "speckleRange": 0.0, "speckleWindowSize": 1065.0502995230222, "uniquenessRatio": 30.0}, "datetime": {"datetime": "2023-01-21 07:31:55", "elapsed": 7382.264712, "delta": 13.529592}}
