{"target": -454878218.25, "params": {"blockSize": 2.0, "disp12MaxDiff": 50.0, "minDisparity": 1.0, "numDisparities": 1.0, "p1": 15.0, "p2": 60.0, "preFilterCap": 0.0, "speckleRange": 0.0, "speckleWindowSize": 34.32715124866759, "uniquenessRatio": 30.0}, "datetime": {"datetime": "2023-01-21 09:19:10", "elapsed": 13816.768543, "delta": 35.07862}}
{"target": -441769747.25, "params": {"blockSize": 10.0, "disp12MaxDiff": 50.0, "minDisparity": 1.0, "numDisparities": 1.0, "p1": 5.0, "p2": 60.0, "preFilterCap": 25.305604716162343, "speckleRange": 25.0, "speckleWindowSize": 1564.8773583131097, "uniquenessRatio": 30.0}, "datetime": {"datetime": "2023-01-21 09:19:37", "elapsed": 13844.488345, "delta": 27.719802}}
{"target": -442874078.25, "params": {"blockSize": 10.0, "disp12MaxDiff": 50.0, "minDisparity": 1.0, "numDisparities": 1.0, "p1": 15.0, "p2": 43.01504086387638, "preFilterCap": 27.088254075449733, "speckleRange": 25.0, "speckleWindowSize": 1993.3965462957997, "uniquenessRatio": 30.0}, "datetime": {"datetime": "2023-01-21 09:20:07", "elapsed": 13874.379473, "delta": 29.891128}}
{"target": -454029836.0, "params": {"blockSize": 10.0, "disp12MaxDiff": 0.0, "minDisparity": 4.0, "numDisparities": 1.0, "p1": 15.0, "p2": 15.0, "preFilterCap": 0.0, "speckleRange": 25.0, "speckleWindowSize": 220.53538892211978, "uniquenessRatio": 30.0}, "datetime": {"datetime": "2023-01-21 09:20:33", "elapsed": 13900.367259, "delta": 25.987786}}
{"target": -455958757.0, "params": {"blockSize": 10.0, "disp12MaxDiff": 22.574847126298284, "minDisparity": 4.0, "numDisparities": 1.0, "p1": 5.0, "p2": 60.0, "preFilterCap": 0.0, "speckleRange": 0.0, "speckleWindowSize": 454.3215657337332, "uniquenessRatio": 30.0}, "datetime": {"datetime": "2023-01-21 09:20:55", "elapsed": 13922.182821, "delta": 21.815562}}
{"target": -497404349.0, "params": {"blockSize": 2.0, "disp12MaxDiff": 0.0, "minDisparity": 1.0, "numDisparities": 10.0, "p1": 5.0, "p2": 60.0, "preFilterCap": 0.0, "speckleRange": 0.0, "speckleWindowSize": 335.0664914287758, "uniquenessRatio": 30.0}, "datetime": {"datetime": "2023-01-21 09:21:29", "elapsed": 13955.647782, "delta": 33.464961}}
{"target": -826304300.5, "params": {"blockSize": 10.0, "disp12MaxDiff": 50.0, "minDisparity": 1.0, "numDisparities": 10.0, "p1": 5.0, "p2": 60.0, "preFilterCap": 0.0, "speckleRange": 25.0, "speckleWindowSize": 1123.3031102396492, "uniquenessRatio": 30.0}, "datetime": {"datetime": "2023-01-21 09:22:11", "elapsed": 13997.889411, "delta": 42.241629}}
{"target": -454727730.25, "params": {"blockSize": 10.0, "disp12MaxDiff": 50.0, "minDisparity": 1.0, "numDisparities": 1.0, "p1": 5.0, "p2": 37.05070564107276, "preFilterCap": 24.854295861475116, "speckleRange": 0.0, "speckleWindowSize": 1190.5490686047156, "uniquenessRatio": 0.0}, "datetime": {"datetime": "2023-01-21 09:22:34", "elapsed": 14021.050009, "delta": 23.160598}}
{"target": -454686502.25, "params": {"blockSize": 10.0, "disp12MaxDiff": 50.0, "minDisparity": 1.0, "numDisparities": 1.0, "p1": 15.0, "p2": 15.0, "preFilterCap": 0.0, "speckleRange": 0.0, "speckleWindowSize": 368.1483176951903, "uniquenessRatio": 30.0}, "datetime": {"datetime": "2023-01-21 09:22:55", "elapsed": 14042.467157, "delta": 21.417148}}
{"target": -456988374.5, "params": {"blockSize": 2.0, "disp12MaxDiff": 21.03224710580274, "minDisparity": 1.0, "numDisparities": 1.0, "p1": 5.0, "p2": 15.0, "preFilterCap": 38.859978177026946, "speckleRange": 0.0, "speckleWindowSize": 788.8771972948989, "uniquenessRatio": 30.0}, "datetime": {"datetime": "2023-01-21 09:23:18", "elapsed": 14065.505724, "delta": 23.038567}}
{"target": -456568766.75, "params": {"blockSize": 10.0, "disp12MaxDiff": 23.669616624058587, "minDisparity": 4.0, "numDisparities": 1.0, "p1": 15.0, "p2": 30.556941839489404, "preFilterCap": 20.193329120775317, "speckleRange": 0.0, "speckleWindowSize": 1253.572610291575, "uniquenessRatio": 30.0}, "datetime": {"datetime": "2023-01-21 09:24:02", "elapsed": 14109.349025, "delta": 43.843301}}
{"target": -1144685466.0, "params": {"blockSize": 10.0, "disp12MaxDiff": 50.0, "minDisparity": 1.0, "numDisparities": 10.0, "p1": 15.0, "p2": 15.0, "preFilterCap": 23.519789095544866, "speckleRange": 0.0, "speckleWindowSize": 0.0, "uniquenessRatio": 30.0}, "datetime": {"datetime": "2023-01-21 09:24:28", "elapsed": 14135.333613, "delta": 25.984588}}
{"target": -447540112.25, "params": {"blockSize": 10.0, "disp12MaxDiff": 21.302655133674932, "minDisparity": 4.0, "numDisparities": 1.0, "p1": 15.0, "p2": 60.0, "preFilterCap": 0.0, "speckleRange": 25.0, "speckleWindowSize": 1980.6220734785195, "uniquenessRatio": 30.0}, "datetime": {"datetime": "2023-01-21 09:24:56", "elapsed": 14163.358243, "delta": 28.02463}}
{"target": -552406678.0, "params": {"blockSize": 10.0, "disp12MaxDiff": 0.0, "minDisparity": 4.0, "numDisparities": 10.0, "p1": 15.0, "p2": 15.0, "preFilterCap": 33.72188862854555, "speckleRange": 0.0, "speckleWindowSize": 1528.6589334657938, "uniquenessRatio": 11.839250127832857}, "datetime": {"datetime": "2023-01-21 09:25:28", "elapsed": 14194.963815, "delta": 31.605572}}
{"target": -456060674.0, "params": {"blockSize": 10.0, "disp12MaxDiff": 50.0, "minDisparity": 1.0, "numDisparities": 1.0, "p1": 15.0, "p2": 15.0, "preFilterCap": 50.0, "speckleRange": 0.0, "speckleWindowSize": 303.44766847818744, "uniquenessRatio": 0.0}, "datetime": {"datetime": "2023-01-21 09:25:55", "elapsed": 14222.539786, "delta": 27.575971}}
{"target": -454577909.0, "params": {"blockSize": 10.0, "disp12MaxDiff": 50.0, "minDisparity": 1.0, "numDisparities": 1.0, "p1": 5.0, "p2": 15.0, "preFilterCap": 0.0, "speckleRange": 0.0, "speckleWindowSize": 330.3861507857332, "uniquenessRatio": 30.0}, "datetime": {"datetime": "2023-01-21 09:26:21", "elapsed": 14247.748299, "delta": 25.208513}}
{"target": -455335914.0, "params": {"blockSize": 10.0, "disp12MaxDiff": 50.0, "minDisparity": 4.0, "numDisparities": 1.0, "p1": 5.0, "p2": 15.0, "preFilterCap": 0.0, "speckleRange": 0.0, "speckleWindowSize": 220.90628653084286, "uniquenessRatio": 30.0}, "datetime": {"datetime": "2023-01-21 09:26:51", "elapsed": 14278.6023, "delta": 30.854001}}
{"target": -457659898.25, "params": {"blockSize": 2.0, "disp12MaxDiff": 0.0, "minDisparity": 1.0, "numDisparities": 1.0, "p1": 15.0, "p2": 15.0, "preFilterCap": 24.018308317928206, "speckleRange": 0.0, "speckleWindowSize": 1818.5698821030464, "uniquenessRatio": 30.0}, "datetime": {"datetime": "2023-01-21 09:27:31", "elapsed": 14318.563124, "delta": 39.960824}}
{"target": -562853213.5, "params": {"blockSize": 10.0, "disp12MaxDiff": 0.0, "minDisparity": 4.0, "numDisparities": 10.0, "p1": 5.0, "p2": 60.0, "preFilterCap": 0.0, "speckleRange": 0.0, "speckleWindowSize": 134.0481122956794, "uniquenessRatio": 30.0}, "datetime": {"datetime": "2023-01-21 09:28:07", "elapsed": 14354.533775, "delta": 35.970651}}
{"target": -450820127.5, "params": {"blockSize": 10.0, "disp12MaxDiff": 29.732006955359328, "minDisparity": 4.0, "numDisparities": 1.0, "p1": 5.0, "p2": 60.0, "preFilterCap": 14.006104243181628, "speckleRange": 25.0, "speckleWindowSize": 681.717023661413, "uniquenessRatio": 30.0}, "datetime": {"datetime": "2023-01-21 09:28:43", "elapsed": 14389.848559, "delta": 35.314784}}
{"target": -494272360.0, "params": {"blockSize": 8.628671475560546, "disp12MaxDiff": 24.968488624386943, "minDisparity": 1.286945127082422, "numDisparities": 5.05118323340364, "p1": 7.210662540835226, "p2": 20.256977598216924, "preFilterCap": 47.099902250747135, "speckleRange": 0.5419747608498671, "speckleWindowSize": 161.3427179251889, "uniquenessRatio": 29.485432679183962}, "datetime": {"datetime": "2023-01-21 09:29:08", "elapsed": 14415.542156, "delta": 25.693597}}
{"target": -456218057.25, "params": {"blockSize": 10.0, "disp12MaxDiff": 50.0, "minDisparity": 4.0, "numDisparities": 1.0, "p1": 5.0, "p2": 15.0, "preFilterCap": 0.0, "speckleRange": 25.0, "speckleWindowSize": 182.3603575029394, "uniquenessRatio": 30.0}, "datetime": {"datetime": "2023-01-21 09:29:43", "elapsed": 14450.541658, "delta": 34.999502}}
{"target": -459301604.25, "params": {"blockSize": 10.0, "disp12MaxDiff": 24.985390710809437, "minDisparity": 4.0, "numDisparities": 1.0, "p1": 15.0, "p2": 15.0, "preFilterCap": 27.0830575740283, "speckleRange": 0.0, "speckleWindowSize": 431.3370754048881, "uniquenessRatio": 0.0}, "datetime": {"datetime": "2023-01-21 09:30:12", "elapsed": 14479.208805, "delta": 28.667147}}
{"target": -1286187379.5, "params": {"blockSize": 2.0, "disp12MaxDiff": 0.0, "minDisparity": 1.0, "numDisparities": 10.0, "p1": 15.0, "p2": 60.0, "preFilterCap": 50.0, "speckleRange": 25.0, "speckleWindowSize": 1415.663438021526, "uniquenessRatio": 30.0}, "datetime": {"datetime": "2023-01-21 09:30:45", "elapsed": 14511.8115, "delta": 32.602695}}
{"target": -456829014.25, "params": {"blockSize": 10.0, "disp12MaxDiff": 0.0, "minDisparity": 1.0, "numDisparities": 1.0, "p1": 5.0, "p2": 15.0, "preFilterCap": 0.0, "speckleRange": 0.0, "speckleWindowSize": 2101.9086679875677, "uniquenessRatio": 30.0}, "datetime": {"datetime": "2023-01-21 09:31:16", "elapsed": 14542.819063, "delta": 31.007563}}
{"target": -456390531.75, "params": {"blockSize": 10.0, "disp12MaxDiff": 0.0, "minDisparity": 1.0, "numDisparities": 1.0, "p1": 15.0, "p2": 60.0, "preFilterCap": 17.977139973845365, "speckleRange": 0.0, "speckleWindowSize": 1453.989689550867, "uniquenessRatio": 30.0}, "datetime": {"datetime": "2023-01-21 09:31:48", "elapsed": 14575.155142, "delta": 32.336079}}
{"target": -455602042.25, "params": {"blockSize": 10.0, "disp12MaxDiff": 50.0, "minDisparity": 4.0, "numDisparities": 1.0, "p1": 5.0, "p2": 15.0, "preFilterCap": 50.0, "speckleRange": 0.0, "speckleWindowSize": 231.38307729420865, "uniquenessRatio": 30.0}, "datetime": {"datetime": "2023-01-21 09:32:23", "elapsed": 14609.913383, "delta": 34.758241}}
{"target": -455114919.0, "params": {"blockSize": 10.0, "disp12MaxDiff": 50.0, "minDisparity": 1.0, "numDisparities": 1.0, "p1": 5.0, "p2": 15.0, "preFilterCap": 50.0, "speckleRange": 0.0, "speckleWindowSize": 1610.5191899831489, "uniquenessRatio": 0.0}, "datetime": {"datetime": "2023-01-21 09:32:46", "elapsed": 14632.823646, "delta": 22.910263}}
{"target": -454950272.75, "params": {"blockSize": 10.0, "disp12MaxDiff": 50.0, "minDisparity": 1.0, "numDisparities": 1.0, "p1": 5.0, "p2": 38.566849987417555, "preFilterCap": 35.25464406311229, "speckleRange": 0.0, "speckleWindowSize": 1575.8872126277229, "uniquenessRatio": 0.0}, "datetime": {"datetime": "2023-01-21 09:33:19", "elapsed": 14665.804449, "delta": 32.980803}}
{"target": -456386121.25, "params": {"blockSize": 10.0, "disp12MaxDiff": 50.0, "minDisparity": 1.0, "numDisparities": 1.0, "p1": 5.0, "p2": 34.3742376504734, "preFilterCap": 31.088814039195217, "speckleRange": 0.0, "speckleWindowSize": 1091.691573090853, "uniquenessRatio": 30.0}, "datetime": {"datetime": "2023-01-21 09:33:56", "elapsed": 14703.058547, "delta": 37.254098}}
{"target": -447059690.0, "params": {"blockSize": 10.0, "disp12MaxDiff": 0.0, "minDisparity": 4.0, "numDisparities": 1.0, "p1": 5.0, "p2": 60.0, "preFilterCap": 17.433021480963593, "speckleRange": 25.0, "speckleWindowSize": 1671.0743063584341, "uniquenessRatio": 30.0}, "datetime": {"datetime": "2023-01-21 09:34:34", "elapsed": 14740.630363, "delta": 37.571816}}
{"target": -456976331.0, "params": {"blockSize": 2.0, "disp12MaxDiff": 26.336085049270316, "minDisparity": 4.0, "numDisparities": 1.0, "p1": 15.0, "p2": 15.0, "preFilterCap": 27.976494784126636, "speckleRange": 0.0, "speckleWindowSize": 459.37769663995084, "uniquenessRatio": 30.0}, "datetime": {"datetime": "2023-01-21 09:35:07", "elapsed": 14774.311653, "delta": 33.68129}}
{"target": -903256162.0, "params": {"blockSize": 10.0, "disp12MaxDiff": 0.0, "minDisparity": 4.0, "numDisparities": 1.0, "p1": 5.0, "p2": 15.0, "preFilterCap": 0.0, "speckleRange": 25.0, "speckleWindowSize": 599.6162163468761, "uniquenessRatio": 0.0}, "datetime": {"datetime": "2023-01-21 09:35:43", "elapsed": 14809.714593, "delta": 35.40294}}
{"target": -456103565.5, "params": {"blockSize": 10.0, "disp12MaxDiff": 0.0, "minDisparity": 4.0, "numDisparities": 1.0, "p1": 5.0, "p2": 60.0, "preFilterCap": 22.571957860603867, "speckleRange": 0.0, "speckleWindowSize": 502.5765388149813, "uniquenessRatio": 30.0}, "datetime": {"datetime": "2023-01-21 09:36:09", "elapsed": 14836.355337, "delta": 26.640744}}
{"target": -456961408.0, "params": {"blockSize": 10.0, "disp12MaxDiff": 25.441994424864458, "minDisparity": 1.0, "numDisparities": 1.0, "p1": 5.0, "p2": 33.33386557424257, "preFilterCap": 0.0, "speckleRange": 0.0, "speckleWindowSize": 1994.438575130985, "uniquenessRatio": 30.0}, "datetime": {"datetime": "2023-01-21 09:36:32", "elapsed": 14859.152558, "delta": 22.797221}}
{"target": -925348546.5, "params": {"blockSize": 10.0, "disp12MaxDiff": 50.0, "minDisparity": 4.0, "numDisparities": 10.0, "p1": 15.0, "p2": 60.0, "preFilterCap": 26.10681834302287, "speckleRange": 25.0, "speckleWindowSize": 1440.4440902225747, "uniquenessRatio": 30.0}, "datetime": {"datetime": "2023-01-21 09:36:55", "elapsed": 14882.078252, "delta": 22.925694}}
{"target": -456789147.75, "params": {"blockSize": 10.0, "disp12MaxDiff": 29.502122852888455, "minDisparity": 1.0, "numDisparities": 1.0, "p1": 5.0, "p2": 15.0, "preFilterCap": 24.33220395246994, "speckleRange": 0.0, "speckleWindowSize": 1930.0185667258397, "uniquenessRatio": 30.0}, "datetime": {"datetime": "2023-01-21 09:37:16", "elapsed": 14903.535998, "delta": 21.457746}}
{"target": -456077543.75, "params": {"blockSize": 10.0, "disp12MaxDiff": 27.880972062801728, "minDisparity": 4.0, "numDisparities": 1.0, "p1": 5.0, "p2": 15.0, "preFilterCap": 0.0, "speckleRange": 0.0, "speckleWindowSize": 653.504760762911, "uniquenessRatio": 30.0}, "datetime": {"datetime": "2023-01-21 09:37:53", "elapsed": 14940.436138, "delta": 36.90014}}
{"target": -456918728.75, "params": {"blockSize": 2.0, "disp12MaxDiff": 50.0, "minDisparity": 4.0, "numDisparities": 1.0, "p1": 15.0, "p2": 60.0, "preFilterCap": 0.0, "speckleRange": 0.0, "speckleWindowSize": 710.8169046462954, "uniquenessRatio": 30.0}, "datetime": {"datetime": "2023-01-21 09:38:27", "elapsed": 14974.186573, "delta": 33.750435}}
{"target": -456692815.0, "params": {"blockSize": 10.0, "disp12MaxDiff": 28.528914999122758, "minDisparity": 1.0, "numDisparities": 1.0, "p1": 15.0, "p2": 60.0, "preFilterCap": 0.0, "speckleRange": 0.0, "speckleWindowSize": 1885.2822417786927, "uniquenessRatio": 30.0}, "datetime": {"datetime": "2023-01-21 09:38:50", "elapsed": 14996.872073, "delta": 22.6855}}
{"target": -456099516.0, "params": {"blockSize": 10.0, "disp12MaxDiff": 0.0, "minDisparity": 4.0, "numDisparities": 1.0, "p1": 5.0, "p2": 60.0, "preFilterCap": 0.0, "speckleRange": 0.0, "speckleWindowSize": 565.8968194918211, "uniquenessRatio": 30.0}, "datetime": {"datetime": "2023-01-21 09:39:12", "elapsed": 15019.388522, "delta": 22.516449}}
{"target": -515862540.5, "params": {"blockSize": 2.0, "disp12MaxDiff": 0.0, "minDisparity": 4.0, "numDisparities": 1.0, "p1": 5.0, "p2": 60.0, "preFilterCap": 21.265580799795682, "speckleRange": 25.0, "speckleWindowSize": 772.8132195296502, "uniquenessRatio": 30.0}, "datetime": {"datetime": "2023-01-21 09:39:44", "elapsed": 15050.63195, "delta": 31.243428}}
{"target": -455676540.75, "params": {"blockSize": 2.0, "disp12MaxDiff": 0.0, "minDisparity": 1.0, "numDisparities": 1.0, "p1": 15.0, "p2": 15.0, "preFilterCap": 50.0, "speckleRange": 0.0, "speckleWindowSize": 311.27610476851004, "uniquenessRatio": 0.0}, "datetime": {"datetime": "2023-01-21 09:40:08", "elapsed": 15075.025302, "delta": 24.393352}}
{"target": -456520257.75, "params": {"blockSize": 2.0, "disp12MaxDiff": 17.487442368119027, "minDisparity": 4.0, "numDisparities": 1.0, "p1": 5.0, "p2": 60.0, "preFilterCap": 50.0, "speckleRange": 0.0, "speckleWindowSize": 486.81204255448046, "uniquenessRatio": 0.0}, "datetime": {"datetime": "2023-01-21 09:40:38", "elapsed": 15105.327471, "delta": 30.302169}}
{"target": -946975177.0, "params": {"blockSize": 10.0, "disp12MaxDiff": 50.0, "minDisparity": 1.0, "numDisparities": 1.0, "p1": 5.0, "p2": 15.0, "preFilterCap": 0.0, "speckleRange": 25.0, "speckleWindowSize": 1194.8418159651726, "uniquenessRatio": 0.0}, "datetime": {"datetime": "2023-01-21 09:41:11", "elapsed": 15138.431838, "delta": 33.104367}}
{"target": -454861884.25, "params": {"blockSize": 10.0, "disp12MaxDiff": 50.0, "minDisparity": 1.0, "numDisparities": 1.0, "p1": 5.0, "p2": 15.0, "preFilterCap": 26.328949792627764, "speckleRange": 0.0, "speckleWindowSize": 1087.9396806106488, "uniquenessRatio": 0.0}, "datetime": {"datetime": "2023-01-21 09:41:35", "elapsed": 15162.103961, "delta": 23.672123}}
{"target": -455646039.75, "params": {"blockSize": 10.0, "disp12MaxDiff": 0.0, "minDisparity": 1.0, "numDisparities": 1.0, "p1": 15.0, "p2": 60.0, "preFilterCap": 0.0, "speckleRange": 0.0, "speckleWindowSize": 788.0049738904739, "uniquenessRatio": 30.0}, "datetime": {"datetime": "2023-01-21 09:42:14", "elapsed": 15200.920598, "delta": 38.816637}}
{"target": -442016802.25, "params": {"blockSize": 10.0, "disp12MaxDiff": 50.0, "minDisparity": 1.0, "numDisparities": 1.0, "p1": 15.0, "p2": 60.0, "preFilterCap": 0.0, "speckleRange": 25.0, "speckleWindowSize": 1886.3484847904174, "uniquenessRatio": 30.0}, "datetime": {"datetime": "2023-01-21 09:42:46", "elapsed": 15233.470907, "delta": 32.550309}}
{"target": -536416223.75, "params": {"blockSize": 2.0, "disp12MaxDiff": 50.0, "minDisparity": 4.0, "numDisparities": 1.0, "p1": 15.0, "p2": 15.0, "preFilterCap": 50.0, "speckleRange": 25.0, "speckleWindowSize": 1201.6481344730964, "uniquenessRatio": 30.0}, "datetime": {"datetime": "2023-01-21 09:43:16", "elapsed": 15262.72419, "delta": 29.253283}}
{"target": -457198417.75, "params": {"blockSize": 2.0, "disp12MaxDiff": 0.0, "minDisparity": 4.0, "numDisparities": 1.0, "p1": 15.0, "p2": 40.574923028879816, "preFilterCap": 28.503955189727055, "speckleRange": 0.0, "speckleWindowSize": 799.7690794009451, "uniquenessRatio": 30.0}, "datetime": {"datetime": "2023-01-21 09:43:44", "elapsed": 15290.996572, "delta": 28.272382}}
{"target": -556117995.0, "params": {"blockSize": 2.0, "disp12MaxDiff": 27.54777360443449, "minDisparity": 1.0, "numDisparities": 1.0, "p1": 5.0, "p2": 60.0, "preFilterCap": 50.0, "speckleRange": 25.0, "speckleWindowSize": 781.2662126382052, "uniquenessRatio": 30.0}, "datetime": {"datetime": "2023-01-21 09:44:18", "elapsed": 15325.490724, "delta": 34.494152}}
{"target": -455407757.0, "params": {"blockSize": 10.0, "disp12MaxDiff": 0.0, "minDisparity": 4.0, "numDisparities": 1.0, "p1": 15.0, "p2": 15.0, "preFilterCap": 0.0, "speckleRange": 25.0, "speckleWindowSize": 182.98547419005774, "uniquenessRatio": 30.0}, "datetime": {"datetime": "2023-01-21 09:44:41", "elapsed": 15348.119575, "delta": 22.628851}}
{"target": -455197585.75, "params": {"blockSize": 10.0, "disp12MaxDiff": 50.0, "minDisparity": 1.0, "numDisparities": 1.0, "p1": 5.0, "p2": 60.0, "preFilterCap": 0.0, "speckleRange": 0.0, "speckleWindowSize": 2470.3321671068516, "uniquenessRatio": 0.0}, "datetime": {"datetime": "2023-01-21 09:45:15", "elapsed": 15381.844006, "delta": 33.724431}}
{"target": -440829190.75, "params": {"blockSize": 10.0, "disp12MaxDiff": 50.0, "minDisparity": 1.0, "numDisparities": 1.0, "p1": 5.0, "p2": 60.0, "preFilterCap": 0.0, "speckleRange": 25.0, "speckleWindowSize": 331.6519828669574, "uniquenessRatio": 30.0}, "datetime": {"datetime": "2023-01-21 09:45:44", "elapsed": 15411.351329, "delta": 29.507323}}
{"target": -457146457.5, "params": {"blockSize": 10.0, "disp12MaxDiff": 0.0, "minDisparity": 4.0, "numDisparities": 1.0, "p1": 5.0, "p2": 60.0, "preFilterCap": 50.0, "speckleRange": 0.0, "speckleWindowSize": 1694.8905042923873, "uniquenessRatio": 30.0}, "datetime": {"datetime": "2023-01-21 09:46:12", "elapsed": 15438.994151, "delta": 27.642822}}
{"target": -596466732.25, "params": {"blockSize": 4.605215593237833, "disp12MaxDiff": 47.57786201945465, "minDisparity": 1.6384495480034742, "numDisparities": 2.1775941641811425, "p1": 12.421004557517202, "p2": 17.59107047959175, "preFilterCap": 49.124573429008635, "speckleRange": 23.856301773186246, "speckleWindowSize": 243.77475226467854, "uniquenessRatio": 29.7168444580664}, "datetime": {"datetime": "2023-01-21 09:46:35", "elapsed": 15462.235294, "delta": 23.241143}}
{"target": -456246595.0, "params": {"blockSize": 10.0, "disp12MaxDiff": 0.0, "minDisparity": 4.0, "numDisparities": 1.0, "p1": 15.0, "p2": 38.65541610915845, "preFilterCap": 50.0, "speckleRange": 0.0, "speckleWindowSize": 613.9479660647794, "uniquenessRatio": 30.0}, "datetime": {"datetime": "2023-01-21 09:47:20", "elapsed": 15506.72812, "delta": 44.492826}}
{"target": -441641753.25, "params": {"blockSize": 10.0, "disp12MaxDiff": 0.0, "minDisparity": 1.0, "numDisparities": 1.0, "p1": 5.0, "p2": 60.0, "preFilterCap": 19.572156650785086, "speckleRange": 25.0, "speckleWindowSize": 1596.5985103778169, "uniquenessRatio": 30.0}, "datetime": {"datetime": "2023-01-21 09:48:01", "elapsed": 15548.365116, "delta": 41.636996}}
{"target": -452089337.25, "params": {"blockSize": 10.0, "disp12MaxDiff": 50.0, "minDisparity": 1.0, "numDisparities": 1.0, "p1": 15.0, "p2": 60.0, "preFilterCap": 50.0, "speckleRange": 0.0, "speckleWindowSize": 44.04952177119842, "uniquenessRatio": 30.0}, "datetime": {"datetime": "2023-01-21 09:48:25", "elapsed": 15571.824088, "delta": 23.458972}}
{"target": -457843683.0, "params": {"blockSize": 2.0, "disp12MaxDiff": 29.15855524174601, "minDisparity": 4.0, "numDisparities": 1.0, "p1": 5.0, "p2": 60.0, "preFilterCap": 0.0, "speckleRange": 0.0, "speckleWindowSize": 2303.42961799657, "uniquenessRatio": 30.0}, "datetime": {"datetime": "2023-01-21 09:48:54", "elapsed": 15601.54001, "delta": 29.715922}}
