{"target": -1832903422.0, "params": {"blockSize": 2.0, "disp12MaxDiff": 50.0, "minDisparity": 1.0, "numDisparities": 10.0, "p1": 5.0, "p2": 60.0, "preFilterCap": 50.0, "speckleRange": 25.0, "speckleWindowSize": 1089.8831773564161, "uniquenessRatio": 30.0}, "datetime": {"datetime": "2023-01-21 13:19:06", "elapsed": 28213.224285, "delta": 49.291939}}
{"target": -455793145.5, "params": {"blockSize": 10.0, "disp12MaxDiff": 50.0, "minDisparity": 4.0, "numDisparities": 1.0, "p1": 5.0, "p2": 60.0, "preFilterCap": 50.0, "speckleRange": 0.0, "speckleWindowSize": 242.70777100721267, "uniquenessRatio": 30.0}, "datetime": {"datetime": "2023-01-21 13:19:42", "elapsed": 28248.876127, "delta": 35.651842}}
{"target": -456997201.75, "params": {"blockSize": 10.0, "disp12MaxDiff": 31.401672494794163, "minDisparity": 1.0, "numDisparities": 1.0, "p1": 15.0, "p2": 60.0, "preFilterCap": 50.0, "speckleRange": 0.0, "speckleWindowSize": 1999.2090240678253, "uniquenessRatio": 30.0}, "datetime": {"datetime": "2023-01-21 13:20:53", "elapsed": 28319.978043, "delta": 71.101916}}
{"target": -455309161.25, "params": {"blockSize": 10.0, "disp12MaxDiff": 0.0, "minDisparity": 1.0, "numDisparities": 1.0, "p1": 15.0, "p2": 60.0, "preFilterCap": 50.0, "speckleRange": 0.0, "speckleWindowSize": 1066.4039479130208, "uniquenessRatio": 0.0}, "datetime": {"datetime": "2023-01-21 13:21:42", "elapsed": 28369.493585, "delta": 49.515542}}
{"target": -880068665.5, "params": {"blockSize": 10.0, "disp12MaxDiff": 50.0, "minDisparity": 1.0, "numDisparities": 1.0, "p1": 15.0, "p2": 60.0, "preFilterCap": 50.0, "speckleRange": 25.0, "speckleWindowSize": 2121.9484498599613, "uniquenessRatio": 0.0}, "datetime": {"datetime": "2023-01-21 13:22:19", "elapsed": 28406.032019, "delta": 36.538434}}
{"target": -455844247.5, "params": {"blockSize": 10.0, "disp12MaxDiff": 0.0, "minDisparity": 1.0, "numDisparities": 1.0, "p1": 15.0, "p2": 49.51996990371214, "preFilterCap": 0.0, "speckleRange": 0.0, "speckleWindowSize": 900.3079510745561, "uniquenessRatio": 0.0}, "datetime": {"datetime": "2023-01-21 13:23:32", "elapsed": 28479.155319, "delta": 73.1233}}
{"target": -444720271.5, "params": {"blockSize": 10.0, "disp12MaxDiff": 50.0, "minDisparity": 1.0, "numDisparities": 1.0, "p1": 15.0, "p2": 15.0, "preFilterCap": 50.0, "speckleRange": 25.0, "speckleWindowSize": 2137.5002222622593, "uniquenessRatio": 30.0}, "datetime": {"datetime": "2023-01-21 13:24:07", "elapsed": 28514.147127, "delta": 34.991808}}
{"target": -469455568.25, "params": {"blockSize": 2.0, "disp12MaxDiff": 0.0, "minDisparity": 1.0, "numDisparities": 10.0, "p1": 15.0, "p2": 60.0, "preFilterCap": 50.0, "speckleRange": 0.0, "speckleWindowSize": 1833.4981899622906, "uniquenessRatio": 30.0}, "datetime": {"datetime": "2023-01-21 13:24:56", "elapsed": 28563.496038, "delta": 49.348911}}
{"target": -454973063.25, "params": {"blockSize": 10.0, "disp12MaxDiff": 50.0, "minDisparity": 4.0, "numDisparities": 1.0, "p1": 5.0, "p2": 42.44429390989425, "preFilterCap": 21.8360374693025, "speckleRange": 0.0, "speckleWindowSize": 127.88336935538307, "uniquenessRatio": 30.0}, "datetime": {"datetime": "2023-01-21 13:25:31", "elapsed": 28598.414589, "delta": 34.918551}}
{"target": -456470427.0, "params": {"blockSize": 10.0, "disp12MaxDiff": 27.537135378212945, "minDisparity": 1.0, "numDisparities": 1.0, "p1": 15.0, "p2": 15.0, "preFilterCap": 50.0, "speckleRange": 0.0, "speckleWindowSize": 1088.7553793362924, "uniquenessRatio": 30.0}, "datetime": {"datetime": "2023-01-21 13:26:09", "elapsed": 28635.951277, "delta": 37.536688}}
{"target": -457062321.0, "params": {"blockSize": 10.0, "disp12MaxDiff": 17.75068620431065, "minDisparity": 4.0, "numDisparities": 1.0, "p1": 15.0, "p2": 33.47098501061743, "preFilterCap": 50.0, "speckleRange": 0.0, "speckleWindowSize": 1848.0341954630628, "uniquenessRatio": 30.0}, "datetime": {"datetime": "2023-01-21 13:26:44", "elapsed": 28671.394001, "delta": 35.442724}}
{"target": -514706218.5, "params": {"blockSize": 2.0, "disp12MaxDiff": 31.44983576844101, "minDisparity": 1.0, "numDisparities": 1.0, "p1": 15.0, "p2": 60.0, "preFilterCap": 50.0, "speckleRange": 25.0, "speckleWindowSize": 2230.958426267328, "uniquenessRatio": 30.0}, "datetime": {"datetime": "2023-01-21 13:27:47", "elapsed": 28734.058735, "delta": 62.664734}}
{"target": -444082843.5, "params": {"blockSize": 10.0, "disp12MaxDiff": 0.0, "minDisparity": 1.0, "numDisparities": 1.0, "p1": 15.0, "p2": 15.0, "preFilterCap": 0.0, "speckleRange": 25.0, "speckleWindowSize": 2326.7365489006097, "uniquenessRatio": 30.0}, "datetime": {"datetime": "2023-01-21 13:28:22", "elapsed": 28769.491819, "delta": 35.433084}}
{"target": -456326855.75, "params": {"blockSize": 10.0, "disp12MaxDiff": 30.672151924581954, "minDisparity": 1.0, "numDisparities": 1.0, "p1": 15.0, "p2": 60.0, "preFilterCap": 0.0, "speckleRange": 0.0, "speckleWindowSize": 1436.615844475367, "uniquenessRatio": 30.0}, "datetime": {"datetime": "2023-01-21 13:29:24", "elapsed": 28830.687939, "delta": 61.19612}}
{"target": -813099594.5, "params": {"blockSize": 10.0, "disp12MaxDiff": 50.0, "minDisparity": 4.0, "numDisparities": 10.0, "p1": 15.0, "p2": 15.0, "preFilterCap": 0.0, "speckleRange": 25.0, "speckleWindowSize": 2029.7531239404768, "uniquenessRatio": 30.0}, "datetime": {"datetime": "2023-01-21 13:30:26", "elapsed": 28892.966897, "delta": 62.278958}}
{"target": -457028685.25, "params": {"blockSize": 10.0, "disp12MaxDiff": 50.0, "minDisparity": 1.0, "numDisparities": 1.0, "p1": 5.0, "p2": 39.24915689102257, "preFilterCap": 22.317341992556916, "speckleRange": 0.0, "speckleWindowSize": 2106.3838727311213, "uniquenessRatio": 30.0}, "datetime": {"datetime": "2023-01-21 13:31:13", "elapsed": 28940.56736, "delta": 47.600463}}
{"target": -440276974.5, "params": {"blockSize": 10.0, "disp12MaxDiff": 0.0, "minDisparity": 1.0, "numDisparities": 1.0, "p1": 5.0, "p2": 15.0, "preFilterCap": 0.0, "speckleRange": 25.0, "speckleWindowSize": 972.7616023020548, "uniquenessRatio": 30.0}, "datetime": {"datetime": "2023-01-21 13:32:11", "elapsed": 28998.314425, "delta": 57.747065}}
{"target": -457428340.5, "params": {"blockSize": 2.0, "disp12MaxDiff": 0.0, "minDisparity": 1.0, "numDisparities": 1.0, "p1": 5.0, "p2": 38.384629783257736, "preFilterCap": 17.032398740603277, "speckleRange": 0.0, "speckleWindowSize": 1057.405292865453, "uniquenessRatio": 30.0}, "datetime": {"datetime": "2023-01-21 13:33:25", "elapsed": 29072.100395, "delta": 73.78597}}
{"target": -456078556.5, "params": {"blockSize": 2.0, "disp12MaxDiff": 0.0, "minDisparity": 1.0, "numDisparities": 1.0, "p1": 5.0, "p2": 60.0, "preFilterCap": 22.299483971526556, "speckleRange": 0.0, "speckleWindowSize": 482.38923721538293, "uniquenessRatio": 0.0}, "datetime": {"datetime": "2023-01-21 13:34:04", "elapsed": 29111.397686, "delta": 39.297291}}
{"target": -936006213.5, "params": {"blockSize": 10.0, "disp12MaxDiff": 50.0, "minDisparity": 4.0, "numDisparities": 10.0, "p1": 15.0, "p2": 39.27060470295814, "preFilterCap": 50.0, "speckleRange": 25.0, "speckleWindowSize": 1339.7616698999364, "uniquenessRatio": 30.0}, "datetime": {"datetime": "2023-01-21 13:34:54", "elapsed": 29160.894064, "delta": 49.496378}}
{"target": -456446495.25, "params": {"blockSize": 2.0, "disp12MaxDiff": 28.08834990704407, "minDisparity": 1.0, "numDisparities": 1.0, "p1": 5.0, "p2": 15.0, "preFilterCap": 50.0, "speckleRange": 0.0, "speckleWindowSize": 312.72770375560793, "uniquenessRatio": 30.0}, "datetime": {"datetime": "2023-01-21 13:35:55", "elapsed": 29221.791913, "delta": 60.897849}}
{"target": -457234102.75, "params": {"blockSize": 10.0, "disp12MaxDiff": 50.0, "minDisparity": 4.0, "numDisparities": 1.0, "p1": 5.0, "p2": 15.0, "preFilterCap": 50.0, "speckleRange": 0.0, "speckleWindowSize": 2214.2812787113166, "uniquenessRatio": 30.0}, "datetime": {"datetime": "2023-01-21 13:37:17", "elapsed": 29303.790464, "delta": 81.998551}}
{"target": -456900896.5, "params": {"blockSize": 10.0, "disp12MaxDiff": 27.290989137481528, "minDisparity": 4.0, "numDisparities": 1.0, "p1": 15.0, "p2": 15.0, "preFilterCap": 50.0, "speckleRange": 0.0, "speckleWindowSize": 1539.6110380040798, "uniquenessRatio": 30.0}, "datetime": {"datetime": "2023-01-21 13:39:08", "elapsed": 29414.644804, "delta": 110.85434}}
{"target": -457727995.5, "params": {"blockSize": 2.0, "disp12MaxDiff": 50.0, "minDisparity": 1.0, "numDisparities": 1.0, "p1": 5.0, "p2": 60.0, "preFilterCap": 50.0, "speckleRange": 0.0, "speckleWindowSize": 1694.0816779349757, "uniquenessRatio": 30.0}, "datetime": {"datetime": "2023-01-21 13:40:03", "elapsed": 29469.720506, "delta": 55.075702}}
{"target": -443047133.25, "params": {"blockSize": 10.0, "disp12MaxDiff": 25.83624663928832, "minDisparity": 1.0, "numDisparities": 1.0, "p1": 5.0, "p2": 60.0, "preFilterCap": 0.0, "speckleRange": 25.0, "speckleWindowSize": 2290.3529758788864, "uniquenessRatio": 30.0}, "datetime": {"datetime": "2023-01-21 13:41:13", "elapsed": 29539.849733, "delta": 70.129227}}
{"target": -443178776.0, "params": {"blockSize": 10.0, "disp12MaxDiff": 21.4300031645483, "minDisparity": 1.0, "numDisparities": 1.0, "p1": 15.0, "p2": 60.0, "preFilterCap": 0.0, "speckleRange": 25.0, "speckleWindowSize": 2319.9993153615783, "uniquenessRatio": 30.0}, "datetime": {"datetime": "2023-01-21 13:42:06", "elapsed": 29593.462206, "delta": 53.612473}}
{"target": -455125145.0, "params": {"blockSize": 10.0, "disp12MaxDiff": 50.0, "minDisparity": 1.0, "numDisparities": 1.0, "p1": 15.0, "p2": 15.0, "preFilterCap": 50.0, "speckleRange": 0.0, "speckleWindowSize": 1559.0487879716454, "uniquenessRatio": 0.0}, "datetime": {"datetime": "2023-01-21 13:42:44", "elapsed": 29631.343154, "delta": 37.880948}}
{"target": -457696345.5, "params": {"blockSize": 2.0, "disp12MaxDiff": 9.852253385053574, "minDisparity": 1.0, "numDisparities": 1.0, "p1": 5.0, "p2": 39.60448479960033, "preFilterCap": 0.0, "speckleRange": 0.0, "speckleWindowSize": 1817.6131072077671, "uniquenessRatio": 30.0}, "datetime": {"datetime": "2023-01-21 13:43:34", "elapsed": 29681.176, "delta": 49.832846}}
{"target": -799900619.0, "params": {"blockSize": 10.0, "disp12MaxDiff": 0.0, "minDisparity": 1.0, "numDisparities": 1.0, "p1": 15.0, "p2": 60.0, "preFilterCap": 50.0, "speckleRange": 25.0, "speckleWindowSize": 1291.570211462001, "uniquenessRatio": 0.0}, "datetime": {"datetime": "2023-01-21 13:44:28", "elapsed": 29734.927971, "delta": 53.751971}}
{"target": -456925319.0, "params": {"blockSize": 2.0, "disp12MaxDiff": 0.0, "minDisparity": 4.0, "numDisparities": 1.0, "p1": 15.0, "p2": 15.0, "preFilterCap": 50.0, "speckleRange": 0.0, "speckleWindowSize": 215.43021400052157, "uniquenessRatio": 30.0}, "datetime": {"datetime": "2023-01-21 13:45:08", "elapsed": 29774.717656, "delta": 39.789685}}
{"target": -476918073.25, "params": {"blockSize": 10.0, "disp12MaxDiff": 50.0, "minDisparity": 4.0, "numDisparities": 1.0, "p1": 15.0, "p2": 33.759386820601165, "preFilterCap": 50.0, "speckleRange": 25.0, "speckleWindowSize": 0.0, "uniquenessRatio": 30.0}, "datetime": {"datetime": "2023-01-21 13:45:57", "elapsed": 29823.710828, "delta": 48.993172}}
{"target": -455468777.25, "params": {"blockSize": 10.0, "disp12MaxDiff": 50.0, "minDisparity": 4.0, "numDisparities": 1.0, "p1": 5.0, "p2": 15.0, "preFilterCap": 29.883659079986636, "speckleRange": 0.0, "speckleWindowSize": 266.95398195099943, "uniquenessRatio": 30.0}, "datetime": {"datetime": "2023-01-21 13:47:10", "elapsed": 29896.814649, "delta": 73.103821}}
{"target": -461261424.5, "params": {"blockSize": 10.0, "disp12MaxDiff": 50.0, "minDisparity": 4.0, "numDisparities": 1.0, "p1": 15.0, "p2": 60.0, "preFilterCap": 0.0, "speckleRange": 0.0, "speckleWindowSize": 389.57283463163196, "uniquenessRatio": 0.0}, "datetime": {"datetime": "2023-01-21 13:48:18", "elapsed": 29965.263508, "delta": 68.448859}}
{"target": -454137292.75, "params": {"blockSize": 10.0, "disp12MaxDiff": 0.0, "minDisparity": 1.0, "numDisparities": 1.0, "p1": 15.0, "p2": 15.0, "preFilterCap": 50.0, "speckleRange": 0.0, "speckleWindowSize": 176.3084572047369, "uniquenessRatio": 30.0}, "datetime": {"datetime": "2023-01-21 13:49:56", "elapsed": 30062.987521, "delta": 97.724013}}
{"target": -485333840.0, "params": {"blockSize": 2.0, "disp12MaxDiff": 50.0, "minDisparity": 1.0, "numDisparities": 10.0, "p1": 15.0, "p2": 60.0, "preFilterCap": 30.519943819897914, "speckleRange": 0.0, "speckleWindowSize": 775.2000114864671, "uniquenessRatio": 30.0}, "datetime": {"datetime": "2023-01-21 13:50:38", "elapsed": 30104.847613, "delta": 41.860092}}
{"target": -713923368.5, "params": {"blockSize": 10.0, "disp12MaxDiff": 0.0, "minDisparity": 4.0, "numDisparities": 10.0, "p1": 5.0, "p2": 35.982288087256805, "preFilterCap": 30.37944974958729, "speckleRange": 0.0, "speckleWindowSize": 646.5019750355967, "uniquenessRatio": 0.0}, "datetime": {"datetime": "2023-01-21 13:52:26", "elapsed": 30213.513501, "delta": 108.665888}}
{"target": -454266783.25, "params": {"blockSize": 10.0, "disp12MaxDiff": 0.0, "minDisparity": 1.0, "numDisparities": 1.0, "p1": 5.0, "p2": 60.0, "preFilterCap": 0.0, "speckleRange": 0.0, "speckleWindowSize": 234.85583378968641, "uniquenessRatio": 30.0}, "datetime": {"datetime": "2023-01-21 13:53:06", "elapsed": 30252.93915, "delta": 39.425649}}
{"target": -451558424.5, "params": {"blockSize": 10.0, "disp12MaxDiff": 0.0, "minDisparity": 4.0, "numDisparities": 1.0, "p1": 15.0, "p2": 15.0, "preFilterCap": 21.535478102611396, "speckleRange": 25.0, "speckleWindowSize": 409.29954186093875, "uniquenessRatio": 30.0}, "datetime": {"datetime": "2023-01-21 13:54:10", "elapsed": 30316.964934, "delta": 64.025784}}
{"target": -451420494.25, "params": {"blockSize": 10.0, "disp12MaxDiff": 50.0, "minDisparity": 1.0, "numDisparities": 1.0, "p1": 5.0, "p2": 60.0, "preFilterCap": 0.0, "speckleRange": 25.0, "speckleWindowSize": 48.22149019885556, "uniquenessRatio": 30.0}, "datetime": {"datetime": "2023-01-21 13:54:52", "elapsed": 30359.139144, "delta": 42.17421}}
{"target": -456416410.75, "params": {"blockSize": 2.0, "disp12MaxDiff": 50.0, "minDisparity": 1.0, "numDisparities": 1.0, "p1": 15.0, "p2": 60.0, "preFilterCap": 31.456773164046183, "speckleRange": 0.0, "speckleWindowSize": 526.4411664698201, "uniquenessRatio": 30.0}, "datetime": {"datetime": "2023-01-21 13:55:31", "elapsed": 30398.254482, "delta": 39.115338}}
{"target": -457374061.5, "params": {"blockSize": 2.0, "disp12MaxDiff": 50.0, "minDisparity": 1.0, "numDisparities": 1.0, "p1": 5.0, "p2": 60.0, "preFilterCap": 0.0, "speckleRange": 0.0, "speckleWindowSize": 1438.8022700134566, "uniquenessRatio": 30.0}, "datetime": {"datetime": "2023-01-21 13:56:37", "elapsed": 30463.673661, "delta": 65.419179}}
{"target": -455687931.5, "params": {"blockSize": 10.0, "disp12MaxDiff": 0.0, "minDisparity": 1.0, "numDisparities": 1.0, "p1": 15.0, "p2": 60.0, "preFilterCap": 0.0, "speckleRange": 0.0, "speckleWindowSize": 1943.175414571254, "uniquenessRatio": 0.0}, "datetime": {"datetime": "2023-01-21 13:57:32", "elapsed": 30519.041103, "delta": 55.367442}}
{"target": -456684696.25, "params": {"blockSize": 10.0, "disp12MaxDiff": 0.0, "minDisparity": 4.0, "numDisparities": 1.0, "p1": 15.0, "p2": 15.0, "preFilterCap": 0.0, "speckleRange": 0.0, "speckleWindowSize": 1361.0757949787082, "uniquenessRatio": 30.0}, "datetime": {"datetime": "2023-01-21 13:58:47", "elapsed": 30594.14262, "delta": 75.101517}}
{"target": -451306085.5, "params": {"blockSize": 10.0, "disp12MaxDiff": 50.0, "minDisparity": 1.0, "numDisparities": 1.0, "p1": 5.0, "p2": 60.0, "preFilterCap": 50.0, "speckleRange": 0.0, "speckleWindowSize": 21.810695548107976, "uniquenessRatio": 30.0}, "datetime": {"datetime": "2023-01-21 13:59:27", "elapsed": 30633.89731, "delta": 39.75469}}
{"target": -453108677.5, "params": {"blockSize": 10.0, "disp12MaxDiff": 22.674197475145224, "minDisparity": 1.0, "numDisparities": 1.0, "p1": 15.0, "p2": 60.0, "preFilterCap": 0.0, "speckleRange": 0.0, "speckleWindowSize": 127.98408097653804, "uniquenessRatio": 30.0}, "datetime": {"datetime": "2023-01-21 14:00:31", "elapsed": 30698.059154, "delta": 64.161844}}
{"target": -456305173.5, "params": {"blockSize": 10.0, "disp12MaxDiff": 7.835114437608915, "minDisparity": 1.0, "numDisparities": 1.0, "p1": 5.0, "p2": 15.0, "preFilterCap": 0.0, "speckleRange": 0.0, "speckleWindowSize": 1232.051209203594, "uniquenessRatio": 30.0}, "datetime": {"datetime": "2023-01-21 14:02:03", "elapsed": 30790.363445, "delta": 92.304291}}
{"target": -455347781.5, "params": {"blockSize": 10.0, "disp12MaxDiff": 0.0, "minDisparity": 1.0, "numDisparities": 1.0, "p1": 15.0, "p2": 15.0, "preFilterCap": 50.0, "speckleRange": 0.0, "speckleWindowSize": 1071.097969240393, "uniquenessRatio": 0.0}, "datetime": {"datetime": "2023-01-21 14:03:15", "elapsed": 30862.561817, "delta": 72.198372}}
{"target": -460951297.25, "params": {"blockSize": 10.0, "disp12MaxDiff": 28.166397287330952, "minDisparity": 4.0, "numDisparities": 1.0, "p1": 5.0, "p2": 60.0, "preFilterCap": 50.0, "speckleRange": 0.0, "speckleWindowSize": 124.80386954954723, "uniquenessRatio": 0.0}, "datetime": {"datetime": "2023-01-21 14:04:24", "elapsed": 30930.850689, "delta": 68.288872}}
{"target": -472285429.0, "params": {"blockSize": 4.508832761881397, "disp12MaxDiff": 1.7994915001766476, "minDisparity": 3.795532689592413, "numDisparities": 5.110919927355892, "p1": 13.880107983436504, "p2": 58.551251876108566, "preFilterCap": 21.42885160274193, "speckleRange": 0.8569420971061309, "speckleWindowSize": 759.7999731423405, "uniquenessRatio": 27.646603652679445}, "datetime": {"datetime": "2023-01-21 14:05:20", "elapsed": 30987.543734, "delta": 56.693045}}
{"target": -456039064.0, "params": {"blockSize": 10.0, "disp12MaxDiff": 0.0, "minDisparity": 1.0, "numDisparities": 1.0, "p1": 15.0, "p2": 60.0, "preFilterCap": 50.0, "speckleRange": 0.0, "speckleWindowSize": 752.9520637341342, "uniquenessRatio": 30.0}, "datetime": {"datetime": "2023-01-21 14:06:36", "elapsed": 31062.794402, "delta": 75.250668}}
{"target": -456494989.5, "params": {"blockSize": 10.0, "disp12MaxDiff": 36.991437082673414, "minDisparity": 4.0, "numDisparities": 1.0, "p1": 5.0, "p2": 60.0, "preFilterCap": 50.0, "speckleRange": 0.0, "speckleWindowSize": 769.3732465953283, "uniquenessRatio": 30.0}, "datetime": {"datetime": "2023-01-21 14:07:26", "elapsed": 31113.335843, "delta": 50.541441}}
{"target": -456081878.75, "params": {"blockSize": 10.0, "disp12MaxDiff": 0.0, "minDisparity": 1.0, "numDisparities": 1.0, "p1": 5.0, "p2": 60.0, "preFilterCap": 36.68280446324942, "speckleRange": 0.0, "speckleWindowSize": 778.4904608873317, "uniquenessRatio": 30.0}, "datetime": {"datetime": "2023-01-21 14:08:22", "elapsed": 31169.604603, "delta": 56.26876}}
{"target": -457304756.25, "params": {"blockSize": 2.0, "disp12MaxDiff": 27.829893740749522, "minDisparity": 1.0, "numDisparities": 1.0, "p1": 5.0, "p2": 60.0, "preFilterCap": 22.793450719181163, "speckleRange": 0.0, "speckleWindowSize": 1220.2371866133242, "uniquenessRatio": 30.0}, "datetime": {"datetime": "2023-01-21 14:09:39", "elapsed": 31246.389656, "delta": 76.785053}}
{"target": -454452609.75, "params": {"blockSize": 10.0, "disp12MaxDiff": 18.747950697454126, "minDisparity": 1.0, "numDisparities": 1.0, "p1": 5.0, "p2": 15.0, "preFilterCap": 22.215402754837957, "speckleRange": 0.0, "speckleWindowSize": 1025.3588641189633, "uniquenessRatio": 15.764455829215652}, "datetime": {"datetime": "2023-01-21 14:10:33", "elapsed": 31300.502904, "delta": 54.113248}}
{"target": -456892623.25, "params": {"blockSize": 10.0, "disp12MaxDiff": 50.0, "minDisparity": 1.0, "numDisparities": 1.0, "p1": 15.0, "p2": 15.0, "preFilterCap": 50.0, "speckleRange": 0.0, "speckleWindowSize": 1728.9389006519336, "uniquenessRatio": 30.0}, "datetime": {"datetime": "2023-01-21 14:11:30", "elapsed": 31357.499426, "delta": 56.996522}}
{"target": -457264155.0, "params": {"blockSize": 2.0, "disp12MaxDiff": 50.0, "minDisparity": 1.0, "numDisparities": 1.0, "p1": 15.0, "p2": 60.0, "preFilterCap": 21.247795029531396, "speckleRange": 0.0, "speckleWindowSize": 1834.3573097641574, "uniquenessRatio": 30.0}, "datetime": {"datetime": "2023-01-21 14:12:39", "elapsed": 31426.505518, "delta": 69.006092}}
{"target": -456585713.25, "params": {"blockSize": 10.0, "disp12MaxDiff": 0.0, "minDisparity": 1.0, "numDisparities": 1.0, "p1": 15.0, "p2": 60.0, "preFilterCap": 50.0, "speckleRange": 0.0, "speckleWindowSize": 1227.0950516665298, "uniquenessRatio": 30.0}, "datetime": {"datetime": "2023-01-21 14:13:43", "elapsed": 31490.202879, "delta": 63.697361}}
{"target": -448519362.75, "params": {"blockSize": 10.0, "disp12MaxDiff": 50.0, "minDisparity": 4.0, "numDisparities": 1.0, "p1": 5.0, "p2": 60.0, "preFilterCap": 50.0, "speckleRange": 25.0, "speckleWindowSize": 2313.4841041509467, "uniquenessRatio": 30.0}, "datetime": {"datetime": "2023-01-21 14:14:51", "elapsed": 31557.732538, "delta": 67.529659}}
{"target": -457481432.75, "params": {"blockSize": 2.0, "disp12MaxDiff": 0.0, "minDisparity": 4.0, "numDisparities": 1.0, "p1": 15.0, "p2": 34.23876423569947, "preFilterCap": 16.22429645027998, "speckleRange": 0.0, "speckleWindowSize": 1684.4095444212317, "uniquenessRatio": 30.0}, "datetime": {"datetime": "2023-01-21 14:16:08", "elapsed": 31635.614722, "delta": 77.882184}}
{"target": -489194406.5, "params": {"blockSize": 2.0, "disp12MaxDiff": 0.0, "minDisparity": 1.0, "numDisparities": 1.0, "p1": 5.0, "p2": 60.0, "preFilterCap": 50.0, "speckleRange": 25.0, "speckleWindowSize": 814.9808140401874, "uniquenessRatio": 30.0}, "datetime": {"datetime": "2023-01-21 14:16:50", "elapsed": 31677.46812, "delta": 41.853398}}
{"target": -492276516.0, "params": {"blockSize": 2.0, "disp12MaxDiff": 0.0, "minDisparity": 4.0, "numDisparities": 1.0, "p1": 15.0, "p2": 60.0, "preFilterCap": 0.0, "speckleRange": 25.0, "speckleWindowSize": 2081.2399475341085, "uniquenessRatio": 30.0}, "datetime": {"datetime": "2023-01-21 14:18:15", "elapsed": 31761.997373, "delta": 84.529253}}
