{"target": -456802105.75, "params": {"blockSize": 2.0, "disp12MaxDiff": 50.0, "minDisparity": 1.0, "numDisparities": 1.0, "p1": 15.0, "p2": 15.0, "preFilterCap": 0.0, "speckleRange": 0.0, "speckleWindowSize": 796.2319149962918, "uniquenessRatio": 30.0}, "datetime": {"datetime": "2023-01-21 09:49:39", "elapsed": 15646.061824, "delta": 44.521814}}
{"target": -440903643.25, "params": {"blockSize": 10.0, "disp12MaxDiff": 50.0, "minDisparity": 1.0, "numDisparities": 1.0, "p1": 15.0, "p2": 15.0, "preFilterCap": 0.0, "speckleRange": 25.0, "speckleWindowSize": 230.18923913268898, "uniquenessRatio": 30.0}, "datetime": {"datetime": "2023-01-21 09:50:14", "elapsed": 15680.934558, "delta": 34.872734}}
{"target": -457649557.0, "params": {"blockSize": 2.0, "disp12MaxDiff": 24.346748402002206, "minDisparity": 1.0, "numDisparities": 1.0, "p1": 5.0, "p2": 15.0, "preFilterCap": 20.9190714383012, "speckleRange": 0.0, "speckleWindowSize": 1844.9122819280567, "uniquenessRatio": 30.0}, "datetime": {"datetime": "2023-01-21 09:51:09", "elapsed": 15736.44765, "delta": 55.513092}}
{"target": -457247635.75, "params": {"blockSize": 2.0, "disp12MaxDiff": 50.0, "minDisparity": 1.0, "numDisparities": 1.0, "p1": 15.0, "p2": 60.0, "preFilterCap": 0.0, "speckleRange": 0.0, "speckleWindowSize": 2103.0745705341424, "uniquenessRatio": 30.0}, "datetime": {"datetime": "2023-01-21 09:51:56", "elapsed": 15783.602242, "delta": 47.154592}}
{"target": -444067248.25, "params": {"blockSize": 10.0, "disp12MaxDiff": 0.0, "minDisparity": 1.0, "numDisparities": 1.0, "p1": 15.0, "p2": 15.0, "preFilterCap": 50.0, "speckleRange": 25.0, "speckleWindowSize": 1866.39699108741, "uniquenessRatio": 30.0}, "datetime": {"datetime": "2023-01-21 09:52:41", "elapsed": 15828.292218, "delta": 44.689976}}
{"target": -441930897.0, "params": {"blockSize": 10.0, "disp12MaxDiff": 0.0, "minDisparity": 1.0, "numDisparities": 1.0, "p1": 15.0, "p2": 32.17174883432408, "preFilterCap": 33.50158549307341, "speckleRange": 25.0, "speckleWindowSize": 1582.0198387037228, "uniquenessRatio": 30.0}, "datetime": {"datetime": "2023-01-21 09:53:10", "elapsed": 15857.201775, "delta": 28.909557}}
{"target": -457083488.0, "params": {"blockSize": 10.0, "disp12MaxDiff": 50.0, "minDisparity": 4.0, "numDisparities": 1.0, "p1": 15.0, "p2": 60.0, "preFilterCap": 0.0, "speckleRange": 0.0, "speckleWindowSize": 2469.4107117045314, "uniquenessRatio": 30.0}, "datetime": {"datetime": "2023-01-21 09:53:47", "elapsed": 15893.859732, "delta": 36.657957}}
{"target": -457266265.0, "params": {"blockSize": 10.0, "disp12MaxDiff": 50.0, "minDisparity": 4.0, "numDisparities": 1.0, "p1": 5.0, "p2": 38.323549739988685, "preFilterCap": 0.0, "speckleRange": 0.0, "speckleWindowSize": 2500.0, "uniquenessRatio": 30.0}, "datetime": {"datetime": "2023-01-21 09:54:21", "elapsed": 15928.134675, "delta": 34.274943}}
{"target": -443478806.5, "params": {"blockSize": 10.0, "disp12MaxDiff": 50.0, "minDisparity": 1.0, "numDisparities": 1.0, "p1": 15.0, "p2": 15.0, "preFilterCap": 50.0, "speckleRange": 25.0, "speckleWindowSize": 371.62326251825164, "uniquenessRatio": 30.0}, "datetime": {"datetime": "2023-01-21 09:54:51", "elapsed": 15957.661024, "delta": 29.526349}}
{"target": -455881015.75, "params": {"blockSize": 10.0, "disp12MaxDiff": 50.0, "minDisparity": 1.0, "numDisparities": 1.0, "p1": 15.0, "p2": 15.0, "preFilterCap": 50.0, "speckleRange": 0.0, "speckleWindowSize": 385.27806771364914, "uniquenessRatio": 0.0}, "datetime": {"datetime": "2023-01-21 09:55:37", "elapsed": 16003.688434, "delta": 46.02741}}
{"target": -622730389.25, "params": {"blockSize": 10.0, "disp12MaxDiff": 50.0, "minDisparity": 4.0, "numDisparities": 10.0, "p1": 5.0, "p2": 60.0, "preFilterCap": 50.0, "speckleRange": 0.0, "speckleWindowSize": 69.67386046758577, "uniquenessRatio": 30.0}, "datetime": {"datetime": "2023-01-21 09:55:59", "elapsed": 16026.527151, "delta": 22.838717}}
{"target": -455322954.75, "params": {"blockSize": 10.0, "disp12MaxDiff": 0.0, "minDisparity": 4.0, "numDisparities": 1.0, "p1": 15.0, "p2": 60.0, "preFilterCap": 0.0, "speckleRange": 0.0, "speckleWindowSize": 203.3522294536344, "uniquenessRatio": 30.0}, "datetime": {"datetime": "2023-01-21 09:56:34", "elapsed": 16061.236906, "delta": 34.709755}}
{"target": -458166189.75, "params": {"blockSize": 10.0, "disp12MaxDiff": 0.0, "minDisparity": 4.0, "numDisparities": 1.0, "p1": 15.0, "p2": 15.0, "preFilterCap": 50.0, "speckleRange": 0.0, "speckleWindowSize": 363.51692504190436, "uniquenessRatio": 0.0}, "datetime": {"datetime": "2023-01-21 09:57:11", "elapsed": 16098.263415, "delta": 37.026509}}
{"target": -442020513.25, "params": {"blockSize": 10.0, "disp12MaxDiff": 50.0, "minDisparity": 1.0, "numDisparities": 1.0, "p1": 5.0, "p2": 38.47748897342863, "preFilterCap": 32.376819908698344, "speckleRange": 25.0, "speckleWindowSize": 1589.8119049043473, "uniquenessRatio": 30.0}, "datetime": {"datetime": "2023-01-21 09:57:48", "elapsed": 16135.452379, "delta": 37.188964}}
{"target": -870946639.5, "params": {"blockSize": 5.6418329772063975, "disp12MaxDiff": 1.683633363928283, "minDisparity": 2.9618596474029966, "numDisparities": 8.219371012354008, "p1": 10.665170941458882, "p2": 59.387676680681736, "preFilterCap": 43.71167025748626, "speckleRange": 5.016124541700889, "speckleWindowSize": 2430.8368288665433, "uniquenessRatio": 28.50967713780658}, "datetime": {"datetime": "2023-01-21 09:58:12", "elapsed": 16159.451549, "delta": 23.99917}}
{"target": -456751891.75, "params": {"blockSize": 2.0, "disp12MaxDiff": 31.96987922734747, "minDisparity": 1.0, "numDisparities": 1.0, "p1": 15.0, "p2": 15.0, "preFilterCap": 50.0, "speckleRange": 0.0, "speckleWindowSize": 609.1472233573387, "uniquenessRatio": 30.0}, "datetime": {"datetime": "2023-01-21 09:58:53", "elapsed": 16199.657559, "delta": 40.20601}}
{"target": -487359635.5, "params": {"blockSize": 10.0, "disp12MaxDiff": 50.0, "minDisparity": 1.0, "numDisparities": 10.0, "p1": 15.0, "p2": 60.0, "preFilterCap": 50.0, "speckleRange": 0.0, "speckleWindowSize": 1258.8264805858664, "uniquenessRatio": 30.0}, "datetime": {"datetime": "2023-01-21 09:59:35", "elapsed": 16242.122758, "delta": 42.465199}}
{"target": -456795760.0, "params": {"blockSize": 10.0, "disp12MaxDiff": 50.0, "minDisparity": 1.0, "numDisparities": 1.0, "p1": 5.0, "p2": 15.0, "preFilterCap": 0.0, "speckleRange": 0.0, "speckleWindowSize": 2130.7826059827466, "uniquenessRatio": 30.0}, "datetime": {"datetime": "2023-01-21 10:00:05", "elapsed": 16272.282432, "delta": 30.159674}}
{"target": -457129071.0, "params": {"blockSize": 10.0, "disp12MaxDiff": 0.0, "minDisparity": 4.0, "numDisparities": 1.0, "p1": 5.0, "p2": 38.72448417263702, "preFilterCap": 0.0, "speckleRange": 0.0, "speckleWindowSize": 1976.2403992156756, "uniquenessRatio": 30.0}, "datetime": {"datetime": "2023-01-21 10:00:34", "elapsed": 16300.634312, "delta": 28.35188}}
{"target": -442029954.0, "params": {"blockSize": 10.0, "disp12MaxDiff": 0.0, "minDisparity": 1.0, "numDisparities": 1.0, "p1": 5.0, "p2": 60.0, "preFilterCap": 0.0, "speckleRange": 25.0, "speckleWindowSize": 1830.2974899780245, "uniquenessRatio": 30.0}, "datetime": {"datetime": "2023-01-21 10:01:04", "elapsed": 16331.113134, "delta": 30.478822}}
{"target": -557398450.0, "params": {"blockSize": 2.0, "disp12MaxDiff": 35.11358444139358, "minDisparity": 1.0, "numDisparities": 1.0, "p1": 15.0, "p2": 42.24356881261351, "preFilterCap": 50.0, "speckleRange": 19.867750855988195, "speckleWindowSize": 363.475279813483, "uniquenessRatio": 30.0}, "datetime": {"datetime": "2023-01-21 10:01:39", "elapsed": 16366.129424, "delta": 35.01629}}
{"target": -456787035.5, "params": {"blockSize": 10.0, "disp12MaxDiff": 0.0, "minDisparity": 1.0, "numDisparities": 1.0, "p1": 5.0, "p2": 34.97568245408848, "preFilterCap": 29.872427879253834, "speckleRange": 0.0, "speckleWindowSize": 1595.3174493717966, "uniquenessRatio": 30.0}, "datetime": {"datetime": "2023-01-21 10:02:08", "elapsed": 16395.584493, "delta": 29.455069}}
{"target": -456531095.5, "params": {"blockSize": 10.0, "disp12MaxDiff": 50.0, "minDisparity": 1.0, "numDisparities": 1.0, "p1": 5.0, "p2": 60.0, "preFilterCap": 50.0, "speckleRange": 0.0, "speckleWindowSize": 1016.3386349562503, "uniquenessRatio": 30.0}, "datetime": {"datetime": "2023-01-21 10:02:32", "elapsed": 16418.819738, "delta": 23.235245}}
{"target": -457067060.75, "params": {"blockSize": 2.0, "disp12MaxDiff": 0.0, "minDisparity": 4.0, "numDisparities": 1.0, "p1": 15.0, "p2": 32.81041055785287, "preFilterCap": 23.759235751493595, "speckleRange": 0.0, "speckleWindowSize": 568.3294063422782, "uniquenessRatio": 30.0}, "datetime": {"datetime": "2023-01-21 10:03:13", "elapsed": 16460.188834, "delta": 41.369096}}
{"target": -442717796.0, "params": {"blockSize": 10.0, "disp12MaxDiff": 0.0, "minDisparity": 1.0, "numDisparities": 1.0, "p1": 15.0, "p2": 15.0, "preFilterCap": 0.0, "speckleRange": 25.0, "speckleWindowSize": 1744.1338432345217, "uniquenessRatio": 30.0}, "datetime": {"datetime": "2023-01-21 10:03:37", "elapsed": 16483.955762, "delta": 23.766928}}
{"target": -484895823.75, "params": {"blockSize": 10.0, "disp12MaxDiff": 50.0, "minDisparity": 4.0, "numDisparities": 10.0, "p1": 15.0, "p2": 60.0, "preFilterCap": 21.944747389870557, "speckleRange": 0.0, "speckleWindowSize": 2122.3969722826782, "uniquenessRatio": 30.0}, "datetime": {"datetime": "2023-01-21 10:04:01", "elapsed": 16508.30684, "delta": 24.351078}}
{"target": -456728413.25, "params": {"blockSize": 10.0, "disp12MaxDiff": 0.0, "minDisparity": 4.0, "numDisparities": 1.0, "p1": 5.0, "p2": 15.0, "preFilterCap": 50.0, "speckleRange": 0.0, "speckleWindowSize": 1288.0973545485342, "uniquenessRatio": 30.0}, "datetime": {"datetime": "2023-01-21 10:04:25", "elapsed": 16532.098785, "delta": 23.791945}}
{"target": -456862117.0, "params": {"blockSize": 2.0, "disp12MaxDiff": 0.0, "minDisparity": 4.0, "numDisparities": 1.0, "p1": 5.0, "p2": 60.0, "preFilterCap": 50.0, "speckleRange": 0.0, "speckleWindowSize": 572.6007813355207, "uniquenessRatio": 0.0}, "datetime": {"datetime": "2023-01-21 10:05:03", "elapsed": 16570.166646, "delta": 38.067861}}
{"target": -882582622.5, "params": {"blockSize": 10.0, "disp12MaxDiff": 50.0, "minDisparity": 1.0, "numDisparities": 1.0, "p1": 15.0, "p2": 15.0, "preFilterCap": 50.0, "speckleRange": 25.0, "speckleWindowSize": 176.33187476330585, "uniquenessRatio": 0.0}, "datetime": {"datetime": "2023-01-21 10:05:28", "elapsed": 16595.039921, "delta": 24.873275}}
{"target": -4374680512.0, "params": {"blockSize": 10.0, "disp12MaxDiff": 0.0, "minDisparity": 4.0, "numDisparities": 10.0, "p1": 5.0, "p2": 60.0, "preFilterCap": 0.0, "speckleRange": 25.0, "speckleWindowSize": 1085.2746309300446, "uniquenessRatio": 0.0}, "datetime": {"datetime": "2023-01-21 10:06:04", "elapsed": 16631.088165, "delta": 36.048244}}
{"target": -455222859.25, "params": {"blockSize": 10.0, "disp12MaxDiff": 28.174568346416784, "minDisparity": 4.0, "numDisparities": 1.0, "p1": 15.0, "p2": 15.0, "preFilterCap": 0.0, "speckleRange": 25.0, "speckleWindowSize": 203.8843520810165, "uniquenessRatio": 30.0}, "datetime": {"datetime": "2023-01-21 10:06:44", "elapsed": 16670.886511, "delta": 39.798346}}
{"target": -461312062.5, "params": {"blockSize": 10.0, "disp12MaxDiff": 0.0, "minDisparity": 4.0, "numDisparities": 1.0, "p1": 5.0, "p2": 35.92942077236092, "preFilterCap": 50.0, "speckleRange": 25.0, "speckleWindowSize": 132.72777626482466, "uniquenessRatio": 30.0}, "datetime": {"datetime": "2023-01-21 10:07:17", "elapsed": 16704.582747, "delta": 33.696236}}
{"target": -457678998.0, "params": {"blockSize": 2.0, "disp12MaxDiff": 50.0, "minDisparity": 4.0, "numDisparities": 1.0, "p1": 15.0, "p2": 15.0, "preFilterCap": 0.0, "speckleRange": 0.0, "speckleWindowSize": 2035.5866741653804, "uniquenessRatio": 30.0}, "datetime": {"datetime": "2023-01-21 10:08:14", "elapsed": 16761.401588, "delta": 56.818841}}
{"target": -457742189.75, "params": {"blockSize": 2.0, "disp12MaxDiff": 0.0, "minDisparity": 1.0, "numDisparities": 1.0, "p1": 15.0, "p2": 15.0, "preFilterCap": 50.0, "speckleRange": 0.0, "speckleWindowSize": 1887.5099707973245, "uniquenessRatio": 30.0}, "datetime": {"datetime": "2023-01-21 10:08:52", "elapsed": 16798.90896, "delta": 37.507372}}
{"target": -444215092.5, "params": {"blockSize": 10.0, "disp12MaxDiff": 50.0, "minDisparity": 1.0, "numDisparities": 1.0, "p1": 15.0, "p2": 15.0, "preFilterCap": 0.0, "speckleRange": 25.0, "speckleWindowSize": 2387.4232712624457, "uniquenessRatio": 30.0}, "datetime": {"datetime": "2023-01-21 10:09:34", "elapsed": 16841.345843, "delta": 42.436883}}
{"target": -444063070.5, "params": {"blockSize": 10.0, "disp12MaxDiff": 50.0, "minDisparity": 1.0, "numDisparities": 1.0, "p1": 15.0, "p2": 15.0, "preFilterCap": 50.0, "speckleRange": 25.0, "speckleWindowSize": 308.7906455705819, "uniquenessRatio": 30.0}, "datetime": {"datetime": "2023-01-21 10:10:05", "elapsed": 16872.116397, "delta": 30.770554}}
{"target": -457823253.25, "params": {"blockSize": 2.0, "disp12MaxDiff": 50.0, "minDisparity": 1.0, "numDisparities": 1.0, "p1": 5.0, "p2": 60.0, "preFilterCap": 0.0, "speckleRange": 0.0, "speckleWindowSize": 2436.7058043410652, "uniquenessRatio": 30.0}, "datetime": {"datetime": "2023-01-21 10:10:39", "elapsed": 16906.570321, "delta": 34.453924}}
{"target": -456042855.0, "params": {"blockSize": 10.0, "disp12MaxDiff": 50.0, "minDisparity": 1.0, "numDisparities": 1.0, "p1": 15.0, "p2": 15.0, "preFilterCap": 50.0, "speckleRange": 0.0, "speckleWindowSize": 761.6062843659103, "uniquenessRatio": 30.0}, "datetime": {"datetime": "2023-01-21 10:11:03", "elapsed": 16930.411106, "delta": 23.840785}}
{"target": -441972175.0, "params": {"blockSize": 10.0, "disp12MaxDiff": 0.0, "minDisparity": 1.0, "numDisparities": 1.0, "p1": 15.0, "p2": 60.0, "preFilterCap": 29.165727487484777, "speckleRange": 25.0, "speckleWindowSize": 1742.9116802783924, "uniquenessRatio": 30.0}, "datetime": {"datetime": "2023-01-21 10:11:29", "elapsed": 16956.589873, "delta": 26.178767}}
{"target": -457088276.75, "params": {"blockSize": 10.0, "disp12MaxDiff": 0.0, "minDisparity": 4.0, "numDisparities": 1.0, "p1": 15.0, "p2": 27.580543797489998, "preFilterCap": 0.0, "speckleRange": 0.0, "speckleWindowSize": 2293.4700017216796, "uniquenessRatio": 30.0}, "datetime": {"datetime": "2023-01-21 10:11:55", "elapsed": 16981.752065, "delta": 25.162192}}
{"target": -456657053.5, "params": {"blockSize": 10.0, "disp12MaxDiff": 50.0, "minDisparity": 4.0, "numDisparities": 1.0, "p1": 5.0, "p2": 15.0, "preFilterCap": 13.787489865236816, "speckleRange": 0.0, "speckleWindowSize": 1277.6891439223157, "uniquenessRatio": 30.0}, "datetime": {"datetime": "2023-01-21 10:12:42", "elapsed": 17029.501839, "delta": 47.749774}}
{"target": -442629013.25, "params": {"blockSize": 10.0, "disp12MaxDiff": 21.18489828329296, "minDisparity": 1.0, "numDisparities": 1.0, "p1": 5.0, "p2": 41.77580431071952, "preFilterCap": 20.686899466435502, "speckleRange": 25.0, "speckleWindowSize": 1828.9411076162871, "uniquenessRatio": 30.0}, "datetime": {"datetime": "2023-01-21 10:13:17", "elapsed": 17064.16772, "delta": 34.665881}}
{"target": -442090574.0, "params": {"blockSize": 10.0, "disp12MaxDiff": 0.0, "minDisparity": 1.0, "numDisparities": 1.0, "p1": 5.0, "p2": 60.0, "preFilterCap": 0.0, "speckleRange": 25.0, "speckleWindowSize": 1935.1383641240122, "uniquenessRatio": 30.0}, "datetime": {"datetime": "2023-01-21 10:13:43", "elapsed": 17090.298363, "delta": 26.130643}}
{"target": -457195704.25, "params": {"blockSize": 2.0, "disp12MaxDiff": 0.0, "minDisparity": 4.0, "numDisparities": 1.0, "p1": 15.0, "p2": 15.0, "preFilterCap": 50.0, "speckleRange": 0.0, "speckleWindowSize": 540.8889449034383, "uniquenessRatio": 30.0}, "datetime": {"datetime": "2023-01-21 10:14:14", "elapsed": 17121.349344, "delta": 31.050981}}
{"target": -456878575.25, "params": {"blockSize": 2.0, "disp12MaxDiff": 0.0, "minDisparity": 1.0, "numDisparities": 1.0, "p1": 15.0, "p2": 60.0, "preFilterCap": 0.0, "speckleRange": 0.0, "speckleWindowSize": 1068.5307710213224, "uniquenessRatio": 30.0}, "datetime": {"datetime": "2023-01-21 10:14:47", "elapsed": 17154.125543, "delta": 32.776199}}
{"target": -481504166.75, "params": {"blockSize": 10.0, "disp12MaxDiff": 0.0, "minDisparity": 1.0, "numDisparities": 10.0, "p1": 15.0, "p2": 60.0, "preFilterCap": 0.0, "speckleRange": 0.0, "speckleWindowSize": 2364.4511825295876, "uniquenessRatio": 30.0}, "datetime": {"datetime": "2023-01-21 10:15:17", "elapsed": 17184.425223, "delta": 30.29968}}
{"target": -453941753.5, "params": {"blockSize": 10.0, "disp12MaxDiff": 50.0, "minDisparity": 1.0, "numDisparities": 1.0, "p1": 5.0, "p2": 60.0, "preFilterCap": 0.0, "speckleRange": 0.0, "speckleWindowSize": 192.64705953228284, "uniquenessRatio": 30.0}, "datetime": {"datetime": "2023-01-21 10:16:01", "elapsed": 17227.94916, "delta": 43.523937}}
{"target": -447779570.5, "params": {"blockSize": 10.0, "disp12MaxDiff": 0.0, "minDisparity": 4.0, "numDisparities": 1.0, "p1": 5.0, "p2": 15.0, "preFilterCap": 0.0, "speckleRange": 25.0, "speckleWindowSize": 863.258263065214, "uniquenessRatio": 30.0}, "datetime": {"datetime": "2023-01-21 10:16:26", "elapsed": 17253.303121, "delta": 25.353961}}
{"target": -487301390.25, "params": {"blockSize": 10.0, "disp12MaxDiff": 0.0, "minDisparity": 4.0, "numDisparities": 10.0, "p1": 5.0, "p2": 60.0, "preFilterCap": 0.0, "speckleRange": 0.0, "speckleWindowSize": 1433.4043148314156, "uniquenessRatio": 30.0}, "datetime": {"datetime": "2023-01-21 10:17:04", "elapsed": 17291.562465, "delta": 38.259344}}
{"target": -455727348.0, "params": {"blockSize": 2.0, "disp12MaxDiff": 28.61842021113179, "minDisparity": 1.0, "numDisparities": 1.0, "p1": 15.0, "p2": 60.0, "preFilterCap": 0.0, "speckleRange": 0.0, "speckleWindowSize": 443.174551562255, "uniquenessRatio": 0.0}, "datetime": {"datetime": "2023-01-21 10:17:42", "elapsed": 17329.314194, "delta": 37.751729}}
{"target": -457145658.25, "params": {"blockSize": 10.0, "disp12MaxDiff": 0.0, "minDisparity": 4.0, "numDisparities": 1.0, "p1": 15.0, "p2": 45.18124520929391, "preFilterCap": 50.0, "speckleRange": 0.0, "speckleWindowSize": 1995.7447225737574, "uniquenessRatio": 30.0}, "datetime": {"datetime": "2023-01-21 10:18:08", "elapsed": 17354.653941, "delta": 25.339747}}
{"target": -457768195.75, "params": {"blockSize": 2.0, "disp12MaxDiff": 0.0, "minDisparity": 1.0, "numDisparities": 1.0, "p1": 5.0, "p2": 15.0, "preFilterCap": 50.0, "speckleRange": 0.0, "speckleWindowSize": 1594.4374394118636, "uniquenessRatio": 30.0}, "datetime": {"datetime": "2023-01-21 10:18:37", "elapsed": 17384.376994, "delta": 29.723053}}
{"target": -542778428.0, "params": {"blockSize": 10.0, "disp12MaxDiff": 0.0, "minDisparity": 1.0, "numDisparities": 10.0, "p1": 15.0, "p2": 38.07948595688076, "preFilterCap": 50.0, "speckleRange": 0.0, "speckleWindowSize": 1094.556124647351, "uniquenessRatio": 14.035005645289043}, "datetime": {"datetime": "2023-01-21 10:19:28", "elapsed": 17435.500183, "delta": 51.123189}}
{"target": -444215858.0, "params": {"blockSize": 10.0, "disp12MaxDiff": 50.0, "minDisparity": 1.0, "numDisparities": 1.0, "p1": 5.0, "p2": 15.0, "preFilterCap": 0.0, "speckleRange": 25.0, "speckleWindowSize": 2415.796537298261, "uniquenessRatio": 30.0}, "datetime": {"datetime": "2023-01-21 10:20:05", "elapsed": 17472.011802, "delta": 36.511619}}
{"target": -456403895.75, "params": {"blockSize": 10.0, "disp12MaxDiff": 0.0, "minDisparity": 4.0, "numDisparities": 1.0, "p1": 5.0, "p2": 36.63886198630568, "preFilterCap": 0.0, "speckleRange": 0.0, "speckleWindowSize": 864.1213956886681, "uniquenessRatio": 30.0}, "datetime": {"datetime": "2023-01-21 10:20:40", "elapsed": 17506.760832, "delta": 34.74903}}
{"target": -457094099.75, "params": {"blockSize": 2.0, "disp12MaxDiff": 0.0, "minDisparity": 4.0, "numDisparities": 1.0, "p1": 15.0, "p2": 39.376058212657476, "preFilterCap": 28.616027519251347, "speckleRange": 0.0, "speckleWindowSize": 2215.288575531464, "uniquenessRatio": 0.0}, "datetime": {"datetime": "2023-01-21 10:21:16", "elapsed": 17543.443514, "delta": 36.682682}}
{"target": -457723789.5, "params": {"blockSize": 2.0, "disp12MaxDiff": 0.0, "minDisparity": 4.0, "numDisparities": 1.0, "p1": 5.0, "p2": 60.0, "preFilterCap": 30.14643809953585, "speckleRange": 0.0, "speckleWindowSize": 1364.8881734107154, "uniquenessRatio": 30.0}, "datetime": {"datetime": "2023-01-21 10:21:50", "elapsed": 17576.721237, "delta": 33.277723}}
{"target": -499437502.5, "params": {"blockSize": 2.0, "disp12MaxDiff": 34.12549503061744, "minDisparity": 1.0, "numDisparities": 1.0, "p1": 15.0, "p2": 15.0, "preFilterCap": 50.0, "speckleRange": 25.0, "speckleWindowSize": 1917.7521841216017, "uniquenessRatio": 30.0}, "datetime": {"datetime": "2023-01-21 10:22:29", "elapsed": 17616.22135, "delta": 39.500113}}
{"target": -503603459.5, "params": {"blockSize": 2.0, "disp12MaxDiff": 50.0, "minDisparity": 1.0, "numDisparities": 1.0, "p1": 15.0, "p2": 15.0, "preFilterCap": 50.0, "speckleRange": 25.0, "speckleWindowSize": 1569.4610437420188, "uniquenessRatio": 30.0}, "datetime": {"datetime": "2023-01-21 10:22:55", "elapsed": 17642.280997, "delta": 26.059647}}
{"target": -456838896.75, "params": {"blockSize": 2.0, "disp12MaxDiff": 50.0, "minDisparity": 1.0, "numDisparities": 1.0, "p1": 5.0, "p2": 60.0, "preFilterCap": 0.0, "speckleRange": 0.0, "speckleWindowSize": 773.6914724260531, "uniquenessRatio": 30.0}, "datetime": {"datetime": "2023-01-21 10:23:52", "elapsed": 17699.443183, "delta": 57.162186}}
{"target": -713999337.0, "params": {"blockSize": 2.000000000000001, "disp12MaxDiff": 50.0, "minDisparity": 4.0, "numDisparities": 1.0, "p1": 15.0, "p2": 60.0, "preFilterCap": 0.0, "speckleRange": 0.0, "speckleWindowSize": 0.0, "uniquenessRatio": 30.0}, "datetime": {"datetime": "2023-01-21 10:24:28", "elapsed": 17735.556321, "delta": 36.113138}}
