{"target": -456881010.5, "params": {"blockSize": 10.0, "disp12MaxDiff": 50.0, "minDisparity": 1.0, "numDisparities": 1.0, "p1": 5.0, "p2": 29.30761230142163, "preFilterCap": 0.0, "speckleRange": 0.0, "speckleWindowSize": 1847.0103348361556, "uniquenessRatio": 30.0}, "datetime": {"datetime": "2023-01-21 07:03:13", "elapsed": 5660.25482, "delta": 14.591564}}
{"target": -456165402.0, "params": {"blockSize": 10.0, "disp12MaxDiff": 0.0, "minDisparity": 4.0, "numDisparities": 1.0, "p1": 5.0, "p2": 26.286413170147494, "preFilterCap": 0.0, "speckleRange": 0.0, "speckleWindowSize": 672.2639587830635, "uniquenessRatio": 30.0}, "datetime": {"datetime": "2023-01-21 07:03:25", "elapsed": 5672.336511, "delta": 12.081691}}
{"target": -456916709.25, "params": {"blockSize": 10.0, "disp12MaxDiff": 0.0, "minDisparity": 1.0, "numDisparities": 1.0, "p1": 5.0, "p2": 43.52414541955661, "preFilterCap": 23.2335640803511, "speckleRange": 0.0, "speckleWindowSize": 1823.3447045965622, "uniquenessRatio": 30.0}, "datetime": {"datetime": "2023-01-21 07:03:39", "elapsed": 5685.726191, "delta": 13.38968}}
{"target": -511114294.0, "params": {"blockSize": 10.0, "disp12MaxDiff": 0.0, "minDisparity": 1.0, "numDisparities": 10.0, "p1": 15.0, "p2": 60.0, "preFilterCap": 50.0, "speckleRange": 0.0, "speckleWindowSize": 490.15768798478337, "uniquenessRatio": 30.0}, "datetime": {"datetime": "2023-01-21 07:03:52", "elapsed": 5699.442727, "delta": 13.716536}}
{"target": -456176163.75, "params": {"blockSize": 10.0, "disp12MaxDiff": 0.0, "minDisparity": 4.0, "numDisparities": 1.0, "p1": 5.0, "p2": 41.53027689209704, "preFilterCap": 0.0, "speckleRange": 0.0, "speckleWindowSize": 636.2245749759421, "uniquenessRatio": 30.0}, "datetime": {"datetime": "2023-01-21 07:04:04", "elapsed": 5711.091653, "delta": 11.648926}}
{"target": -457207495.0, "params": {"blockSize": 2.0, "disp12MaxDiff": 0.0, "minDisparity": 1.0, "numDisparities": 1.0, "p1": 5.0, "p2": 15.0, "preFilterCap": 50.0, "speckleRange": 0.0, "speckleWindowSize": 2222.911601550027, "uniquenessRatio": 0.0}, "datetime": {"datetime": "2023-01-21 07:04:18", "elapsed": 5724.846737, "delta": 13.755084}}
{"target": -457058731.75, "params": {"blockSize": 10.0, "disp12MaxDiff": 0.0, "minDisparity": 1.0, "numDisparities": 1.0, "p1": 15.0, "p2": 15.0, "preFilterCap": 50.0, "speckleRange": 0.0, "speckleWindowSize": 2003.6267779064242, "uniquenessRatio": 30.0}, "datetime": {"datetime": "2023-01-21 07:04:29", "elapsed": 5736.074787, "delta": 11.22805}}
{"target": -454415337.25, "params": {"blockSize": 10.0, "disp12MaxDiff": 50.0, "minDisparity": 1.0, "numDisparities": 1.0, "p1": 5.0, "p2": 15.0, "preFilterCap": 0.0, "speckleRange": 0.0, "speckleWindowSize": 293.89471030303366, "uniquenessRatio": 30.0}, "datetime": {"datetime": "2023-01-21 07:04:41", "elapsed": 5747.644851, "delta": 11.570064}}
{"target": -456868124.25, "params": {"blockSize": 10.0, "disp12MaxDiff": 0.0, "minDisparity": 4.0, "numDisparities": 1.0, "p1": 15.0, "p2": 15.0, "preFilterCap": 0.0, "speckleRange": 0.0, "speckleWindowSize": 1704.4717363076443, "uniquenessRatio": 30.0}, "datetime": {"datetime": "2023-01-21 07:04:52", "elapsed": 5758.971131, "delta": 11.32628}}
{"target": -572161004.5, "params": {"blockSize": 2.0, "disp12MaxDiff": 50.0, "minDisparity": 1.0, "numDisparities": 1.0, "p1": 5.0, "p2": 60.0, "preFilterCap": 37.12377084010771, "speckleRange": 25.0, "speckleWindowSize": 491.24754451047994, "uniquenessRatio": 30.0}, "datetime": {"datetime": "2023-01-21 07:05:06", "elapsed": 5773.196567, "delta": 14.225436}}
{"target": -455633961.0, "params": {"blockSize": 10.0, "disp12MaxDiff": 0.0, "minDisparity": 1.0, "numDisparities": 1.0, "p1": 5.0, "p2": 15.0, "preFilterCap": 50.0, "speckleRange": 0.0, "speckleWindowSize": 1579.3665442127508, "uniquenessRatio": 0.0}, "datetime": {"datetime": "2023-01-21 07:05:19", "elapsed": 5785.795456, "delta": 12.598889}}
{"target": -456012852.0, "params": {"blockSize": 10.0, "disp12MaxDiff": 0.0, "minDisparity": 4.0, "numDisparities": 1.0, "p1": 15.0, "p2": 15.0, "preFilterCap": 0.0, "speckleRange": 0.0, "speckleWindowSize": 591.1286335801967, "uniquenessRatio": 30.0}, "datetime": {"datetime": "2023-01-21 07:05:30", "elapsed": 5797.433676, "delta": 11.63822}}
{"target": -481944105.0, "params": {"blockSize": 10.0, "disp12MaxDiff": 0.0, "minDisparity": 1.0, "numDisparities": 10.0, "p1": 15.0, "p2": 60.0, "preFilterCap": 50.0, "speckleRange": 0.0, "speckleWindowSize": 1523.222397797382, "uniquenessRatio": 30.0}, "datetime": {"datetime": "2023-01-21 07:05:45", "elapsed": 5811.903272, "delta": 14.469596}}
{"target": -783773383.5, "params": {"blockSize": 9.24034527128466, "disp12MaxDiff": 11.670263966110534, "minDisparity": 1.9191366152980442, "numDisparities": 6.056373354162059, "p1": 7.6692893979209265, "p2": 19.596900887514103, "preFilterCap": 1.130777870128491, "speckleRange": 5.280932358492752, "speckleWindowSize": 304.8822880688129, "uniquenessRatio": 28.566187598100427}, "datetime": {"datetime": "2023-01-21 07:05:57", "elapsed": 5823.882469, "delta": 11.979197}}
{"target": -1000632205.0, "params": {"blockSize": 10.0, "disp12MaxDiff": 50.0, "minDisparity": 4.0, "numDisparities": 1.0, "p1": 5.0, "p2": 60.0, "preFilterCap": 0.0, "speckleRange": 25.0, "speckleWindowSize": 132.42452279206069, "uniquenessRatio": 0.0}, "datetime": {"datetime": "2023-01-21 07:06:09", "elapsed": 5835.932344, "delta": 12.049875}}
{"target": -444287209.5, "params": {"blockSize": 10.0, "disp12MaxDiff": 0.0, "minDisparity": 1.0, "numDisparities": 1.0, "p1": 15.0, "p2": 15.0, "preFilterCap": 50.0, "speckleRange": 25.0, "speckleWindowSize": 1904.034744227416, "uniquenessRatio": 30.0}, "datetime": {"datetime": "2023-01-21 07:06:21", "elapsed": 5847.661709, "delta": 11.729365}}
{"target": -448314512.75, "params": {"blockSize": 10.0, "disp12MaxDiff": 30.08923210999467, "minDisparity": 4.0, "numDisparities": 1.0, "p1": 15.0, "p2": 22.375389026431723, "preFilterCap": 50.0, "speckleRange": 25.0, "speckleWindowSize": 1757.2240795006055, "uniquenessRatio": 30.0}, "datetime": {"datetime": "2023-01-21 07:06:33", "elapsed": 5860.468065, "delta": 12.806356}}
{"target": -448424972.75, "params": {"blockSize": 10.0, "disp12MaxDiff": 50.0, "minDisparity": 4.0, "numDisparities": 1.0, "p1": 15.0, "p2": 15.0, "preFilterCap": 50.0, "speckleRange": 25.0, "speckleWindowSize": 1530.3832016294314, "uniquenessRatio": 30.0}, "datetime": {"datetime": "2023-01-21 07:06:45", "elapsed": 5872.44146, "delta": 11.973395}}
{"target": -457058283.75, "params": {"blockSize": 2.0, "disp12MaxDiff": 0.0, "minDisparity": 1.0, "numDisparities": 1.0, "p1": 15.0, "p2": 15.0, "preFilterCap": 0.0, "speckleRange": 0.0, "speckleWindowSize": 843.9657333021112, "uniquenessRatio": 30.0}, "datetime": {"datetime": "2023-01-21 07:07:01", "elapsed": 5888.009709, "delta": 15.568249}}
{"target": -807536855.5, "params": {"blockSize": 10.0, "disp12MaxDiff": 50.0, "minDisparity": 4.0, "numDisparities": 10.0, "p1": 15.0, "p2": 60.0, "preFilterCap": 0.0, "speckleRange": 25.0, "speckleWindowSize": 2500.0, "uniquenessRatio": 30.0}, "datetime": {"datetime": "2023-01-21 07:07:12", "elapsed": 5899.556973, "delta": 11.547264}}
{"target": -455710014.25, "params": {"blockSize": 2.0, "disp12MaxDiff": 50.0, "minDisparity": 1.0, "numDisparities": 1.0, "p1": 15.0, "p2": 60.0, "preFilterCap": 0.0, "speckleRange": 0.0, "speckleWindowSize": 460.1163049107245, "uniquenessRatio": 0.0}, "datetime": {"datetime": "2023-01-21 07:07:25", "elapsed": 5912.018107, "delta": 12.461134}}
{"target": -568758400.5, "params": {"blockSize": 10.0, "disp12MaxDiff": 50.0, "minDisparity": 4.0, "numDisparities": 10.0, "p1": 15.0, "p2": 60.0, "preFilterCap": 0.0, "speckleRange": 0.0, "speckleWindowSize": 133.42402170507884, "uniquenessRatio": 30.0}, "datetime": {"datetime": "2023-01-21 07:07:40", "elapsed": 5926.620762, "delta": 14.602655}}
{"target": -495000546.75, "params": {"blockSize": 2.0, "disp12MaxDiff": 0.0, "minDisparity": 1.0, "numDisparities": 10.0, "p1": 15.0, "p2": 60.0, "preFilterCap": 50.0, "speckleRange": 0.0, "speckleWindowSize": 303.17261559393216, "uniquenessRatio": 30.0}, "datetime": {"datetime": "2023-01-21 07:07:53", "elapsed": 5939.676551, "delta": 13.055789}}
{"target": -531968448.0, "params": {"blockSize": 2.0, "disp12MaxDiff": 37.746061987578656, "minDisparity": 1.0, "numDisparities": 1.0, "p1": 5.0, "p2": 60.0, "preFilterCap": 50.0, "speckleRange": 25.0, "speckleWindowSize": 1881.2370427973572, "uniquenessRatio": 30.0}, "datetime": {"datetime": "2023-01-21 07:08:07", "elapsed": 5953.628769, "delta": 13.952218}}
{"target": -452563280.0, "params": {"blockSize": 10.0, "disp12MaxDiff": 0.0, "minDisparity": 1.0, "numDisparities": 1.0, "p1": 5.0, "p2": 60.0, "preFilterCap": 0.0, "speckleRange": 0.0, "speckleWindowSize": 78.93681000478973, "uniquenessRatio": 30.0}, "datetime": {"datetime": "2023-01-21 07:08:18", "elapsed": 5965.378628, "delta": 11.749859}}
{"target": -446677700.0, "params": {"blockSize": 10.0, "disp12MaxDiff": 0.0, "minDisparity": 4.0, "numDisparities": 1.0, "p1": 15.0, "p2": 15.0, "preFilterCap": 23.325062739190717, "speckleRange": 25.0, "speckleWindowSize": 1927.8541555835236, "uniquenessRatio": 30.0}, "datetime": {"datetime": "2023-01-21 07:08:32", "elapsed": 5979.598718, "delta": 14.22009}}
{"target": -457780570.75, "params": {"blockSize": 2.0, "disp12MaxDiff": 0.0, "minDisparity": 4.0, "numDisparities": 1.0, "p1": 5.0, "p2": 60.0, "preFilterCap": 50.0, "speckleRange": 0.0, "speckleWindowSize": 1321.8088693001375, "uniquenessRatio": 30.0}, "datetime": {"datetime": "2023-01-21 07:08:45", "elapsed": 5992.189083, "delta": 12.590365}}
{"target": -456480671.0, "params": {"blockSize": 10.0, "disp12MaxDiff": 26.574819335603813, "minDisparity": 4.0, "numDisparities": 1.0, "p1": 5.0, "p2": 55.55494088806703, "preFilterCap": 50.0, "speckleRange": 25.0, "speckleWindowSize": 348.2527552034447, "uniquenessRatio": 30.0}, "datetime": {"datetime": "2023-01-21 07:08:58", "elapsed": 6005.101086, "delta": 12.912003}}
{"target": -457827616.5, "params": {"blockSize": 2.0, "disp12MaxDiff": 0.0, "minDisparity": 1.0, "numDisparities": 1.0, "p1": 5.0, "p2": 15.0, "preFilterCap": 21.549102463334254, "speckleRange": 0.0, "speckleWindowSize": 1913.8151994283246, "uniquenessRatio": 30.0}, "datetime": {"datetime": "2023-01-21 07:09:12", "elapsed": 6018.828705, "delta": 13.727619}}
{"target": -456821314.5, "params": {"blockSize": 10.0, "disp12MaxDiff": 23.30398541952131, "minDisparity": 4.0, "numDisparities": 1.0, "p1": 15.0, "p2": 15.0, "preFilterCap": 50.0, "speckleRange": 0.0, "speckleWindowSize": 2414.486125448967, "uniquenessRatio": 0.0}, "datetime": {"datetime": "2023-01-21 07:09:25", "elapsed": 6032.535123, "delta": 13.706418}}
{"target": -456977970.5, "params": {"blockSize": 10.0, "disp12MaxDiff": 50.0, "minDisparity": 1.0, "numDisparities": 1.0, "p1": 15.0, "p2": 15.0, "preFilterCap": 0.0, "speckleRange": 0.0, "speckleWindowSize": 2412.948755108179, "uniquenessRatio": 30.0}, "datetime": {"datetime": "2023-01-21 07:09:37", "elapsed": 6044.296685, "delta": 11.761562}}
{"target": -4872674260.0, "params": {"blockSize": 7.0865299648423195, "disp12MaxDiff": 45.88852065668979, "minDisparity": 1.1746381698003674, "numDisparities": 9.309502882418917, "p1": 12.8414283648222, "p2": 58.62118830948214, "preFilterCap": 48.92888850524884, "speckleRange": 5.756568021503683, "speckleWindowSize": 2400.3544705125123, "uniquenessRatio": 2.2288877261859685}, "datetime": {"datetime": "2023-01-21 07:09:52", "elapsed": 6059.391183, "delta": 15.094498}}
{"target": -457113202.5, "params": {"blockSize": 10.0, "disp12MaxDiff": 0.0, "minDisparity": 4.0, "numDisparities": 1.0, "p1": 15.0, "p2": 60.0, "preFilterCap": 50.0, "speckleRange": 0.0, "speckleWindowSize": 1962.940094770209, "uniquenessRatio": 0.0}, "datetime": {"datetime": "2023-01-21 07:10:06", "elapsed": 6072.997876, "delta": 13.606693}}
{"target": -457112345.0, "params": {"blockSize": 2.0, "disp12MaxDiff": 0.0, "minDisparity": 1.0, "numDisparities": 1.0, "p1": 15.0, "p2": 15.0, "preFilterCap": 0.0, "speckleRange": 0.0, "speckleWindowSize": 892.3780457408109, "uniquenessRatio": 30.0}, "datetime": {"datetime": "2023-01-21 07:10:19", "elapsed": 6086.144748, "delta": 13.146872}}
{"target": -456289821.0, "params": {"blockSize": 2.0, "disp12MaxDiff": 0.0, "minDisparity": 1.0, "numDisparities": 1.0, "p1": 5.0, "p2": 35.73485512776044, "preFilterCap": 0.0, "speckleRange": 0.0, "speckleWindowSize": 878.3800059398707, "uniquenessRatio": 0.0}, "datetime": {"datetime": "2023-01-21 07:10:36", "elapsed": 6103.348936, "delta": 17.204188}}
{"target": -456883239.0, "params": {"blockSize": 10.0, "disp12MaxDiff": 32.37640775016805, "minDisparity": 1.0, "numDisparities": 1.0, "p1": 15.0, "p2": 15.0, "preFilterCap": 15.494296695240196, "speckleRange": 0.0, "speckleWindowSize": 2194.150712690264, "uniquenessRatio": 30.0}, "datetime": {"datetime": "2023-01-21 07:10:48", "elapsed": 6115.40536, "delta": 12.056424}}
{"target": -456343518.25, "params": {"blockSize": 10.0, "disp12MaxDiff": 17.60266746975301, "minDisparity": 4.0, "numDisparities": 1.0, "p1": 5.0, "p2": 60.0, "preFilterCap": 34.49846964653735, "speckleRange": 0.0, "speckleWindowSize": 683.9855944290837, "uniquenessRatio": 30.0}, "datetime": {"datetime": "2023-01-21 07:11:02", "elapsed": 6129.170819, "delta": 13.765459}}
{"target": -881065366.0, "params": {"blockSize": 10.0, "disp12MaxDiff": 50.0, "minDisparity": 1.0, "numDisparities": 1.0, "p1": 15.0, "p2": 60.0, "preFilterCap": 50.0, "speckleRange": 25.0, "speckleWindowSize": 1857.4039572088245, "uniquenessRatio": 0.0}, "datetime": {"datetime": "2023-01-21 07:11:14", "elapsed": 6141.386092, "delta": 12.215273}}
{"target": -500387173.75, "params": {"blockSize": 2.0, "disp12MaxDiff": 29.693071537382068, "minDisparity": 1.0, "numDisparities": 1.0, "p1": 15.0, "p2": 15.0, "preFilterCap": 50.0, "speckleRange": 25.0, "speckleWindowSize": 1844.6878991441101, "uniquenessRatio": 30.0}, "datetime": {"datetime": "2023-01-21 07:11:27", "elapsed": 6154.276661, "delta": 12.890569}}
{"target": -455483267.0, "params": {"blockSize": 10.0, "disp12MaxDiff": 0.0, "minDisparity": 1.0, "numDisparities": 1.0, "p1": 5.0, "p2": 41.24235464474357, "preFilterCap": 50.0, "speckleRange": 0.0, "speckleWindowSize": 1119.0180571045607, "uniquenessRatio": 0.0}, "datetime": {"datetime": "2023-01-21 07:11:43", "elapsed": 6170.56009, "delta": 16.283429}}
{"target": -448282306.0, "params": {"blockSize": 10.0, "disp12MaxDiff": 50.0, "minDisparity": 4.0, "numDisparities": 1.0, "p1": 5.0, "p2": 60.0, "preFilterCap": 50.0, "speckleRange": 25.0, "speckleWindowSize": 2206.144758409979, "uniquenessRatio": 30.0}, "datetime": {"datetime": "2023-01-21 07:11:57", "elapsed": 6184.367636, "delta": 13.807546}}
{"target": -456382968.0, "params": {"blockSize": 2.0, "disp12MaxDiff": 50.0, "minDisparity": 1.0, "numDisparities": 1.0, "p1": 5.0, "p2": 15.0, "preFilterCap": 0.0, "speckleRange": 0.0, "speckleWindowSize": 1931.5726072809161, "uniquenessRatio": 0.0}, "datetime": {"datetime": "2023-01-21 07:12:12", "elapsed": 6198.865016, "delta": 14.49738}}
{"target": -455823484.0, "params": {"blockSize": 10.0, "disp12MaxDiff": 50.0, "minDisparity": 4.0, "numDisparities": 1.0, "p1": 15.0, "p2": 15.0, "preFilterCap": 0.0, "speckleRange": 0.0, "speckleWindowSize": 494.5974797461448, "uniquenessRatio": 30.0}, "datetime": {"datetime": "2023-01-21 07:12:26", "elapsed": 6212.841408, "delta": 13.976392}}
{"target": -457045239.5, "params": {"blockSize": 10.0, "disp12MaxDiff": 0.0, "minDisparity": 4.0, "numDisparities": 1.0, "p1": 15.0, "p2": 15.0, "preFilterCap": 0.0, "speckleRange": 0.0, "speckleWindowSize": 1996.6936605987444, "uniquenessRatio": 30.0}, "datetime": {"datetime": "2023-01-21 07:12:41", "elapsed": 6228.571303, "delta": 15.729895}}
{"target": -456708006.0, "params": {"blockSize": 10.0, "disp12MaxDiff": 22.58363768866256, "minDisparity": 4.0, "numDisparities": 1.0, "p1": 5.0, "p2": 15.0, "preFilterCap": 37.50996367701006, "speckleRange": 0.0, "speckleWindowSize": 1519.8522826176873, "uniquenessRatio": 30.0}, "datetime": {"datetime": "2023-01-21 07:12:57", "elapsed": 6243.718857, "delta": 15.147554}}
{"target": -456489220.25, "params": {"blockSize": 10.0, "disp12MaxDiff": 23.842073496916328, "minDisparity": 1.0, "numDisparities": 1.0, "p1": 15.0, "p2": 38.09446128451761, "preFilterCap": 50.0, "speckleRange": 0.0, "speckleWindowSize": 1116.916170521484, "uniquenessRatio": 30.0}, "datetime": {"datetime": "2023-01-21 07:13:09", "elapsed": 6255.79749, "delta": 12.078633}}
{"target": -442736300.25, "params": {"blockSize": 10.0, "disp12MaxDiff": 11.051469946486813, "minDisparity": 1.0, "numDisparities": 1.0, "p1": 15.0, "p2": 60.0, "preFilterCap": 0.0, "speckleRange": 25.0, "speckleWindowSize": 2151.3111074005974, "uniquenessRatio": 30.0}, "datetime": {"datetime": "2023-01-21 07:13:21", "elapsed": 6268.171706, "delta": 12.374216}}
{"target": -456290739.75, "params": {"blockSize": 2.0, "disp12MaxDiff": 12.832914703255987, "minDisparity": 1.0, "numDisparities": 1.0, "p1": 15.0, "p2": 60.0, "preFilterCap": 50.0, "speckleRange": 0.0, "speckleWindowSize": 376.3484973863838, "uniquenessRatio": 30.0}, "datetime": {"datetime": "2023-01-21 07:13:35", "elapsed": 6281.652963, "delta": 13.481257}}
{"target": -455558921.0, "params": {"blockSize": 10.0, "disp12MaxDiff": 0.0, "minDisparity": 1.0, "numDisparities": 1.0, "p1": 15.0, "p2": 48.51461013751926, "preFilterCap": 0.0, "speckleRange": 0.0, "speckleWindowSize": 2425.7080131584794, "uniquenessRatio": 0.0}, "datetime": {"datetime": "2023-01-21 07:13:49", "elapsed": 6295.960213, "delta": 14.30725}}
{"target": -440314385.5, "params": {"blockSize": 10.0, "disp12MaxDiff": 0.0, "minDisparity": 1.0, "numDisparities": 1.0, "p1": 5.0, "p2": 60.0, "preFilterCap": 0.0, "speckleRange": 25.0, "speckleWindowSize": 1229.594939109083, "uniquenessRatio": 30.0}, "datetime": {"datetime": "2023-01-21 07:14:03", "elapsed": 6310.064907, "delta": 14.104694}}
{"target": -853274858.0, "params": {"blockSize": 10.0, "disp12MaxDiff": 0.0, "minDisparity": 1.0, "numDisparities": 1.0, "p1": 15.0, "p2": 15.0, "preFilterCap": 0.0, "speckleRange": 25.0, "speckleWindowSize": 2196.8326914535915, "uniquenessRatio": 0.0}, "datetime": {"datetime": "2023-01-21 07:14:17", "elapsed": 6323.972031, "delta": 13.907124}}
{"target": -447359342.0, "params": {"blockSize": 10.0, "disp12MaxDiff": 0.0, "minDisparity": 4.0, "numDisparities": 1.0, "p1": 15.0, "p2": 60.0, "preFilterCap": 0.0, "speckleRange": 25.0, "speckleWindowSize": 2500.0, "uniquenessRatio": 30.0}, "datetime": {"datetime": "2023-01-21 07:14:30", "elapsed": 6337.595126, "delta": 13.623095}}
{"target": -457117528.0, "params": {"blockSize": 2.0, "disp12MaxDiff": 0.0, "minDisparity": 4.0, "numDisparities": 1.0, "p1": 15.0, "p2": 60.0, "preFilterCap": 50.0, "speckleRange": 0.0, "speckleWindowSize": 589.4538145024848, "uniquenessRatio": 30.0}, "datetime": {"datetime": "2023-01-21 07:14:43", "elapsed": 6350.553825, "delta": 12.958699}}
{"target": -489624479.0, "params": {"blockSize": 7.613577006976605, "disp12MaxDiff": 48.48862265754127, "minDisparity": 1.8112305227065255, "numDisparities": 5.718390451626932, "p1": 13.547028898860642, "p2": 56.81586459140063, "preFilterCap": 4.282700691086127, "speckleRange": 0.12282573707241284, "speckleWindowSize": 306.65375048506667, "uniquenessRatio": 28.05125678504109}, "datetime": {"datetime": "2023-01-21 07:14:58", "elapsed": 6365.252818, "delta": 14.698993}}
{"target": -453444586.25, "params": {"blockSize": 10.0, "disp12MaxDiff": 50.0, "minDisparity": 1.0, "numDisparities": 1.0, "p1": 5.0, "p2": 15.0, "preFilterCap": 0.0, "speckleRange": 0.0, "speckleWindowSize": 135.15358319590723, "uniquenessRatio": 30.0}, "datetime": {"datetime": "2023-01-21 07:15:12", "elapsed": 6378.971947, "delta": 13.719129}}
{"target": -455672736.75, "params": {"blockSize": 10.0, "disp12MaxDiff": 0.0, "minDisparity": 1.0, "numDisparities": 1.0, "p1": 15.0, "p2": 15.0, "preFilterCap": 50.0, "speckleRange": 0.0, "speckleWindowSize": 582.38292371326, "uniquenessRatio": 30.0}, "datetime": {"datetime": "2023-01-21 07:15:30", "elapsed": 6396.900971, "delta": 17.929024}}
{"target": -457269129.0, "params": {"blockSize": 10.0, "disp12MaxDiff": 50.0, "minDisparity": 1.0, "numDisparities": 1.0, "p1": 5.0, "p2": 60.0, "preFilterCap": 50.0, "speckleRange": 0.0, "speckleWindowSize": 2228.353634018508, "uniquenessRatio": 30.0}, "datetime": {"datetime": "2023-01-21 07:15:43", "elapsed": 6410.549104, "delta": 13.648133}}
{"target": -457398089.0, "params": {"blockSize": 2.0, "disp12MaxDiff": 0.0, "minDisparity": 4.0, "numDisparities": 1.0, "p1": 5.0, "p2": 40.091297597009635, "preFilterCap": 23.509824112616414, "speckleRange": 0.0, "speckleWindowSize": 603.9485566043089, "uniquenessRatio": 30.0}, "datetime": {"datetime": "2023-01-21 07:15:58", "elapsed": 6425.225278, "delta": 14.676174}}
{"target": -456117018.75, "params": {"blockSize": 2.0, "disp12MaxDiff": 0.0, "minDisparity": 1.0, "numDisparities": 1.0, "p1": 15.0, "p2": 15.0, "preFilterCap": 0.0, "speckleRange": 0.0, "speckleWindowSize": 908.6300892764235, "uniquenessRatio": 0.0}, "datetime": {"datetime": "2023-01-21 07:16:16", "elapsed": 6442.636262, "delta": 17.410984}}
{"target": -584298793.5, "params": {"blockSize": 2.0, "disp12MaxDiff": 50.0, "minDisparity": 1.0, "numDisparities": 1.0, "p1": 5.0, "p2": 60.0, "preFilterCap": 0.0, "speckleRange": 25.0, "speckleWindowSize": 469.23728189863584, "uniquenessRatio": 30.0}, "datetime": {"datetime": "2023-01-21 07:16:31", "elapsed": 6457.717615, "delta": 15.081353}}
{"target": -901211618.0, "params": {"blockSize": 10.0, "disp12MaxDiff": 0.0, "minDisparity": 4.0, "numDisparities": 1.0, "p1": 5.0, "p2": 15.0, "preFilterCap": 0.0, "speckleRange": 25.0, "speckleWindowSize": 1984.387939716933, "uniquenessRatio": 0.0}, "datetime": {"datetime": "2023-01-21 07:16:50", "elapsed": 6476.884753, "delta": 19.167138}}
