{"target": -458385776.5, "params": {"blockSize": 9.115726433781301, "disp12MaxDiff": 5.4377040294477315, "minDisparity": 3.1649064958525437, "numDisparities": 2.9220269529322946, "p1": 14.097110096174038, "p2": 15.651190574027307, "preFilterCap": 40.346726032353025, "speckleRange": 0.3929579798230304, "speckleWindowSize": 2400.9534251713903, "uniquenessRatio": 29.76108896116025}, "datetime": {"datetime": "2023-01-21 07:32:16", "elapsed": 7403.399444, "delta": 21.134732}}
{"target": -459810512.25, "params": {"blockSize": 10.0, "disp12MaxDiff": 50.0, "minDisparity": 4.0, "numDisparities": 1.0, "p1": 5.0, "p2": 15.0, "preFilterCap": 50.0, "speckleRange": 0.0, "speckleWindowSize": 275.88581411840704, "uniquenessRatio": 0.0}, "datetime": {"datetime": "2023-01-21 07:32:32", "elapsed": 7419.427247, "delta": 16.027803}}
{"target": -454947279.75, "params": {"blockSize": 10.0, "disp12MaxDiff": 33.142246366596794, "minDisparity": 1.0, "numDisparities": 1.0, "p1": 5.0, "p2": 15.0, "preFilterCap": 0.0, "speckleRange": 0.0, "speckleWindowSize": 2421.8602755526395, "uniquenessRatio": 0.0}, "datetime": {"datetime": "2023-01-21 07:32:49", "elapsed": 7436.144406, "delta": 16.717159}}
{"target": -487036857.5, "params": {"blockSize": 10.0, "disp12MaxDiff": 0.0, "minDisparity": 4.0, "numDisparities": 10.0, "p1": 5.0, "p2": 47.027423415579264, "preFilterCap": 28.056637046126447, "speckleRange": 0.0, "speckleWindowSize": 1670.324021764433, "uniquenessRatio": 30.0}, "datetime": {"datetime": "2023-01-21 07:33:05", "elapsed": 7452.283723, "delta": 16.139317}}
{"target": -452973825.0, "params": {"blockSize": 10.0, "disp12MaxDiff": 50.0, "minDisparity": 4.0, "numDisparities": 1.0, "p1": 15.0, "p2": 60.0, "preFilterCap": 50.0, "speckleRange": 25.0, "speckleWindowSize": 632.7010090249187, "uniquenessRatio": 30.0}, "datetime": {"datetime": "2023-01-21 07:33:24", "elapsed": 7470.798148, "delta": 18.514425}}
{"target": -489785420.75, "params": {"blockSize": 2.0, "disp12MaxDiff": 0.0, "minDisparity": 4.0, "numDisparities": 1.0, "p1": 15.0, "p2": 43.32469694045618, "preFilterCap": 0.0, "speckleRange": 25.0, "speckleWindowSize": 1776.2967123038702, "uniquenessRatio": 30.0}, "datetime": {"datetime": "2023-01-21 07:33:40", "elapsed": 7487.390012, "delta": 16.591864}}
{"target": -456983527.5, "params": {"blockSize": 10.0, "disp12MaxDiff": 50.0, "minDisparity": 1.0, "numDisparities": 1.0, "p1": 15.0, "p2": 15.0, "preFilterCap": 0.0, "speckleRange": 0.0, "speckleWindowSize": 2500.0, "uniquenessRatio": 30.0}, "datetime": {"datetime": "2023-01-21 07:33:57", "elapsed": 7504.416422, "delta": 17.02641}}
{"target": -447618160.0, "params": {"blockSize": 10.0, "disp12MaxDiff": 28.79723564339325, "minDisparity": 4.0, "numDisparities": 1.0, "p1": 15.0, "p2": 15.0, "preFilterCap": 0.0, "speckleRange": 25.0, "speckleWindowSize": 2421.4132427842887, "uniquenessRatio": 30.0}, "datetime": {"datetime": "2023-01-21 07:34:11", "elapsed": 7518.294313, "delta": 13.877891}}
{"target": -456144077.25, "params": {"blockSize": 2.0, "disp12MaxDiff": 50.0, "minDisparity": 1.0, "numDisparities": 1.0, "p1": 15.0, "p2": 60.0, "preFilterCap": 0.0, "speckleRange": 0.0, "speckleWindowSize": 2500.0, "uniquenessRatio": 0.0}, "datetime": {"datetime": "2023-01-21 07:34:28", "elapsed": 7535.378394, "delta": 17.084081}}
{"target": -466132076.25, "params": {"blockSize": 2.0, "disp12MaxDiff": 50.0, "minDisparity": 1.0, "numDisparities": 10.0, "p1": 5.0, "p2": 60.0, "preFilterCap": 0.0, "speckleRange": 0.0, "speckleWindowSize": 2500.0, "uniquenessRatio": 30.0}, "datetime": {"datetime": "2023-01-21 07:34:46", "elapsed": 7552.850802, "delta": 17.472408}}
{"target": -453401998.0, "params": {"blockSize": 10.0, "disp12MaxDiff": 50.0, "minDisparity": 1.0, "numDisparities": 1.0, "p1": 5.0, "p2": 60.0, "preFilterCap": 50.0, "speckleRange": 0.0, "speckleWindowSize": 97.65353439439818, "uniquenessRatio": 30.0}, "datetime": {"datetime": "2023-01-21 07:34:59", "elapsed": 7566.610227, "delta": 13.759425}}
{"target": -456568575.0, "params": {"blockSize": 2.0, "disp12MaxDiff": 50.0, "minDisparity": 4.0, "numDisparities": 1.0, "p1": 5.0, "p2": 15.0, "preFilterCap": 50.0, "speckleRange": 0.0, "speckleWindowSize": 1172.1190084246805, "uniquenessRatio": 0.0}, "datetime": {"datetime": "2023-01-21 07:35:14", "elapsed": 7581.474544, "delta": 14.864317}}
{"target": -456800436.0, "params": {"blockSize": 10.0, "disp12MaxDiff": 35.398119251701964, "minDisparity": 4.0, "numDisparities": 1.0, "p1": 15.0, "p2": 44.595567222303075, "preFilterCap": 0.0, "speckleRange": 0.0, "speckleWindowSize": 1714.6300321195497, "uniquenessRatio": 30.0}, "datetime": {"datetime": "2023-01-21 07:35:29", "elapsed": 7595.761806, "delta": 14.287262}}
{"target": -1105864901.0, "params": {"blockSize": 2.0, "disp12MaxDiff": 0.0, "minDisparity": 4.0, "numDisparities": 1.0, "p1": 15.0, "p2": 60.0, "preFilterCap": 50.0, "speckleRange": 25.0, "speckleWindowSize": 668.2124784713067, "uniquenessRatio": 0.0}, "datetime": {"datetime": "2023-01-21 07:35:46", "elapsed": 7613.28412, "delta": 17.522314}}
{"target": -456964608.0, "params": {"blockSize": 10.0, "disp12MaxDiff": 0.0, "minDisparity": 4.0, "numDisparities": 1.0, "p1": 5.0, "p2": 60.0, "preFilterCap": 50.0, "speckleRange": 0.0, "speckleWindowSize": 1436.1352633631943, "uniquenessRatio": 30.0}, "datetime": {"datetime": "2023-01-21 07:36:07", "elapsed": 7633.725133, "delta": 20.441013}}
{"target": -457218195.75, "params": {"blockSize": 2.0, "disp12MaxDiff": 0.0, "minDisparity": 4.0, "numDisparities": 1.0, "p1": 5.0, "p2": 60.0, "preFilterCap": 0.0, "speckleRange": 0.0, "speckleWindowSize": 2179.6223123021396, "uniquenessRatio": 0.0}, "datetime": {"datetime": "2023-01-21 07:36:22", "elapsed": 7649.022137, "delta": 15.297004}}
{"target": -454630859.25, "params": {"blockSize": 10.0, "disp12MaxDiff": 50.0, "minDisparity": 1.0, "numDisparities": 1.0, "p1": 15.0, "p2": 60.0, "preFilterCap": 0.0, "speckleRange": 0.0, "speckleWindowSize": 381.88719632107393, "uniquenessRatio": 30.0}, "datetime": {"datetime": "2023-01-21 07:36:38", "elapsed": 7664.633847, "delta": 15.61171}}
{"target": -520809685.25, "params": {"blockSize": 2.0, "disp12MaxDiff": 50.0, "minDisparity": 1.0, "numDisparities": 1.0, "p1": 15.0, "p2": 47.836826057518415, "preFilterCap": 21.693265825143566, "speckleRange": 25.0, "speckleWindowSize": 1856.3837788379205, "uniquenessRatio": 30.0}, "datetime": {"datetime": "2023-01-21 07:36:57", "elapsed": 7684.078734, "delta": 19.444887}}
{"target": -457338221.25, "params": {"blockSize": 2.0, "disp12MaxDiff": 0.0, "minDisparity": 4.0, "numDisparities": 1.0, "p1": 5.0, "p2": 60.0, "preFilterCap": 0.0, "speckleRange": 0.0, "speckleWindowSize": 2500.0, "uniquenessRatio": 0.0}, "datetime": {"datetime": "2023-01-21 07:37:12", "elapsed": 7699.052787, "delta": 14.974053}}
{"target": -457788133.0, "params": {"blockSize": 2.0, "disp12MaxDiff": 27.31308011502227, "minDisparity": 4.0, "numDisparities": 1.0, "p1": 15.0, "p2": 15.0, "preFilterCap": 18.23410475697286, "speckleRange": 0.0, "speckleWindowSize": 2410.577078162548, "uniquenessRatio": 30.0}, "datetime": {"datetime": "2023-01-21 07:37:27", "elapsed": 7713.744335, "delta": 14.691548}}
{"target": -933530181.0, "params": {"blockSize": 10.0, "disp12MaxDiff": 0.0, "minDisparity": 4.0, "numDisparities": 10.0, "p1": 15.0, "p2": 60.0, "preFilterCap": 50.0, "speckleRange": 25.0, "speckleWindowSize": 1340.4473195543094, "uniquenessRatio": 30.0}, "datetime": {"datetime": "2023-01-21 07:37:41", "elapsed": 7727.874621, "delta": 14.130286}}
{"target": -447960004.25, "params": {"blockSize": 10.0, "disp12MaxDiff": 50.0, "minDisparity": 4.0, "numDisparities": 1.0, "p1": 5.0, "p2": 15.0, "preFilterCap": 50.0, "speckleRange": 25.0, "speckleWindowSize": 2385.967243275181, "uniquenessRatio": 30.0}, "datetime": {"datetime": "2023-01-21 07:37:58", "elapsed": 7745.169467, "delta": 17.294846}}
{"target": -443606117.5, "params": {"blockSize": 10.0, "disp12MaxDiff": 0.0, "minDisparity": 1.0, "numDisparities": 1.0, "p1": 5.0, "p2": 15.0, "preFilterCap": 50.0, "speckleRange": 25.0, "speckleWindowSize": 1610.2853126385505, "uniquenessRatio": 30.0}, "datetime": {"datetime": "2023-01-21 07:38:12", "elapsed": 7758.956785, "delta": 13.787318}}
{"target": -733825188.75, "params": {"blockSize": 10.0, "disp12MaxDiff": 50.0, "minDisparity": 1.0, "numDisparities": 10.0, "p1": 5.0, "p2": 15.0, "preFilterCap": 50.0, "speckleRange": 25.0, "speckleWindowSize": 2261.7678716761193, "uniquenessRatio": 30.0}, "datetime": {"datetime": "2023-01-21 07:38:26", "elapsed": 7772.908395, "delta": 13.95161}}
{"target": -439632727.0, "params": {"blockSize": 7.064608808959593, "disp12MaxDiff": 35.99912689666006, "minDisparity": 1.8969647628928636, "numDisparities": 1.5897794428468852, "p1": 7.1559542385676185, "p2": 15.828814199427024, "preFilterCap": 46.6606592525611, "speckleRange": 1.7114539235100923, "speckleWindowSize": 1019.7310172141066, "uniquenessRatio": 29.437253163787172}, "datetime": {"datetime": "2023-01-21 07:38:43", "elapsed": 7790.084527, "delta": 17.176132}}
{"target": -497457592.75, "params": {"blockSize": 2.0, "disp12MaxDiff": 50.0, "minDisparity": 4.0, "numDisparities": 10.0, "p1": 15.0, "p2": 15.0, "preFilterCap": 50.0, "speckleRange": 0.0, "speckleWindowSize": 260.26671384735516, "uniquenessRatio": 30.0}, "datetime": {"datetime": "2023-01-21 07:38:58", "elapsed": 7804.648442, "delta": 14.563915}}
{"target": -456830519.5, "params": {"blockSize": 10.0, "disp12MaxDiff": 50.0, "minDisparity": 1.0, "numDisparities": 1.0, "p1": 15.0, "p2": 60.0, "preFilterCap": 50.0, "speckleRange": 0.0, "speckleWindowSize": 104.83658739518063, "uniquenessRatio": 0.0}, "datetime": {"datetime": "2023-01-21 07:39:12", "elapsed": 7819.335057, "delta": 14.686615}}
{"target": -456579446.25, "params": {"blockSize": 10.0, "disp12MaxDiff": 50.0, "minDisparity": 1.0, "numDisparities": 1.0, "p1": 5.0, "p2": 15.0, "preFilterCap": 20.354538775486613, "speckleRange": 0.0, "speckleWindowSize": 1486.0484106231193, "uniquenessRatio": 30.0}, "datetime": {"datetime": "2023-01-21 07:39:26", "elapsed": 7833.570651, "delta": 14.235594}}
{"target": -455857058.25, "params": {"blockSize": 10.0, "disp12MaxDiff": 50.0, "minDisparity": 4.0, "numDisparities": 1.0, "p1": 15.0, "p2": 15.0, "preFilterCap": 50.0, "speckleRange": 0.0, "speckleWindowSize": 340.26631773332724, "uniquenessRatio": 30.0}, "datetime": {"datetime": "2023-01-21 07:39:40", "elapsed": 7847.610796, "delta": 14.040145}}
{"target": -517201867.0, "params": {"blockSize": 2.0, "disp12MaxDiff": 50.0, "minDisparity": 1.0, "numDisparities": 1.0, "p1": 5.0, "p2": 15.0, "preFilterCap": 50.0, "speckleRange": 25.0, "speckleWindowSize": 1998.0669100183413, "uniquenessRatio": 30.0}, "datetime": {"datetime": "2023-01-21 07:39:59", "elapsed": 7865.699643, "delta": 18.088847}}
{"target": -457978790.0, "params": {"blockSize": 2.0, "disp12MaxDiff": 50.0, "minDisparity": 4.0, "numDisparities": 1.0, "p1": 5.0, "p2": 60.0, "preFilterCap": 50.0, "speckleRange": 0.0, "speckleWindowSize": 2298.6891761563206, "uniquenessRatio": 30.0}, "datetime": {"datetime": "2023-01-21 07:40:15", "elapsed": 7882.613661, "delta": 16.914018}}
{"target": -446984293.5, "params": {"blockSize": 10.0, "disp12MaxDiff": 50.0, "minDisparity": 4.0, "numDisparities": 1.0, "p1": 15.0, "p2": 15.0, "preFilterCap": 28.149924951474166, "speckleRange": 25.0, "speckleWindowSize": 1503.4225961097777, "uniquenessRatio": 30.0}, "datetime": {"datetime": "2023-01-21 07:40:29", "elapsed": 7896.536836, "delta": 13.923175}}
{"target": -456370162.0, "params": {"blockSize": 10.0, "disp12MaxDiff": 50.0, "minDisparity": 1.0, "numDisparities": 1.0, "p1": 15.0, "p2": 15.0, "preFilterCap": 50.0, "speckleRange": 0.0, "speckleWindowSize": 987.8421164064994, "uniquenessRatio": 30.0}, "datetime": {"datetime": "2023-01-21 07:40:45", "elapsed": 7912.568142, "delta": 16.031306}}
{"target": -443338777.75, "params": {"blockSize": 10.0, "disp12MaxDiff": 20.624154619525747, "minDisparity": 1.0, "numDisparities": 1.0, "p1": 15.0, "p2": 15.0, "preFilterCap": 50.0, "speckleRange": 25.0, "speckleWindowSize": 1486.5072031544582, "uniquenessRatio": 30.0}, "datetime": {"datetime": "2023-01-21 07:41:00", "elapsed": 7926.931625, "delta": 14.363483}}
{"target": -488225662.5, "params": {"blockSize": 2.0, "disp12MaxDiff": 0.0, "minDisparity": 4.0, "numDisparities": 1.0, "p1": 15.0, "p2": 60.0, "preFilterCap": 50.0, "speckleRange": 25.0, "speckleWindowSize": 1992.2978834857179, "uniquenessRatio": 30.0}, "datetime": {"datetime": "2023-01-21 07:41:18", "elapsed": 7945.095671, "delta": 18.164046}}
{"target": -476665539.25, "params": {"blockSize": 2.0, "disp12MaxDiff": 50.0, "minDisparity": 4.0, "numDisparities": 10.0, "p1": 5.0, "p2": 60.0, "preFilterCap": 50.0, "speckleRange": 0.0, "speckleWindowSize": 751.0389275194252, "uniquenessRatio": 30.0}, "datetime": {"datetime": "2023-01-21 07:41:37", "elapsed": 7963.838278, "delta": 18.742607}}
{"target": -491412030.0, "params": {"blockSize": 10.0, "disp12MaxDiff": 50.0, "minDisparity": 4.0, "numDisparities": 10.0, "p1": 5.0, "p2": 42.59841111143836, "preFilterCap": 0.0, "speckleRange": 0.0, "speckleWindowSize": 1187.74553886624, "uniquenessRatio": 30.0}, "datetime": {"datetime": "2023-01-21 07:41:58", "elapsed": 7985.549353, "delta": 21.711075}}
{"target": -463343975.25, "params": {"blockSize": 10.0, "disp12MaxDiff": 50.0, "minDisparity": 4.0, "numDisparities": 1.0, "p1": 5.0, "p2": 60.0, "preFilterCap": 29.540883791999544, "speckleRange": 25.0, "speckleWindowSize": 109.60195593823553, "uniquenessRatio": 30.0}, "datetime": {"datetime": "2023-01-21 07:42:16", "elapsed": 8003.248453, "delta": 17.6991}}
{"target": -440770870.75, "params": {"blockSize": 10.0, "disp12MaxDiff": 50.0, "minDisparity": 1.0, "numDisparities": 1.0, "p1": 5.0, "p2": 15.0, "preFilterCap": 0.0, "speckleRange": 25.0, "speckleWindowSize": 1004.3164188595222, "uniquenessRatio": 30.0}, "datetime": {"datetime": "2023-01-21 07:42:30", "elapsed": 8017.372378, "delta": 14.123925}}
{"target": -455005095.75, "params": {"blockSize": 10.0, "disp12MaxDiff": 50.0, "minDisparity": 1.0, "numDisparities": 1.0, "p1": 5.0, "p2": 15.0, "preFilterCap": 0.0, "speckleRange": 0.0, "speckleWindowSize": 2500.0, "uniquenessRatio": 0.0}, "datetime": {"datetime": "2023-01-21 07:42:49", "elapsed": 8036.590944, "delta": 19.218566}}
{"target": -946315959.0, "params": {"blockSize": 10.0, "disp12MaxDiff": 50.0, "minDisparity": 1.0, "numDisparities": 1.0, "p1": 5.0, "p2": 15.0, "preFilterCap": 0.0, "speckleRange": 25.0, "speckleWindowSize": 1915.8576034320622, "uniquenessRatio": 0.0}, "datetime": {"datetime": "2023-01-21 07:43:07", "elapsed": 8053.851909, "delta": 17.260965}}
{"target": -457655034.0, "params": {"blockSize": 2.0, "disp12MaxDiff": 50.0, "minDisparity": 4.0, "numDisparities": 1.0, "p1": 15.0, "p2": 15.0, "preFilterCap": 0.0, "speckleRange": 0.0, "speckleWindowSize": 2001.407405848421, "uniquenessRatio": 30.0}, "datetime": {"datetime": "2023-01-21 07:43:23", "elapsed": 8070.596744, "delta": 16.744835}}
{"target": -457688935.75, "params": {"blockSize": 10.0, "disp12MaxDiff": 33.930109750365304, "minDisparity": 4.0, "numDisparities": 1.0, "p1": 5.0, "p2": 15.0, "preFilterCap": 50.0, "speckleRange": 0.0, "speckleWindowSize": 995.1898784640005, "uniquenessRatio": 0.0}, "datetime": {"datetime": "2023-01-21 07:43:42", "elapsed": 8089.017956, "delta": 18.421212}}
{"target": -457658228.25, "params": {"blockSize": 2.0, "disp12MaxDiff": 28.409626588101947, "minDisparity": 4.0, "numDisparities": 1.0, "p1": 5.0, "p2": 60.0, "preFilterCap": 50.0, "speckleRange": 0.0, "speckleWindowSize": 1246.7535202685829, "uniquenessRatio": 30.0}, "datetime": {"datetime": "2023-01-21 07:44:00", "elapsed": 8106.771859, "delta": 17.753903}}
{"target": -456428188.25, "params": {"blockSize": 10.0, "disp12MaxDiff": 0.0, "minDisparity": 1.0, "numDisparities": 1.0, "p1": 15.0, "p2": 15.0, "preFilterCap": 50.0, "speckleRange": 0.0, "speckleWindowSize": 1001.5163672892847, "uniquenessRatio": 30.0}, "datetime": {"datetime": "2023-01-21 07:44:14", "elapsed": 8120.649783, "delta": 13.877924}}
{"target": -456033681.0, "params": {"blockSize": 2.0, "disp12MaxDiff": 50.0, "minDisparity": 1.0, "numDisparities": 1.0, "p1": 5.0, "p2": 15.0, "preFilterCap": 50.0, "speckleRange": 0.0, "speckleWindowSize": 145.72704182953203, "uniquenessRatio": 30.0}, "datetime": {"datetime": "2023-01-21 07:44:31", "elapsed": 8138.518101, "delta": 17.868318}}
{"target": -460119163.5, "params": {"blockSize": 10.0, "disp12MaxDiff": 0.0, "minDisparity": 4.0, "numDisparities": 1.0, "p1": 15.0, "p2": 37.86153673473512, "preFilterCap": 50.0, "speckleRange": 25.0, "speckleWindowSize": 157.91020540058446, "uniquenessRatio": 30.0}, "datetime": {"datetime": "2023-01-21 07:44:47", "elapsed": 8154.043203, "delta": 15.525102}}
{"target": -456378710.5, "params": {"blockSize": 10.0, "disp12MaxDiff": 30.656884271686973, "minDisparity": 4.0, "numDisparities": 1.0, "p1": 5.0, "p2": 43.78259391669925, "preFilterCap": 50.0, "speckleRange": 0.0, "speckleWindowSize": 632.3781406471686, "uniquenessRatio": 30.0}, "datetime": {"datetime": "2023-01-21 07:45:01", "elapsed": 8168.556408, "delta": 14.513205}}
{"target": -456391385.5, "params": {"blockSize": 10.0, "disp12MaxDiff": 0.0, "minDisparity": 1.0, "numDisparities": 1.0, "p1": 15.0, "p2": 60.0, "preFilterCap": 50.0, "speckleRange": 0.0, "speckleWindowSize": 1046.1832107425705, "uniquenessRatio": 30.0}, "datetime": {"datetime": "2023-01-21 07:45:18", "elapsed": 8184.640483, "delta": 16.084075}}
{"target": -457015242.25, "params": {"blockSize": 10.0, "disp12MaxDiff": 50.0, "minDisparity": 1.0, "numDisparities": 1.0, "p1": 5.0, "p2": 60.0, "preFilterCap": 50.0, "speckleRange": 0.0, "speckleWindowSize": 1630.5063555076645, "uniquenessRatio": 30.0}, "datetime": {"datetime": "2023-01-21 07:45:33", "elapsed": 8200.598749, "delta": 15.958266}}
{"target": -557479642.5, "params": {"blockSize": 2.0, "disp12MaxDiff": 11.007066004874503, "minDisparity": 4.0, "numDisparities": 1.0, "p1": 5.0, "p2": 45.086845417546215, "preFilterCap": 50.0, "speckleRange": 25.0, "speckleWindowSize": 1842.0291774354682, "uniquenessRatio": 30.0}, "datetime": {"datetime": "2023-01-21 07:45:54", "elapsed": 8221.592784, "delta": 20.994035}}
{"target": -456827328.25, "params": {"blockSize": 10.0, "disp12MaxDiff": 26.279030274459217, "minDisparity": 1.0, "numDisparities": 1.0, "p1": 15.0, "p2": 30.278341234275207, "preFilterCap": 50.0, "speckleRange": 0.0, "speckleWindowSize": 1653.4034891231008, "uniquenessRatio": 30.0}, "datetime": {"datetime": "2023-01-21 07:46:09", "elapsed": 8236.205002, "delta": 14.612218}}
{"target": -457292707.5, "params": {"blockSize": 10.0, "disp12MaxDiff": 0.0, "minDisparity": 4.0, "numDisparities": 1.0, "p1": 5.0, "p2": 15.0, "preFilterCap": 50.0, "speckleRange": 0.0, "speckleWindowSize": 977.516442839069, "uniquenessRatio": 0.0}, "datetime": {"datetime": "2023-01-21 07:46:30", "elapsed": 8257.544385, "delta": 21.339383}}
{"target": -456595910.0, "params": {"blockSize": 10.0, "disp12MaxDiff": 50.0, "minDisparity": 1.0, "numDisparities": 1.0, "p1": 5.0, "p2": 60.0, "preFilterCap": 50.0, "speckleRange": 0.0, "speckleWindowSize": 1070.2653042349243, "uniquenessRatio": 30.0}, "datetime": {"datetime": "2023-01-21 07:46:51", "elapsed": 8277.629533, "delta": 20.085148}}
{"target": -453788928.5, "params": {"blockSize": 10.0, "disp12MaxDiff": 0.0, "minDisparity": 1.0, "numDisparities": 1.0, "p1": 5.0, "p2": 60.0, "preFilterCap": 50.0, "speckleRange": 0.0, "speckleWindowSize": 123.71595276418303, "uniquenessRatio": 30.0}, "datetime": {"datetime": "2023-01-21 07:47:05", "elapsed": 8292.291349, "delta": 14.661816}}
{"target": -441666274.75, "params": {"blockSize": 10.0, "disp12MaxDiff": 50.0, "minDisparity": 1.0, "numDisparities": 1.0, "p1": 5.0, "p2": 60.0, "preFilterCap": 0.0, "speckleRange": 25.0, "speckleWindowSize": 1584.3765129474864, "uniquenessRatio": 30.0}, "datetime": {"datetime": "2023-01-21 07:47:20", "elapsed": 8306.982174, "delta": 14.690825}}
{"target": -992977966.0, "params": {"blockSize": 10.0, "disp12MaxDiff": 50.0, "minDisparity": 4.0, "numDisparities": 1.0, "p1": 15.0, "p2": 60.0, "preFilterCap": 0.0, "speckleRange": 25.0, "speckleWindowSize": 2174.578789444859, "uniquenessRatio": 0.0}, "datetime": {"datetime": "2023-01-21 07:47:39", "elapsed": 8325.84305, "delta": 18.860876}}
{"target": -456045518.75, "params": {"blockSize": 10.0, "disp12MaxDiff": 50.0, "minDisparity": 1.0, "numDisparities": 1.0, "p1": 5.0, "p2": 60.0, "preFilterCap": 0.0, "speckleRange": 0.0, "speckleWindowSize": 1204.5437078119417, "uniquenessRatio": 0.0}, "datetime": {"datetime": "2023-01-21 07:47:54", "elapsed": 8340.95638, "delta": 15.11333}}
{"target": -455855064.0, "params": {"blockSize": 10.0, "disp12MaxDiff": 50.0, "minDisparity": 1.0, "numDisparities": 1.0, "p1": 5.0, "p2": 60.0, "preFilterCap": 0.0, "speckleRange": 0.0, "speckleWindowSize": 1551.8028774720092, "uniquenessRatio": 0.0}, "datetime": {"datetime": "2023-01-21 07:48:15", "elapsed": 8362.451911, "delta": 21.495531}}
{"target": -456380413.5, "params": {"blockSize": 10.0, "disp12MaxDiff": 24.404071589433936, "minDisparity": 1.0, "numDisparities": 1.0, "p1": 15.0, "p2": 60.0, "preFilterCap": 50.0, "speckleRange": 0.0, "speckleWindowSize": 1085.8325277976364, "uniquenessRatio": 30.0}, "datetime": {"datetime": "2023-01-21 07:48:36", "elapsed": 8382.864689, "delta": 20.412778}}
{"target": -456840070.0, "params": {"blockSize": 2.0, "disp12MaxDiff": 0.0, "minDisparity": 4.0, "numDisparities": 1.0, "p1": 15.0, "p2": 60.0, "preFilterCap": 0.0, "speckleRange": 0.0, "speckleWindowSize": 848.977820065567, "uniquenessRatio": 0.0}, "datetime": {"datetime": "2023-01-21 07:48:51", "elapsed": 8398.500758, "delta": 15.636069}}
