{"target": -455253310.75, "params": {"blockSize": 10.0, "disp12MaxDiff": 0.0, "minDisparity": 1.0, "numDisparities": 1.0, "p1": 15.0, "p2": 15.0, "preFilterCap": 19.8793138787329, "speckleRange": 0.0, "speckleWindowSize": 2406.516299030931, "uniquenessRatio": 0.0}, "datetime": {"datetime": "2023-01-21 06:28:36", "elapsed": 3583.307019, "delta": 11.153387}}
{"target": -448390580.75, "params": {"blockSize": 10.0, "disp12MaxDiff": 50.0, "minDisparity": 4.0, "numDisparities": 1.0, "p1": 15.0, "p2": 15.0, "preFilterCap": 50.0, "speckleRange": 25.0, "speckleWindowSize": 1238.360558769089, "uniquenessRatio": 30.0}, "datetime": {"datetime": "2023-01-21 06:28:46", "elapsed": 3593.186973, "delta": 9.879954}}
{"target": -448451729.0, "params": {"blockSize": 10.0, "disp12MaxDiff": 0.0, "minDisparity": 4.0, "numDisparities": 1.0, "p1": 5.0, "p2": 38.99694007699457, "preFilterCap": 50.0, "speckleRange": 25.0, "speckleWindowSize": 1484.9878671616477, "uniquenessRatio": 30.0}, "datetime": {"datetime": "2023-01-21 06:28:56", "elapsed": 3602.958148, "delta": 9.771175}}
{"target": -629360969.0, "params": {"blockSize": 2.0, "disp12MaxDiff": 0.0, "minDisparity": 1.0, "numDisparities": 1.0, "p1": 15.0, "p2": 60.0, "preFilterCap": 0.0, "speckleRange": 0.0, "speckleWindowSize": 0.0, "uniquenessRatio": 30.0}, "datetime": {"datetime": "2023-01-21 06:29:07", "elapsed": 3613.905442, "delta": 10.947294}}
{"target": -455824742.0, "params": {"blockSize": 10.0, "disp12MaxDiff": 33.61524143333965, "minDisparity": 1.0, "numDisparities": 1.0, "p1": 15.0, "p2": 15.0, "preFilterCap": 0.0, "speckleRange": 0.0, "speckleWindowSize": 822.4131163556314, "uniquenessRatio": 30.0}, "datetime": {"datetime": "2023-01-21 06:29:17", "elapsed": 3624.024565, "delta": 10.119123}}
{"target": -456791620.0, "params": {"blockSize": 10.0, "disp12MaxDiff": 48.918859899220195, "minDisparity": 4.0, "numDisparities": 1.0, "p1": 15.0, "p2": 60.0, "preFilterCap": 0.0, "speckleRange": 0.0, "speckleWindowSize": 1686.6369107065484, "uniquenessRatio": 30.0}, "datetime": {"datetime": "2023-01-21 06:29:27", "elapsed": 3633.812201, "delta": 9.787636}}
{"target": -441436156.5, "params": {"blockSize": 10.0, "disp12MaxDiff": 50.0, "minDisparity": 1.0, "numDisparities": 1.0, "p1": 15.0, "p2": 32.440037672062175, "preFilterCap": 0.0, "speckleRange": 25.0, "speckleWindowSize": 1337.9999635328343, "uniquenessRatio": 30.0}, "datetime": {"datetime": "2023-01-21 06:29:37", "elapsed": 3644.063654, "delta": 10.251453}}
{"target": -457436376.0, "params": {"blockSize": 2.0, "disp12MaxDiff": 50.0, "minDisparity": 1.0, "numDisparities": 1.0, "p1": 5.0, "p2": 15.0, "preFilterCap": 50.0, "speckleRange": 0.0, "speckleWindowSize": 1311.1412749718745, "uniquenessRatio": 30.0}, "datetime": {"datetime": "2023-01-21 06:29:48", "elapsed": 3654.952083, "delta": 10.888429}}
{"target": -4785617552.0, "params": {"blockSize": 2.0, "disp12MaxDiff": 0.0, "minDisparity": 1.0, "numDisparities": 10.0, "p1": 5.0, "p2": 15.0, "preFilterCap": 29.675625624176313, "speckleRange": 25.0, "speckleWindowSize": 2383.028219141417, "uniquenessRatio": 0.0}, "datetime": {"datetime": "2023-01-21 06:29:59", "elapsed": 3666.243321, "delta": 11.291238}}
{"target": -471312053.0, "params": {"blockSize": 10.0, "disp12MaxDiff": 0.0, "minDisparity": 4.0, "numDisparities": 1.0, "p1": 15.0, "p2": 15.0, "preFilterCap": 0.0, "speckleRange": 25.0, "speckleWindowSize": 0.0, "uniquenessRatio": 30.0}, "datetime": {"datetime": "2023-01-21 06:30:09", "elapsed": 3676.556622, "delta": 10.313301}}
{"target": -439399207.5, "params": {"blockSize": 10.0, "disp12MaxDiff": 0.0, "minDisparity": 1.0, "numDisparities": 1.0, "p1": 15.0, "p2": 60.0, "preFilterCap": 0.0, "speckleRange": 25.0, "speckleWindowSize": 505.97388309319257, "uniquenessRatio": 30.0}, "datetime": {"datetime": "2023-01-21 06:30:19", "elapsed": 3686.396669, "delta": 9.840047}}
{"target": -457074392.25, "params": {"blockSize": 2.0, "disp12MaxDiff": 0.0, "minDisparity": 1.0, "numDisparities": 1.0, "p1": 15.0, "p2": 60.0, "preFilterCap": 50.0, "speckleRange": 0.0, "speckleWindowSize": 876.1098739200722, "uniquenessRatio": 30.0}, "datetime": {"datetime": "2023-01-21 06:30:31", "elapsed": 3698.259011, "delta": 11.862342}}
{"target": -530309012.0, "params": {"blockSize": 7.445076239852455, "disp12MaxDiff": 8.789794497420743, "minDisparity": 2.0387908845060627, "numDisparities": 3.0890611674537567, "p1": 13.054349021568116, "p2": 16.99688610029423, "preFilterCap": 42.129790116201335, "speckleRange": 2.705370223385289, "speckleWindowSize": 2423.3641479285357, "uniquenessRatio": 27.024686843949375}, "datetime": {"datetime": "2023-01-21 06:30:41", "elapsed": 3708.536986, "delta": 10.277975}}
{"target": -443601244.75, "params": {"blockSize": 10.0, "disp12MaxDiff": 50.0, "minDisparity": 1.0, "numDisparities": 1.0, "p1": 5.0, "p2": 15.0, "preFilterCap": 0.0, "speckleRange": 25.0, "speckleWindowSize": 2142.103521077264, "uniquenessRatio": 30.0}, "datetime": {"datetime": "2023-01-21 06:30:52", "elapsed": 3718.737873, "delta": 10.200887}}
{"target": -443475668.5, "params": {"blockSize": 10.0, "disp12MaxDiff": 11.298064171939444, "minDisparity": 1.0, "numDisparities": 1.0, "p1": 5.0, "p2": 15.0, "preFilterCap": 0.0, "speckleRange": 25.0, "speckleWindowSize": 2126.350295602374, "uniquenessRatio": 30.0}, "datetime": {"datetime": "2023-01-21 06:31:02", "elapsed": 3729.121033, "delta": 10.38316}}
{"target": -454814759.75, "params": {"blockSize": 10.0, "disp12MaxDiff": 50.0, "minDisparity": 1.0, "numDisparities": 1.0, "p1": 15.0, "p2": 15.0, "preFilterCap": 0.0, "speckleRange": 0.0, "speckleWindowSize": 403.2126958119609, "uniquenessRatio": 30.0}, "datetime": {"datetime": "2023-01-21 06:31:12", "elapsed": 3738.861343, "delta": 9.74031}}
{"target": -457061124.75, "params": {"blockSize": 2.0, "disp12MaxDiff": 0.0, "minDisparity": 1.0, "numDisparities": 1.0, "p1": 5.0, "p2": 60.0, "preFilterCap": 50.0, "speckleRange": 0.0, "speckleWindowSize": 523.1468815480492, "uniquenessRatio": 30.0}, "datetime": {"datetime": "2023-01-21 06:31:23", "elapsed": 3749.983392, "delta": 11.122049}}
{"target": -681692465.5, "params": {"blockSize": 9.975300852639343, "disp12MaxDiff": 36.17577487891917, "minDisparity": 1.4300564756965528, "numDisparities": 6.828715860252106, "p1": 8.013753317810965, "p2": 55.70179779266632, "preFilterCap": 5.015200934730169, "speckleRange": 18.120088115092425, "speckleWindowSize": 2122.9191746559613, "uniquenessRatio": 27.8203832341171}, "datetime": {"datetime": "2023-01-21 06:31:33", "elapsed": 3760.579387, "delta": 10.595995}}
{"target": -456731758.25, "params": {"blockSize": 10.0, "disp12MaxDiff": 50.0, "minDisparity": 1.0, "numDisparities": 1.0, "p1": 5.0, "p2": 60.0, "preFilterCap": 50.0, "speckleRange": 0.0, "speckleWindowSize": 1148.9838124270161, "uniquenessRatio": 30.0}, "datetime": {"datetime": "2023-01-21 06:31:44", "elapsed": 3770.622164, "delta": 10.042777}}
{"target": -553867205.0, "params": {"blockSize": 2.0, "disp12MaxDiff": 50.0, "minDisparity": 1.0, "numDisparities": 1.0, "p1": 5.0, "p2": 60.0, "preFilterCap": 0.0, "speckleRange": 25.0, "speckleWindowSize": 1363.1533249621025, "uniquenessRatio": 30.0}, "datetime": {"datetime": "2023-01-21 06:31:56", "elapsed": 3782.687866, "delta": 12.065702}}
{"target": -1518763557.5, "params": {"blockSize": 2.0, "disp12MaxDiff": 19.81957770952089, "minDisparity": 1.0, "numDisparities": 10.0, "p1": 15.0, "p2": 15.0, "preFilterCap": 0.0, "speckleRange": 25.0, "speckleWindowSize": 1324.6125344954617, "uniquenessRatio": 30.0}, "datetime": {"datetime": "2023-01-21 06:32:07", "elapsed": 3793.762477, "delta": 11.074611}}
{"target": -455834100.75, "params": {"blockSize": 10.0, "disp12MaxDiff": 0.0, "minDisparity": 1.0, "numDisparities": 1.0, "p1": 5.0, "p2": 15.0, "preFilterCap": 15.835860659206785, "speckleRange": 0.0, "speckleWindowSize": 810.4653192873469, "uniquenessRatio": 30.0}, "datetime": {"datetime": "2023-01-21 06:32:17", "elapsed": 3804.397398, "delta": 10.634921}}
{"target": -456767179.0, "params": {"blockSize": 10.0, "disp12MaxDiff": 50.0, "minDisparity": 1.0, "numDisparities": 1.0, "p1": 5.0, "p2": 60.0, "preFilterCap": 30.863727443692405, "speckleRange": 0.0, "speckleWindowSize": 1584.5807685356979, "uniquenessRatio": 30.0}, "datetime": {"datetime": "2023-01-21 06:32:27", "elapsed": 3814.280434, "delta": 9.883036}}
{"target": -456980782.0, "params": {"blockSize": 10.0, "disp12MaxDiff": 0.0, "minDisparity": 1.0, "numDisparities": 1.0, "p1": 15.0, "p2": 15.0, "preFilterCap": 2.628853684281574, "speckleRange": 0.0, "speckleWindowSize": 2417.9088909709767, "uniquenessRatio": 30.0}, "datetime": {"datetime": "2023-01-21 06:32:37", "elapsed": 3824.277102, "delta": 9.996668}}
{"target": -4586132224.0, "params": {"blockSize": 6.689111980919328, "disp12MaxDiff": 27.24878330984274, "minDisparity": 3.9422882539026096, "numDisparities": 7.840681472580963, "p1": 6.563752879655938, "p2": 18.45480593841817, "preFilterCap": 4.530075941716133, "speckleRange": 24.200204698005635, "speckleWindowSize": 2124.050002657431, "uniquenessRatio": 1.6812118820781108}, "datetime": {"datetime": "2023-01-21 06:32:48", "elapsed": 3835.514579, "delta": 11.237477}}
{"target": -457259462.75, "params": {"blockSize": 10.0, "disp12MaxDiff": 39.36582770485357, "minDisparity": 4.0, "numDisparities": 1.0, "p1": 15.0, "p2": 15.0, "preFilterCap": 50.0, "speckleRange": 0.0, "speckleWindowSize": 2405.9152981943794, "uniquenessRatio": 30.0}, "datetime": {"datetime": "2023-01-21 06:32:59", "elapsed": 3845.61958, "delta": 10.105001}}
{"target": -948663665.0, "params": {"blockSize": 10.0, "disp12MaxDiff": 50.0, "minDisparity": 4.0, "numDisparities": 10.0, "p1": 15.0, "p2": 15.0, "preFilterCap": 50.0, "speckleRange": 25.0, "speckleWindowSize": 1133.8011304717693, "uniquenessRatio": 30.0}, "datetime": {"datetime": "2023-01-21 06:33:09", "elapsed": 3855.838842, "delta": 10.219262}}
{"target": -1063607185.0, "params": {"blockSize": 2.0, "disp12MaxDiff": 0.0, "minDisparity": 1.0, "numDisparities": 1.0, "p1": 15.0, "p2": 15.0, "preFilterCap": 0.0, "speckleRange": 0.0, "speckleWindowSize": 0.0, "uniquenessRatio": 0.0}, "datetime": {"datetime": "2023-01-21 06:33:19", "elapsed": 3866.395131, "delta": 10.556289}}
{"target": -442810526.5, "params": {"blockSize": 10.0, "disp12MaxDiff": 50.0, "minDisparity": 1.0, "numDisparities": 1.0, "p1": 5.0, "p2": 60.0, "preFilterCap": 0.0, "speckleRange": 25.0, "speckleWindowSize": 2158.656552996646, "uniquenessRatio": 30.0}, "datetime": {"datetime": "2023-01-21 06:33:30", "elapsed": 3876.878589, "delta": 10.483458}}
{"target": -495232482.5, "params": {"blockSize": 9.809783424661669, "disp12MaxDiff": 46.63957725486762, "minDisparity": 2.1657449538339506, "numDisparities": 2.209823741452384, "p1": 14.852454078679772, "p2": 55.49218601822007, "preFilterCap": 49.182166305973986, "speckleRange": 3.6258082087985533, "speckleWindowSize": 1319.8437374406258, "uniquenessRatio": 27.18805688040637}, "datetime": {"datetime": "2023-01-21 06:33:40", "elapsed": 3886.986837, "delta": 10.108248}}
{"target": -455545796.5, "params": {"blockSize": 10.0, "disp12MaxDiff": 0.0, "minDisparity": 1.0, "numDisparities": 1.0, "p1": 15.0, "p2": 15.0, "preFilterCap": 50.0, "speckleRange": 0.0, "speckleWindowSize": 411.2895085494395, "uniquenessRatio": 0.0}, "datetime": {"datetime": "2023-01-21 06:33:51", "elapsed": 3898.177317, "delta": 11.19048}}
{"target": -457930453.5, "params": {"blockSize": 2.0, "disp12MaxDiff": 0.0, "minDisparity": 4.0, "numDisparities": 1.0, "p1": 5.0, "p2": 15.0, "preFilterCap": 50.0, "speckleRange": 0.0, "speckleWindowSize": 1970.4981787474383, "uniquenessRatio": 30.0}, "datetime": {"datetime": "2023-01-21 06:34:03", "elapsed": 3910.100891, "delta": 11.923574}}
{"target": -815985392.0, "params": {"blockSize": 10.0, "disp12MaxDiff": 50.0, "minDisparity": 1.0, "numDisparities": 10.0, "p1": 5.0, "p2": 60.0, "preFilterCap": 20.158498193129446, "speckleRange": 25.0, "speckleWindowSize": 1328.072534885648, "uniquenessRatio": 30.0}, "datetime": {"datetime": "2023-01-21 06:34:13", "elapsed": 3920.097973, "delta": 9.997082}}
{"target": -456612684.25, "params": {"blockSize": 10.0, "disp12MaxDiff": 28.70609493199895, "minDisparity": 1.0, "numDisparities": 1.0, "p1": 15.0, "p2": 27.295910976234044, "preFilterCap": 0.0, "speckleRange": 0.0, "speckleWindowSize": 1692.4051126185607, "uniquenessRatio": 30.0}, "datetime": {"datetime": "2023-01-21 06:34:23", "elapsed": 3930.040278, "delta": 9.942305}}
{"target": -443699200.0, "params": {"blockSize": 10.0, "disp12MaxDiff": 50.0, "minDisparity": 1.0, "numDisparities": 1.0, "p1": 5.0, "p2": 15.0, "preFilterCap": 0.0, "speckleRange": 25.0, "speckleWindowSize": 2177.7295628538423, "uniquenessRatio": 30.0}, "datetime": {"datetime": "2023-01-21 06:34:33", "elapsed": 3940.462965, "delta": 10.422687}}
{"target": -456100565.75, "params": {"blockSize": 2.0, "disp12MaxDiff": 36.636424990040325, "minDisparity": 1.0, "numDisparities": 1.0, "p1": 5.0, "p2": 60.0, "preFilterCap": 32.96149208518835, "speckleRange": 0.0, "speckleWindowSize": 1101.9527762022112, "uniquenessRatio": 0.0}, "datetime": {"datetime": "2023-01-21 06:34:44", "elapsed": 3951.322182, "delta": 10.859217}}
{"target": -456957570.0, "params": {"blockSize": 10.0, "disp12MaxDiff": 50.0, "minDisparity": 1.0, "numDisparities": 1.0, "p1": 5.0, "p2": 60.0, "preFilterCap": 0.0, "speckleRange": 0.0, "speckleWindowSize": 2142.5170901908646, "uniquenessRatio": 30.0}, "datetime": {"datetime": "2023-01-21 06:34:55", "elapsed": 3961.893285, "delta": 10.571103}}
{"target": -441711701.0, "params": {"blockSize": 10.0, "disp12MaxDiff": 0.0, "minDisparity": 1.0, "numDisparities": 1.0, "p1": 15.0, "p2": 60.0, "preFilterCap": 50.0, "speckleRange": 25.0, "speckleWindowSize": 777.7794095976951, "uniquenessRatio": 30.0}, "datetime": {"datetime": "2023-01-21 06:35:05", "elapsed": 3972.29211, "delta": 10.398825}}
{"target": -456552454.0, "params": {"blockSize": 10.0, "disp12MaxDiff": 0.0, "minDisparity": 1.0, "numDisparities": 1.0, "p1": 5.0, "p2": 15.0, "preFilterCap": 50.0, "speckleRange": 0.0, "speckleWindowSize": 1106.5940932210735, "uniquenessRatio": 30.0}, "datetime": {"datetime": "2023-01-21 06:35:15", "elapsed": 3982.374149, "delta": 10.082039}}
{"target": -456767076.75, "params": {"blockSize": 10.0, "disp12MaxDiff": 22.8129749191149, "minDisparity": 1.0, "numDisparities": 1.0, "p1": 5.0, "p2": 60.0, "preFilterCap": 18.92788792605804, "speckleRange": 0.0, "speckleWindowSize": 1682.8164903578488, "uniquenessRatio": 30.0}, "datetime": {"datetime": "2023-01-21 06:35:26", "elapsed": 3992.690684, "delta": 10.316535}}
{"target": -800823903.25, "params": {"blockSize": 10.0, "disp12MaxDiff": 11.677900502845398, "minDisparity": 1.0, "numDisparities": 10.0, "p1": 15.0, "p2": 60.0, "preFilterCap": 0.0, "speckleRange": 25.0, "speckleWindowSize": 1365.2086895270372, "uniquenessRatio": 30.0}, "datetime": {"datetime": "2023-01-21 06:35:37", "elapsed": 4004.226072, "delta": 11.535388}}
{"target": -443025849.75, "params": {"blockSize": 10.0, "disp12MaxDiff": 0.0, "minDisparity": 1.0, "numDisparities": 1.0, "p1": 5.0, "p2": 60.0, "preFilterCap": 50.0, "speckleRange": 25.0, "speckleWindowSize": 1530.2318633299303, "uniquenessRatio": 30.0}, "datetime": {"datetime": "2023-01-21 06:35:48", "elapsed": 4015.10362, "delta": 10.877548}}
{"target": -446931229.5, "params": {"blockSize": 10.0, "disp12MaxDiff": 0.0, "minDisparity": 4.0, "numDisparities": 1.0, "p1": 15.0, "p2": 15.0, "preFilterCap": 0.0, "speckleRange": 25.0, "speckleWindowSize": 1557.3061924900417, "uniquenessRatio": 30.0}, "datetime": {"datetime": "2023-01-21 06:35:59", "elapsed": 4026.176446, "delta": 11.072826}}
{"target": -442337054.75, "params": {"blockSize": 10.0, "disp12MaxDiff": 50.0, "minDisparity": 1.0, "numDisparities": 1.0, "p1": 15.0, "p2": 15.0, "preFilterCap": 0.0, "speckleRange": 25.0, "speckleWindowSize": 1589.9429160033337, "uniquenessRatio": 30.0}, "datetime": {"datetime": "2023-01-21 06:36:10", "elapsed": 4037.447775, "delta": 11.271329}}
{"target": -443274593.5, "params": {"blockSize": 10.0, "disp12MaxDiff": 50.0, "minDisparity": 1.0, "numDisparities": 1.0, "p1": 5.0, "p2": 60.0, "preFilterCap": 50.0, "speckleRange": 25.0, "speckleWindowSize": 1457.5862878862947, "uniquenessRatio": 30.0}, "datetime": {"datetime": "2023-01-21 06:36:21", "elapsed": 4048.451261, "delta": 11.003486}}
{"target": -462358115.75, "params": {"blockSize": 10.0, "disp12MaxDiff": 0.0, "minDisparity": 1.0, "numDisparities": 1.0, "p1": 15.0, "p2": 60.0, "preFilterCap": 50.0, "speckleRange": 0.0, "speckleWindowSize": 0.0, "uniquenessRatio": 30.0}, "datetime": {"datetime": "2023-01-21 06:36:32", "elapsed": 4058.664657, "delta": 10.213396}}
{"target": -455880325.25, "params": {"blockSize": 10.0, "disp12MaxDiff": 0.0, "minDisparity": 4.0, "numDisparities": 1.0, "p1": 15.0, "p2": 60.0, "preFilterCap": 15.255353896201154, "speckleRange": 0.0, "speckleWindowSize": 539.9783131185332, "uniquenessRatio": 30.0}, "datetime": {"datetime": "2023-01-21 06:36:42", "elapsed": 4068.847131, "delta": 10.182474}}
{"target": -830281312.5, "params": {"blockSize": 2.0572120206605264, "disp12MaxDiff": 43.69677974967395, "minDisparity": 1.9566986460412616, "numDisparities": 4.85032920359569, "p1": 6.2763123097500815, "p2": 51.22349266866503, "preFilterCap": 5.273327377362641, "speckleRange": 4.251614717435112, "speckleWindowSize": 2177.363554304805, "uniquenessRatio": 29.46776925550399}, "datetime": {"datetime": "2023-01-21 06:36:54", "elapsed": 4080.895544, "delta": 12.048413}}
{"target": -455952883.25, "params": {"blockSize": 10.0, "disp12MaxDiff": 50.0, "minDisparity": 1.0, "numDisparities": 1.0, "p1": 5.0, "p2": 37.99368474593734, "preFilterCap": 12.22061514839429, "speckleRange": 0.0, "speckleWindowSize": 1123.7222161128313, "uniquenessRatio": 0.0}, "datetime": {"datetime": "2023-01-21 06:37:05", "elapsed": 4091.904944, "delta": 11.0094}}
{"target": -456994248.75, "params": {"blockSize": 10.0, "disp12MaxDiff": 0.0, "minDisparity": 1.0, "numDisparities": 1.0, "p1": 5.0, "p2": 60.0, "preFilterCap": 0.0, "speckleRange": 0.0, "speckleWindowSize": 2134.8923457143173, "uniquenessRatio": 30.0}, "datetime": {"datetime": "2023-01-21 06:37:16", "elapsed": 4103.548006, "delta": 11.643062}}
{"target": -447071770.25, "params": {"blockSize": 10.0, "disp12MaxDiff": 50.0, "minDisparity": 4.0, "numDisparities": 1.0, "p1": 15.0, "p2": 15.0, "preFilterCap": 0.0, "speckleRange": 25.0, "speckleWindowSize": 1708.1434071692406, "uniquenessRatio": 30.0}, "datetime": {"datetime": "2023-01-21 06:37:27", "elapsed": 4113.776591, "delta": 10.228585}}
{"target": -882289055.0, "params": {"blockSize": 10.0, "disp12MaxDiff": 50.0, "minDisparity": 1.0, "numDisparities": 1.0, "p1": 5.0, "p2": 15.0, "preFilterCap": 50.0, "speckleRange": 25.0, "speckleWindowSize": 1575.6587976905305, "uniquenessRatio": 0.0}, "datetime": {"datetime": "2023-01-21 06:37:38", "elapsed": 4124.80659, "delta": 11.029999}}
{"target": -580353567.0, "params": {"blockSize": 2.0, "disp12MaxDiff": 29.840189007331485, "minDisparity": 4.0, "numDisparities": 1.0, "p1": 5.0, "p2": 15.0, "preFilterCap": 0.0, "speckleRange": 25.0, "speckleWindowSize": 834.615434746913, "uniquenessRatio": 30.0}, "datetime": {"datetime": "2023-01-21 06:37:51", "elapsed": 4137.706302, "delta": 12.899712}}
{"target": -443554302.25, "params": {"blockSize": 10.0, "disp12MaxDiff": 0.0, "minDisparity": 1.0, "numDisparities": 1.0, "p1": 5.0, "p2": 15.0, "preFilterCap": 0.0, "speckleRange": 25.0, "speckleWindowSize": 2160.57558552847, "uniquenessRatio": 30.0}, "datetime": {"datetime": "2023-01-21 06:38:02", "elapsed": 4148.75005, "delta": 11.043748}}
{"target": -457407869.75, "params": {"blockSize": 2.0, "disp12MaxDiff": 50.0, "minDisparity": 1.0, "numDisparities": 1.0, "p1": 5.0, "p2": 36.38159432850707, "preFilterCap": 31.594706981709557, "speckleRange": 0.0, "speckleWindowSize": 1127.826043508662, "uniquenessRatio": 30.0}, "datetime": {"datetime": "2023-01-21 06:38:13", "elapsed": 4160.010806, "delta": 11.260756}}
{"target": -457770642.25, "params": {"blockSize": 2.0, "disp12MaxDiff": 0.0, "minDisparity": 1.0, "numDisparities": 1.0, "p1": 15.0, "p2": 15.0, "preFilterCap": 50.0, "speckleRange": 0.0, "speckleWindowSize": 1932.3699143534675, "uniquenessRatio": 30.0}, "datetime": {"datetime": "2023-01-21 06:38:25", "elapsed": 4172.101357, "delta": 12.090551}}
{"target": -447283356.25, "params": {"blockSize": 10.0, "disp12MaxDiff": 8.577813463867606, "minDisparity": 4.0, "numDisparities": 1.0, "p1": 5.0, "p2": 24.613859145507448, "preFilterCap": 0.0, "speckleRange": 25.0, "speckleWindowSize": 1715.7549215035551, "uniquenessRatio": 30.0}, "datetime": {"datetime": "2023-01-21 06:38:36", "elapsed": 4182.854238, "delta": 10.752881}}
{"target": -443283073.5, "params": {"blockSize": 10.0, "disp12MaxDiff": 50.0, "minDisparity": 1.0, "numDisparities": 1.0, "p1": 5.0, "p2": 15.0, "preFilterCap": 50.0, "speckleRange": 25.0, "speckleWindowSize": 1480.0324997107743, "uniquenessRatio": 30.0}, "datetime": {"datetime": "2023-01-21 06:38:47", "elapsed": 4193.829614, "delta": 10.975376}}
{"target": -457197760.5, "params": {"blockSize": 10.0, "disp12MaxDiff": 0.0, "minDisparity": 1.0, "numDisparities": 1.0, "p1": 5.0, "p2": 60.0, "preFilterCap": 50.0, "speckleRange": 0.0, "speckleWindowSize": 1941.7861381168825, "uniquenessRatio": 30.0}, "datetime": {"datetime": "2023-01-21 06:38:58", "elapsed": 4204.696311, "delta": 10.866697}}
{"target": -486022862.25, "params": {"blockSize": 10.0, "disp12MaxDiff": 19.897370119888915, "minDisparity": 1.0, "numDisparities": 10.0, "p1": 15.0, "p2": 15.0, "preFilterCap": 0.0, "speckleRange": 0.0, "speckleWindowSize": 1555.1558500271844, "uniquenessRatio": 30.0}, "datetime": {"datetime": "2023-01-21 06:39:09", "elapsed": 4215.661186, "delta": 10.964875}}
