{"target": -513418430.5, "params": {"blockSize": 2.0, "disp12MaxDiff": 0.0, "minDisparity": 1.0, "numDisparities": 1.0, "p1": 5.0, "p2": 60.0, "preFilterCap": 50.0, "speckleRange": 25.0, "speckleWindowSize": 324.15010382558796, "uniquenessRatio": 30.0}, "datetime": {"datetime": "2023-01-21 06:50:48", "elapsed": 4914.96978, "delta": 13.227584}}
{"target": -455054934.25, "params": {"blockSize": 10.0, "disp12MaxDiff": 50.0, "minDisparity": 1.0, "numDisparities": 1.0, "p1": 15.0, "p2": 60.0, "preFilterCap": 21.413567015273916, "speckleRange": 0.0, "speckleWindowSize": 495.76034800170663, "uniquenessRatio": 30.0}, "datetime": {"datetime": "2023-01-21 06:51:00", "elapsed": 4927.003881, "delta": 12.034101}}
{"target": -456554951.0, "params": {"blockSize": 10.0, "disp12MaxDiff": 0.0, "minDisparity": 4.0, "numDisparities": 1.0, "p1": 15.0, "p2": 60.0, "preFilterCap": 18.36345592841106, "speckleRange": 0.0, "speckleWindowSize": 1295.080493387284, "uniquenessRatio": 30.0}, "datetime": {"datetime": "2023-01-21 06:51:12", "elapsed": 4939.459487, "delta": 12.455606}}
{"target": -455095181.0, "params": {"blockSize": 10.0, "disp12MaxDiff": 50.0, "minDisparity": 1.0, "numDisparities": 1.0, "p1": 5.0, "p2": 15.0, "preFilterCap": 50.0, "speckleRange": 0.0, "speckleWindowSize": 1646.6413484436437, "uniquenessRatio": 0.0}, "datetime": {"datetime": "2023-01-21 06:51:26", "elapsed": 4952.824256, "delta": 13.364769}}
{"target": -456006946.5, "params": {"blockSize": 10.0, "disp12MaxDiff": 0.0, "minDisparity": 1.0, "numDisparities": 1.0, "p1": 15.0, "p2": 32.22032379839824, "preFilterCap": 50.0, "speckleRange": 0.0, "speckleWindowSize": 2417.4212021476474, "uniquenessRatio": 0.0}, "datetime": {"datetime": "2023-01-21 06:51:37", "elapsed": 4964.264419, "delta": 11.440163}}
{"target": -4834390592.0, "params": {"blockSize": 3.7446050298265368, "disp12MaxDiff": 43.37748807574301, "minDisparity": 1.8732134968504428, "numDisparities": 7.363693396606321, "p1": 9.246852345070273, "p2": 16.274900090231736, "preFilterCap": 1.254769505293163, "speckleRange": 12.721396122918053, "speckleWindowSize": 1682.0052990892475, "uniquenessRatio": 2.234559553354738}, "datetime": {"datetime": "2023-01-21 06:51:50", "elapsed": 4976.787215, "delta": 12.522796}}
{"target": -589304400.0, "params": {"blockSize": 10.0, "disp12MaxDiff": 0.0, "minDisparity": 1.0, "numDisparities": 1.0, "p1": 5.0, "p2": 60.0, "preFilterCap": 50.0, "speckleRange": 25.0, "speckleWindowSize": 1107.6216388410185, "uniquenessRatio": 7.698481331121127}, "datetime": {"datetime": "2023-01-21 06:52:02", "elapsed": 4989.121412, "delta": 12.334197}}
{"target": -456943014.5, "params": {"blockSize": 2.0, "disp12MaxDiff": 0.0, "minDisparity": 4.0, "numDisparities": 1.0, "p1": 15.0, "p2": 35.659862555887635, "preFilterCap": 29.843540262446822, "speckleRange": 0.0, "speckleWindowSize": 353.8200397402095, "uniquenessRatio": 30.0}, "datetime": {"datetime": "2023-01-21 06:52:17", "elapsed": 5004.118745, "delta": 14.997333}}
{"target": -1111275408.0, "params": {"blockSize": 2.0, "disp12MaxDiff": 0.0, "minDisparity": 4.0, "numDisparities": 1.0, "p1": 5.0, "p2": 60.0, "preFilterCap": 50.0, "speckleRange": 25.0, "speckleWindowSize": 149.13819554844147, "uniquenessRatio": 0.0}, "datetime": {"datetime": "2023-01-21 06:52:30", "elapsed": 5016.920974, "delta": 12.802229}}
{"target": -455807160.25, "params": {"blockSize": 2.0, "disp12MaxDiff": 24.77329493939668, "minDisparity": 1.0, "numDisparities": 1.0, "p1": 5.0, "p2": 15.0, "preFilterCap": 0.0, "speckleRange": 0.0, "speckleWindowSize": 109.50852898418064, "uniquenessRatio": 30.0}, "datetime": {"datetime": "2023-01-21 06:52:43", "elapsed": 5029.939247, "delta": 13.018273}}
{"target": -537717605.25, "params": {"blockSize": 2.0, "disp12MaxDiff": 50.0, "minDisparity": 1.0, "numDisparities": 1.0, "p1": 15.0, "p2": 15.0, "preFilterCap": 0.0, "speckleRange": 25.0, "speckleWindowSize": 473.5511899018342, "uniquenessRatio": 30.0}, "datetime": {"datetime": "2023-01-21 06:52:56", "elapsed": 5043.225611, "delta": 13.286364}}
{"target": -457086724.5, "params": {"blockSize": 10.0, "disp12MaxDiff": 50.0, "minDisparity": 1.0, "numDisparities": 1.0, "p1": 5.0, "p2": 15.0, "preFilterCap": 0.0, "speckleRange": 0.0, "speckleWindowSize": 115.4799501003899, "uniquenessRatio": 0.0}, "datetime": {"datetime": "2023-01-21 06:53:08", "elapsed": 5054.978253, "delta": 11.752642}}
{"target": -583758580.5, "params": {"blockSize": 4.857723794886348, "disp12MaxDiff": 16.968682501793843, "minDisparity": 2.8075250632482174, "numDisparities": 2.3550310895135738, "p1": 13.404413053393379, "p2": 57.19637072977775, "preFilterCap": 48.91864460115636, "speckleRange": 24.30995658425246, "speckleWindowSize": 1452.6437342711993, "uniquenessRatio": 29.293563612324725}, "datetime": {"datetime": "2023-01-21 06:53:21", "elapsed": 5067.687243, "delta": 12.70899}}
{"target": -457251941.75, "params": {"blockSize": 10.0, "disp12MaxDiff": 0.0, "minDisparity": 4.0, "numDisparities": 1.0, "p1": 15.0, "p2": 15.0, "preFilterCap": 50.0, "speckleRange": 0.0, "speckleWindowSize": 2210.3838554152476, "uniquenessRatio": 30.0}, "datetime": {"datetime": "2023-01-21 06:53:33", "elapsed": 5080.231617, "delta": 12.544374}}
{"target": -788770532.5, "params": {"blockSize": 4.481960679375696, "disp12MaxDiff": 49.185064916616675, "minDisparity": 3.4039958850061898, "numDisparities": 3.460661724733438, "p1": 8.282935221077441, "p2": 58.97881990547019, "preFilterCap": 2.6309413497035585, "speckleRange": 24.67739006421815, "speckleWindowSize": 1409.242726455827, "uniquenessRatio": 27.384855987444883}, "datetime": {"datetime": "2023-01-21 06:53:44", "elapsed": 5091.591688, "delta": 11.360071}}
{"target": -455506913.0, "params": {"blockSize": 2.0, "disp12MaxDiff": 0.0, "minDisparity": 1.0, "numDisparities": 1.0, "p1": 15.0, "p2": 60.0, "preFilterCap": 0.0, "speckleRange": 0.0, "speckleWindowSize": 110.63900114849594, "uniquenessRatio": 30.0}, "datetime": {"datetime": "2023-01-21 06:53:57", "elapsed": 5103.708246, "delta": 12.116558}}
{"target": -457708412.0, "params": {"blockSize": 10.0, "disp12MaxDiff": 0.0, "minDisparity": 4.0, "numDisparities": 1.0, "p1": 5.0, "p2": 15.0, "preFilterCap": 0.0, "speckleRange": 25.0, "speckleWindowSize": 121.2490424902889, "uniquenessRatio": 30.0}, "datetime": {"datetime": "2023-01-21 06:54:10", "elapsed": 5117.39056, "delta": 13.682314}}
{"target": -445335837.5, "params": {"blockSize": 10.0, "disp12MaxDiff": 24.485453108106604, "minDisparity": 1.0, "numDisparities": 1.0, "p1": 5.0, "p2": 60.0, "preFilterCap": 0.0, "speckleRange": 25.0, "speckleWindowSize": 115.4863673509808, "uniquenessRatio": 30.0}, "datetime": {"datetime": "2023-01-21 06:54:22", "elapsed": 5129.049451, "delta": 11.658891}}
{"target": -1086743867.0, "params": {"blockSize": 2.0, "disp12MaxDiff": 0.0, "minDisparity": 1.0, "numDisparities": 1.0, "p1": 15.0, "p2": 15.0, "preFilterCap": 50.0, "speckleRange": 25.0, "speckleWindowSize": 1947.5952014747636, "uniquenessRatio": 0.0}, "datetime": {"datetime": "2023-01-21 06:54:34", "elapsed": 5140.788837, "delta": 11.739386}}
{"target": -457400774.25, "params": {"blockSize": 2.0, "disp12MaxDiff": 0.0, "minDisparity": 4.0, "numDisparities": 1.0, "p1": 5.0, "p2": 15.0, "preFilterCap": 50.0, "speckleRange": 0.0, "speckleWindowSize": 618.1134343473907, "uniquenessRatio": 30.0}, "datetime": {"datetime": "2023-01-21 06:54:46", "elapsed": 5153.380303, "delta": 12.591466}}
{"target": -502733174.25, "params": {"blockSize": 2.0, "disp12MaxDiff": 27.138280703737014, "minDisparity": 1.0, "numDisparities": 1.0, "p1": 15.0, "p2": 15.0, "preFilterCap": 0.0, "speckleRange": 25.0, "speckleWindowSize": 1924.955156790512, "uniquenessRatio": 30.0}, "datetime": {"datetime": "2023-01-21 06:54:59", "elapsed": 5165.863987, "delta": 12.483684}}
{"target": -442885837.75, "params": {"blockSize": 10.0, "disp12MaxDiff": 50.0, "minDisparity": 1.0, "numDisparities": 1.0, "p1": 5.0, "p2": 15.0, "preFilterCap": 0.0, "speckleRange": 25.0, "speckleWindowSize": 1894.3864968128073, "uniquenessRatio": 30.0}, "datetime": {"datetime": "2023-01-21 06:55:12", "elapsed": 5178.953919, "delta": 13.089932}}
{"target": -828035583.0, "params": {"blockSize": 9.158623111443926, "disp12MaxDiff": 2.8029010641060834, "minDisparity": 3.885660759652966, "numDisparities": 1.216957608828361, "p1": 8.971216250004836, "p2": 55.865311857111365, "preFilterCap": 5.901351030244401, "speckleRange": 20.129711002450684, "speckleWindowSize": 131.2764386397136, "uniquenessRatio": 5.583744256433068}, "datetime": {"datetime": "2023-01-21 06:55:25", "elapsed": 5192.216848, "delta": 13.262929}}
{"target": -457115192.75, "params": {"blockSize": 2.0, "disp12MaxDiff": 0.0, "minDisparity": 1.0, "numDisparities": 1.0, "p1": 5.0, "p2": 60.0, "preFilterCap": 0.0, "speckleRange": 0.0, "speckleWindowSize": 881.9948977024183, "uniquenessRatio": 30.0}, "datetime": {"datetime": "2023-01-21 06:55:39", "elapsed": 5205.635489, "delta": 13.418641}}
{"target": -658427500.5, "params": {"blockSize": 4.587437095530863, "disp12MaxDiff": 35.18173879458263, "minDisparity": 3.355775426945799, "numDisparities": 3.0194604565118777, "p1": 14.388518177997605, "p2": 15.118997972602461, "preFilterCap": 45.70648381994386, "speckleRange": 15.243921184761772, "speckleWindowSize": 2215.589866110407, "uniquenessRatio": 28.286302875591694}, "datetime": {"datetime": "2023-01-21 06:55:51", "elapsed": 5217.868472, "delta": 12.232983}}
{"target": -457100384.0, "params": {"blockSize": 10.0, "disp12MaxDiff": 19.32293492657754, "minDisparity": 1.0, "numDisparities": 1.0, "p1": 5.0, "p2": 60.0, "preFilterCap": 50.0, "speckleRange": 0.0, "speckleWindowSize": 1820.5087572850252, "uniquenessRatio": 30.0}, "datetime": {"datetime": "2023-01-21 06:56:04", "elapsed": 5231.446945, "delta": 13.578473}}
{"target": -2919103160.0, "params": {"blockSize": 4.334953324175251, "disp12MaxDiff": 22.52578949871808, "minDisparity": 1.102689637894184, "numDisparities": 6.816604431907823, "p1": 12.081665652420604, "p2": 18.186141238396967, "preFilterCap": 16.123952392095454, "speckleRange": 17.395784365932773, "speckleWindowSize": 121.05257604701603, "uniquenessRatio": 11.020319099828766}, "datetime": {"datetime": "2023-01-21 06:56:17", "elapsed": 5244.063977, "delta": 12.617032}}
{"target": -455342293.25, "params": {"blockSize": 10.0, "disp12MaxDiff": 50.0, "minDisparity": 1.0, "numDisparities": 1.0, "p1": 5.0, "p2": 50.45463428891061, "preFilterCap": 50.0, "speckleRange": 0.0, "speckleWindowSize": 1607.3344340297447, "uniquenessRatio": 0.0}, "datetime": {"datetime": "2023-01-21 06:56:30", "elapsed": 5256.647876, "delta": 12.583899}}
{"target": -443976643.25, "params": {"blockSize": 10.0, "disp12MaxDiff": 0.0, "minDisparity": 1.0, "numDisparities": 1.0, "p1": 15.0, "p2": 22.014608826598412, "preFilterCap": 50.0, "speckleRange": 25.0, "speckleWindowSize": 1824.747083526571, "uniquenessRatio": 30.0}, "datetime": {"datetime": "2023-01-21 06:56:43", "elapsed": 5270.550008, "delta": 13.902132}}
{"target": -730952270.0, "params": {"blockSize": 10.0, "disp12MaxDiff": 0.0, "minDisparity": 4.0, "numDisparities": 10.0, "p1": 5.0, "p2": 15.0, "preFilterCap": 27.1604215095636, "speckleRange": 0.0, "speckleWindowSize": 612.8206148003197, "uniquenessRatio": 0.0}, "datetime": {"datetime": "2023-01-21 06:56:58", "elapsed": 5284.830144, "delta": 14.280136}}
{"target": -442935548.75, "params": {"blockSize": 10.0, "disp12MaxDiff": 50.0, "minDisparity": 1.0, "numDisparities": 1.0, "p1": 15.0, "p2": 15.0, "preFilterCap": 50.0, "speckleRange": 25.0, "speckleWindowSize": 1329.3259594747283, "uniquenessRatio": 30.0}, "datetime": {"datetime": "2023-01-21 06:57:09", "elapsed": 5295.649328, "delta": 10.819184}}
{"target": -457122830.75, "params": {"blockSize": 2.0, "disp12MaxDiff": 50.0, "minDisparity": 4.0, "numDisparities": 1.0, "p1": 5.0, "p2": 60.0, "preFilterCap": 0.0, "speckleRange": 0.0, "speckleWindowSize": 523.5483309282455, "uniquenessRatio": 30.0}, "datetime": {"datetime": "2023-01-21 06:57:21", "elapsed": 5308.494492, "delta": 12.845164}}
{"target": -1674891286.0, "params": {"blockSize": 2.0, "disp12MaxDiff": 50.0, "minDisparity": 1.0, "numDisparities": 10.0, "p1": 5.0, "p2": 28.486705873958517, "preFilterCap": 50.0, "speckleRange": 25.0, "speckleWindowSize": 1442.354911782763, "uniquenessRatio": 30.0}, "datetime": {"datetime": "2023-01-21 06:57:36", "elapsed": 5323.2574, "delta": 14.762908}}
{"target": -441571165.0, "params": {"blockSize": 8.945229578238942, "disp12MaxDiff": 42.16912347631562, "minDisparity": 2.8494721854700913, "numDisparities": 1.2834302564277413, "p1": 10.484937932573956, "p2": 15.161474712639478, "preFilterCap": 2.541001552811589, "speckleRange": 2.967397591270862, "speckleWindowSize": 2160.384608684707, "uniquenessRatio": 28.593102227803186}, "datetime": {"datetime": "2023-01-21 06:57:48", "elapsed": 5334.993097, "delta": 11.735697}}
{"target": -498820132.0, "params": {"blockSize": 2.0, "disp12MaxDiff": 0.0, "minDisparity": 1.0, "numDisparities": 1.0, "p1": 15.0, "p2": 50.436123424905794, "preFilterCap": 50.0, "speckleRange": 25.0, "speckleWindowSize": 365.8173775817287, "uniquenessRatio": 30.0}, "datetime": {"datetime": "2023-01-21 06:58:00", "elapsed": 5347.585225, "delta": 12.592128}}
{"target": -820473702.5, "params": {"blockSize": 7.986058458432032, "disp12MaxDiff": 42.55739932107565, "minDisparity": 1.0751571373726576, "numDisparities": 6.115603929088321, "p1": 9.810675307582912, "p2": 57.38609177456826, "preFilterCap": 48.389917627595864, "speckleRange": 23.42757821047825, "speckleWindowSize": 1825.1767775664346, "uniquenessRatio": 27.953956276607613}, "datetime": {"datetime": "2023-01-21 06:58:13", "elapsed": 5359.81133, "delta": 12.226105}}
{"target": -456866510.25, "params": {"blockSize": 10.0, "disp12MaxDiff": 50.0, "minDisparity": 1.0, "numDisparities": 1.0, "p1": 15.0, "p2": 15.0, "preFilterCap": 50.0, "speckleRange": 0.0, "speckleWindowSize": 1624.8599343132382, "uniquenessRatio": 30.0}, "datetime": {"datetime": "2023-01-21 06:58:25", "elapsed": 5372.160237, "delta": 12.348907}}
{"target": -459862291.0, "params": {"blockSize": 10.0, "disp12MaxDiff": 30.21670277016195, "minDisparity": 4.0, "numDisparities": 1.0, "p1": 5.0, "p2": 15.0, "preFilterCap": 50.0, "speckleRange": 25.0, "speckleWindowSize": 166.7446340101034, "uniquenessRatio": 30.0}, "datetime": {"datetime": "2023-01-21 06:58:38", "elapsed": 5385.093639, "delta": 12.933402}}
{"target": -456886461.5, "params": {"blockSize": 10.0, "disp12MaxDiff": 50.0, "minDisparity": 4.0, "numDisparities": 1.0, "p1": 5.0, "p2": 60.0, "preFilterCap": 50.0, "speckleRange": 0.0, "speckleWindowSize": 1386.2423431876678, "uniquenessRatio": 30.0}, "datetime": {"datetime": "2023-01-21 06:58:49", "elapsed": 5395.800151, "delta": 10.706512}}
{"target": -457095360.5, "params": {"blockSize": 10.0, "disp12MaxDiff": 50.0, "minDisparity": 1.0, "numDisparities": 1.0, "p1": 5.0, "p2": 60.0, "preFilterCap": 50.0, "speckleRange": 0.0, "speckleWindowSize": 1855.0008756313794, "uniquenessRatio": 30.0}, "datetime": {"datetime": "2023-01-21 06:59:00", "elapsed": 5406.759266, "delta": 10.959115}}
{"target": -503851687.0, "params": {"blockSize": 10.0, "disp12MaxDiff": 0.0, "minDisparity": 1.0, "numDisparities": 10.0, "p1": 15.0, "p2": 15.0, "preFilterCap": 29.42102348711179, "speckleRange": 0.0, "speckleWindowSize": 642.662792898457, "uniquenessRatio": 30.0}, "datetime": {"datetime": "2023-01-21 06:59:12", "elapsed": 5419.398028, "delta": 12.638762}}
{"target": -457079874.25, "params": {"blockSize": 10.0, "disp12MaxDiff": 0.0, "minDisparity": 4.0, "numDisparities": 1.0, "p1": 15.0, "p2": 60.0, "preFilterCap": 0.0, "speckleRange": 0.0, "speckleWindowSize": 2433.183987872997, "uniquenessRatio": 30.0}, "datetime": {"datetime": "2023-01-21 06:59:25", "elapsed": 5431.964919, "delta": 12.566891}}
{"target": -447135240.75, "params": {"blockSize": 10.0, "disp12MaxDiff": 0.0, "minDisparity": 4.0, "numDisparities": 1.0, "p1": 15.0, "p2": 47.008195973537504, "preFilterCap": 18.83344578396139, "speckleRange": 25.0, "speckleWindowSize": 1700.8333614687458, "uniquenessRatio": 30.0}, "datetime": {"datetime": "2023-01-21 06:59:36", "elapsed": 5442.984468, "delta": 11.019549}}
{"target": -477745485.25, "params": {"blockSize": 5.093145573148947, "disp12MaxDiff": 46.11843357139357, "minDisparity": 3.7329011827743876, "numDisparities": 3.790347718978997, "p1": 9.594760961977402, "p2": 17.137541577663193, "preFilterCap": 1.5433019080446753, "speckleRange": 0.6517170343086298, "speckleWindowSize": 1896.8370481171517, "uniquenessRatio": 0.7835350650277484}, "datetime": {"datetime": "2023-01-21 06:59:49", "elapsed": 5455.704442, "delta": 12.719974}}
{"target": -455882992.75, "params": {"blockSize": 10.0, "disp12MaxDiff": 0.0, "minDisparity": 1.0, "numDisparities": 1.0, "p1": 15.0, "p2": 60.0, "preFilterCap": 0.0, "speckleRange": 0.0, "speckleWindowSize": 805.6469206351145, "uniquenessRatio": 0.0}, "datetime": {"datetime": "2023-01-21 07:00:01", "elapsed": 5468.378258, "delta": 12.673816}}
{"target": -646766108.0, "params": {"blockSize": 2.0, "disp12MaxDiff": 0.0, "minDisparity": 4.0, "numDisparities": 1.0, "p1": 15.0, "p2": 60.0, "preFilterCap": 50.0, "speckleRange": 25.0, "speckleWindowSize": 0.0, "uniquenessRatio": 30.0}, "datetime": {"datetime": "2023-01-21 07:00:13", "elapsed": 5480.482729, "delta": 12.104471}}
{"target": -457255213.25, "params": {"blockSize": 10.0, "disp12MaxDiff": 50.0, "minDisparity": 4.0, "numDisparities": 1.0, "p1": 5.0, "p2": 60.0, "preFilterCap": 50.0, "speckleRange": 0.0, "speckleWindowSize": 1650.0141175146373, "uniquenessRatio": 0.0}, "datetime": {"datetime": "2023-01-21 07:00:25", "elapsed": 5492.148445, "delta": 11.665716}}
{"target": -1460339652.5, "params": {"blockSize": 2.0, "disp12MaxDiff": 0.0, "minDisparity": 1.0, "numDisparities": 10.0, "p1": 15.0, "p2": 60.0, "preFilterCap": 31.365764655193704, "speckleRange": 25.0, "speckleWindowSize": 527.2062006085688, "uniquenessRatio": 30.0}, "datetime": {"datetime": "2023-01-21 07:00:39", "elapsed": 5506.178463, "delta": 14.030018}}
{"target": -630479806.5, "params": {"blockSize": 2.0, "disp12MaxDiff": 50.0, "minDisparity": 1.0, "numDisparities": 1.0, "p1": 5.0, "p2": 60.0, "preFilterCap": 0.0, "speckleRange": 25.0, "speckleWindowSize": 92.29972787127683, "uniquenessRatio": 30.0}, "datetime": {"datetime": "2023-01-21 07:00:54", "elapsed": 5521.427009, "delta": 15.248546}}
{"target": -457821172.0, "params": {"blockSize": 2.0, "disp12MaxDiff": 0.0, "minDisparity": 1.0, "numDisparities": 1.0, "p1": 5.0, "p2": 15.0, "preFilterCap": 50.0, "speckleRange": 0.0, "speckleWindowSize": 1840.1316917566662, "uniquenessRatio": 30.0}, "datetime": {"datetime": "2023-01-21 07:01:10", "elapsed": 5536.801592, "delta": 15.374583}}
{"target": -456866736.25, "params": {"blockSize": 10.0, "disp12MaxDiff": 0.0, "minDisparity": 1.0, "numDisparities": 1.0, "p1": 15.0, "p2": 60.0, "preFilterCap": 0.0, "speckleRange": 0.0, "speckleWindowSize": 2287.3763655089274, "uniquenessRatio": 30.0}, "datetime": {"datetime": "2023-01-21 07:01:22", "elapsed": 5548.69956, "delta": 11.897968}}
{"target": -456137453.0, "params": {"blockSize": 10.0, "disp12MaxDiff": 27.474891839725643, "minDisparity": 4.0, "numDisparities": 1.0, "p1": 15.0, "p2": 15.0, "preFilterCap": 50.0, "speckleRange": 0.0, "speckleWindowSize": 1487.3941814467191, "uniquenessRatio": 14.404734629625198}, "datetime": {"datetime": "2023-01-21 07:01:34", "elapsed": 5561.356341, "delta": 12.656781}}
{"target": -454984328.0, "params": {"blockSize": 10.0, "disp12MaxDiff": 50.0, "minDisparity": 1.0, "numDisparities": 1.0, "p1": 5.0, "p2": 15.0, "preFilterCap": 0.0, "speckleRange": 0.0, "speckleWindowSize": 444.4195349482978, "uniquenessRatio": 30.0}, "datetime": {"datetime": "2023-01-21 07:01:47", "elapsed": 5573.673118, "delta": 12.316777}}
{"target": -456347007.25, "params": {"blockSize": 10.0, "disp12MaxDiff": 50.0, "minDisparity": 1.0, "numDisparities": 1.0, "p1": 15.0, "p2": 35.45531239612211, "preFilterCap": 23.782453269467375, "speckleRange": 0.0, "speckleWindowSize": 1327.540166750526, "uniquenessRatio": 30.0}, "datetime": {"datetime": "2023-01-21 07:02:00", "elapsed": 5587.492615, "delta": 13.819497}}
{"target": -500375252.75, "params": {"blockSize": 10.0, "disp12MaxDiff": 50.0, "minDisparity": 4.0, "numDisparities": 10.0, "p1": 5.0, "p2": 60.0, "preFilterCap": 0.0, "speckleRange": 0.0, "speckleWindowSize": 810.0334168947281, "uniquenessRatio": 30.0}, "datetime": {"datetime": "2023-01-21 07:02:13", "elapsed": 5600.016023, "delta": 12.523408}}
{"target": -457061358.25, "params": {"blockSize": 10.0, "disp12MaxDiff": 0.0, "minDisparity": 4.0, "numDisparities": 1.0, "p1": 15.0, "p2": 33.876359882455205, "preFilterCap": 50.0, "speckleRange": 0.0, "speckleWindowSize": 1808.5816245206781, "uniquenessRatio": 30.0}, "datetime": {"datetime": "2023-01-21 07:02:25", "elapsed": 5612.445157, "delta": 12.429134}}
{"target": -3264725052.0, "params": {"blockSize": 3.1649964425727797, "disp12MaxDiff": 2.74727288364745, "minDisparity": 3.604538631535188, "numDisparities": 4.116874075675323, "p1": 5.659647731368411, "p2": 59.4950865030669, "preFilterCap": 48.54248827076351, "speckleRange": 24.977572946768717, "speckleWindowSize": 1485.0584701052655, "uniquenessRatio": 0.9108044577707042}, "datetime": {"datetime": "2023-01-21 07:02:41", "elapsed": 5628.231543, "delta": 15.786386}}
{"target": -1345409202.0, "params": {"blockSize": 2.918883900839959, "disp12MaxDiff": 46.44517641312187, "minDisparity": 3.522160141327695, "numDisparities": 7.436882998384486, "p1": 11.838413292109498, "p2": 26.05157677927575, "preFilterCap": 2.6372601102540805, "speckleRange": 1.0931318120052713, "speckleWindowSize": 89.99545409619446, "uniquenessRatio": 29.43570724885639}, "datetime": {"datetime": "2023-01-21 07:02:59", "elapsed": 5645.663256, "delta": 17.431713}}
