{"target": -740266342.5, "params": {"blockSize": 6.95777270363185, "disp12MaxDiff": 24.00764105688143, "minDisparity": 1.8135959970668076, "numDisparities": 6.293626423906147, "p1": 12.583316400997852, "p2": 57.44422878942393, "preFilterCap": 5.044569403976179, "speckleRange": 2.3150643291652226, "speckleWindowSize": 1239.5856843933752, "uniquenessRatio": 27.556559826725422}, "datetime": {"datetime": "2023-01-21 05:44:13", "elapsed": 919.739749, "delta": 9.379355}}
{"target": -456810112.0, "params": {"blockSize": 10.0, "disp12MaxDiff": 0.0, "minDisparity": 4.0, "numDisparities": 1.0, "p1": 15.0, "p2": 36.81614819962937, "preFilterCap": 50.0, "speckleRange": 0.0, "speckleWindowSize": 1614.8456248440912, "uniquenessRatio": 6.677532050445193}, "datetime": {"datetime": "2023-01-21 05:44:22", "elapsed": 929.507591, "delta": 9.767842}}
{"target": -588539068.75, "params": {"blockSize": 8.975495403671543, "disp12MaxDiff": 38.20078275534248, "minDisparity": 1.1855954967409559, "numDisparities": 3.513935501028672, "p1": 7.366389205954609, "p2": 56.79184898853228, "preFilterCap": 22.55638993626064, "speckleRange": 11.468894699499248, "speckleWindowSize": 1186.9902274603955, "uniquenessRatio": 24.938074193177382}, "datetime": {"datetime": "2023-01-21 05:44:31", "elapsed": 938.576442, "delta": 9.068851}}
{"target": -1870076223.0, "params": {"blockSize": 5.3406784692086156, "disp12MaxDiff": 19.040322762476126, "minDisparity": 2.272713515992014, "numDisparities": 9.560374882796891, "p1": 8.458599681337084, "p2": 30.43976904571832, "preFilterCap": 11.60433390299535, "speckleRange": 5.182190402244413, "speckleWindowSize": 159.1854480426985, "uniquenessRatio": 22.444974369975036}, "datetime": {"datetime": "2023-01-21 05:44:41", "elapsed": 948.308396, "delta": 9.731954}}
{"target": -440907193.75, "params": {"blockSize": 10.0, "disp12MaxDiff": 49.8975486388657, "minDisparity": 1.4530453095211087, "numDisparities": 1.0, "p1": 5.0, "p2": 47.3580706118143, "preFilterCap": 20.832918792779896, "speckleRange": 17.34693332253142, "speckleWindowSize": 1217.4848279300413, "uniquenessRatio": 30.0}, "datetime": {"datetime": "2023-01-21 05:44:50", "elapsed": 957.353521, "delta": 9.045125}}
{"target": -474708458.25, "params": {"blockSize": 10.0, "disp12MaxDiff": 0.0, "minDisparity": 4.0, "numDisparities": 1.0, "p1": 5.0, "p2": 43.16178515810869, "preFilterCap": 47.84975374531724, "speckleRange": 25.0, "speckleWindowSize": 1585.966180623987, "uniquenessRatio": 15.5529548975362}, "datetime": {"datetime": "2023-01-21 05:45:00", "elapsed": 966.962635, "delta": 9.609114}}
{"target": -457364295.75, "params": {"blockSize": 2.0, "disp12MaxDiff": 0.0, "minDisparity": 4.0, "numDisparities": 1.0, "p1": 15.0, "p2": 52.81841367598873, "preFilterCap": 14.973727362161764, "speckleRange": 0.0, "speckleWindowSize": 1580.587447242521, "uniquenessRatio": 30.0}, "datetime": {"datetime": "2023-01-21 05:45:10", "elapsed": 976.828835, "delta": 9.8662}}
{"target": -700501691.0, "params": {"blockSize": 7.901461652682903, "disp12MaxDiff": 18.40217371950923, "minDisparity": 3.120889514936712, "numDisparities": 4.641281884950656, "p1": 5.962969461558031, "p2": 21.582346378682864, "preFilterCap": 42.30887487618819, "speckleRange": 19.76512282684033, "speckleWindowSize": 2400.2741968123787, "uniquenessRatio": 26.18279272681753}, "datetime": {"datetime": "2023-01-21 05:45:19", "elapsed": 986.069056, "delta": 9.240221}}
{"target": -4667812948.0, "params": {"blockSize": 2.938658670579904, "disp12MaxDiff": 38.15013538472791, "minDisparity": 3.0167958489179174, "numDisparities": 7.799692060005863, "p1": 14.08407246181562, "p2": 35.693170597349614, "preFilterCap": 28.87299688369584, "speckleRange": 20.072962834244198, "speckleWindowSize": 348.3841708098637, "uniquenessRatio": 5.01171501293628}, "datetime": {"datetime": "2023-01-21 05:45:29", "elapsed": 996.001162, "delta": 9.932106}}
{"target": -771057763.5, "params": {"blockSize": 6.841001050035891, "disp12MaxDiff": 6.3443910347354855, "minDisparity": 3.670977145072919, "numDisparities": 2.3232889256407794, "p1": 7.235097747572009, "p2": 57.92368392016309, "preFilterCap": 35.05901016840916, "speckleRange": 16.337624833637836, "speckleWindowSize": 493.89998295303604, "uniquenessRatio": 18.998652591592172}, "datetime": {"datetime": "2023-01-21 05:45:38", "elapsed": 1005.564508, "delta": 9.563346}}
{"target": -479722268.75, "params": {"blockSize": 6.014700398958865, "disp12MaxDiff": 29.57404112130016, "minDisparity": 3.5660528223421344, "numDisparities": 1.8300737511216216, "p1": 8.09916664484167, "p2": 34.67031505314751, "preFilterCap": 7.0384861570212784, "speckleRange": 17.2016702875736, "speckleWindowSize": 668.244327374981, "uniquenessRatio": 23.216237524505377}, "datetime": {"datetime": "2023-01-21 05:45:48", "elapsed": 1014.838958, "delta": 9.27445}}
{"target": -1039289973.0, "params": {"blockSize": 2.0, "disp12MaxDiff": 0.0, "minDisparity": 4.0, "numDisparities": 1.0, "p1": 15.0, "p2": 33.33348704027072, "preFilterCap": 38.090315449353824, "speckleRange": 9.501154016723527, "speckleWindowSize": 1562.540607719887, "uniquenessRatio": 3.0825038608941857}, "datetime": {"datetime": "2023-01-21 05:45:58", "elapsed": 1025.409123, "delta": 10.570165}}
{"target": -457413892.25, "params": {"blockSize": 10.0, "disp12MaxDiff": 0.0, "minDisparity": 4.0, "numDisparities": 1.0, "p1": 15.0, "p2": 55.90450616744816, "preFilterCap": 18.684480327515576, "speckleRange": 0.0, "speckleWindowSize": 1604.2042638335254, "uniquenessRatio": 0.0}, "datetime": {"datetime": "2023-01-21 05:46:08", "elapsed": 1035.278854, "delta": 9.869731}}
{"target": -1012100136.5, "params": {"blockSize": 5.7139155406455915, "disp12MaxDiff": 7.89423675707413, "minDisparity": 2.7256165259251994, "numDisparities": 7.303972491873682, "p1": 5.33249442502651, "p2": 58.296464928646, "preFilterCap": 26.14988814554981, "speckleRange": 1.4681223939611714, "speckleWindowSize": 1120.2680484188274, "uniquenessRatio": 22.246496286083296}, "datetime": {"datetime": "2023-01-21 05:46:18", "elapsed": 1044.886835, "delta": 9.607981}}
{"target": -883157249.5, "params": {"blockSize": 6.710002732898706, "disp12MaxDiff": 8.909301632190553, "minDisparity": 1.6871008876847926, "numDisparities": 7.323609154375958, "p1": 12.324069447098243, "p2": 21.300934951826243, "preFilterCap": 14.10494187454468, "speckleRange": 8.326910537671314, "speckleWindowSize": 439.1712839104425, "uniquenessRatio": 28.220359655248032}, "datetime": {"datetime": "2023-01-21 05:46:27", "elapsed": 1053.979621, "delta": 9.092786}}
{"target": -1933297574.0, "params": {"blockSize": 5.06715968081451, "disp12MaxDiff": 29.675329135628903, "minDisparity": 3.955603019285287, "numDisparities": 5.408599656195759, "p1": 5.528769533102226, "p2": 34.12453621850773, "preFilterCap": 35.144203653529296, "speckleRange": 3.1986242945299033, "speckleWindowSize": 1346.289174383178, "uniquenessRatio": 10.151698905658735}, "datetime": {"datetime": "2023-01-21 05:46:37", "elapsed": 1064.093047, "delta": 10.113426}}
{"target": -440946566.0, "params": {"blockSize": 10.0, "disp12MaxDiff": 43.26139879759701, "minDisparity": 1.440801722509715, "numDisparities": 1.0, "p1": 5.0, "p2": 35.25476712661992, "preFilterCap": 4.320335684557957, "speckleRange": 18.76078491037754, "speckleWindowSize": 1254.2145210979431, "uniquenessRatio": 30.0}, "datetime": {"datetime": "2023-01-21 05:46:46", "elapsed": 1073.119772, "delta": 9.026725}}
{"target": -457299741.0, "params": {"blockSize": 10.0, "disp12MaxDiff": 24.91422267222337, "minDisparity": 4.0, "numDisparities": 1.0, "p1": 5.0, "p2": 32.40148047302885, "preFilterCap": 50.0, "speckleRange": 0.0, "speckleWindowSize": 2280.7739818335617, "uniquenessRatio": 30.0}, "datetime": {"datetime": "2023-01-21 05:46:55", "elapsed": 1082.315336, "delta": 9.195564}}
{"target": -440646715.75, "params": {"blockSize": 10.0, "disp12MaxDiff": 26.678913020212608, "minDisparity": 1.0, "numDisparities": 1.0, "p1": 15.0, "p2": 60.0, "preFilterCap": 36.31768229737131, "speckleRange": 25.0, "speckleWindowSize": 822.7677849555523, "uniquenessRatio": 30.0}, "datetime": {"datetime": "2023-01-21 05:47:04", "elapsed": 1091.275797, "delta": 8.960461}}
{"target": -2070577874.0, "params": {"blockSize": 4.694259077039117, "disp12MaxDiff": 20.850084271950386, "minDisparity": 2.0235557146902114, "numDisparities": 2.6069356526993404, "p1": 7.742945399006928, "p2": 52.58779580860504, "preFilterCap": 34.267283182748706, "speckleRange": 16.264573924534158, "speckleWindowSize": 1408.2381122943443, "uniquenessRatio": 0.21385048898461156}, "datetime": {"datetime": "2023-01-21 05:47:14", "elapsed": 1100.627546, "delta": 9.351749}}
{"target": -5178766976.0, "params": {"blockSize": 2.0621833187893897, "disp12MaxDiff": 13.743092915631133, "minDisparity": 3.066927185451641, "numDisparities": 8.80512186430153, "p1": 5.692570688026334, "p2": 59.45569405898566, "preFilterCap": 25.99826419239856, "speckleRange": 3.306140931457027, "speckleWindowSize": 2042.34124491759, "uniquenessRatio": 0.8267586621739087}, "datetime": {"datetime": "2023-01-21 05:47:23", "elapsed": 1110.214838, "delta": 9.587292}}
{"target": -456257940.5, "params": {"blockSize": 10.0, "disp12MaxDiff": 25.604758600379068, "minDisparity": 1.6076536071283074, "numDisparities": 1.0, "p1": 10.462369948535075, "p2": 37.467303774841014, "preFilterCap": 0.0, "speckleRange": 0.0, "speckleWindowSize": 1279.3077021925315, "uniquenessRatio": 30.0}, "datetime": {"datetime": "2023-01-21 05:47:32", "elapsed": 1119.099518, "delta": 8.88468}}
{"target": -456821243.5, "params": {"blockSize": 10.0, "disp12MaxDiff": 43.27368847458536, "minDisparity": 2.8845293712796782, "numDisparities": 1.0, "p1": 7.8410765320157, "p2": 48.26503391150325, "preFilterCap": 29.01989300403733, "speckleRange": 0.0, "speckleWindowSize": 1265.968879421238, "uniquenessRatio": 30.0}, "datetime": {"datetime": "2023-01-21 05:47:41", "elapsed": 1128.094476, "delta": 8.994958}}
{"target": -456506340.0, "params": {"blockSize": 10.0, "disp12MaxDiff": 43.060296610056476, "minDisparity": 4.0, "numDisparities": 1.0, "p1": 15.0, "p2": 60.0, "preFilterCap": 44.679172259176816, "speckleRange": 0.0, "speckleWindowSize": 1209.2726752141682, "uniquenessRatio": 30.0}, "datetime": {"datetime": "2023-01-21 05:47:50", "elapsed": 1137.101384, "delta": 9.006908}}
{"target": -447271729.5, "params": {"blockSize": 10.0, "disp12MaxDiff": 20.337261180639413, "minDisparity": 4.0, "numDisparities": 1.0, "p1": 5.0, "p2": 55.13026112316554, "preFilterCap": 17.024425331987796, "speckleRange": 25.0, "speckleWindowSize": 1271.0026868940595, "uniquenessRatio": 30.0}, "datetime": {"datetime": "2023-01-21 05:47:59", "elapsed": 1146.252106, "delta": 9.150722}}
{"target": -3503662418.0, "params": {"blockSize": 7.753990927302989, "disp12MaxDiff": 41.25142852131669, "minDisparity": 1.933716302417212, "numDisparities": 8.433289996990435, "p1": 6.155653933355901, "p2": 18.69718802960304, "preFilterCap": 42.222376767825224, "speckleRange": 21.465374957788708, "speckleWindowSize": 2062.5890533574225, "uniquenessRatio": 7.437446844529322}, "datetime": {"datetime": "2023-01-21 05:48:09", "elapsed": 1156.128192, "delta": 9.876086}}
{"target": -824808198.0, "params": {"blockSize": 5.334887511942657, "disp12MaxDiff": 21.447706455135386, "minDisparity": 2.2030948707888753, "numDisparities": 5.837973858786069, "p1": 12.12613259827859, "p2": 25.69279527930311, "preFilterCap": 33.9167044072839, "speckleRange": 12.250909311880958, "speckleWindowSize": 1982.7555055083074, "uniquenessRatio": 28.673731188430796}, "datetime": {"datetime": "2023-01-21 05:48:18", "elapsed": 1165.520538, "delta": 9.392346}}
{"target": -3695369316.0, "params": {"blockSize": 6.048522610781543, "disp12MaxDiff": 38.313758168753864, "minDisparity": 2.9045751516033658, "numDisparities": 5.396665962327596, "p1": 7.962740438049138, "p2": 47.17448613406884, "preFilterCap": 7.435202851854816, "speckleRange": 8.36601588285777, "speckleWindowSize": 1275.3326597309097, "uniquenessRatio": 1.6188582075184155}, "datetime": {"datetime": "2023-01-21 05:48:28", "elapsed": 1175.369948, "delta": 9.84941}}
{"target": -801350602.5, "params": {"blockSize": 5.155281244139952, "disp12MaxDiff": 31.204282480633587, "minDisparity": 3.279063943082047, "numDisparities": 4.322223079316739, "p1": 11.945401801516565, "p2": 17.457964066740807, "preFilterCap": 31.345903380303003, "speckleRange": 6.064942833275514, "speckleWindowSize": 2264.597972151853, "uniquenessRatio": 24.056012209177062}, "datetime": {"datetime": "2023-01-21 05:48:38", "elapsed": 1185.068276, "delta": 9.698328}}
{"target": -460689530.25, "params": {"blockSize": 2.0, "disp12MaxDiff": 0.0, "minDisparity": 1.0, "numDisparities": 1.0, "p1": 15.0, "p2": 26.15706255405996, "preFilterCap": 50.0, "speckleRange": 25.0, "speckleWindowSize": 2313.97548681657, "uniquenessRatio": 30.0}, "datetime": {"datetime": "2023-01-21 05:48:48", "elapsed": 1194.916536, "delta": 9.84826}}
{"target": -842699109.5, "params": {"blockSize": 9.406172513368276, "disp12MaxDiff": 1.9608089748765545, "minDisparity": 1.7944362764065, "numDisparities": 2.66507372948365, "p1": 9.009043324943082, "p2": 26.330755829565664, "preFilterCap": 29.074254367517533, "speckleRange": 4.955930198490788, "speckleWindowSize": 1597.986664710124, "uniquenessRatio": 5.3567867047755335}, "datetime": {"datetime": "2023-01-21 05:48:58", "elapsed": 1204.988267, "delta": 10.071731}}
{"target": -447764503.25, "params": {"blockSize": 10.0, "disp12MaxDiff": 0.0, "minDisparity": 4.0, "numDisparities": 1.0, "p1": 5.0, "p2": 15.0, "preFilterCap": 12.278655041894027, "speckleRange": 25.0, "speckleWindowSize": 2293.8669031618397, "uniquenessRatio": 30.0}, "datetime": {"datetime": "2023-01-21 05:49:07", "elapsed": 1213.963112, "delta": 8.974845}}
{"target": -1164046030.5, "params": {"blockSize": 4.048218653466843, "disp12MaxDiff": 15.94863719061237, "minDisparity": 3.3057148203018394, "numDisparities": 6.813703361494833, "p1": 5.777164143992508, "p2": 47.7279723734901, "preFilterCap": 13.96876524722807, "speckleRange": 18.85912943325344, "speckleWindowSize": 1904.601859279193, "uniquenessRatio": 26.523249508757374}, "datetime": {"datetime": "2023-01-21 05:49:17", "elapsed": 1223.623152, "delta": 9.66004}}
{"target": -439245705.0, "params": {"blockSize": 10.0, "disp12MaxDiff": 50.0, "minDisparity": 1.0, "numDisparities": 1.0, "p1": 5.0, "p2": 15.0, "preFilterCap": 0.0, "speckleRange": 22.40031468652724, "speckleWindowSize": 1047.102956684811, "uniquenessRatio": 23.96942456360674}, "datetime": {"datetime": "2023-01-21 05:49:25", "elapsed": 1232.616298, "delta": 8.993146}}
{"target": -455805568.25, "params": {"blockSize": 10.0, "disp12MaxDiff": 31.88974490748372, "minDisparity": 1.0, "numDisparities": 1.0, "p1": 5.0, "p2": 15.0, "preFilterCap": 0.0, "speckleRange": 0.0, "speckleWindowSize": 1041.2051276209156, "uniquenessRatio": 0.0}, "datetime": {"datetime": "2023-01-21 05:49:35", "elapsed": 1242.438172, "delta": 9.821874}}
{"target": -2130579702.0, "params": {"blockSize": 3.4873418316490206, "disp12MaxDiff": 16.906361881030445, "minDisparity": 2.885935373218828, "numDisparities": 2.937036768252237, "p1": 9.285011529955739, "p2": 16.059281940803746, "preFilterCap": 39.466416363938094, "speckleRange": 11.286216339446757, "speckleWindowSize": 1756.2539232952115, "uniquenessRatio": 5.5275275471452625}, "datetime": {"datetime": "2023-01-21 05:49:45", "elapsed": 1252.516236, "delta": 10.078064}}
{"target": -980887023.5, "params": {"blockSize": 9.178349271220773, "disp12MaxDiff": 30.750772798959307, "minDisparity": 3.082869540377948, "numDisparities": 6.285212176535396, "p1": 6.840649741216436, "p2": 41.69356974212936, "preFilterCap": 25.693306718223152, "speckleRange": 13.083499151962291, "speckleWindowSize": 1562.4787820837432, "uniquenessRatio": 21.932239483882288}, "datetime": {"datetime": "2023-01-21 05:49:55", "elapsed": 1261.690556, "delta": 9.17432}}
{"target": -467569890.25, "params": {"blockSize": 7.5648934100309155, "disp12MaxDiff": 2.2144386386007744, "minDisparity": 3.5015021610152166, "numDisparities": 5.844566080863662, "p1": 9.71856138193246, "p2": 29.82848676962242, "preFilterCap": 47.751201947701716, "speckleRange": 0.6693546684576057, "speckleWindowSize": 1581.8432372279356, "uniquenessRatio": 28.298291067082385}, "datetime": {"datetime": "2023-01-21 05:50:04", "elapsed": 1270.961941, "delta": 9.271385}}
{"target": -460073163.25, "params": {"blockSize": 10.0, "disp12MaxDiff": 19.82402236862362, "minDisparity": 4.0, "numDisparities": 1.0, "p1": 15.0, "p2": 48.617735351105246, "preFilterCap": 50.0, "speckleRange": 25.0, "speckleWindowSize": 1746.4583559893492, "uniquenessRatio": 21.638744956799147}, "datetime": {"datetime": "2023-01-21 05:50:13", "elapsed": 1279.959025, "delta": 8.997084}}
{"target": -1582752965.0, "params": {"blockSize": 5.883423594727509, "disp12MaxDiff": 17.90402907497974, "minDisparity": 1.6602128010954984, "numDisparities": 4.799855177406869, "p1": 8.21687308361718, "p2": 37.25427648157927, "preFilterCap": 15.024024890972603, "speckleRange": 5.00309802038901, "speckleWindowSize": 1256.559493527335, "uniquenessRatio": 14.39487813733251}, "datetime": {"datetime": "2023-01-21 05:50:23", "elapsed": 1289.942573, "delta": 9.983548}}
{"target": -546179573.75, "params": {"blockSize": 9.862168870731761, "disp12MaxDiff": 27.690245205582954, "minDisparity": 2.5207314888104486, "numDisparities": 3.841521652659176, "p1": 11.661394841165382, "p2": 23.254175638379763, "preFilterCap": 23.143354357067025, "speckleRange": 23.425654838003254, "speckleWindowSize": 1262.3029590369272, "uniquenessRatio": 29.165302363305557}, "datetime": {"datetime": "2023-01-21 05:50:32", "elapsed": 1299.005868, "delta": 9.063295}}
{"target": -465096233.25, "params": {"blockSize": 3.9063078431549387, "disp12MaxDiff": 28.170932496786588, "minDisparity": 1.294895090994075, "numDisparities": 5.271432180846586, "p1": 11.840357970695566, "p2": 20.10274906758103, "preFilterCap": 1.2193011130275766, "speckleRange": 0.22094207899929774, "speckleWindowSize": 1258.887443535593, "uniquenessRatio": 29.93344896804552}, "datetime": {"datetime": "2023-01-21 05:50:42", "elapsed": 1308.757706, "delta": 9.751838}}
{"target": -935097695.5, "params": {"blockSize": 8.814311212769468, "disp12MaxDiff": 18.422735723364603, "minDisparity": 2.2629639533185513, "numDisparities": 6.47947799275311, "p1": 12.992841346331252, "p2": 59.543452368905726, "preFilterCap": 22.208835935203115, "speckleRange": 11.86304040086581, "speckleWindowSize": 1206.228048960526, "uniquenessRatio": 22.294317806156574}, "datetime": {"datetime": "2023-01-21 05:50:51", "elapsed": 1317.954856, "delta": 9.19715}}
{"target": -741927024.5, "params": {"blockSize": 6.101631764130953, "disp12MaxDiff": 15.925536175304122, "minDisparity": 1.4567856818941787, "numDisparities": 3.6825241222409586, "p1": 14.446628421477822, "p2": 32.21666214335839, "preFilterCap": 16.233238514124793, "speckleRange": 5.365908122852042, "speckleWindowSize": 1249.9420958093208, "uniquenessRatio": 17.328431107010182}, "datetime": {"datetime": "2023-01-21 05:51:00", "elapsed": 1327.544665, "delta": 9.589809}}
{"target": -565465414.75, "params": {"blockSize": 6.547659119240414, "disp12MaxDiff": 31.19413737968931, "minDisparity": 3.6492691287327688, "numDisparities": 3.5792066724042964, "p1": 11.562729926726742, "p2": 25.476881336756612, "preFilterCap": 12.32508703327917, "speckleRange": 3.994262413209801, "speckleWindowSize": 1228.1143616172978, "uniquenessRatio": 29.86397862933763}, "datetime": {"datetime": "2023-01-21 05:51:10", "elapsed": 1336.752671, "delta": 9.208006}}
{"target": -1241846278.0, "params": {"blockSize": 7.750096966046974, "disp12MaxDiff": 7.42107363976392, "minDisparity": 2.4277185195175983, "numDisparities": 9.027006073949034, "p1": 12.098666080816612, "p2": 20.536102084907647, "preFilterCap": 7.357387598024095, "speckleRange": 7.92613818420084, "speckleWindowSize": 445.00844238403727, "uniquenessRatio": 23.692895950886232}, "datetime": {"datetime": "2023-01-21 05:51:19", "elapsed": 1346.018339, "delta": 9.265668}}
{"target": -698597576.5, "params": {"blockSize": 4.097412977714358, "disp12MaxDiff": 4.854509678742602, "minDisparity": 1.374710583289554, "numDisparities": 3.176504189769312, "p1": 5.844585798160187, "p2": 58.93645518900195, "preFilterCap": 26.807091880375562, "speckleRange": 2.7687563856293256, "speckleWindowSize": 1118.2696360413627, "uniquenessRatio": 19.93519894025311}, "datetime": {"datetime": "2023-01-21 05:51:29", "elapsed": 1355.791601, "delta": 9.773262}}
{"target": -771461119.5, "params": {"blockSize": 6.11789245746515, "disp12MaxDiff": 4.593221937139669, "minDisparity": 3.3755273544856528, "numDisparities": 3.3259269341158175, "p1": 7.252403787472775, "p2": 46.595694300864196, "preFilterCap": 34.4724579808139, "speckleRange": 15.775363132615267, "speckleWindowSize": 2246.7530680636, "uniquenessRatio": 19.288425427522533}, "datetime": {"datetime": "2023-01-21 05:51:38", "elapsed": 1365.227343, "delta": 9.435742}}
{"target": -857882936.5, "params": {"blockSize": 6.554176254785648, "disp12MaxDiff": 39.25063788361386, "minDisparity": 3.2561489643060018, "numDisparities": 7.462186014290732, "p1": 10.033176155446295, "p2": 15.80488539254807, "preFilterCap": 23.62908600126014, "speckleRange": 6.127384731915739, "speckleWindowSize": 2270.6069569469405, "uniquenessRatio": 25.647992754923724}, "datetime": {"datetime": "2023-01-21 05:51:47", "elapsed": 1374.44939, "delta": 9.222047}}
{"target": -454872320.5, "params": {"blockSize": 10.0, "disp12MaxDiff": 46.42627486014917, "minDisparity": 1.0, "numDisparities": 1.0, "p1": 5.0, "p2": 46.89475857200226, "preFilterCap": 0.0, "speckleRange": 0.0, "speckleWindowSize": 1047.0980938412974, "uniquenessRatio": 20.677297229294698}, "datetime": {"datetime": "2023-01-21 05:51:57", "elapsed": 1383.789909, "delta": 9.340519}}
