{"target": -705011835.0, "params": {"blockSize": 10.0, "disp12MaxDiff": 0.0, "minDisparity": 4.0, "numDisparities": 10.0, "p1": 5.0, "p2": 60.0, "preFilterCap": 0.0, "speckleRange": 0.0, "speckleWindowSize": 1566.9934193162726, "uniquenessRatio": 0.0}, "datetime": {"datetime": "2023-01-21 05:52:06", "elapsed": 1393.606195, "delta": 9.816286}}
{"target": -778888033.0, "params": {"blockSize": 6.5735563293705574, "disp12MaxDiff": 4.9846955891874325, "minDisparity": 1.0017977643191487, "numDisparities": 5.546979234719712, "p1": 14.879036076027795, "p2": 23.174883502335412, "preFilterCap": 14.154788231158227, "speckleRange": 3.580444313352374, "speckleWindowSize": 438.4625328923841, "uniquenessRatio": 24.542842066133243}, "datetime": {"datetime": "2023-01-21 05:52:16", "elapsed": 1402.803456, "delta": 9.197261}}
{"target": -2857548260.0, "params": {"blockSize": 3.636221306922315, "disp12MaxDiff": 40.122563118261375, "minDisparity": 3.581116230584884, "numDisparities": 3.4903017580132385, "p1": 9.258523530400693, "p2": 53.57884518944017, "preFilterCap": 20.1574793143117, "speckleRange": 6.6899409393287925, "speckleWindowSize": 394.6093155997088, "uniquenessRatio": 2.8033424153297415}, "datetime": {"datetime": "2023-01-21 05:52:25", "elapsed": 1412.606483, "delta": 9.803027}}
{"target": -447264796.75, "params": {"blockSize": 10.0, "disp12MaxDiff": 30.233801103023573, "minDisparity": 4.0, "numDisparities": 1.0, "p1": 15.0, "p2": 60.0, "preFilterCap": 31.961669426324118, "speckleRange": 25.0, "speckleWindowSize": 1773.184111863409, "uniquenessRatio": 30.0}, "datetime": {"datetime": "2023-01-21 05:52:34", "elapsed": 1421.515933, "delta": 8.90945}}
{"target": -1012775788.0, "params": {"blockSize": 8.531795573358428, "disp12MaxDiff": 16.686039767060144, "minDisparity": 3.937351068525281, "numDisparities": 6.715358527269113, "p1": 14.939186436341465, "p2": 52.778461552670734, "preFilterCap": 3.4737964394875864, "speckleRange": 15.15398760327113, "speckleWindowSize": 1825.6558348871035, "uniquenessRatio": 20.775126838022423}, "datetime": {"datetime": "2023-01-21 05:52:44", "elapsed": 1430.74142, "delta": 9.225487}}
{"target": -483538306.75, "params": {"blockSize": 2.0, "disp12MaxDiff": 0.0, "minDisparity": 4.0, "numDisparities": 1.0, "p1": 5.0, "p2": 28.931859883390445, "preFilterCap": 30.60068661355754, "speckleRange": 25.0, "speckleWindowSize": 2271.004818645937, "uniquenessRatio": 30.0}, "datetime": {"datetime": "2023-01-21 05:52:53", "elapsed": 1440.567027, "delta": 9.825607}}
{"target": -800636176.0, "params": {"blockSize": 8.31515697357673, "disp12MaxDiff": 25.04137296366387, "minDisparity": 1.332925347736626, "numDisparities": 4.920721162053454, "p1": 7.150228220155105, "p2": 25.961623884943666, "preFilterCap": 18.977855172164055, "speckleRange": 7.357591388914897, "speckleWindowSize": 1253.9461891033302, "uniquenessRatio": 17.098110101443424}, "datetime": {"datetime": "2023-01-21 05:53:03", "elapsed": 1449.841901, "delta": 9.274874}}
{"target": -440289600.0, "params": {"blockSize": 10.0, "disp12MaxDiff": 20.683620517383826, "minDisparity": 1.0, "numDisparities": 1.0, "p1": 5.0, "p2": 22.921285735280357, "preFilterCap": 0.0, "speckleRange": 5.124648660066286, "speckleWindowSize": 1052.5063073187598, "uniquenessRatio": 30.0}, "datetime": {"datetime": "2023-01-21 05:53:12", "elapsed": 1458.834893, "delta": 8.992992}}
{"target": -479126913.5, "params": {"blockSize": 3.3938152762356006, "disp12MaxDiff": 43.390162317685046, "minDisparity": 2.7911816260288855, "numDisparities": 4.213248878164497, "p1": 9.528054356163107, "p2": 25.43975290468462, "preFilterCap": 0.6632553599642321, "speckleRange": 0.10678123435993447, "speckleWindowSize": 1070.0440771408007, "uniquenessRatio": 1.6785929201993899}, "datetime": {"datetime": "2023-01-21 05:53:22", "elapsed": 1468.996898, "delta": 10.162005}}
{"target": -461145768.25, "params": {"blockSize": 10.0, "disp12MaxDiff": 50.0, "minDisparity": 4.0, "numDisparities": 1.0, "p1": 15.0, "p2": 54.500468678516214, "preFilterCap": 5.35129124993753, "speckleRange": 0.0, "speckleWindowSize": 416.8193061102632, "uniquenessRatio": 0.0}, "datetime": {"datetime": "2023-01-21 05:53:32", "elapsed": 1478.926889, "delta": 9.929991}}
{"target": -523233256.5, "params": {"blockSize": 6.244426717906277, "disp12MaxDiff": 35.576089167469696, "minDisparity": 2.2250690317990065, "numDisparities": 1.2811631926957252, "p1": 10.73212736047087, "p2": 45.2251805410196, "preFilterCap": 36.391900691394945, "speckleRange": 15.652092370289742, "speckleWindowSize": 356.563928998693, "uniquenessRatio": 20.78513821323234}, "datetime": {"datetime": "2023-01-21 05:53:41", "elapsed": 1488.337837, "delta": 9.410948}}
{"target": -5205835336.0, "params": {"blockSize": 3.22996911871882, "disp12MaxDiff": 48.723854751318264, "minDisparity": 3.122708012826663, "numDisparities": 8.630809114618074, "p1": 11.325929192775122, "p2": 37.53787468438867, "preFilterCap": 12.31825639925509, "speckleRange": 17.69204595649113, "speckleWindowSize": 1043.1278059072686, "uniquenessRatio": 2.5738172889506625}, "datetime": {"datetime": "2023-01-21 05:53:51", "elapsed": 1498.31215, "delta": 9.974313}}
{"target": -447269835.75, "params": {"blockSize": 10.0, "disp12MaxDiff": 29.055722040063767, "minDisparity": 4.0, "numDisparities": 1.0, "p1": 15.0, "p2": 47.5413850097571, "preFilterCap": 23.77996938045893, "speckleRange": 25.0, "speckleWindowSize": 1239.8358028594282, "uniquenessRatio": 30.0}, "datetime": {"datetime": "2023-01-21 05:54:00", "elapsed": 1507.324294, "delta": 9.012144}}
{"target": -440956125.5, "params": {"blockSize": 10.0, "disp12MaxDiff": 14.44056870044818, "minDisparity": 1.0, "numDisparities": 1.0, "p1": 15.0, "p2": 31.405140101702866, "preFilterCap": 0.0, "speckleRange": 24.18217130848521, "speckleWindowSize": 1245.860428170157, "uniquenessRatio": 30.0}, "datetime": {"datetime": "2023-01-21 05:54:09", "elapsed": 1516.375348, "delta": 9.051054}}
{"target": -457083278.5, "params": {"blockSize": 2.0, "disp12MaxDiff": 46.810344213332584, "minDisparity": 4.0, "numDisparities": 1.0, "p1": 15.0, "p2": 60.0, "preFilterCap": 7.162198735007004, "speckleRange": 0.0, "speckleWindowSize": 1208.3628483694592, "uniquenessRatio": 30.0}, "datetime": {"datetime": "2023-01-21 05:54:19", "elapsed": 1526.272147, "delta": 9.896799}}
{"target": -1780710512.0, "params": {"blockSize": 2.966935595044582, "disp12MaxDiff": 9.729979134244493, "minDisparity": 3.8926962820630333, "numDisparities": 2.906476749600846, "p1": 9.999918765590309, "p2": 16.34026726917886, "preFilterCap": 35.54043640495653, "speckleRange": 11.694805034715525, "speckleWindowSize": 2291.4360833743804, "uniquenessRatio": 11.819509602030454}, "datetime": {"datetime": "2023-01-21 05:54:30", "elapsed": 1536.669101, "delta": 10.396954}}
{"target": -438641730.5, "params": {"blockSize": 8.61246165117036, "disp12MaxDiff": 20.664275277545503, "minDisparity": 1.054696382184547, "numDisparities": 1.9803305428638263, "p1": 8.373939671539617, "p2": 38.05847624619544, "preFilterCap": 48.351981545369156, "speckleRange": 6.939537034940102, "speckleWindowSize": 803.7370944549041, "uniquenessRatio": 29.011588229441}, "datetime": {"datetime": "2023-01-21 05:54:38", "elapsed": 1545.596172, "delta": 8.927071}}
{"target": -718757579.5, "params": {"blockSize": 8.212905247248413, "disp12MaxDiff": 6.569343342946615, "minDisparity": 3.079485762095625, "numDisparities": 5.6052226105744065, "p1": 8.771663230682345, "p2": 51.193323143899164, "preFilterCap": 45.79121581422035, "speckleRange": 7.399824172383979, "speckleWindowSize": 1768.2509699495974, "uniquenessRatio": 27.814167768705232}, "datetime": {"datetime": "2023-01-21 05:54:48", "elapsed": 1554.779968, "delta": 9.183796}}
{"target": -1292125259.5, "params": {"blockSize": 2.0, "disp12MaxDiff": 0.0, "minDisparity": 4.0, "numDisparities": 10.0, "p1": 15.0, "p2": 60.0, "preFilterCap": 45.80544738562272, "speckleRange": 10.915558016942358, "speckleWindowSize": 1582.224517582138, "uniquenessRatio": 30.0}, "datetime": {"datetime": "2023-01-21 05:54:58", "elapsed": 1564.731074, "delta": 9.951106}}
{"target": -1723197190.0, "params": {"blockSize": 3.896987489600143, "disp12MaxDiff": 22.649620749150724, "minDisparity": 3.655724953606924, "numDisparities": 5.772487250638334, "p1": 8.004208757844747, "p2": 45.072750166862384, "preFilterCap": 44.631327495958544, "speckleRange": 2.487938802376916, "speckleWindowSize": 1577.6983805049144, "uniquenessRatio": 13.767130449686226}, "datetime": {"datetime": "2023-01-21 05:55:08", "elapsed": 1574.89439, "delta": 10.163316}}
{"target": -676510551.25, "params": {"blockSize": 4.910305856328911, "disp12MaxDiff": 20.23766294175711, "minDisparity": 1.8323917190408778, "numDisparities": 3.5276575603638674, "p1": 9.898508411384936, "p2": 50.91617567713704, "preFilterCap": 16.29467256735777, "speckleRange": 18.2483274284467, "speckleWindowSize": 1554.9635224754645, "uniquenessRatio": 28.265968823252656}, "datetime": {"datetime": "2023-01-21 05:55:17", "elapsed": 1584.336617, "delta": 9.442227}}
{"target": -454531745.5, "params": {"blockSize": 10.0, "disp12MaxDiff": 31.20780049301829, "minDisparity": 1.0, "numDisparities": 1.0, "p1": 5.0, "p2": 42.60088593047023, "preFilterCap": 15.732723075895507, "speckleRange": 0.0, "speckleWindowSize": 1588.206471265041, "uniquenessRatio": 8.081011438948533}, "datetime": {"datetime": "2023-01-21 05:55:27", "elapsed": 1594.066765, "delta": 9.730148}}
{"target": -456165411.75, "params": {"blockSize": 10.0, "disp12MaxDiff": 48.22062560174803, "minDisparity": 1.0, "numDisparities": 1.0, "p1": 5.0, "p2": 15.0, "preFilterCap": 0.0, "speckleRange": 0.0, "speckleWindowSize": 1065.9368459004716, "uniquenessRatio": 30.0}, "datetime": {"datetime": "2023-01-21 05:55:36", "elapsed": 1603.286502, "delta": 9.219737}}
{"target": -456317302.0, "params": {"blockSize": 10.0, "disp12MaxDiff": 50.0, "minDisparity": 1.0, "numDisparities": 1.0, "p1": 15.0, "p2": 40.87429653473542, "preFilterCap": 32.61200882493147, "speckleRange": 0.0, "speckleWindowSize": 1238.0790013015155, "uniquenessRatio": 30.0}, "datetime": {"datetime": "2023-01-21 05:55:45", "elapsed": 1612.234257, "delta": 8.947755}}
{"target": -1714564907.0, "params": {"blockSize": 9.94364609030858, "disp12MaxDiff": 2.0860086269011537, "minDisparity": 3.3685448389193557, "numDisparities": 7.37591230505158, "p1": 14.330530019554912, "p2": 21.264266761053115, "preFilterCap": 28.12569088656377, "speckleRange": 2.5904956459835313, "speckleWindowSize": 1602.1288979351575, "uniquenessRatio": 6.149878416140641}, "datetime": {"datetime": "2023-01-21 05:55:55", "elapsed": 1622.091313, "delta": 9.857056}}
{"target": -1318778829.0, "params": {"blockSize": 4.338305429704175, "disp12MaxDiff": 16.238887710470152, "minDisparity": 2.789302511415734, "numDisparities": 7.096774198145287, "p1": 12.63461708003903, "p2": 32.48965387187732, "preFilterCap": 14.15084086430451, "speckleRange": 1.1130387847892416, "speckleWindowSize": 1249.20139075742, "uniquenessRatio": 13.572315068531289}, "datetime": {"datetime": "2023-01-21 05:56:05", "elapsed": 1632.086361, "delta": 9.995048}}
{"target": -454547367.25, "params": {"blockSize": 10.0, "disp12MaxDiff": 19.39357143027051, "minDisparity": 1.0, "numDisparities": 1.0, "p1": 5.0, "p2": 15.0, "preFilterCap": 0.0, "speckleRange": 0.0, "speckleWindowSize": 1075.0281479888138, "uniquenessRatio": 5.775538007859194}, "datetime": {"datetime": "2023-01-21 05:56:15", "elapsed": 1642.081841, "delta": 9.99548}}
{"target": -455638337.25, "params": {"blockSize": 10.0, "disp12MaxDiff": 0.0, "minDisparity": 1.0, "numDisparities": 1.0, "p1": 5.0, "p2": 29.38203464187665, "preFilterCap": 15.600619131520919, "speckleRange": 0.0, "speckleWindowSize": 1571.0640411838006, "uniquenessRatio": 21.980064618081492}, "datetime": {"datetime": "2023-01-21 05:56:24", "elapsed": 1651.385298, "delta": 9.303457}}
{"target": -457177910.0, "params": {"blockSize": 10.0, "disp12MaxDiff": 0.0, "minDisparity": 4.0, "numDisparities": 1.0, "p1": 5.0, "p2": 49.77811152269521, "preFilterCap": 26.072182608636073, "speckleRange": 0.0, "speckleWindowSize": 2272.793881673688, "uniquenessRatio": 30.0}, "datetime": {"datetime": "2023-01-21 05:56:33", "elapsed": 1660.408387, "delta": 9.023089}}
{"target": -561436157.5, "params": {"blockSize": 8.555940995334694, "disp12MaxDiff": 19.50268785250361, "minDisparity": 1.8948743437377935, "numDisparities": 3.1283636301705426, "p1": 13.650962978794915, "p2": 49.830089419159556, "preFilterCap": 23.664639958650262, "speckleRange": 1.4204945911073268, "speckleWindowSize": 818.4924831312121, "uniquenessRatio": 25.67995350449693}, "datetime": {"datetime": "2023-01-21 05:56:43", "elapsed": 1669.658284, "delta": 9.249897}}
{"target": -457914117.75, "params": {"blockSize": 10.0, "disp12MaxDiff": 50.0, "minDisparity": 4.0, "numDisparities": 1.0, "p1": 15.0, "p2": 37.13926830314048, "preFilterCap": 37.138789418928425, "speckleRange": 0.0, "speckleWindowSize": 427.8812543601769, "uniquenessRatio": 3.8491719787462184}, "datetime": {"datetime": "2023-01-21 05:56:52", "elapsed": 1679.588478, "delta": 9.930194}}
{"target": -540981950.0, "params": {"blockSize": 6.021543942973146, "disp12MaxDiff": 25.874798140161598, "minDisparity": 1.2114431905677248, "numDisparities": 2.727022382864314, "p1": 14.446723982599964, "p2": 51.02985137667069, "preFilterCap": 17.57191466143607, "speckleRange": 11.715467915836768, "speckleWindowSize": 1208.5429184759412, "uniquenessRatio": 24.860522970926333}, "datetime": {"datetime": "2023-01-21 05:57:02", "elapsed": 1689.018327, "delta": 9.429849}}
{"target": -541862873.75, "params": {"blockSize": 9.49455455938983, "disp12MaxDiff": 28.575014426337077, "minDisparity": 1.1556725107064967, "numDisparities": 3.5003383902094587, "p1": 6.088119938479086, "p2": 19.47715882795336, "preFilterCap": 40.766850034005905, "speckleRange": 22.40396486579964, "speckleWindowSize": 1183.9206438188605, "uniquenessRatio": 29.324820076583947}, "datetime": {"datetime": "2023-01-21 05:57:11", "elapsed": 1697.949428, "delta": 8.931101}}
{"target": -455619749.25, "params": {"blockSize": 10.0, "disp12MaxDiff": 0.0, "minDisparity": 1.0, "numDisparities": 1.0, "p1": 5.0, "p2": 60.0, "preFilterCap": 45.337224232089234, "speckleRange": 0.0, "speckleWindowSize": 1634.5127899255108, "uniquenessRatio": 0.0}, "datetime": {"datetime": "2023-01-21 05:57:21", "elapsed": 1707.655988, "delta": 9.70656}}
{"target": -626324865.25, "params": {"blockSize": 9.541086742186389, "disp12MaxDiff": 20.62874974558355, "minDisparity": 1.6865491291502228, "numDisparities": 3.035863204341414, "p1": 5.225981269476248, "p2": 23.15108578350149, "preFilterCap": 14.831761175107117, "speckleRange": 5.891745950112536, "speckleWindowSize": 1256.3688760380649, "uniquenessRatio": 18.967382220487394}, "datetime": {"datetime": "2023-01-21 05:57:30", "elapsed": 1716.947819, "delta": 9.291831}}
{"target": -455168893.5, "params": {"blockSize": 10.0, "disp12MaxDiff": 27.400089200333536, "minDisparity": 1.0, "numDisparities": 1.0, "p1": 15.0, "p2": 37.58558377560019, "preFilterCap": 48.96120828561081, "speckleRange": 0.0, "speckleWindowSize": 438.7639849311627, "uniquenessRatio": 30.0}, "datetime": {"datetime": "2023-01-21 05:57:39", "elapsed": 1726.004869, "delta": 9.05705}}
{"target": -456800906.5, "params": {"blockSize": 10.0, "disp12MaxDiff": 26.805168353610064, "minDisparity": 4.0, "numDisparities": 1.0, "p1": 15.0, "p2": 60.0, "preFilterCap": 0.0, "speckleRange": 0.0, "speckleWindowSize": 1762.9360923001834, "uniquenessRatio": 30.0}, "datetime": {"datetime": "2023-01-21 05:57:48", "elapsed": 1735.254064, "delta": 9.249195}}
{"target": -445635858.0, "params": {"blockSize": 6.191600856067722, "disp12MaxDiff": 24.79983255218206, "minDisparity": 1.6729121277543266, "numDisparities": 1.5921751306463423, "p1": 12.760075690895238, "p2": 53.967086036644766, "preFilterCap": 18.33591811680419, "speckleRange": 17.050418819628675, "speckleWindowSize": 1209.8555566919133, "uniquenessRatio": 29.78319523396389}, "datetime": {"datetime": "2023-01-21 05:57:57", "elapsed": 1744.41683, "delta": 9.162766}}
{"target": -456440535.75, "params": {"blockSize": 10.0, "disp12MaxDiff": 0.0, "minDisparity": 1.0, "numDisparities": 1.0, "p1": 15.0, "p2": 60.0, "preFilterCap": 4.351215690353481, "speckleRange": 0.0, "speckleWindowSize": 1539.8997247741374, "uniquenessRatio": 30.0}, "datetime": {"datetime": "2023-01-21 05:58:06", "elapsed": 1753.478205, "delta": 9.061375}}
{"target": -456276686.0, "params": {"blockSize": 10.0, "disp12MaxDiff": 34.59436445713005, "minDisparity": 1.0, "numDisparities": 1.0, "p1": 5.0, "p2": 48.903460287562524, "preFilterCap": 0.0, "speckleRange": 0.0, "speckleWindowSize": 1076.9710936662061, "uniquenessRatio": 30.0}, "datetime": {"datetime": "2023-01-21 05:58:15", "elapsed": 1762.510661, "delta": 9.032456}}
{"target": -442429388.0, "params": {"blockSize": 9.293411658817302, "disp12MaxDiff": 13.84533357133348, "minDisparity": 2.133956043514147, "numDisparities": 1.6175210309455128, "p1": 9.003704037529737, "p2": 37.448663696697345, "preFilterCap": 27.501458984153157, "speckleRange": 14.900019883819411, "speckleWindowSize": 2293.813840645809, "uniquenessRatio": 29.429063209829646}, "datetime": {"datetime": "2023-01-21 05:58:24", "elapsed": 1771.598585, "delta": 9.087924}}
{"target": -442391070.0, "params": {"blockSize": 10.0, "disp12MaxDiff": 0.0, "minDisparity": 1.0, "numDisparities": 1.0, "p1": 5.0, "p2": 35.9526303779013, "preFilterCap": 0.0, "speckleRange": 22.58308438699039, "speckleWindowSize": 1816.156952456101, "uniquenessRatio": 30.0}, "datetime": {"datetime": "2023-01-21 05:58:33", "elapsed": 1780.571871, "delta": 8.973286}}
{"target": -567685188.0, "params": {"blockSize": 10.0, "disp12MaxDiff": 27.08090006533205, "minDisparity": 4.0, "numDisparities": 1.0, "p1": 15.0, "p2": 60.0, "preFilterCap": 15.658197086370324, "speckleRange": 25.0, "speckleWindowSize": 1741.3056775070206, "uniquenessRatio": 11.593542834691643}, "datetime": {"datetime": "2023-01-21 05:58:43", "elapsed": 1790.276083, "delta": 9.704212}}
{"target": -440537241.5, "params": {"blockSize": 10.0, "disp12MaxDiff": 34.83689308137773, "minDisparity": 1.0, "numDisparities": 1.0, "p1": 5.0, "p2": 15.0, "preFilterCap": 0.0, "speckleRange": 1.0744476318838372, "speckleWindowSize": 1023.6759609572622, "uniquenessRatio": 30.0}, "datetime": {"datetime": "2023-01-21 05:58:52", "elapsed": 1799.349321, "delta": 9.073238}}
{"target": -456655864.0, "params": {"blockSize": 10.0, "disp12MaxDiff": 37.844977507723776, "minDisparity": 1.0, "numDisparities": 1.0, "p1": 15.0, "p2": 60.0, "preFilterCap": 33.79774704222098, "speckleRange": 0.0, "speckleWindowSize": 1743.905078414877, "uniquenessRatio": 30.0}, "datetime": {"datetime": "2023-01-21 05:59:02", "elapsed": 1808.65308, "delta": 9.303759}}
{"target": -826063460.0, "params": {"blockSize": 10.0, "disp12MaxDiff": 0.0, "minDisparity": 1.0, "numDisparities": 1.0, "p1": 5.0, "p2": 51.02298901194572, "preFilterCap": 16.527547636675802, "speckleRange": 25.0, "speckleWindowSize": 1583.780157020268, "uniquenessRatio": 2.424392725429189}, "datetime": {"datetime": "2023-01-21 05:59:12", "elapsed": 1818.679282, "delta": 10.026202}}
{"target": -489881216.25, "params": {"blockSize": 3.4365022345352667, "disp12MaxDiff": 0.0, "minDisparity": 4.0, "numDisparities": 1.0, "p1": 5.0, "p2": 60.0, "preFilterCap": 50.0, "speckleRange": 21.082261338476833, "speckleWindowSize": 2306.281760321315, "uniquenessRatio": 30.0}, "datetime": {"datetime": "2023-01-21 05:59:22", "elapsed": 1828.73238, "delta": 10.053098}}
{"target": -2623673894.0, "params": {"blockSize": 7.812243866109631, "disp12MaxDiff": 43.25747945901355, "minDisparity": 3.4393234161826136, "numDisparities": 3.566827415722764, "p1": 11.6251330520675, "p2": 47.26392746279039, "preFilterCap": 40.562584069115445, "speckleRange": 7.124283669414575, "speckleWindowSize": 1729.854692311254, "uniquenessRatio": 1.227788601233909}, "datetime": {"datetime": "2023-01-21 05:59:32", "elapsed": 1838.710315, "delta": 9.977935}}
{"target": -456675112.75, "params": {"blockSize": 5.920911411952092, "disp12MaxDiff": 45.69420840676103, "minDisparity": 4.0, "numDisparities": 1.0, "p1": 15.0, "p2": 60.0, "preFilterCap": 20.600384925587193, "speckleRange": 0.0, "speckleWindowSize": 679.6152691473922, "uniquenessRatio": 30.0}, "datetime": {"datetime": "2023-01-21 05:59:41", "elapsed": 1848.363791, "delta": 9.653476}}
{"target": -456681787.5, "params": {"blockSize": 2.0, "disp12MaxDiff": 0.0, "minDisparity": 1.0, "numDisparities": 1.0, "p1": 5.0, "p2": 54.74571773195549, "preFilterCap": 2.6756983250520943, "speckleRange": 0.0, "speckleWindowSize": 1087.7760166686837, "uniquenessRatio": 12.289296800735144}, "datetime": {"datetime": "2023-01-21 05:59:52", "elapsed": 1858.911274, "delta": 10.547483}}
{"target": -456846445.5, "params": {"blockSize": 2.0, "disp12MaxDiff": 15.721966134750879, "minDisparity": 1.0, "numDisparities": 1.0, "p1": 15.0, "p2": 60.0, "preFilterCap": 50.0, "speckleRange": 0.0, "speckleWindowSize": 838.8350842641416, "uniquenessRatio": 30.0}, "datetime": {"datetime": "2023-01-21 06:00:02", "elapsed": 1868.926201, "delta": 10.014927}}
{"target": -881125068.0, "params": {"blockSize": 6.363955730761974, "disp12MaxDiff": 18.438579292138783, "minDisparity": 1.313720657541491, "numDisparities": 8.981242038877806, "p1": 14.014201207376404, "p2": 59.716620238973164, "preFilterCap": 22.82525784877781, "speckleRange": 1.7975775264150369, "speckleWindowSize": 655.6204501749072, "uniquenessRatio": 29.63320351856267}, "datetime": {"datetime": "2023-01-21 06:00:11", "elapsed": 1878.507341, "delta": 9.58114}}
